--------------------------------------------------------------------------
[[56413,1],1]: A high-performance Open MPI point-to-point messaging module
was unable to find any relevant network interfaces:

Module: OpenFabrics (openib)
  Host: node06

Another transport will be used instead, although this may result in
lower performance.

NOTE: You can disable this warning by setting the MCA parameter
btl_base_warn_component_unused to 0.
--------------------------------------------------------------------------
 
                                 _       
                                | |      
 _ __  _   _ _ __ __ _ _ __   __| | __ _ 
| '_ \| | | | '__/ _` | '_ \ / _` |/ _` |
| |_) | |_| | | | (_| | | | | (_| | (_| |
| .__/ \__, |_|  \__,_|_| |_|\__,_|\__,_|
| |     __/ |                            
|_|    |___/                             

Version 1.0

Copyright (c) 2020 Lawrence Livermore National Laboratory (LLNL-CODE-749864)
All rights reserved. 
For details about use and distribution, please read: pyranda/LICENSE

Adding variables: tke
Adding variables: tauxz
Adding variables: tauxy
Adding variables: tauxx
Adding variables: tauzz
Adding variables: cs
Adding variables: vx
Adding variables: vy
Adding variables: vz
Adding variables: tauyy
Adding variables: tauyz
Adding variables: taudia
Adding variables: rhow
Adding variables: rhov
Adding variables: rhou
Adding variables: S
Adding variables: rho
Adding variables: dt
Adding variables: wz
Adding variables: wy
Adding variables: wx
Adding variables: enst
Adding variables: uy
Adding variables: ux
Adding variables: uz
Adding variables: beta
Adding variables: mu
Adding variables: p
Adding variables: u
Adding variables: w
Adding variables: v
Adding variables: Et
Adding variables: div
Adding variables: gamma
Adding equations of motion: 
(1)   ddt(:rho:)  =  -ddx(:rho:*:u:)                  - ddy(:rho:*:v:)                  - ddz(:rho:*:w:)
(2)   ddt(:rhou:) =  -ddx(:rhou:*:u: + :p: - :tauxx:) - ddy(:rhou:*:v: - :tauxy:)       - ddz(:rhou:*:w: - :tauxz:)
(3)   ddt(:rhov:) =  -ddx(:rhov:*:u: - :tauxy:)       - ddy(:rhov:*:v: + :p: - :tauyy:) - ddz(:rhov:*:w: - :tauyz:)
(4)   ddt(:rhow:) =  -ddx(:rhow:*:u: - :tauxz:)       - ddy(:rhow:*:v: - :tauyz:)       - ddz(:rhow:*:w: + :p: - :tauzz:)
(5)   ddt(:Et:)   =  -ddx( (:Et: - :tauxx:)*:u: - :tauxy:*:v: - :tauxz:*:w: ) - ddy( (:Et: - :tauyy:)*:v: -:tauxy:*:u: - :tauyz:*:w:) - ddz( (:Et: - :tauzz:)*:w: - :tauxz:*:u: - :tauyz:*:v: )
(6)   :rho:       =  fbar( :rho:  )
(7)   :rhou:      =  fbar( :rhou: )
(8)   :rhov:      =  fbar( :rhov: )
(9)   :rhow:      =  fbar( :rhow: )
(10)   :Et:        =  fbar( :Et:   )
(11)   :u:         =  :rhou: / :rho:
(12)   :v:         =  :rhov: / :rho:
(13)   :w:         =  :rhow: / :rho:
(14)   :p:         =  ( :Et: - .5*:rho:*(:u:*:u: + :v:*:v: + :w:*:w:) ) * ( :gamma: - 1.0 )
(15)   :ux:        =  ddx(:u:)
(16)   :vy:        =  ddy(:v:)
(17)   :wz:        =  ddz(:w:)
(18)   :div:       =  :ux: + :vy: + :wz:
(19)   :uy:        =  ddy(:u:)
(20)   :uz:        =  ddz(:u:)
(21)   :vx:        =  ddx(:v:)
(22)   :vz:        =  ddz(:v:)
(23)   :wy:        =  ddy(:w:)
(24)   :wx:        =  ddx(:w:)
(25)   :enst:      = sqrt( (:uy:-:vx:)**2 + (:uz: - :wx:)**2 + (:vz:-:wy:)**2 )
(26)   :tke:       = :rho:*(:u:*:u: + :v:*:v: + :w:*:w:)
(27)   :S:         = sqrt( :ux:*:ux: + :vy:*:vy: + :wz:*:wz: + .5*((:uy:+:vx:)**2 + (:uz: + :wx:)**2 + (:vz:+:wy:)**2) )
(28)   :mu:        =  gbar( abs(ring(:S:  )) ) * :rho: * 0.0e-4
(29)   :beta:      =  gbar( abs(ring(:div:)) * :rho: )  * 0.0e-4
(30)   :taudia:    =  (:beta:-2./3.*:mu:) *:div:
(31)   :tauxx:     =  2.0*:mu:*:ux:   + :taudia: - :p:
(32)   :tauyy:     =  2.0*:mu:*:vy:   + :taudia: - :p:
(33)   :tauzz:     =  2.0*:mu:*:wz:   + :taudia: - :p:
(34)   :tauxy:     = :mu:*(:uy:+:vx:) + :taudia:
(35)   :tauxz:     = :mu:*(:uz:+:wx:) + :taudia:
(36)   :tauyz:     = :mu:*(:vz:+:wz:) + :taudia:
(37)   :cs:  = sqrt( :p: / :rho: * :gamma: )
(38)   :dt: = dt.courant(:u:,:v:,:w:,:cs:)*.5
(39)   :dt: = numpy.minimum(:dt:,0.2 * dt.diff(:beta:,:rho:))
(40)   :dt: = numpy.minimum(:dt:,0.2 * dt.diff(:mu:,:rho:))
1 -- 0.022483949488834736 --- TKE: 0.9999999999999996 
[MO833] Paramount Iteration,0,1,1.89668393135,0.236095905304
[MO833] Paramount Iteration,1,1,1.896682024,0.253391027451
2 -- 0.04496791230634997 --- TKE: 0.9999999999999996 
[MO833] Paramount Iteration,1,2,2.13411593437,0.23743391037
[MO833] Paramount Iteration,0,2,2.13412499428,0.237441062927
3 -- 0.06745186837753886 --- TKE: 0.9999999999999987 
[MO833] Paramount Iteration,1,3,2.3673248291,0.23320889473
[MO833] Paramount Iteration,0,3,2.3673248291,0.233199834824
4 -- 0.08993583542611785 --- TKE: 0.9999999999999984 
[MO833] Paramount Iteration,0,4,2.59588098526,0.228556156158
[MO833] Paramount Iteration,1,4,2.59589600563,0.228571176529
5 -- 0.11241981341752189 --- TKE: 0.9999999999999978 
[MO833] Paramount Iteration,1,5,2.82364487648,0.22774887085
[MO833] Paramount Iteration,0,5,2.82364487648,0.22776389122
6 -- 0.1349037940170563 --- TKE: 0.9999999999999973 
[MO833] Paramount Iteration,1,6,3.05246400833,0.228819131851
[MO833] Paramount Iteration,0,6,3.0524828434,0.228837966919
7 -- 0.15738777056800618 --- TKE: 0.9999999999999969 
[MO833] Paramount Iteration,1,7,3.28059196472,0.22812795639
[MO833] Paramount Iteration,0,7,3.28059196472,0.228109121323
8 -- 0.17987174409631543 --- TKE: 0.9999999999999964 
[MO833] Paramount Iteration,1,8,3.50821685791,0.227624893188
[MO833] Paramount Iteration,0,8,3.50821900368,0.227627038956
9 -- 0.20235571634301402 --- TKE: 0.999999999999996 
[MO833] Paramount Iteration,1,9,3.73597693443,0.227760076523
[MO833] Paramount Iteration,0,9,3.87996697426,0.371747970581
10 -- 0.2248396890879735 --- TKE: 0.9999999999999956 
[MO833] Paramount Iteration,0,10,4.12427687645,0.244309902191
[MO833] Paramount Iteration,1,10,4.12430000305,0.388323068619
11 -- 0.24732366185121496 --- TKE: 0.9999999999999949 
[MO833] Paramount Iteration,1,11,4.35488581657,0.230585813522
[MO833] Paramount Iteration,0,11,4.35489392281,0.230617046356
12 -- 0.26980763521126017 --- TKE: 0.9999999999999947 
[MO833] Paramount Iteration,1,12,4.58244085312,0.227555036545
[MO833] Paramount Iteration,0,12,4.58244085312,0.227546930313
13 -- 0.2922916107764848 --- TKE: 0.999999999999994 
[MO833] Paramount Iteration,1,13,4.81028294563,0.227842092514
[MO833] Paramount Iteration,0,13,4.81028389931,0.227843046188
14 -- 0.31477558792984206 --- TKE: 0.9999999999999936 
[MO833] Paramount Iteration,1,14,5.03779983521,0.227516889572
[MO833] Paramount Iteration,0,14,5.0378010273,0.227517127991
15 -- 0.337259565810547 --- TKE: 0.9999999999999931 
[MO833] Paramount Iteration,1,15,5.2655248642,0.227725028992
[MO833] Paramount Iteration,0,15,5.2655248642,0.227723836899
16 -- 0.35974354420845 --- TKE: 0.9999999999999925 
[MO833] Paramount Iteration,0,16,5.49659085274,0.231065988541
[MO833] Paramount Iteration,1,16,5.49661397934,0.231089115143
17 -- 0.38222752235168034 --- TKE: 0.999999999999992 
[MO833] Paramount Iteration,1,17,5.72592401505,0.229310035706
[MO833] Paramount Iteration,0,17,5.72594499588,0.229354143143
18 -- 0.4047115001610875 --- TKE: 0.9999999999999918 
[MO833] Paramount Iteration,1,18,5.95366597176,0.227741956711
[MO833] Paramount Iteration,0,18,5.95366692543,0.22772192955
19 -- 0.4271954780139235 --- TKE: 0.9999999999999911 
[MO833] Paramount Iteration,1,19,6.18123698235,0.22757101059
[MO833] Paramount Iteration,0,19,6.29118490219,0.337517976761
20 -- 0.4496794560708476 --- TKE: 0.9999999999999907 
[MO833] Paramount Iteration,1,20,6.52192902565,0.340692043304
[MO833] Paramount Iteration,0,20,6.52192997932,0.230745077133
21 -- 0.4721634343200682 --- TKE: 0.9999999999999902 
[MO833] Paramount Iteration,1,21,6.74975681305,0.227827787399
[MO833] Paramount Iteration,0,21,6.74975681305,0.227826833725
22 -- 0.49464741264111056 --- TKE: 0.9999999999999896 
[MO833] Paramount Iteration,1,22,6.97749304771,0.227736234665
[MO833] Paramount Iteration,0,22,6.97749304771,0.227736234665
23 -- 0.5171313908759267 --- TKE: 0.9999999999999893 
[MO833] Paramount Iteration,1,23,7.20500802994,0.227514982224
[MO833] Paramount Iteration,0,23,7.20500993729,0.227516889572
24 -- 0.5396153688962009 --- TKE: 0.9999999999999887 
[MO833] Paramount Iteration,0,24,7.43624281883,0.231232881546
[MO833] Paramount Iteration,1,24,7.43626499176,0.231256961823
25 -- 0.5620993466578701 --- TKE: 0.9999999999999882 
[MO833] Paramount Iteration,1,25,7.66397094727,0.227705955505
[MO833] Paramount Iteration,0,25,7.66397094727,0.227728128433
26 -- 0.5845833242365798 --- TKE: 0.9999999999999878 
[MO833] Paramount Iteration,1,26,7.89161086082,0.227639913559
[MO833] Paramount Iteration,0,26,7.8916118145,0.227640867233
27 -- 0.6070673018410182 --- TKE: 0.9999999999999871 
[MO833] Paramount Iteration,1,27,8.11941599846,0.227805137634
[MO833] Paramount Iteration,0,27,8.11941695213,0.227805137634
28 -- 0.6295512798040269 --- TKE: 0.9999999999999867 
[MO833] Paramount Iteration,1,28,8.34698390961,0.227567911148
[MO833] Paramount Iteration,0,28,8.34698486328,0.227567911148
29 -- 0.6520352574989555 --- TKE: 0.9999999999999862 
[MO833] Paramount Iteration,1,29,8.57468891144,0.227705001831
[MO833] Paramount Iteration,0,29,8.68198895454,0.335004091263
30 -- 0.6745192349135101 --- TKE: 0.9999999999999858 
[MO833] Paramount Iteration,1,30,8.91654896736,0.341860055923
[MO833] Paramount Iteration,0,30,8.91657304764,0.234584093094
31 -- 0.697003212275314 --- TKE: 0.9999999999999853 
[MO833] Paramount Iteration,1,31,9.1445119381,0.227962970734
[MO833] Paramount Iteration,0,31,9.14451289177,0.227939844131
32 -- 0.7194871892340796 --- TKE: 0.9999999999999849 
[MO833] Paramount Iteration,1,32,9.37214493752,0.22763299942
[MO833] Paramount Iteration,0,32,9.37214684486,0.227633953094
33 -- 0.7419711653841895 --- TKE: 0.9999999999999845 
[MO833] Paramount Iteration,0,33,9.60331487656,0.231168031693
[MO833] Paramount Iteration,1,33,9.60333704948,0.231192111969
34 -- 0.7644551401841907 --- TKE: 0.999999999999984 
[MO833] Paramount Iteration,1,34,9.83131885529,0.227981805801
[MO833] Paramount Iteration,0,34,9.83132004738,0.228005170822
35 -- 0.7869391141929123 --- TKE: 0.9999999999999836 
[MO833] Paramount Iteration,1,35,10.0589928627,0.227674007416
[MO833] Paramount Iteration,0,35,10.0589938164,0.227673768997
36 -- 0.8094230880509002 --- TKE: 0.9999999999999829 
[MO833] Paramount Iteration,1,36,10.2869160175,0.227923154831
[MO833] Paramount Iteration,0,36,10.2869188786,0.22792506218
37 -- 0.8319070624390456 --- TKE: 0.9999999999999827 
[MO833] Paramount Iteration,1,37,10.5144739151,0.227557897568
[MO833] Paramount Iteration,0,37,10.5144758224,0.227556943893
38 -- 0.8543910374431362 --- TKE: 0.999999999999982 
[MO833] Paramount Iteration,1,38,10.7422139645,0.227740049362
[MO833] Paramount Iteration,0,38,10.7422149181,0.227739095688
39 -- 0.8768750128023768 --- TKE: 0.9999999999999818 
[MO833] Paramount Iteration,1,39,10.9698710442,0.227657079697
[MO833] Paramount Iteration,0,39,11.0806708336,0.338455915451
40 -- 0.8993589886869536 --- TKE: 0.9999999999999811 
[MO833] Paramount Iteration,1,40,11.3121538162,0.342282772064
[MO833] Paramount Iteration,0,40,11.3121538162,0.231482982635
41 -- 0.9218429645573731 --- TKE: 0.9999999999999805 
[MO833] Paramount Iteration,1,41,11.5414509773,0.229297161102
[MO833] Paramount Iteration,0,41,11.5414538383,0.229300022125
42 -- 0.9443269400170952 --- TKE: 0.99999999999998 
[MO833] Paramount Iteration,1,42,11.769851923,0.228400945663
[MO833] Paramount Iteration,0,42,11.7698538303,0.228399991989
43 -- 0.9668109152366287 --- TKE: 0.9999999999999796 
[MO833] Paramount Iteration,1,43,11.9975309372,0.227679014206
[MO833] Paramount Iteration,0,43,11.9975318909,0.227678060532
44 -- 0.9892948900220443 --- TKE: 0.9999999999999791 
[MO833] Paramount Iteration,1,44,12.2284548283,0.230923891068
[MO833] Paramount Iteration,0,44,12.2284829617,0.230951070786
45 -- 1.0117788645119201 --- TKE: 0.9999999999999787 
[MO833] Paramount Iteration,0,45,12.4596889019,0.231205940247
[MO833] Paramount Iteration,1,45,12.4597108364,0.231256008148
46 -- 1.034262839419456 --- TKE: 0.9999999999999782 
[MO833] Paramount Iteration,1,46,12.6877100468,0.227999210358
[MO833] Paramount Iteration,0,46,12.6877110004,0.228022098541
47 -- 1.0567468153947581 --- TKE: 0.9999999999999778 
[MO833] Paramount Iteration,1,47,12.9153769016,0.227666854858
[MO833] Paramount Iteration,0,47,12.9153790474,0.227668046951
48 -- 1.0792307919265227 --- TKE: 0.9999999999999771 
[MO833] Paramount Iteration,1,48,13.1430168152,0.227639913559
[MO833] Paramount Iteration,0,48,13.1430180073,0.227638959885
49 -- 1.101714769117001 --- TKE: 0.9999999999999767 
[MO833] Paramount Iteration,1,49,13.3707818985,0.227765083313
[MO833] Paramount Iteration,0,49,13.4815030098,0.338485002518
50 -- 1.124198746406314 --- TKE: 0.999999999999976 
[MO833] Paramount Iteration,1,50,13.7126839161,0.341902017593
[MO833] Paramount Iteration,0,50,13.7126839161,0.231180906296
51 -- 1.146682723570497 --- TKE: 0.9999999999999758 
[MO833] Paramount Iteration,1,51,13.9405238628,0.227839946747
[MO833] Paramount Iteration,0,51,13.9405260086,0.227842092514
52 -- 1.1691667007473263 --- TKE: 0.9999999999999754 
[MO833] Paramount Iteration,1,52,14.1684889793,0.227965116501
[MO833] Paramount Iteration,0,52,14.1684918404,0.227965831757
53 -- 1.1916506780693332 --- TKE: 0.9999999999999747 
[MO833] Paramount Iteration,1,53,14.3963019848,0.227813005447
[MO833] Paramount Iteration,0,53,14.3963038921,0.227812051773
54 -- 1.2141346550201402 --- TKE: 0.9999999999999745 
[MO833] Paramount Iteration,1,54,14.6238889694,0.227586984634
[MO833] Paramount Iteration,0,54,14.6238889694,0.227585077286
55 -- 1.2366186321554993 --- TKE: 0.999999999999974 
[MO833] Paramount Iteration,1,55,14.8516039848,0.227715015411
[MO833] Paramount Iteration,0,55,14.8516049385,0.227715969086
56 -- 1.2591026100219094 --- TKE: 0.9999999999999736 
[MO833] Paramount Iteration,1,56,15.0793278217,0.227723836899
[MO833] Paramount Iteration,0,56,15.0793299675,0.227725028992
57 -- 1.2815865889728413 --- TKE: 0.9999999999999729 
[MO833] Paramount Iteration,1,57,15.3068959713,0.227568149567
[MO833] Paramount Iteration,0,57,15.306896925,0.227566957474
58 -- 1.3040705684946474 --- TKE: 0.9999999999999725 
[MO833] Paramount Iteration,1,58,15.5372829437,0.230386972427
[MO833] Paramount Iteration,0,58,15.5372610092,0.230364084244
59 -- 1.3265545482098922 --- TKE: 0.999999999999972 
[MO833] Paramount Iteration,1,59,15.7656478882,0.228364944458
[MO833] Paramount Iteration,0,59,15.8732998371,0.336038827896
60 -- 1.349038527994624 --- TKE: 0.9999999999999716 
[MO833] Paramount Iteration,1,60,16.1044819355,0.338834047318
[MO833] Paramount Iteration,0,60,16.1044819355,0.231182098389
61 -- 1.3715225079366193 --- TKE: 0.9999999999999711 
[MO833] Paramount Iteration,1,61,16.3348169327,0.230334997177
[MO833] Paramount Iteration,0,61,16.3348460197,0.230364084244
62 -- 1.394006488113146 --- TKE: 0.9999999999999705 
[MO833] Paramount Iteration,1,62,16.5632259846,0.228409051895
[MO833] Paramount Iteration,0,62,16.5632269382,0.228380918503
63 -- 1.4164904680080206 --- TKE: 0.99999999999997 
[MO833] Paramount Iteration,1,63,16.790899992,0.227674007416
[MO833] Paramount Iteration,0,63,16.7909018993,0.22767496109
64 -- 1.4389744478178719 --- TKE: 0.9999999999999698 
[MO833] Paramount Iteration,1,64,17.0186100006,0.227710008621
[MO833] Paramount Iteration,0,64,17.018611908,0.227710008621
65 -- 1.461458427935954 --- TKE: 0.9999999999999691 
[MO833] Paramount Iteration,1,65,17.2461628914,0.227552890778
[MO833] Paramount Iteration,0,65,17.2461638451,0.227551937103
66 -- 1.4839424085355122 --- TKE: 0.9999999999999685 
[MO833] Paramount Iteration,1,66,17.473938942,0.227776050568
[MO833] Paramount Iteration,0,66,17.4739398956,0.227776050568
67 -- 1.5064263891350873 --- TKE: 0.999999999999968 
[MO833] Paramount Iteration,1,67,17.7016928196,0.22775387764
[MO833] Paramount Iteration,0,67,17.7016940117,0.227754116058
68 -- 1.5289103697346496 --- TKE: 0.9999999999999676 
[MO833] Paramount Iteration,1,68,17.9292938709,0.227601051331
[MO833] Paramount Iteration,0,68,17.9292960167,0.227602005005
69 -- 1.5513943503342011 --- TKE: 0.9999999999999671 
[MO833] Paramount Iteration,1,69,18.1570339203,0.227740049362
[MO833] Paramount Iteration,0,69,18.2683718204,0.339075803757
70 -- 1.5738783309337407 --- TKE: 0.9999999999999667 
[MO833] Paramount Iteration,1,70,18.4998328686,0.342798948288
[MO833] Paramount Iteration,0,70,18.4998328686,0.231461048126
71 -- 1.5963623115332803 --- TKE: 0.9999999999999662 
[MO833] Paramount Iteration,1,71,18.7284228802,0.228590011597
[MO833] Paramount Iteration,0,71,18.7284269333,0.228594064713
72 -- 1.6188462921328224 --- TKE: 0.9999999999999656 
[MO833] Paramount Iteration,1,72,18.9561100006,0.227687120438
[MO833] Paramount Iteration,0,72,18.9561109543,0.227684020996
73 -- 1.6413302727323713 --- TKE: 0.9999999999999654 
[MO833] Paramount Iteration,1,73,19.1837940216,0.227684020996
[MO833] Paramount Iteration,0,73,19.1837949753,0.227684020996
74 -- 1.663814253331933 --- TKE: 0.9999999999999649 
[MO833] Paramount Iteration,1,74,19.4115259647,0.22773194313
[MO833] Paramount Iteration,0,74,19.4115288258,0.227733850479
75 -- 1.6862982339315096 --- TKE: 0.999999999999964 
[MO833] Paramount Iteration,0,75,19.6425988674,0.231070041656
[MO833] Paramount Iteration,1,75,19.6426210403,0.231095075607
76 -- 1.708782214531081 --- TKE: 0.9999999999999638 
[MO833] Paramount Iteration,1,76,19.8705809116,0.227959871292
[MO833] Paramount Iteration,0,76,19.8705818653,0.227982997894
77 -- 1.7312661951306378 --- TKE: 0.9999999999999634 
[MO833] Paramount Iteration,1,77,20.0981240273,0.227543115616
[MO833] Paramount Iteration,0,77,20.0981259346,0.22754406929
78 -- 1.7537501757301812 --- TKE: 0.9999999999999629 
[MO833] Paramount Iteration,1,78,20.3258190155,0.227694988251
[MO833] Paramount Iteration,0,78,20.3258199692,0.227694034576
79 -- 1.7762341563297257 --- TKE: 0.9999999999999623 
[MO833] Paramount Iteration,1,79,20.5533919334,0.227572917938
[MO833] Paramount Iteration,0,79,20.6620979309,0.336277961731
80 -- 1.7987181369292666 --- TKE: 0.9999999999999618 
[MO833] Paramount Iteration,1,80,20.8932349682,0.339843034744
[MO833] Paramount Iteration,0,80,20.8932349682,0.231137037277
81 -- 1.8212021175288111 --- TKE: 0.9999999999999614 
[MO833] Paramount Iteration,1,81,21.1224029064,0.229167938232
[MO833] Paramount Iteration,0,81,21.1224038601,0.229168891907
82 -- 1.843686098128366 --- TKE: 0.9999999999999609 
[MO833] Paramount Iteration,1,82,21.354131937,0.231729030609
[MO833] Paramount Iteration,0,82,21.3541588783,0.231755018234
83 -- 1.8661700787279332 --- TKE: 0.9999999999999605 
[MO833] Paramount Iteration,1,83,21.5818138123,0.227681875229
[MO833] Paramount Iteration,0,83,21.581815958,0.227657079697
84 -- 1.8886540593275116 --- TKE: 0.99999999999996 
[MO833] Paramount Iteration,1,84,21.8093669415,0.227553129196
[MO833] Paramount Iteration,0,84,21.8093678951,0.227551937103
85 -- 1.9111380399270776 --- TKE: 0.9999999999999596 
[MO833] Paramount Iteration,1,85,22.0369758606,0.227608919144
[MO833] Paramount Iteration,0,85,22.0369780064,0.227610111237
86 -- 1.9336220205266397 --- TKE: 0.9999999999999591 
[MO833] Paramount Iteration,1,86,22.2647378445,0.227761983871
[MO833] Paramount Iteration,0,86,22.2647390366,0.227761030197
87 -- 1.956106001126193 --- TKE: 0.9999999999999587 
[MO833] Paramount Iteration,1,87,22.4922850132,0.227547168732
[MO833] Paramount Iteration,0,87,22.4922869205,0.227547883987
88 -- 1.978589981725738 --- TKE: 0.999999999999958 
[MO833] Paramount Iteration,1,88,22.720015049,0.227730035782
[MO833] Paramount Iteration,0,88,22.7200160027,0.227729082108
89 -- 2.001073962325288 --- TKE: 0.9999999999999576 
[MO833] Paramount Iteration,1,89,22.9476368427,0.227621793747
[MO833] Paramount Iteration,0,89,23.058521986,0.338505983353
90 -- 2.0235579429248403 --- TKE: 0.9999999999999569 
[MO833] Paramount Iteration,1,90,23.2896850109,0.342048168182
[MO833] Paramount Iteration,0,90,23.2896850109,0.231163024902
91 -- 2.0460419235244016 --- TKE: 0.9999999999999565 
[MO833] Paramount Iteration,1,91,23.5176758766,0.227990865707
[MO833] Paramount Iteration,0,91,23.5176768303,0.227991819382
92 -- 2.068525904123969 --- TKE: 0.999999999999956 
[MO833] Paramount Iteration,1,92,23.7453689575,0.227693080902
[MO833] Paramount Iteration,0,92,23.7453708649,0.227694034576
93 -- 2.091009884723557 --- TKE: 0.9999999999999556 
[MO833] Paramount Iteration,1,93,23.9730370045,0.227668046951
[MO833] Paramount Iteration,0,93,23.9730379581,0.227667093277
94 -- 2.1134938653231377 --- TKE: 0.9999999999999551 
[MO833] Paramount Iteration,1,94,24.2044849396,0.231447935104
[MO833] Paramount Iteration,0,94,24.2044718266,0.231433868408
95 -- 2.1359778459227057 --- TKE: 0.9999999999999547 
[MO833] Paramount Iteration,1,95,24.4322099686,0.227725028992
[MO833] Paramount Iteration,0,95,24.4322109222,0.227739095688
96 -- 2.158461826522268 --- TKE: 0.9999999999999543 
[MO833] Paramount Iteration,1,96,24.6601018906,0.227891921997
[MO833] Paramount Iteration,0,96,24.6601028442,0.227891921997
97 -- 2.1809458071218275 --- TKE: 0.9999999999999538 
[MO833] Paramount Iteration,1,97,24.887624979,0.227523088455
[MO833] Paramount Iteration,0,97,24.8876259327,0.227523088455
98 -- 2.203429787721387 --- TKE: 0.9999999999999534 
[MO833] Paramount Iteration,1,98,25.1153259277,0.227700948715
[MO833] Paramount Iteration,0,98,25.1153268814,0.227700948715
99 -- 2.2259137683209507 --- TKE: 0.9999999999999529 
[MO833] Paramount Iteration,1,99,25.3429198265,0.227593898773
[MO833] Paramount Iteration,0,99,25.4515948296,0.336267948151
100 -- 2.2483977489205236 --- TKE: 0.9999999999999523 
[MO833] Paramount Iteration,1,100,25.6815040112,0.338584184647
[MO833] Paramount Iteration,0,100,25.6815040112,0.229909181595
101 -- 2.270881729520099 --- TKE: 0.9999999999999518 
[MO833] Paramount Iteration,1,101,25.9091348648,0.227630853653
[MO833] Paramount Iteration,0,101,25.9091379642,0.227633953094
102 -- 2.2933657101196916 --- TKE: 0.9999999999999514 
[MO833] Paramount Iteration,1,102,26.1368148327,0.22767996788
[MO833] Paramount Iteration,0,102,26.1368169785,0.227679014206
103 -- 2.3158496907192836 --- TKE: 0.9999999999999509 
[MO833] Paramount Iteration,1,103,26.3644268513,0.227612018585
[MO833] Paramount Iteration,0,103,26.3644280434,0.227611064911
104 -- 2.3383336713188645 --- TKE: 0.9999999999999505 
[MO833] Paramount Iteration,1,104,26.5923759937,0.227949142456
[MO833] Paramount Iteration,0,104,26.5923769474,0.227948904037
105 -- 2.36081765191844 --- TKE: 0.9999999999999498 
[MO833] Paramount Iteration,1,105,26.8201439381,0.227767944336
[MO833] Paramount Iteration,0,105,26.8201448917,0.227767944336
106 -- 2.3833016325180125 --- TKE: 0.9999999999999494 
[MO833] Paramount Iteration,1,106,27.0479209423,0.227777004242
[MO833] Paramount Iteration,0,106,27.0479228497,0.227777957916
107 -- 2.4057856131175903 --- TKE: 0.9999999999999489 
[MO833] Paramount Iteration,1,107,27.2781579494,0.230237007141
[MO833] Paramount Iteration,0,107,27.2781808376,0.230257987976
108 -- 2.428269593717166 --- TKE: 0.9999999999999485 
[MO833] Paramount Iteration,1,108,27.5066008568,0.228442907333
[MO833] Paramount Iteration,0,108,27.5066020489,0.228421211243
109 -- 2.4507535743167477 --- TKE: 0.999999999999948 
[MO833] Paramount Iteration,1,109,27.7343049049,0.227704048157
[MO833] Paramount Iteration,0,109,27.845156908,0.338554859161
110 -- 2.4732375549163343 --- TKE: 0.9999999999999474 
[MO833] Paramount Iteration,1,110,28.0766148567,0.342309951782
[MO833] Paramount Iteration,0,110,28.0766160488,0.231459140778
111 -- 2.4957215355159357 --- TKE: 0.9999999999999469 
[MO833] Paramount Iteration,1,111,28.3049068451,0.228291988373
[MO833] Paramount Iteration,0,111,28.3049089909,0.228292942047
112 -- 2.518205516115538 --- TKE: 0.9999999999999467 
[MO833] Paramount Iteration,1,112,28.5324368477,0.227530002594
[MO833] Paramount Iteration,0,112,28.5324380398,0.22752904892
113 -- 2.5406894967151334 --- TKE: 0.999999999999946 
[MO833] Paramount Iteration,1,113,28.7602770329,0.227840185165
[MO833] Paramount Iteration,0,113,28.7602779865,0.227839946747
114 -- 2.5631734773147237 --- TKE: 0.9999999999999456 
[MO833] Paramount Iteration,1,114,28.9879620075,0.22768497467
[MO833] Paramount Iteration,0,114,28.9879629612,0.22768497467
115 -- 2.5856574579143126 --- TKE: 0.9999999999999452 
[MO833] Paramount Iteration,1,115,29.2155790329,0.227617025375
[MO833] Paramount Iteration,0,115,29.2155790329,0.227616071701
116 -- 2.608141438513903 --- TKE: 0.9999999999999445 
[MO833] Paramount Iteration,1,116,29.4433839321,0.227804899216
[MO833] Paramount Iteration,0,116,29.4433848858,0.22780585289
117 -- 2.6306254191134935 --- TKE: 0.999999999999944 
[MO833] Paramount Iteration,1,117,29.6710288525,0.227644920349
[MO833] Paramount Iteration,0,117,29.6710300446,0.227645158768
118 -- 2.653109399713088 --- TKE: 0.9999999999999436 
[MO833] Paramount Iteration,0,118,29.9079680443,0.236937999725
[MO833] Paramount Iteration,1,118,29.9079899788,0.236961126328
119 -- 2.6755933803126966 --- TKE: 0.9999999999999432 
[MO833] Paramount Iteration,1,119,30.1379778385,0.229987859726
[MO833] Paramount Iteration,0,119,30.2458188534,0.337850809097
120 -- 2.698077360912307 --- TKE: 0.9999999999999427 
[MO833] Paramount Iteration,1,120,30.4779930115,0.340015172958
[MO833] Paramount Iteration,0,120,30.4779930115,0.232174158096
121 -- 2.7205613415119196 --- TKE: 0.9999999999999423 
[MO833] Paramount Iteration,1,121,30.710089922,0.232096910477
[MO833] Paramount Iteration,0,121,30.7100999355,0.232106924057
122 -- 2.7430453221115236 --- TKE: 0.9999999999999418 
[MO833] Paramount Iteration,1,122,30.9376988411,0.227608919144
[MO833] Paramount Iteration,0,122,30.9377000332,0.227600097656
123 -- 2.7655293027111263 --- TKE: 0.9999999999999414 
[MO833] Paramount Iteration,1,123,31.165323019,0.227624177933
[MO833] Paramount Iteration,0,123,31.1653249264,0.227624893188
124 -- 2.7880132833107254 --- TKE: 0.9999999999999409 
[MO833] Paramount Iteration,1,124,31.3928508759,0.227527856827
[MO833] Paramount Iteration,0,124,31.3928530216,0.227528095245
125 -- 2.8104972639103263 --- TKE: 0.9999999999999403 
[MO833] Paramount Iteration,1,125,31.6204469204,0.22759604454
[MO833] Paramount Iteration,0,125,31.6204488277,0.227595806122
126 -- 2.832981244509927 --- TKE: 0.99999999999994 
[MO833] Paramount Iteration,1,126,31.8478069305,0.227360010147
[MO833] Paramount Iteration,0,126,31.8478088379,0.227360010147
127 -- 2.85546522510953 --- TKE: 0.9999999999999396 
[MO833] Paramount Iteration,1,127,32.0750648975,0.227257966995
[MO833] Paramount Iteration,0,127,32.0750648975,0.227256059647
128 -- 2.8779492057091396 --- TKE: 0.9999999999999387 
[MO833] Paramount Iteration,1,128,32.3024098873,0.227344989777
[MO833] Paramount Iteration,0,128,32.302410841,0.227345943451
129 -- 2.900433186205215 --- TKE: 0.9999999999999383 
[MO833] Paramount Iteration,1,129,32.5298469067,0.227437019348
[MO833] Paramount Iteration,0,129,32.6376638412,0.335253000259
130 -- 2.922917166804828 --- TKE: 0.9999999999999378 
[MO833] Paramount Iteration,1,130,32.869437933,0.339591026306
[MO833] Paramount Iteration,0,130,32.869437933,0.231774091721
131 -- 2.945401147404434 --- TKE: 0.9999999999999374 
[MO833] Paramount Iteration,1,131,33.0987689495,0.229331016541
[MO833] Paramount Iteration,0,131,33.0987699032,0.229331970215
132 -- 2.9678851280040424 --- TKE: 0.9999999999999369 
[MO833] Paramount Iteration,1,132,33.3278360367,0.229067087173
[MO833] Paramount Iteration,0,132,33.3278369904,0.229067087173
133 -- 2.9903691086036477 --- TKE: 0.9999999999999365 
[MO833] Paramount Iteration,1,133,33.5569648743,0.229128837585
[MO833] Paramount Iteration,0,133,33.5569658279,0.229128837585
134 -- 3.0128530892032566 --- TKE: 0.999999999999936 
[MO833] Paramount Iteration,1,134,33.7860279083,0.229063034058
[MO833] Paramount Iteration,0,134,33.786028862,0.229063034058
135 -- 3.0353370698028677 --- TKE: 0.9999999999999356 
[MO833] Paramount Iteration,1,135,34.0150618553,0.229033946991
[MO833] Paramount Iteration,0,135,34.0150630474,0.22903418541
136 -- 3.05782105040248 --- TKE: 0.9999999999999349 
[MO833] Paramount Iteration,1,136,34.2440550327,0.228993177414
[MO833] Paramount Iteration,0,136,34.2440569401,0.22899389267
137 -- 3.0803050310020965 --- TKE: 0.9999999999999347 
[MO833] Paramount Iteration,1,137,34.4768488407,0.232793807983
[MO833] Paramount Iteration,0,137,34.4768629074,0.232805967331
138 -- 3.102789011377392 --- TKE: 0.9999999999999343 
[MO833] Paramount Iteration,1,138,34.706143856,0.229295015335
[MO833] Paramount Iteration,0,138,34.7061450481,0.229282140732
139 -- 3.1252729917950037 --- TKE: 0.9999999999999336 
[MO833] Paramount Iteration,1,139,34.9349889755,0.228845119476
[MO833] Paramount Iteration,0,139,35.0467560291,0.340610980988
140 -- 3.1477569723946095 --- TKE: 0.9999999999999332 
[MO833] Paramount Iteration,1,140,35.2779810429,0.342992067337
[MO833] Paramount Iteration,0,140,35.2779798508,0.23122382164
141 -- 3.170240952994216 --- TKE: 0.9999999999999327 
[MO833] Paramount Iteration,1,141,35.5072460175,0.229264974594
[MO833] Paramount Iteration,0,141,35.5072479248,0.229268074036
142 -- 3.1927249335938215 --- TKE: 0.9999999999999323 
[MO833] Paramount Iteration,1,142,35.7365829945,0.229336977005
[MO833] Paramount Iteration,0,142,35.7365849018,0.229336977005
143 -- 3.2152089141934312 --- TKE: 0.9999999999999318 
[MO833] Paramount Iteration,1,143,35.9658868313,0.229303836823
[MO833] Paramount Iteration,0,143,35.9658880234,0.229303121567
144 -- 3.2376928947930446 --- TKE: 0.9999999999999312 
[MO833] Paramount Iteration,1,144,36.1949629784,0.229076147079
[MO833] Paramount Iteration,0,144,36.194963932,0.229075908661
145 -- 3.2601768753926565 --- TKE: 0.9999999999999307 
[MO833] Paramount Iteration,1,145,36.426833868,0.231870889664
[MO833] Paramount Iteration,0,145,36.4268109798,0.231847047806
146 -- 3.282660855992265 --- TKE: 0.9999999999999303 
[MO833] Paramount Iteration,1,146,36.6567978859,0.229964017868
[MO833] Paramount Iteration,0,146,36.6567988396,0.229987859726
147 -- 3.305144836396841 --- TKE: 0.9999999999999298 
[MO833] Paramount Iteration,1,147,36.8860299587,0.22923207283
[MO833] Paramount Iteration,0,147,36.8860309124,0.22923207283
148 -- 3.3276288167756345 --- TKE: 0.9999999999999294 
[MO833] Paramount Iteration,1,148,37.1152319908,0.229202032089
[MO833] Paramount Iteration,0,148,37.1152338982,0.229202985764
149 -- 3.350112797375234 --- TKE: 0.999999999999929 
[MO833] Paramount Iteration,1,149,37.3444290161,0.229197025299
[MO833] Paramount Iteration,0,149,37.4519228935,0.336688995361
150 -- 3.372596777974834 --- TKE: 0.9999999999999283 
[MO833] Paramount Iteration,1,150,37.6832280159,0.338798999786
[MO833] Paramount Iteration,0,150,37.6832280159,0.231305122375
151 -- 3.3950807585744367 --- TKE: 0.9999999999999281 
[MO833] Paramount Iteration,1,151,37.9124109745,0.229182958603
[MO833] Paramount Iteration,0,151,37.9124119282,0.229183912277
152 -- 3.4175647391740407 --- TKE: 0.9999999999999274 
[MO833] Paramount Iteration,1,152,38.1415338516,0.229122877121
[MO833] Paramount Iteration,0,152,38.1415350437,0.22912311554
153 -- 3.4400487197736522 --- TKE: 0.999999999999927 
[MO833] Paramount Iteration,1,153,38.371201992,0.229668140411
[MO833] Paramount Iteration,0,153,38.3712179661,0.229682922363
154 -- 3.4625327003732593 --- TKE: 0.9999999999999263 
[MO833] Paramount Iteration,1,154,38.6004428864,0.229240894318
[MO833] Paramount Iteration,0,154,38.60044384,0.229225873947
155 -- 3.4850166809728576 --- TKE: 0.9999999999999261 
[MO833] Paramount Iteration,1,155,38.8296408653,0.229197978973
[MO833] Paramount Iteration,0,155,38.8296408653,0.229197025299
156 -- 3.5075006615140545 --- TKE: 0.9999999999999254 
[MO833] Paramount Iteration,1,156,39.0576109886,0.227970123291
[MO833] Paramount Iteration,0,156,39.0576109886,0.227970123291
157 -- 3.529984641960433 --- TKE: 0.999999999999925 
[MO833] Paramount Iteration,1,157,39.2851819992,0.22757101059
[MO833] Paramount Iteration,0,157,39.2851829529,0.227571964264
158 -- 3.5524686225600277 --- TKE: 0.9999999999999245 
[MO833] Paramount Iteration,1,158,39.5128400326,0.227658033371
[MO833] Paramount Iteration,0,158,39.5128409863,0.227658033371
159 -- 3.574952603159619 --- TKE: 0.9999999999999241 
[MO833] Paramount Iteration,1,159,39.7405819893,0.227741956711
[MO833] Paramount Iteration,0,159,39.8491380215,0.336297035217
160 -- 3.5974365837592135 --- TKE: 0.9999999999999236 
[MO833] Paramount Iteration,1,160,40.0801959038,0.33961391449
[MO833] Paramount Iteration,0,160,40.0801949501,0.231056928635
161 -- 3.6199205643588184 --- TKE: 0.9999999999999232 
[MO833] Paramount Iteration,1,161,40.3089358807,0.228739976883
[MO833] Paramount Iteration,0,161,40.3089368343,0.228741884232
162 -- 3.6424045449584215 --- TKE: 0.9999999999999227 
[MO833] Paramount Iteration,1,162,40.5363969803,0.227461099625
[MO833] Paramount Iteration,0,162,40.536397934,0.227461099625
163 -- 3.664888525558017 --- TKE: 0.9999999999999221 
[MO833] Paramount Iteration,1,163,40.7640089989,0.227612018585
[MO833] Paramount Iteration,0,163,40.7640099525,0.227612018585
164 -- 3.6873725061576073 --- TKE: 0.9999999999999218 
[MO833] Paramount Iteration,1,164,40.9915180206,0.227509021759
[MO833] Paramount Iteration,0,164,40.991519928,0.227509975433
165 -- 3.709856486757193 --- TKE: 0.9999999999999214 
[MO833] Paramount Iteration,1,165,41.2190229893,0.227504968643
[MO833] Paramount Iteration,0,165,41.2190229893,0.227503061295
166 -- 3.7323404673407996 --- TKE: 0.999999999999921 
[MO833] Paramount Iteration,1,166,41.4465129375,0.227489948273
[MO833] Paramount Iteration,0,166,41.4465129375,0.227489948273
167 -- 3.7548244479403867 --- TKE: 0.9999999999999203 
[MO833] Paramount Iteration,1,167,41.6740188599,0.227505922318
[MO833] Paramount Iteration,0,167,41.6740198135,0.227506875992
168 -- 3.7773084285399765 --- TKE: 0.9999999999999196 
[MO833] Paramount Iteration,1,168,41.901652813,0.227633953094
[MO833] Paramount Iteration,0,168,41.9016468525,0.227627038956
169 -- 3.7997924091395707 --- TKE: 0.9999999999999194 
[MO833] Paramount Iteration,1,169,42.1290478706,0.227395057678
[MO833] Paramount Iteration,0,169,42.2363829613,0.33473610878
170 -- 3.8222763897391707 --- TKE: 0.9999999999999187 
[MO833] Paramount Iteration,1,170,42.4675300121,0.338482141495
[MO833] Paramount Iteration,0,170,42.46752882,0.231145858765
171 -- 3.844760370338771 --- TKE: 0.9999999999999183 
[MO833] Paramount Iteration,1,171,42.6966078281,0.22907781601
[MO833] Paramount Iteration,0,171,42.6966090202,0.229080200195
172 -- 3.8672443509383587 --- TKE: 0.9999999999999178 
[MO833] Paramount Iteration,1,172,42.9254310131,0.228823184967
[MO833] Paramount Iteration,0,172,42.9254319668,0.228822946548
173 -- 3.8897283315379436 --- TKE: 0.9999999999999174 
[MO833] Paramount Iteration,1,173,43.1561570168,0.230726003647
[MO833] Paramount Iteration,0,173,43.1561729908,0.230741024017
174 -- 3.912212312137525 --- TKE: 0.999999999999917 
[MO833] Paramount Iteration,1,174,43.3837440014,0.227586984634
[MO833] Paramount Iteration,0,174,43.3837459087,0.227572917938
175 -- 3.934696292737101 --- TKE: 0.9999999999999165 
[MO833] Paramount Iteration,1,175,43.6111798286,0.227435827255
[MO833] Paramount Iteration,0,175,43.6111798286,0.227433919907
176 -- 3.95718027333668 --- TKE: 0.9999999999999161 
[MO833] Paramount Iteration,1,176,43.8387079239,0.227528095245
[MO833] Paramount Iteration,0,176,43.8387088776,0.22752904892
177 -- 3.9796642539362646 --- TKE: 0.9999999999999154 
[MO833] Paramount Iteration,1,177,44.0663669109,0.227658987045
[MO833] Paramount Iteration,0,177,44.0663678646,0.227658987045
178 -- 4.002148234535856 --- TKE: 0.999999999999915 
[MO833] Paramount Iteration,1,178,44.2938349247,0.227468013763
[MO833] Paramount Iteration,0,178,44.2938358784,0.227468013763
179 -- 4.024632215135454 --- TKE: 0.9999999999999145 
[MO833] Paramount Iteration,1,179,44.5248589516,0.231024026871
[MO833] Paramount Iteration,0,179,44.6359939575,0.342158079147
180 -- 4.0471161957350485 --- TKE: 0.9999999999999141 
[MO833] Paramount Iteration,1,180,44.867128849,0.342269897461
[MO833] Paramount Iteration,0,180,44.867128849,0.23113489151
181 -- 4.069600176334632 --- TKE: 0.9999999999999134 
[MO833] Paramount Iteration,1,181,45.0962219238,0.229093074799
[MO833] Paramount Iteration,0,181,45.0962228775,0.229094028473
182 -- 4.092084156934207 --- TKE: 0.9999999999999132 
[MO833] Paramount Iteration,1,182,45.3252768517,0.229054927826
[MO833] Paramount Iteration,0,182,45.3252780437,0.229055166245
183 -- 4.114568137533776 --- TKE: 0.9999999999999125 
[MO833] Paramount Iteration,1,183,45.5543899536,0.229113101959
[MO833] Paramount Iteration,0,183,45.554391861,0.229113817215
184 -- 4.137052118133348 --- TKE: 0.9999999999999121 
[MO833] Paramount Iteration,1,184,45.7835388184,0.229148864746
[MO833] Paramount Iteration,0,184,45.7835400105,0.22914814949
185 -- 4.1595360987329215 --- TKE: 0.9999999999999116 
[MO833] Paramount Iteration,1,185,46.0127270222,0.229188203812
[MO833] Paramount Iteration,0,185,46.0127279758,0.229187965393
186 -- 4.182020079332502 --- TKE: 0.9999999999999112 
[MO833] Paramount Iteration,1,186,46.2417218685,0.228994846344
[MO833] Paramount Iteration,0,186,46.2417228222,0.228994846344
187 -- 4.204504059932089 --- TKE: 0.9999999999999107 
[MO833] Paramount Iteration,1,187,46.4708449841,0.22912311554
[MO833] Paramount Iteration,0,187,46.4708468914,0.229124069214
188 -- 4.226988040531685 --- TKE: 0.9999999999999103 
[MO833] Paramount Iteration,1,188,46.699878931,0.229033946991
[MO833] Paramount Iteration,0,188,46.6998808384,0.229033946991
189 -- 4.249472021131279 --- TKE: 0.9999999999999096 
[MO833] Paramount Iteration,1,189,46.9287009239,0.228821992874
[MO833] Paramount Iteration,0,189,47.0364258289,0.33654499054
190 -- 4.2719560017308575 --- TKE: 0.999999999999909 
[MO833] Paramount Iteration,1,190,47.2678039074,0.339102983475
[MO833] Paramount Iteration,0,190,47.2678039074,0.231378078461
191 -- 4.294439982330431 --- TKE: 0.9999999999999087 
[MO833] Paramount Iteration,1,191,47.4970009327,0.229197025299
[MO833] Paramount Iteration,0,191,47.49700284,0.229198932648
192 -- 4.316923962930004 --- TKE: 0.9999999999999083 
[MO833] Paramount Iteration,1,192,47.7261450291,0.229144096375
[MO833] Paramount Iteration,0,192,47.7261450291,0.229142189026
193 -- 4.339407943529572 --- TKE: 0.9999999999999076 
[MO833] Paramount Iteration,1,193,47.9557719231,0.229626893997
[MO833] Paramount Iteration,0,193,47.9557900429,0.229645013809
194 -- 4.361891924129147 --- TKE: 0.9999999999999072 
[MO833] Paramount Iteration,1,194,48.184871912,0.229099988937
[MO833] Paramount Iteration,0,194,48.1848728657,0.2290828228
195 -- 4.384375904728726 --- TKE: 0.9999999999999067 
[MO833] Paramount Iteration,1,195,48.4140388966,0.229166984558
[MO833] Paramount Iteration,0,195,48.4140398502,0.229166984558
196 -- 4.4068598853283145 --- TKE: 0.9999999999999063 
[MO833] Paramount Iteration,1,196,48.6431629658,0.229124069214
[MO833] Paramount Iteration,0,196,48.6431639194,0.229124069214
197 -- 4.42934386592791 --- TKE: 0.9999999999999059 
[MO833] Paramount Iteration,1,197,48.8722119331,0.229048967361
[MO833] Paramount Iteration,0,197,48.8722128868,0.229048967361
198 -- 4.451827846527496 --- TKE: 0.9999999999999054 
[MO833] Paramount Iteration,1,198,49.1013920307,0.22918009758
[MO833] Paramount Iteration,0,198,49.1013929844,0.22918009758
199 -- 4.474311827127072 --- TKE: 0.999999999999905 
[MO833] Paramount Iteration,1,199,49.3304598331,0.229067802429
[MO833] Paramount Iteration,0,199,49.4660630226,0.364670038223
200 -- 4.496795807726643 --- TKE: 0.9999999999999045 
[MO833] Paramount Iteration,1,200,49.6976308823,0.367171049118
[MO833] Paramount Iteration,0,200,49.6976308823,0.23156785965
201 -- 4.519279788326208 --- TKE: 0.9999999999999041 
[MO833] Paramount Iteration,1,201,49.9273619652,0.229731082916
[MO833] Paramount Iteration,0,201,49.9273619652,0.229731082916
202 -- 4.541763768925774 --- TKE: 0.9999999999999034 
[MO833] Paramount Iteration,1,202,50.1569440365,0.229582071304
[MO833] Paramount Iteration,0,202,50.1569449902,0.229583024979
203 -- 4.564247749525343 --- TKE: 0.9999999999999032 
[MO833] Paramount Iteration,1,203,50.3866288662,0.229684829712
[MO833] Paramount Iteration,0,203,50.3866298199,0.229684829712
204 -- 4.58673173012492 --- TKE: 0.9999999999999023 
[MO833] Paramount Iteration,1,204,50.6161539555,0.229525089264
[MO833] Paramount Iteration,0,204,50.6161549091,0.229525089264
205 -- 4.609215710724505 --- TKE: 0.9999999999999019 
[MO833] Paramount Iteration,1,205,50.8458800316,0.229726076126
[MO833] Paramount Iteration,0,205,50.8458809853,0.229726076126
206 -- 4.631699691324103 --- TKE: 0.9999999999999014 
[MO833] Paramount Iteration,1,206,51.074146986,0.228266954422
[MO833] Paramount Iteration,0,206,51.0741479397,0.228266954422
207 -- 4.654183671923689 --- TKE: 0.999999999999901 
[MO833] Paramount Iteration,1,207,51.3021068573,0.227959871292
[MO833] Paramount Iteration,0,207,51.3021080494,0.227960109711
208 -- 4.676667652523267 --- TKE: 0.9999999999999005 
[MO833] Paramount Iteration,1,208,51.5300788879,0.22797203064
[MO833] Paramount Iteration,0,208,51.5300798416,0.227971792221
209 -- 4.699151633122833 --- TKE: 0.9999999999999001 
[MO833] Paramount Iteration,1,209,51.7580668926,0.227988004684
[MO833] Paramount Iteration,0,209,51.8647818565,0.334702014923
210 -- 4.721635613722397 --- TKE: 0.9999999999998996 
[MO833] Paramount Iteration,1,210,52.0961828232,0.338115930557
[MO833] Paramount Iteration,0,210,52.0961828232,0.231400966644
211 -- 4.744119594321963 --- TKE: 0.9999999999998992 
[MO833] Paramount Iteration,1,211,52.3252189159,0.229036092758
[MO833] Paramount Iteration,0,211,52.3252198696,0.229037046432
212 -- 4.766603574921529 --- TKE: 0.9999999999998987 
[MO833] Paramount Iteration,1,212,52.5531048775,0.227885961533
[MO833] Paramount Iteration,0,212,52.5531058311,0.227885961533
213 -- 4.789087555521107 --- TKE: 0.9999999999998983 
[MO833] Paramount Iteration,1,213,52.7810490131,0.227944135666
[MO833] Paramount Iteration,0,213,52.7810499668,0.227944135666
214 -- 4.811571536120699 --- TKE: 0.9999999999998979 
[MO833] Paramount Iteration,1,214,53.0090038776,0.227954864502
[MO833] Paramount Iteration,0,214,53.0090038776,0.227953910828
215 -- 4.8340555167203005 --- TKE: 0.9999999999998974 
[MO833] Paramount Iteration,1,215,53.2368359566,0.227832078934
[MO833] Paramount Iteration,0,215,53.2368369102,0.227833032608
216 -- 4.856539497319888 --- TKE: 0.999999999999897 
[MO833] Paramount Iteration,1,216,53.4682939053,0.231457948685
[MO833] Paramount Iteration,0,216,53.4683039188,0.231467008591
217 -- 4.879023477919465 --- TKE: 0.9999999999998965 
[MO833] Paramount Iteration,1,217,53.696215868,0.227921962738
[MO833] Paramount Iteration,0,217,53.6962168217,0.227912902832
218 -- 4.901507458519036 --- TKE: 0.9999999999998959 
[MO833] Paramount Iteration,1,218,53.9240248203,0.227808952332
[MO833] Paramount Iteration,0,218,53.9240260124,0.22780919075
219 -- 4.9239914391186 --- TKE: 0.9999999999998956 
[MO833] Paramount Iteration,1,219,54.1517729759,0.227748155594
[MO833] Paramount Iteration,0,219,54.2621250153,0.338099002838
220 -- 4.946475419718166 --- TKE: 0.999999999999895 
[MO833] Paramount Iteration,0,220,54.4962739944,0.234148979187
[MO833] Paramount Iteration,1,220,54.4962968826,0.344523906708
221 -- 4.968959400317736 --- TKE: 0.9999999999998945 
[MO833] Paramount Iteration,1,221,54.7257888317,0.229491949081
[MO833] Paramount Iteration,0,221,54.7257900238,0.229516029358
222 -- 4.991443380917313 --- TKE: 0.9999999999998939 
[MO833] Paramount Iteration,1,222,54.9547088146,0.22891998291
[MO833] Paramount Iteration,0,222,54.9547100067,0.22891998291
223 -- 5.013927361516902 --- TKE: 0.9999999999998934 
[MO833] Paramount Iteration,1,223,55.1826200485,0.227911233902
[MO833] Paramount Iteration,0,223,55.1826200485,0.227910041809
224 -- 5.036411342116496 --- TKE: 0.999999999999893 
[MO833] Paramount Iteration,1,224,55.4104919434,0.227871894836
[MO833] Paramount Iteration,0,224,55.4104938507,0.227873802185
225 -- 5.058895322716081 --- TKE: 0.9999999999998925 
[MO833] Paramount Iteration,1,225,55.6383440495,0.227852106094
[MO833] Paramount Iteration,0,225,55.6383440495,0.227850198746
226 -- 5.081379303315652 --- TKE: 0.9999999999998921 
[MO833] Paramount Iteration,1,226,55.8662250042,0.227880954742
[MO833] Paramount Iteration,0,226,55.8662259579,0.227881908417
227 -- 5.103863283915223 --- TKE: 0.9999999999998916 
[MO833] Paramount Iteration,1,227,56.0941269398,0.227901935577
[MO833] Paramount Iteration,0,227,56.0941278934,0.227901935577
228 -- 5.126347264514789 --- TKE: 0.999999999999891 
[MO833] Paramount Iteration,1,228,56.3220219612,0.227895021439
[MO833] Paramount Iteration,0,228,56.3220219612,0.227894067764
229 -- 5.148831245114358 --- TKE: 0.9999999999998908 
[MO833] Paramount Iteration,1,229,56.5498268604,0.227804899216
[MO833] Paramount Iteration,0,229,56.6578059196,0.335783958435
230 -- 5.1713152257139265 --- TKE: 0.9999999999998903 
[MO833] Paramount Iteration,1,230,56.8892788887,0.339452028275
[MO833] Paramount Iteration,0,230,56.8892788887,0.231472969055
231 -- 5.193799206313509 --- TKE: 0.9999999999998896 
[MO833] Paramount Iteration,1,231,57.1188650131,0.22958612442
[MO833] Paramount Iteration,0,231,57.1188669205,0.229588031769
232 -- 5.216283186913109 --- TKE: 0.9999999999998892 
[MO833] Paramount Iteration,1,232,57.348263979,0.229398965836
[MO833] Paramount Iteration,0,232,57.3482649326,0.229398012161
233 -- 5.238767167512705 --- TKE: 0.9999999999998885 
[MO833] Paramount Iteration,1,233,57.577837944,0.229573965073
[MO833] Paramount Iteration,0,233,57.5778388977,0.229573965073
234 -- 5.2612511481122874 --- TKE: 0.9999999999998881 
[MO833] Paramount Iteration,1,234,57.8073370457,0.229499101639
[MO833] Paramount Iteration,0,234,57.8073379993,0.229499101639
235 -- 5.283735128711861 --- TKE: 0.9999999999998879 
[MO833] Paramount Iteration,1,235,58.0367848873,0.229447841644
[MO833] Paramount Iteration,0,235,58.036785841,0.229447841644
236 -- 5.306219109311428 --- TKE: 0.9999999999998872 
[MO833] Paramount Iteration,1,236,58.2662608624,0.229475975037
[MO833] Paramount Iteration,0,236,58.266261816,0.229475975037
237 -- 5.328703089910997 --- TKE: 0.9999999999998868 
[MO833] Paramount Iteration,1,237,58.4956388474,0.229377985001
[MO833] Paramount Iteration,0,237,58.4956409931,0.229379177094
238 -- 5.351187070510567 --- TKE: 0.9999999999998863 
[MO833] Paramount Iteration,1,238,58.7249839306,0.229345083237
[MO833] Paramount Iteration,0,238,58.7249858379,0.229344844818
239 -- 5.3736710511101435 --- TKE: 0.9999999999998859 
[MO833] Paramount Iteration,1,239,58.95388484,0.228900909424
[MO833] Paramount Iteration,0,239,59.0629339218,0.337948083878
240 -- 5.39615503170973 --- TKE: 0.9999999999998854 
[MO833] Paramount Iteration,1,240,59.2947349548,0.340850114822
[MO833] Paramount Iteration,0,240,59.2947349548,0.23180103302
241 -- 5.418639012309329 --- TKE: 0.9999999999998848 
[MO833] Paramount Iteration,1,241,59.5244188309,0.229683876038
[MO833] Paramount Iteration,0,241,59.5244209766,0.229686021805
242 -- 5.441122992908923 --- TKE: 0.9999999999998845 
[MO833] Paramount Iteration,1,242,59.7540838718,0.22966504097
[MO833] Paramount Iteration,0,242,59.7540838718,0.229662895203
243 -- 5.463606973508504 --- TKE: 0.9999999999998841 
[MO833] Paramount Iteration,1,243,59.9834809303,0.229397058487
[MO833] Paramount Iteration,0,243,59.9834828377,0.229398965836
244 -- 5.486090954108075 --- TKE: 0.9999999999998834 
[MO833] Paramount Iteration,1,244,60.2130980492,0.229617118835
[MO833] Paramount Iteration,0,244,60.2130990028,0.229616165161
245 -- 5.508574934707642 --- TKE: 0.999999999999883 
[MO833] Paramount Iteration,1,245,60.4438779354,0.230779886246
[MO833] Paramount Iteration,0,245,60.4438788891,0.230779886246
246 -- 5.531058915307213 --- TKE: 0.9999999999998825 
[MO833] Paramount Iteration,1,246,60.6732509136,0.22937297821
[MO833] Paramount Iteration,0,246,60.6732518673,0.22937297821
247 -- 5.5535428959067845 --- TKE: 0.9999999999998821 
[MO833] Paramount Iteration,1,247,60.9028799534,0.229629039764
[MO833] Paramount Iteration,0,247,60.9028809071,0.229629039764
248 -- 5.576026876506363 --- TKE: 0.9999999999998814 
[MO833] Paramount Iteration,1,248,61.1323239803,0.229444026947
[MO833] Paramount Iteration,0,248,61.132324934,0.229444026947
249 -- 5.59851085710595 --- TKE: 0.999999999999881 
[MO833] Paramount Iteration,1,249,61.362033844,0.229709863663
[MO833] Paramount Iteration,0,249,61.4705040455,0.338179111481
250 -- 5.620994837705554 --- TKE: 0.9999999999998805 
[MO833] Paramount Iteration,1,250,61.7018299103,0.339796066284
[MO833] Paramount Iteration,0,250,61.701830864,0.231326818466
251 -- 5.6434788183051445 --- TKE: 0.9999999999998801 
[MO833] Paramount Iteration,1,251,61.9313130379,0.229483127594
[MO833] Paramount Iteration,0,251,61.9313139915,0.229483127594
252 -- 5.6659627989047205 --- TKE: 0.9999999999998797 
[MO833] Paramount Iteration,1,252,62.1607468128,0.229433774948
[MO833] Paramount Iteration,0,252,62.1607458591,0.229431867599
253 -- 5.688446779504294 --- TKE: 0.9999999999998792 
[MO833] Paramount Iteration,1,253,62.3903059959,0.229559183121
[MO833] Paramount Iteration,0,253,62.3903069496,0.229561090469
254 -- 5.710930760103862 --- TKE: 0.9999999999998788 
[MO833] Paramount Iteration,1,254,62.619686842,0.229380846024
[MO833] Paramount Iteration,0,254,62.6196880341,0.229381084442
255 -- 5.733414740703433 --- TKE: 0.9999999999998783 
[MO833] Paramount Iteration,1,255,62.8491199017,0.229433059692
[MO833] Paramount Iteration,0,255,62.8491220474,0.229434013367
256 -- 5.755898721303008 --- TKE: 0.9999999999998777 
[MO833] Paramount Iteration,1,256,63.0771799088,0.228060007095
[MO833] Paramount Iteration,0,256,63.0771818161,0.228059768677
257 -- 5.778382701902587 --- TKE: 0.9999999999998772 
[MO833] Paramount Iteration,1,257,63.3049178123,0.227737903595
[MO833] Paramount Iteration,0,257,63.3049199581,0.227738142014
258 -- 5.800866682502184 --- TKE: 0.9999999999998768 
[MO833] Paramount Iteration,1,258,63.5329530239,0.228035211563
[MO833] Paramount Iteration,0,258,63.5329539776,0.22803401947
259 -- 5.8233506631017855 --- TKE: 0.9999999999998765 
[MO833] Paramount Iteration,1,259,63.7607638836,0.22781085968
[MO833] Paramount Iteration,0,259,63.8679139614,0.334959983826
260 -- 5.845834643701368 --- TKE: 0.9999999999998757 
[MO833] Paramount Iteration,1,260,64.0994179249,0.33865404129
[MO833] Paramount Iteration,0,260,64.0994179249,0.23150396347
261 -- 5.868318624300941 --- TKE: 0.9999999999998754 
[MO833] Paramount Iteration,1,261,64.3284499645,0.229032039642
[MO833] Paramount Iteration,0,261,64.3284509182,0.229032993317
262 -- 5.890802604900512 --- TKE: 0.999999999999875 
[MO833] Paramount Iteration,1,262,64.5563278198,0.227877855301
[MO833] Paramount Iteration,0,262,64.5563290119,0.227878093719
263 -- 5.913286585500081 --- TKE: 0.9999999999998743 
[MO833] Paramount Iteration,1,263,64.784252882,0.22792506218
[MO833] Paramount Iteration,0,263,64.7842550278,0.227926015854
264 -- 5.9357705660996505 --- TKE: 0.9999999999998741 
[MO833] Paramount Iteration,1,264,65.0121779442,0.22792506218
[MO833] Paramount Iteration,0,264,65.0121788979,0.227923870087
265 -- 5.958254546699222 --- TKE: 0.9999999999998734 
[MO833] Paramount Iteration,1,265,65.2399859428,0.227807998657
[MO833] Paramount Iteration,0,265,65.2399878502,0.227808952332
266 -- 5.980738527298808 --- TKE: 0.999999999999873 
[MO833] Paramount Iteration,1,266,65.4678719044,0.227885961533
[MO833] Paramount Iteration,0,266,65.4678738117,0.227885961533
267 -- 6.003222507851475 --- TKE: 0.9999999999998725 
[MO833] Paramount Iteration,1,267,65.696849823,0.228977918625
[MO833] Paramount Iteration,0,267,65.6968510151,0.228977203369
268 -- 6.025706488260105 --- TKE: 0.9999999999998721 
[MO833] Paramount Iteration,1,268,65.9315679073,0.234718084335
[MO833] Paramount Iteration,0,268,65.9315578938,0.234706878662
269 -- 6.0481904687618115 --- TKE: 0.9999999999998714 
[MO833] Paramount Iteration,1,269,66.1595170498,0.227949142456
[MO833] Paramount Iteration,0,269,66.2706749439,0.339117050171
270 -- 6.070674449361386 --- TKE: 0.9999999999998712 
[MO833] Paramount Iteration,1,270,66.5022678375,0.342750787735
[MO833] Paramount Iteration,0,270,66.5022678375,0.2315928936
271 -- 6.093158429960954 --- TKE: 0.9999999999998705 
[MO833] Paramount Iteration,1,271,66.7306878567,0.22842001915
[MO833] Paramount Iteration,0,271,66.7306890488,0.228421211243
272 -- 6.1156424105605245 --- TKE: 0.9999999999998701 
[MO833] Paramount Iteration,1,272,66.95855093,0.227863073349
[MO833] Paramount Iteration,0,272,66.9585518837,0.22786283493
273 -- 6.138126391160097 --- TKE: 0.9999999999998697 
[MO833] Paramount Iteration,1,273,67.1865758896,0.228024959564
[MO833] Paramount Iteration,0,273,67.1865780354,0.228026151657
274 -- 6.160610371759676 --- TKE: 0.999999999999869 
[MO833] Paramount Iteration,1,274,67.4143199921,0.227744102478
[MO833] Paramount Iteration,0,274,67.4143218994,0.227743864059
275 -- 6.183094352359266 --- TKE: 0.9999999999998685 
[MO833] Paramount Iteration,1,275,67.642168045,0.227848052979
[MO833] Paramount Iteration,0,275,67.6421689987,0.227847099304
276 -- 6.20557833270777 --- TKE: 0.9999999999998681 
[MO833] Paramount Iteration,1,276,67.8699450493,0.227777004242
[MO833] Paramount Iteration,0,276,67.869946003,0.227777004242
277 -- 6.228062312864244 --- TKE: 0.9999999999998677 
[MO833] Paramount Iteration,1,277,68.0978088379,0.227863788605
[MO833] Paramount Iteration,0,277,68.0978109837,0.227864980698
278 -- 6.250546293077216 --- TKE: 0.9999999999998672 
[MO833] Paramount Iteration,1,278,68.3256819248,0.227873086929
[MO833] Paramount Iteration,0,278,68.3256828785,0.227871894836
279 -- 6.273030273569177 --- TKE: 0.9999999999998668 
[MO833] Paramount Iteration,1,279,68.5534770489,0.227795124054
[MO833] Paramount Iteration,0,279,68.6608178616,0.335134983063
280 -- 6.295514254168745 --- TKE: 0.9999999999998663 
[MO833] Paramount Iteration,1,280,68.8923358917,0.33885884285
[MO833] Paramount Iteration,0,280,68.8923358917,0.231518030167
281 -- 6.3179982347683135 --- TKE: 0.9999999999998659 
[MO833] Paramount Iteration,1,281,69.1218059063,0.229470014572
[MO833] Paramount Iteration,0,281,69.1218078136,0.229471921921
282 -- 6.340482215367885 --- TKE: 0.9999999999998652 
[MO833] Paramount Iteration,1,282,69.3513698578,0.229563951492
[MO833] Paramount Iteration,0,282,69.3513720036,0.229564189911
283 -- 6.362966195967469 --- TKE: 0.999999999999865 
[MO833] Paramount Iteration,1,283,69.5807650089,0.229395151138
[MO833] Paramount Iteration,0,283,69.5807659626,0.229393959045
284 -- 6.385450176567063 --- TKE: 0.9999999999998641 
[MO833] Paramount Iteration,1,284,69.81031394,0.229548931122
[MO833] Paramount Iteration,0,284,69.8103148937,0.229548931122
285 -- 6.407934156703588 --- TKE: 0.9999999999998639 
[MO833] Paramount Iteration,1,285,70.039814949,0.229501008987
[MO833] Paramount Iteration,0,285,70.039814949,0.229500055313
286 -- 6.430418136611803 --- TKE: 0.9999999999998632 
[MO833] Paramount Iteration,1,286,70.2693078518,0.229492902756
[MO833] Paramount Iteration,0,286,70.2693078518,0.229492902756
287 -- 6.452902116551987 --- TKE: 0.9999999999998628 
[MO833] Paramount Iteration,1,287,70.4987499714,0.229442119598
[MO833] Paramount Iteration,0,287,70.4987518787,0.229444026947
288 -- 6.475386096761695 --- TKE: 0.9999999999998623 
[MO833] Paramount Iteration,1,288,70.7282249928,0.229475021362
[MO833] Paramount Iteration,0,288,70.7282249928,0.229473114014
289 -- 6.4978700773612585 --- TKE: 0.9999999999998619 
[MO833] Paramount Iteration,1,289,70.95707798,0.228852987289
[MO833] Paramount Iteration,0,289,71.065171957,0.336946964264
290 -- 6.520354057960824 --- TKE: 0.9999999999998614 
[MO833] Paramount Iteration,1,290,71.2963778973,0.339299917221
[MO833] Paramount Iteration,0,290,71.2963778973,0.231205940247
291 -- 6.542838038560398 --- TKE: 0.999999999999861 
[MO833] Paramount Iteration,1,291,71.5257828236,0.2294049263
[MO833] Paramount Iteration,0,291,71.5257840157,0.229406118393
292 -- 6.565322019159983 --- TKE: 0.9999999999998606 
[MO833] Paramount Iteration,1,292,71.7550890446,0.229306221008
[MO833] Paramount Iteration,0,292,71.7550919056,0.229307889938
293 -- 6.58780599962019 --- TKE: 0.9999999999998601 
[MO833] Paramount Iteration,1,293,71.9844019413,0.229312896729
[MO833] Paramount Iteration,0,293,71.9844038486,0.229311943054
294 -- 6.6102899795412995 --- TKE: 0.9999999999998597 
[MO833] Paramount Iteration,1,294,72.213850975,0.229449033737
[MO833] Paramount Iteration,0,294,72.2138519287,0.229448080063
295 -- 6.632773959209342 --- TKE: 0.999999999999859 
[MO833] Paramount Iteration,1,295,72.4431970119,0.229346036911
[MO833] Paramount Iteration,0,295,72.4431970119,0.229345083237
296 -- 6.65525793889645 --- TKE: 0.9999999999998586 
[MO833] Paramount Iteration,1,296,72.6731100082,0.229912996292
[MO833] Paramount Iteration,0,296,72.6731278896,0.229930877686
297 -- 6.677741918854701 --- TKE: 0.9999999999998581 
[MO833] Paramount Iteration,1,297,72.9025130272,0.229403018951
[MO833] Paramount Iteration,0,297,72.9025139809,0.229386091232
298 -- 6.700225899311414 --- TKE: 0.9999999999998577 
[MO833] Paramount Iteration,1,298,73.1318340302,0.22932100296
[MO833] Paramount Iteration,0,298,73.1318349838,0.22932100296
299 -- 6.7227098799109815 --- TKE: 0.999999999999857 
[MO833] Paramount Iteration,1,299,73.361166954,0.229332923889
[MO833] Paramount Iteration,0,299,73.4698238373,0.337988853455
300 -- 6.745193860510557 --- TKE: 0.9999999999998566 
[MO833] Paramount Iteration,1,300,73.7012739182,0.340106964111
[MO833] Paramount Iteration,0,300,73.7012739182,0.231450080872
301 -- 6.767677841110145 --- TKE: 0.9999999999998561 
[MO833] Paramount Iteration,1,301,73.9307320118,0.229458093643
[MO833] Paramount Iteration,0,301,73.9307329655,0.229459047318
302 -- 6.790161821378288 --- TKE: 0.9999999999998557 
[MO833] Paramount Iteration,1,302,74.1599898338,0.229257822037
[MO833] Paramount Iteration,0,302,74.1599910259,0.229258060455
303 -- 6.8126458010848285 --- TKE: 0.9999999999998552 
[MO833] Paramount Iteration,1,303,74.389467001,0.22947716713
[MO833] Paramount Iteration,0,303,74.3894689083,0.229477882385
304 -- 6.835129780524743 --- TKE: 0.9999999999998548 
[MO833] Paramount Iteration,1,304,74.6188440323,0.229377031326
[MO833] Paramount Iteration,0,304,74.6188459396,0.229377031326
305 -- 6.85761375998188 --- TKE: 0.9999999999998543 
[MO833] Paramount Iteration,1,305,74.8482589722,0.22941493988
[MO833] Paramount Iteration,0,305,74.8482589722,0.229413032532
306 -- 6.880097739722095 --- TKE: 0.9999999999998539 
[MO833] Paramount Iteration,1,306,75.07634902,0.228090047836
[MO833] Paramount Iteration,0,306,75.0763509274,0.228091955185
307 -- 6.902581719987626 --- TKE: 0.9999999999998535 
[MO833] Paramount Iteration,1,307,75.3044528961,0.228103876114
[MO833] Paramount Iteration,0,307,75.3044550419,0.228104114532
308 -- 6.925065700587196 --- TKE: 0.999999999999853 
[MO833] Paramount Iteration,1,308,75.5322508812,0.227797985077
[MO833] Paramount Iteration,0,308,75.5322518349,0.227796792984
309 -- 6.947549681186769 --- TKE: 0.9999999999998523 
[MO833] Paramount Iteration,1,309,75.7599918842,0.227741003036
[MO833] Paramount Iteration,0,309,75.8681190014,0.335867166519
310 -- 6.970033661786361 --- TKE: 0.9999999999998519 
[MO833] Paramount Iteration,1,310,76.0995559692,0.339564085007
[MO833] Paramount Iteration,0,310,76.0995559692,0.23143696785
311 -- 6.992517641856944 --- TKE: 0.9999999999998515 
[MO833] Paramount Iteration,1,311,76.3284130096,0.228857040405
[MO833] Paramount Iteration,0,311,76.3284139633,0.22885799408
312 -- 7.015001621353901 --- TKE: 0.999999999999851 
[MO833] Paramount Iteration,1,312,76.5561459064,0.227732896805
[MO833] Paramount Iteration,0,312,76.5561468601,0.227732896805
313 -- 7.037485600581394 --- TKE: 0.9999999999998506 
[MO833] Paramount Iteration,1,313,76.7840328217,0.227886915207
[MO833] Paramount Iteration,0,313,76.7840340137,0.227887153625
314 -- 7.059969579834643 --- TKE: 0.9999999999998499 
[MO833] Paramount Iteration,1,314,77.0118010044,0.227768182755
[MO833] Paramount Iteration,0,314,77.0118029118,0.22776889801
315 -- 7.082453559392314 --- TKE: 0.9999999999998495 
[MO833] Paramount Iteration,1,315,77.2395749092,0.2277739048
[MO833] Paramount Iteration,0,315,77.2395758629,0.227772951126
316 -- 7.104937539510077 --- TKE: 0.999999999999849 
[MO833] Paramount Iteration,1,316,77.4673519135,0.227777004242
[MO833] Paramount Iteration,0,316,77.4673538208,0.227777957916
317 -- 7.12742151990268 --- TKE: 0.9999999999998486 
[MO833] Paramount Iteration,1,317,77.6953220367,0.227970123291
[MO833] Paramount Iteration,0,317,77.6953239441,0.227970123291
318 -- 7.149905500376332 --- TKE: 0.9999999999998481 
[MO833] Paramount Iteration,1,318,77.9231529236,0.227830886841
[MO833] Paramount Iteration,0,318,77.9231548309,0.227830886841
319 -- 7.172389480975922 --- TKE: 0.9999999999998477 
[MO833] Paramount Iteration,1,319,78.1508498192,0.227696895599
[MO833] Paramount Iteration,0,319,78.2580869198,0.334932088852
320 -- 7.194873460847672 --- TKE: 0.9999999999998472 
[MO833] Paramount Iteration,1,320,78.4892098904,0.338360071182
[MO833] Paramount Iteration,0,320,78.4892098904,0.231122970581
321 -- 7.217357440143902 --- TKE: 0.9999999999998468 
[MO833] Paramount Iteration,1,321,78.718490839,0.229280948639
[MO833] Paramount Iteration,0,321,78.7184920311,0.229282140732
322 -- 7.239841419177979 --- TKE: 0.9999999999998461 
[MO833] Paramount Iteration,1,322,78.947234869,0.228744029999
[MO833] Paramount Iteration,0,322,78.947234869,0.228742837906
323 -- 7.2623253982559355 --- TKE: 0.9999999999998457 
[MO833] Paramount Iteration,1,323,79.1749279499,0.227693080902
[MO833] Paramount Iteration,0,323,79.1749289036,0.227694034576
324 -- 7.2848093776681315 --- TKE: 0.9999999999998452 
[MO833] Paramount Iteration,1,324,79.4026808739,0.227752923965
[MO833] Paramount Iteration,0,324,79.4026808739,0.227751970291
325 -- 7.307293357682042 --- TKE: 0.9999999999998448 
[MO833] Paramount Iteration,1,325,79.6303608418,0.22767996788
[MO833] Paramount Iteration,0,325,79.6303620338,0.227681159973
326 -- 7.3297773378442965 --- TKE: 0.9999999999998443 
[MO833] Paramount Iteration,0,326,79.8614559174,0.231093883514
[MO833] Paramount Iteration,1,326,79.8614778519,0.231117010117
327 -- 7.352261318108462 --- TKE: 0.9999999999998437 
[MO833] Paramount Iteration,1,327,80.0890510082,0.227573156357
[MO833] Paramount Iteration,0,327,80.0890519619,0.22759604454
328 -- 7.374745298524202 --- TKE: 0.9999999999998432 
[MO833] Paramount Iteration,1,328,80.3166618347,0.227610826492
[MO833] Paramount Iteration,0,328,80.3166618347,0.227609872818
329 -- 7.397229278199905 --- TKE: 0.9999999999998428 
[MO833] Paramount Iteration,1,329,80.5442438126,0.227581977844
[MO833] Paramount Iteration,0,329,80.6563999653,0.339738130569
330 -- 7.41971325730785 --- TKE: 0.9999999999998423 
[MO833] Paramount Iteration,1,330,80.8899199963,0.345676183701
[MO833] Paramount Iteration,0,330,80.8899199963,0.233520030975
331 -- 7.442197236170435 --- TKE: 0.9999999999998419 
[MO833] Paramount Iteration,1,331,81.119273901,0.229353904724
[MO833] Paramount Iteration,0,331,81.1192748547,0.229354858398
332 -- 7.464681215103749 --- TKE: 0.9999999999998415 
[MO833] Paramount Iteration,1,332,81.3485739231,0.229300022125
[MO833] Paramount Iteration,0,332,81.3485758305,0.2293009758
333 -- 7.487165194408604 --- TKE: 0.9999999999998408 
[MO833] Paramount Iteration,1,333,81.5778479576,0.2292740345
[MO833] Paramount Iteration,0,333,81.577849865,0.2292740345
334 -- 7.50964917430941 --- TKE: 0.9999999999998403 
[MO833] Paramount Iteration,1,334,81.8072578907,0.22940993309
[MO833] Paramount Iteration,0,334,81.8072578907,0.229408025742
335 -- 7.532133154279364 --- TKE: 0.9999999999998399 
[MO833] Paramount Iteration,1,335,82.0364890099,0.229231119156
[MO833] Paramount Iteration,0,335,82.0364890099,0.229231119156
336 -- 7.554617134371968 --- TKE: 0.9999999999998392 
[MO833] Paramount Iteration,1,336,82.2659158707,0.229426860809
[MO833] Paramount Iteration,0,336,82.2659168243,0.229427814484
337 -- 7.5771011146377925 --- TKE: 0.999999999999839 
[MO833] Paramount Iteration,1,337,82.4952278137,0.229311943054
[MO833] Paramount Iteration,0,337,82.4952290058,0.229312181473
338 -- 7.599585094124014 --- TKE: 0.9999999999998384 
[MO833] Paramount Iteration,1,338,82.7244930267,0.229265213013
[MO833] Paramount Iteration,0,338,82.7244939804,0.229264974594
339 -- 7.622069073059356 --- TKE: 0.9999999999998379 
[MO833] Paramount Iteration,1,339,82.953291893,0.228798866272
[MO833] Paramount Iteration,0,339,83.0615019798,0.33700799942
340 -- 7.644553051774858 --- TKE: 0.9999999999998375 
[MO833] Paramount Iteration,1,340,83.2927498817,0.339457988739
[MO833] Paramount Iteration,0,340,83.2927498817,0.231247901917
341 -- 7.667037030595781 --- TKE: 0.999999999999837 
[MO833] Paramount Iteration,1,341,83.5220968723,0.229346990585
[MO833] Paramount Iteration,0,341,83.522097826,0.22934794426
342 -- 7.689521009831995 --- TKE: 0.9999999999998366 
[MO833] Paramount Iteration,1,342,83.7512979507,0.229201078415
[MO833] Paramount Iteration,0,342,83.7512989044,0.229201078415
343 -- 7.712004989557455 --- TKE: 0.9999999999998361 
[MO833] Paramount Iteration,1,343,83.9804618359,0.229163885117
[MO833] Paramount Iteration,0,343,83.980463028,0.229164123535
344 -- 7.734488969371476 --- TKE: 0.9999999999998357 
[MO833] Paramount Iteration,1,344,84.2096760273,0.229214191437
[MO833] Paramount Iteration,0,344,84.209676981,0.229213953018
345 -- 7.75697294932845 --- TKE: 0.9999999999998352 
[MO833] Paramount Iteration,1,345,84.4390509129,0.229374885559
[MO833] Paramount Iteration,0,345,84.4390518665,0.229374885559
346 -- 7.779456929457478 --- TKE: 0.9999999999998348 
[MO833] Paramount Iteration,1,346,84.668407917,0.229357004166
[MO833] Paramount Iteration,0,346,84.6684088707,0.229357004166
347 -- 7.8019409087642755 --- TKE: 0.9999999999998344 
[MO833] Paramount Iteration,1,347,84.8975658417,0.229157924652
[MO833] Paramount Iteration,0,347,84.8975679874,0.229159116745
348 -- 7.824424887545566 --- TKE: 0.9999999999998337 
[MO833] Paramount Iteration,1,348,85.1269860268,0.229420185089
[MO833] Paramount Iteration,0,348,85.1269869804,0.229418992996
349 -- 7.846908866140471 --- TKE: 0.9999999999998332 
[MO833] Paramount Iteration,1,349,85.3562648296,0.229278802872
[MO833] Paramount Iteration,0,349,85.4638729095,0.336885929108
350 -- 7.8693928448823875 --- TKE: 0.9999999999998328 
[MO833] Paramount Iteration,1,350,85.6950719357,0.338807106018
[MO833] Paramount Iteration,0,350,85.6950728893,0.231199979782
351 -- 7.8918768240887776 --- TKE: 0.9999999999998321 
[MO833] Paramount Iteration,1,351,85.9243178368,0.229245901108
[MO833] Paramount Iteration,0,351,85.9243199825,0.229247093201
352 -- 7.914360803673567 --- TKE: 0.9999999999998317 
[MO833] Paramount Iteration,1,352,86.1536250114,0.229307174683
[MO833] Paramount Iteration,0,352,86.1536259651,0.22930598259
353 -- 7.936844783366143 --- TKE: 0.9999999999998312 
[MO833] Paramount Iteration,1,353,86.3828709126,0.229245901108
[MO833] Paramount Iteration,0,353,86.3828718662,0.229245901108
354 -- 7.959328763221277 --- TKE: 0.9999999999998308 
[MO833] Paramount Iteration,1,354,86.6121578217,0.229286909103
[MO833] Paramount Iteration,0,354,86.6121578217,0.229285955429
355 -- 7.981812743154557 --- TKE: 0.9999999999998304 
[MO833] Paramount Iteration,1,355,86.8414418697,0.22928404808
[MO833] Paramount Iteration,0,355,86.8414428234,0.229285001755
356 -- 8.004296722295148 --- TKE: 0.9999999999998299 
[MO833] Paramount Iteration,1,356,87.0695848465,0.228142976761
[MO833] Paramount Iteration,0,356,87.0695860386,0.228143215179
357 -- 8.026780700943432 --- TKE: 0.9999999999998295 
[MO833] Paramount Iteration,1,357,87.2972919941,0.227707147598
[MO833] Paramount Iteration,0,357,87.2972939014,0.227707862854
358 -- 8.04926467944588 --- TKE: 0.999999999999829 
[MO833] Paramount Iteration,1,358,87.5252189636,0.227926969528
[MO833] Paramount Iteration,0,358,87.5252199173,0.227926015854
359 -- 8.071748658142873 --- TKE: 0.9999999999998286 
[MO833] Paramount Iteration,1,359,87.7530629635,0.227843999863
[MO833] Paramount Iteration,0,359,87.8604710102,0.335251092911
360 -- 8.09423263735794 --- TKE: 0.9999999999998281 
[MO833] Paramount Iteration,1,360,88.0918889046,0.338825941086
[MO833] Paramount Iteration,0,360,88.0918879509,0.231416940689
361 -- 8.11671661683501 --- TKE: 0.9999999999998275 
[MO833] Paramount Iteration,1,361,88.3208458424,0.22895693779
[MO833] Paramount Iteration,0,361,88.3208470345,0.228959083557
362 -- 8.139200596438634 --- TKE: 0.9999999999998272 
[MO833] Paramount Iteration,1,362,88.548732996,0.227887153625
[MO833] Paramount Iteration,0,362,88.5487339497,0.227886915207
363 -- 8.161684576223479 --- TKE: 0.9999999999998266 
[MO833] Paramount Iteration,1,363,88.7769830227,0.228250026703
[MO833] Paramount Iteration,0,363,88.7769989967,0.228265047073
364 -- 8.184168555986533 --- TKE: 0.9999999999998261 
[MO833] Paramount Iteration,1,364,89.0046918392,0.227708816528
[MO833] Paramount Iteration,0,364,89.0046930313,0.227694034576
365 -- 8.20665253497694 --- TKE: 0.9999999999998257 
[MO833] Paramount Iteration,1,365,89.232478857,0.227787017822
[MO833] Paramount Iteration,0,365,89.232478857,0.227785825729
366 -- 8.229136513515321 --- TKE: 0.999999999999825 
[MO833] Paramount Iteration,1,366,89.4602389336,0.227760076523
[MO833] Paramount Iteration,0,366,89.4602398872,0.227761030197
367 -- 8.251620491954679 --- TKE: 0.9999999999998246 
[MO833] Paramount Iteration,1,367,89.6879010201,0.227662086487
[MO833] Paramount Iteration,0,367,89.6879010201,0.227661132812
368 -- 8.274104470641126 --- TKE: 0.9999999999998241 
[MO833] Paramount Iteration,1,368,89.9160149097,0.228113889694
[MO833] Paramount Iteration,0,368,89.9160158634,0.228114843369
369 -- 8.296588449902655 --- TKE: 0.9999999999998237 
[MO833] Paramount Iteration,1,369,90.1436028481,0.227587938309
[MO833] Paramount Iteration,0,369,90.2520890236,0.336073160172
370 -- 8.319072429303096 --- TKE: 0.9999999999998233 
[MO833] Paramount Iteration,1,370,90.4832558632,0.339653015137
[MO833] Paramount Iteration,0,370,90.4832558632,0.2311668396
371 -- 8.341556408848165 --- TKE: 0.9999999999998226 
[MO833] Paramount Iteration,1,371,90.712487936,0.22923207283
[MO833] Paramount Iteration,0,371,90.7124898434,0.229233980179
372 -- 8.364040388591974 --- TKE: 0.9999999999998224 
[MO833] Paramount Iteration,1,372,90.9411849976,0.228697061539
[MO833] Paramount Iteration,0,372,90.9411859512,0.228696107864
373 -- 8.386524368210212 --- TKE: 0.9999999999998219 
[MO833] Paramount Iteration,1,373,91.169246912,0.228061914444
[MO833] Paramount Iteration,0,373,91.1692478657,0.228061914444
374 -- 8.409008347068907 --- TKE: 0.9999999999998213 
[MO833] Paramount Iteration,1,374,91.402479887,0.233232975006
[MO833] Paramount Iteration,0,374,91.402479887,0.233232021332
375 -- 8.431492325522207 --- TKE: 0.9999999999998208 
[MO833] Paramount Iteration,1,375,91.6309309006,0.228451013565
[MO833] Paramount Iteration,0,375,91.6309318542,0.228451967239
376 -- 8.45397630392867 --- TKE: 0.9999999999998204 
[MO833] Paramount Iteration,1,376,91.8584499359,0.227519035339
[MO833] Paramount Iteration,0,376,91.8584508896,0.227519035339
377 -- 8.476460282638822 --- TKE: 0.9999999999998199 
[MO833] Paramount Iteration,1,377,92.0861399174,0.227689981461
[MO833] Paramount Iteration,0,377,92.086140871,0.227689981461
378 -- 8.498944261887145 --- TKE: 0.9999999999998193 
[MO833] Paramount Iteration,1,378,92.3137199879,0.227580070496
[MO833] Paramount Iteration,0,378,92.3137199879,0.227579116821
379 -- 8.521428241240105 --- TKE: 0.9999999999998188 
[MO833] Paramount Iteration,1,379,92.5413608551,0.227640867233
[MO833] Paramount Iteration,0,379,92.6487529278,0.335032939911
380 -- 8.543912220754843 --- TKE: 0.9999999999998184 
[MO833] Paramount Iteration,1,380,92.8800559044,0.338695049286
[MO833] Paramount Iteration,0,380,92.8800559044,0.231302976608
381 -- 8.56639620047954 --- TKE: 0.9999999999998179 
[MO833] Paramount Iteration,1,381,93.1092488766,0.229192972183
[MO833] Paramount Iteration,0,381,93.1092498302,0.229193925858
382 -- 8.588880179940121 --- TKE: 0.9999999999998175 
[MO833] Paramount Iteration,1,382,93.3384079933,0.229159116745
[MO833] Paramount Iteration,0,382,93.338408947,0.229159116745
383 -- 8.61136415868765 --- TKE: 0.999999999999817 
[MO833] Paramount Iteration,1,383,93.5675048828,0.229096889496
[MO833] Paramount Iteration,0,383,93.5675070286,0.229098081589
384 -- 8.633848137081994 --- TKE: 0.9999999999998166 
[MO833] Paramount Iteration,1,384,93.7966740131,0.229169130325
[MO833] Paramount Iteration,0,384,93.7966749668,0.229167938232
385 -- 8.656332115486197 --- TKE: 0.9999999999998161 
[MO833] Paramount Iteration,1,385,94.0258319378,0.229157924652
[MO833] Paramount Iteration,0,385,94.0258338451,0.229158878326
386 -- 8.678816094253841 --- TKE: 0.9999999999998153 
[MO833] Paramount Iteration,1,386,94.2597119808,0.23388004303
[MO833] Paramount Iteration,0,386,94.2597129345,0.233879089355
387 -- 8.701300073464875 --- TKE: 0.9999999999998153 
[MO833] Paramount Iteration,1,387,94.4892020226,0.229490041733
[MO833] Paramount Iteration,0,387,94.4892029762,0.229490041733
388 -- 8.723784052797495 --- TKE: 0.9999999999998148 
[MO833] Paramount Iteration,1,388,94.7185268402,0.229324817657
[MO833] Paramount Iteration,0,388,94.7185280323,0.229325056076
389 -- 8.74626803230795 --- TKE: 0.9999999999998141 
[MO833] Paramount Iteration,1,389,94.9472558498,0.228729009628
[MO833] Paramount Iteration,0,389,95.0543849468,0.33585691452
390 -- 8.768752011923242 --- TKE: 0.9999999999998135 
[MO833] Paramount Iteration,1,390,95.2855968475,0.338340997696
[MO833] Paramount Iteration,0,390,95.2855968475,0.231211900711
391 -- 8.791235991242669 --- TKE: 0.999999999999813 
[MO833] Paramount Iteration,1,391,95.5148208141,0.229223966599
[MO833] Paramount Iteration,0,391,95.5148220062,0.229225158691
392 -- 8.8137199699013 --- TKE: 0.9999999999998126 
[MO833] Paramount Iteration,1,392,95.7440669537,0.229246139526
[MO833] Paramount Iteration,0,392,95.7440679073,0.229245901108
393 -- 8.83620394826374 --- TKE: 0.9999999999998122 
[MO833] Paramount Iteration,1,393,95.9731919765,0.229125022888
[MO833] Paramount Iteration,0,393,95.9731929302,0.229125022888
394 -- 8.8586879266964 --- TKE: 0.9999999999998117 
[MO833] Paramount Iteration,1,394,96.202409029,0.22921705246
[MO833] Paramount Iteration,0,394,96.2024099827,0.22921705246
395 -- 8.881171905554517 --- TKE: 0.9999999999998113 
[MO833] Paramount Iteration,1,395,96.4316599369,0.229250907898
[MO833] Paramount Iteration,0,395,96.4316599369,0.229249954224
396 -- 8.903655884754258 --- TKE: 0.9999999999998108 
[MO833] Paramount Iteration,0,396,96.6640808582,0.232420921326
[MO833] Paramount Iteration,1,396,96.6641039848,0.232444047928
397 -- 8.926139864091633 --- TKE: 0.9999999999998104 
[MO833] Paramount Iteration,1,397,96.8932468891,0.229142904282
[MO833] Paramount Iteration,0,397,96.8932478428,0.229166984558
398 -- 8.948623843621656 --- TKE: 0.9999999999998099 
[MO833] Paramount Iteration,1,398,97.1225528717,0.22930598259
[MO833] Paramount Iteration,0,398,97.1225550175,0.229307174683
399 -- 8.971107823150364 --- TKE: 0.9999999999998095 
[MO833] Paramount Iteration,1,399,97.3517389297,0.229186058044
[MO833] Paramount Iteration,0,399,97.4590678215,0.336512804031
400 -- 8.993591802347337 --- TKE: 0.999999999999809 
[MO833] Paramount Iteration,1,400,97.690363884,0.338624954224
[MO833] Paramount Iteration,0,400,97.690363884,0.231296062469
401 -- 9.016075780940678 --- TKE: 0.9999999999998084 
[MO833] Paramount Iteration,1,401,97.9195120335,0.22914814949
[MO833] Paramount Iteration,0,401,97.9195139408,0.229150056839
402 -- 9.038559759298838 --- TKE: 0.9999999999998082 
[MO833] Paramount Iteration,1,402,98.1487109661,0.229198932648
[MO833] Paramount Iteration,0,402,98.1487119198,0.229197978973
403 -- 9.061043737790405 --- TKE: 0.9999999999998075 
[MO833] Paramount Iteration,1,403,98.377959013,0.229248046875
[MO833] Paramount Iteration,0,403,98.3779599667,0.229248046875
404 -- 9.083527716770863 --- TKE: 0.999999999999807 
[MO833] Paramount Iteration,1,404,98.6104009151,0.232441902161
[MO833] Paramount Iteration,0,404,98.6104118824,0.232451915741
405 -- 9.106011695983423 --- TKE: 0.9999999999998066 
[MO833] Paramount Iteration,1,405,98.8397939205,0.229393005371
[MO833] Paramount Iteration,0,405,98.8397948742,0.229382991791
406 -- 9.128495675348603 --- TKE: 0.9999999999998059 
[MO833] Paramount Iteration,1,406,99.0680069923,0.228213071823
[MO833] Paramount Iteration,0,406,99.0680088997,0.228214025497
407 -- 9.150979654919876 --- TKE: 0.9999999999998055 
[MO833] Paramount Iteration,1,407,99.2956879139,0.227680921555
[MO833] Paramount Iteration,0,407,99.2956888676,0.22767996788
408 -- 9.173463634384333 --- TKE: 0.999999999999805 
[MO833] Paramount Iteration,1,408,99.5233519077,0.227663993835
[MO833] Paramount Iteration,0,408,99.5233528614,0.227663993835
409 -- 9.195947613479227 --- TKE: 0.9999999999998046 
[MO833] Paramount Iteration,1,409,99.7510750294,0.227723121643
[MO833] Paramount Iteration,0,409,99.8903918266,0.367038965225
410 -- 9.2184315920319 --- TKE: 0.9999999999998042 
[MO833] Paramount Iteration,1,410,100.122126818,0.37105178833
[MO833] Paramount Iteration,0,410,100.122126818,0.231734991074
411 -- 9.240915570413641 --- TKE: 0.9999999999998037 
[MO833] Paramount Iteration,1,411,100.351238012,0.229111194611
[MO833] Paramount Iteration,0,411,100.351238012,0.229111194611
412 -- 9.263399548993997 --- TKE: 0.9999999999998033 
[MO833] Paramount Iteration,1,412,100.579133987,0.227895975113
[MO833] Paramount Iteration,0,412,100.579134941,0.227896928787
413 -- 9.285883528127304 --- TKE: 0.9999999999998026 
[MO833] Paramount Iteration,1,413,100.807132006,0.227998018265
[MO833] Paramount Iteration,0,413,100.807132959,0.227998018265
414 -- 9.308367507374884 --- TKE: 0.9999999999998022 
[MO833] Paramount Iteration,1,414,101.035029888,0.227897882462
[MO833] Paramount Iteration,0,414,101.035030842,0.227897882462
415 -- 9.33085148678887 --- TKE: 0.9999999999998017 
[MO833] Paramount Iteration,1,415,101.262959003,0.227929115295
[MO833] Paramount Iteration,0,415,101.262959003,0.227928161621
416 -- 9.353335466420928 --- TKE: 0.9999999999998013 
[MO833] Paramount Iteration,1,416,101.490918875,0.227959871292
[MO833] Paramount Iteration,0,416,101.490919828,0.227960824966
417 -- 9.375819445842836 --- TKE: 0.9999999999998008 
[MO833] Paramount Iteration,1,417,101.718839884,0.227921009064
[MO833] Paramount Iteration,0,417,101.718840837,0.227921009064
418 -- 9.398303424857403 --- TKE: 0.9999999999998004 
[MO833] Paramount Iteration,1,418,101.946660042,0.227820158005
[MO833] Paramount Iteration,0,418,101.946660995,0.227820158005
419 -- 9.420787403394685 --- TKE: 0.9999999999997997 
[MO833] Paramount Iteration,1,419,102.174603939,0.227943897247
[MO833] Paramount Iteration,0,419,102.281311035,0.334650039673
420 -- 9.443271381827788 --- TKE: 0.9999999999997993 
[MO833] Paramount Iteration,1,420,102.512964964,0.338361024857
[MO833] Paramount Iteration,0,420,102.512964964,0.231653928757
421 -- 9.465755360525957 --- TKE: 0.9999999999997988 
[MO833] Paramount Iteration,1,421,102.742653847,0.229688882828
[MO833] Paramount Iteration,0,421,102.742655039,0.229690074921
422 -- 9.488239339703968 --- TKE: 0.9999999999997984 
[MO833] Paramount Iteration,1,422,102.971724033,0.229070186615
[MO833] Paramount Iteration,0,422,102.971724987,0.229069948196
423 -- 9.51072331900687 --- TKE: 0.9999999999997979 
[MO833] Paramount Iteration,1,423,103.199790001,0.22806596756
[MO833] Paramount Iteration,0,423,103.199790955,0.22806596756
424 -- 9.533207298488648 --- TKE: 0.9999999999997975 
[MO833] Paramount Iteration,1,424,103.427821875,0.228031873703
[MO833] Paramount Iteration,0,424,103.427822828,0.228031873703
425 -- 9.55569127808653 --- TKE: 0.999999999999797 
[MO833] Paramount Iteration,1,425,103.655666828,0.227844953537
[MO833] Paramount Iteration,0,425,103.655668974,0.22784614563
426 -- 9.578175257486851 --- TKE: 0.9999999999997966 
[MO833] Paramount Iteration,1,426,103.883703947,0.228037118912
[MO833] Paramount Iteration,0,426,103.883704901,0.228035926819
427 -- 9.600659236443887 --- TKE: 0.9999999999997962 
[MO833] Paramount Iteration,1,427,104.111709833,0.228005886078
[MO833] Paramount Iteration,0,427,104.111711025,0.228006124496
428 -- 9.623143214991416 --- TKE: 0.9999999999997955 
[MO833] Paramount Iteration,0,428,104.339684963,0.227973937988
[MO833] Paramount Iteration,1,428,104.339701891,0.2279920578
429 -- 9.645627193503268 --- TKE: 0.999999999999795 
[MO833] Paramount Iteration,1,429,104.567662954,0.227961063385
[MO833] Paramount Iteration,0,429,104.675068855,0.335383892059
430 -- 9.668111172347157 --- TKE: 0.9999999999997946 
[MO833] Paramount Iteration,1,430,104.906707048,0.339044094086
[MO833] Paramount Iteration,0,430,104.906705856,0.231637001038
431 -- 9.690595151585851 --- TKE: 0.9999999999997942 
[MO833] Paramount Iteration,1,431,105.136379004,0.229671955109
[MO833] Paramount Iteration,0,431,105.136380911,0.22967505455
432 -- 9.713079130962482 --- TKE: 0.9999999999997937 
[MO833] Paramount Iteration,1,432,105.366029024,0.229650020599
[MO833] Paramount Iteration,0,432,105.366029978,0.229649066925
433 -- 9.735563110529075 --- TKE: 0.9999999999997933 
[MO833] Paramount Iteration,1,433,105.595607042,0.229578018188
[MO833] Paramount Iteration,0,433,105.595607996,0.229578018188
434 -- 9.758047090108159 --- TKE: 0.9999999999997928 
[MO833] Paramount Iteration,1,434,105.825110912,0.22950387001
[MO833] Paramount Iteration,0,434,105.82511282,0.229504823685
435 -- 9.780531069507026 --- TKE: 0.9999999999997922 
[MO833] Paramount Iteration,1,435,106.054790974,0.22968006134
[MO833] Paramount Iteration,0,435,106.054791927,0.229679107666
436 -- 9.80301504843004 --- TKE: 0.9999999999997917 
[MO833] Paramount Iteration,1,436,106.284355879,0.229564905167
[MO833] Paramount Iteration,0,436,106.284356833,0.229564905167
437 -- 9.825499027013505 --- TKE: 0.9999999999997913 
[MO833] Paramount Iteration,1,437,106.514123917,0.229768037796
[MO833] Paramount Iteration,0,437,106.514125824,0.22976899147
438 -- 9.847983005630853 --- TKE: 0.9999999999997908 
[MO833] Paramount Iteration,1,438,106.743775845,0.229651927948
[MO833] Paramount Iteration,0,438,106.743777037,0.229651212692
439 -- 9.870466984647033 --- TKE: 0.9999999999997904 
[MO833] Paramount Iteration,1,439,106.972718,0.228942155838
[MO833] Paramount Iteration,0,439,107.079391003,0.335613965988
440 -- 9.892950963964234 --- TKE: 0.99999999999979 
[MO833] Paramount Iteration,1,440,107.310945988,0.338227987289
[MO833] Paramount Iteration,0,440,107.310945988,0.231554985046
441 -- 9.915434943431155 --- TKE: 0.9999999999997893 
[MO833] Paramount Iteration,1,441,107.540552855,0.229606866837
[MO833] Paramount Iteration,0,441,107.540554047,0.229608058929
442 -- 9.937918923097648 --- TKE: 0.9999999999997888 
[MO833] Paramount Iteration,1,442,107.770210028,0.229657173157
[MO833] Paramount Iteration,0,442,107.770210028,0.229655981064
443 -- 9.9604029026769 --- TKE: 0.9999999999997884 
[MO833] Paramount Iteration,1,443,107.999748945,0.229538917542
[MO833] Paramount Iteration,0,443,107.999749899,0.229539871216
444 -- 9.98288688209351 --- TKE: 0.9999999999997877 
[MO833] Paramount Iteration,1,444,108.229984999,0.230236053467
[MO833] Paramount Iteration,0,444,108.230005026,0.230255126953
445 -- 10.005370861006455 --- TKE: 0.9999999999997875 
[MO833] PI avg,1,0.239520660679,445
[MO833] Beta,1,1.23026818435e-07
[MO833] PI avg,0,0.239481835955,445
[MO833] Beta,0,0.00129126168509
[MO833] Total time,108.597043037
