--------------------------------------------------------------------------
[[44706,1],1]: A high-performance Open MPI point-to-point messaging module
was unable to find any relevant network interfaces:

Module: OpenFabrics (openib)
  Host: node06

Another transport will be used instead, although this may result in
lower performance.

NOTE: You can disable this warning by setting the MCA parameter
btl_base_warn_component_unused to 0.
--------------------------------------------------------------------------
 
                                 _       
                                | |      
 _ __  _   _ _ __ __ _ _ __   __| | __ _ 
| '_ \| | | | '__/ _` | '_ \ / _` |/ _` |
| |_) | |_| | | | (_| | | | | (_| | (_| |
| .__/ \__, |_|  \__,_|_| |_|\__,_|\__,_|
| |     __/ |                            
|_|    |___/                             

Version 1.0

Copyright (c) 2020 Lawrence Livermore National Laboratory (LLNL-CODE-749864)
All rights reserved. 
For details about use and distribution, please read: pyranda/LICENSE

Adding variables: tke
Adding variables: tauxz
Adding variables: tauxy
Adding variables: tauxx
Adding variables: tauzz
Adding variables: cs
Adding variables: vx
Adding variables: vy
Adding variables: vz
Adding variables: tauyy
Adding variables: tauyz
Adding variables: taudia
Adding variables: rhow
Adding variables: rhov
Adding variables: rhou
Adding variables: S
Adding variables: rho
Adding variables: dt
Adding variables: wz
Adding variables: wy
Adding variables: wx
Adding variables: enst
Adding variables: uy
Adding variables: ux
Adding variables: uz
Adding variables: beta
Adding variables: mu
Adding variables: p
Adding variables: u
Adding variables: w
Adding variables: v
Adding variables: Et
Adding variables: div
Adding variables: gamma
Adding equations of motion: 
(1)   ddt(:rho:)  =  -ddx(:rho:*:u:)                  - ddy(:rho:*:v:)                  - ddz(:rho:*:w:)
(2)   ddt(:rhou:) =  -ddx(:rhou:*:u: + :p: - :tauxx:) - ddy(:rhou:*:v: - :tauxy:)       - ddz(:rhou:*:w: - :tauxz:)
(3)   ddt(:rhov:) =  -ddx(:rhov:*:u: - :tauxy:)       - ddy(:rhov:*:v: + :p: - :tauyy:) - ddz(:rhov:*:w: - :tauyz:)
(4)   ddt(:rhow:) =  -ddx(:rhow:*:u: - :tauxz:)       - ddy(:rhow:*:v: - :tauyz:)       - ddz(:rhow:*:w: + :p: - :tauzz:)
(5)   ddt(:Et:)   =  -ddx( (:Et: - :tauxx:)*:u: - :tauxy:*:v: - :tauxz:*:w: ) - ddy( (:Et: - :tauyy:)*:v: -:tauxy:*:u: - :tauyz:*:w:) - ddz( (:Et: - :tauzz:)*:w: - :tauxz:*:u: - :tauyz:*:v: )
(6)   :rho:       =  fbar( :rho:  )
(7)   :rhou:      =  fbar( :rhou: )
(8)   :rhov:      =  fbar( :rhov: )
(9)   :rhow:      =  fbar( :rhow: )
(10)   :Et:        =  fbar( :Et:   )
(11)   :u:         =  :rhou: / :rho:
(12)   :v:         =  :rhov: / :rho:
(13)   :w:         =  :rhow: / :rho:
(14)   :p:         =  ( :Et: - .5*:rho:*(:u:*:u: + :v:*:v: + :w:*:w:) ) * ( :gamma: - 1.0 )
(15)   :ux:        =  ddx(:u:)
(16)   :vy:        =  ddy(:v:)
(17)   :wz:        =  ddz(:w:)
(18)   :div:       =  :ux: + :vy: + :wz:
(19)   :uy:        =  ddy(:u:)
(20)   :uz:        =  ddz(:u:)
(21)   :vx:        =  ddx(:v:)
(22)   :vz:        =  ddz(:v:)
(23)   :wy:        =  ddy(:w:)
(24)   :wx:        =  ddx(:w:)
(25)   :enst:      = sqrt( (:uy:-:vx:)**2 + (:uz: - :wx:)**2 + (:vz:-:wy:)**2 )
(26)   :tke:       = :rho:*(:u:*:u: + :v:*:v: + :w:*:w:)
(27)   :S:         = sqrt( :ux:*:ux: + :vy:*:vy: + :wz:*:wz: + .5*((:uy:+:vx:)**2 + (:uz: + :wx:)**2 + (:vz:+:wy:)**2) )
(28)   :mu:        =  gbar( abs(ring(:S:  )) ) * :rho: * 0.0e-4
(29)   :beta:      =  gbar( abs(ring(:div:)) * :rho: )  * 0.0e-4
(30)   :taudia:    =  (:beta:-2./3.*:mu:) *:div:
(31)   :tauxx:     =  2.0*:mu:*:ux:   + :taudia: - :p:
(32)   :tauyy:     =  2.0*:mu:*:vy:   + :taudia: - :p:
(33)   :tauzz:     =  2.0*:mu:*:wz:   + :taudia: - :p:
(34)   :tauxy:     = :mu:*(:uy:+:vx:) + :taudia:
(35)   :tauxz:     = :mu:*(:uz:+:wx:) + :taudia:
(36)   :tauyz:     = :mu:*(:vz:+:wz:) + :taudia:
(37)   :cs:  = sqrt( :p: / :rho: * :gamma: )
(38)   :dt: = dt.courant(:u:,:v:,:w:,:cs:)*.5
(39)   :dt: = numpy.minimum(:dt:,0.2 * dt.diff(:beta:,:rho:))
(40)   :dt: = numpy.minimum(:dt:,0.2 * dt.diff(:mu:,:rho:))
1 -- 0.022483949488834736 --- TKE: 0.9999999999999996 
[MO833] Paramount Iteration,1,1,1.90979909897,0.2541410923
[MO833] Paramount Iteration,0,1,1.90310406685,0.236812114716
2 -- 0.04496791230634997 --- TKE: 0.9999999999999996 
[MO833] Paramount Iteration,1,2,2.14798212051,0.238183021545
[MO833] Paramount Iteration,0,2,2.14129495621,0.238190889359
3 -- 0.06745186837753886 --- TKE: 0.9999999999999987 
[MO833] Paramount Iteration,1,3,2.38339304924,0.235410928726
[MO833] Paramount Iteration,0,3,2.37669706345,0.235402107239
4 -- 0.08993583542611785 --- TKE: 0.9999999999999984 
[MO833] Paramount Iteration,0,4,2.61298012733,0.236283063889
[MO833] Paramount Iteration,1,4,2.6196911335,0.236298084259
5 -- 0.11241981341752189 --- TKE: 0.9999999999999978 
[MO833] Paramount Iteration,1,5,2.85495400429,0.235262870789
[MO833] Paramount Iteration,0,5,2.84825897217,0.235278844833
6 -- 0.1349037940170563 --- TKE: 0.9999999999999973 
[MO833] Paramount Iteration,1,6,3.09128212929,0.236328125
[MO833] Paramount Iteration,0,6,3.08460497856,0.236346006393
7 -- 0.15738777056800618 --- TKE: 0.9999999999999969 
[MO833] Paramount Iteration,1,7,3.32673406601,0.235451936722
[MO833] Paramount Iteration,0,7,3.32003808022,0.235433101654
8 -- 0.17987174409631543 --- TKE: 0.9999999999999964 
[MO833] Paramount Iteration,1,8,3.56195902824,0.235224962234
[MO833] Paramount Iteration,0,8,3.55526399612,0.235225915909
9 -- 0.20235571634301402 --- TKE: 0.999999999999996 
[MO833] Paramount Iteration,1,9,3.79731798172,0.235358953476
[MO833] Paramount Iteration,0,9,3.92937517166,0.374111175537
10 -- 0.2248396890879735 --- TKE: 0.9999999999999956 
[MO833] Paramount Iteration,0,10,4.17643094063,0.247055768967
[MO833] Paramount Iteration,1,10,4.18315196037,0.385833978653
11 -- 0.24732366185121496 --- TKE: 0.9999999999999949 
[MO833] Paramount Iteration,1,11,4.41382098198,0.230669021606
[MO833] Paramount Iteration,0,11,4.40713405609,0.230703115463
12 -- 0.26980763521126017 --- TKE: 0.9999999999999947 
[MO833] Paramount Iteration,1,12,4.64188909531,0.228068113327
[MO833] Paramount Iteration,0,12,4.63519310951,0.228059053421
13 -- 0.2922916107764848 --- TKE: 0.999999999999994 
[MO833] Paramount Iteration,1,13,4.86974406242,0.227854967117
[MO833] Paramount Iteration,0,13,4.86304807663,0.227854967117
14 -- 0.31477558792984206 --- TKE: 0.9999999999999936 
[MO833] Paramount Iteration,1,14,5.09778213501,0.228038072586
[MO833] Paramount Iteration,0,14,5.09108805656,0.228039979935
15 -- 0.337259565810547 --- TKE: 0.9999999999999931 
[MO833] Paramount Iteration,1,15,5.3256380558,0.227855920792
[MO833] Paramount Iteration,0,15,5.31894207001,0.227854013443
16 -- 0.35974354420845 --- TKE: 0.9999999999999925 
[MO833] Paramount Iteration,1,16,5.55712008476,0.231482028961
[MO833] Paramount Iteration,0,16,5.55039906502,0.23145699501
17 -- 0.38222752235168034 --- TKE: 0.999999999999992 
[MO833] Paramount Iteration,1,17,5.78595709801,0.228837013245
[MO833] Paramount Iteration,0,17,5.77927994728,0.228880882263
18 -- 0.4047115001610875 --- TKE: 0.9999999999999918 
[MO833] Paramount Iteration,1,18,6.01391410828,0.227957010269
[MO833] Paramount Iteration,0,18,6.00721907616,0.227939128876
19 -- 0.4271954780139235 --- TKE: 0.9999999999999911 
[MO833] Paramount Iteration,1,19,6.24183893204,0.227924823761
[MO833] Paramount Iteration,0,19,6.34394311905,0.336724042892
20 -- 0.4496794560708476 --- TKE: 0.9999999999999907 
[MO833] Paramount Iteration,1,20,6.58214116096,0.340302228928
[MO833] Paramount Iteration,0,20,6.57544517517,0.231502056122
21 -- 0.4721634343200682 --- TKE: 0.9999999999999902 
[MO833] Paramount Iteration,1,21,6.81014609337,0.228004932404
[MO833] Paramount Iteration,0,21,6.80345106125,0.228005886078
22 -- 0.49464741264111056 --- TKE: 0.9999999999999896 
[MO833] Paramount Iteration,1,22,7.03809595108,0.227949857712
[MO833] Paramount Iteration,0,22,7.03140115738,0.22795009613
23 -- 0.5171313908759267 --- TKE: 0.9999999999999893 
[MO833] Paramount Iteration,1,23,7.26593899727,0.227843046188
[MO833] Paramount Iteration,0,23,7.25924396515,0.22784280777
24 -- 0.5396153688962009 --- TKE: 0.9999999999999887 
[MO833] Paramount Iteration,0,24,7.49066305161,0.231419086456
[MO833] Paramount Iteration,1,24,7.49738192558,0.231442928314
25 -- 0.5620993466578701 --- TKE: 0.9999999999999882 
[MO833] Paramount Iteration,1,25,7.7255051136,0.228123188019
[MO833] Paramount Iteration,0,25,7.71880912781,0.228146076202
26 -- 0.5845833242365798 --- TKE: 0.9999999999999878 
[MO833] Paramount Iteration,1,26,7.95316195488,0.227656841278
[MO833] Paramount Iteration,0,26,7.94646716118,0.227658033371
27 -- 0.6070673018410182 --- TKE: 0.9999999999999871 
[MO833] Paramount Iteration,1,27,8.1811439991,0.22798204422
[MO833] Paramount Iteration,0,27,8.17444801331,0.227980852127
28 -- 0.6295512798040269 --- TKE: 0.9999999999999867 
[MO833] Paramount Iteration,1,28,8.40897607803,0.227832078934
[MO833] Paramount Iteration,0,28,8.40228009224,0.227832078934
29 -- 0.6520352574989555 --- TKE: 0.9999999999999862 
[MO833] Paramount Iteration,1,29,8.638422966,0.22944688797
[MO833] Paramount Iteration,0,29,8.74049401283,0.338213920593
30 -- 0.6745192349135101 --- TKE: 0.9999999999999858 
[MO833] Paramount Iteration,1,30,8.98024010658,0.341817140579
[MO833] Paramount Iteration,0,30,8.97354412079,0.233050107956
31 -- 0.697003212275314 --- TKE: 0.9999999999999853 
[MO833] Paramount Iteration,1,31,9.20884108543,0.228600978851
[MO833] Paramount Iteration,0,31,9.20214605331,0.228601932526
32 -- 0.7194871892340796 --- TKE: 0.9999999999999849 
[MO833] Paramount Iteration,1,32,9.43736100197,0.228519916534
[MO833] Paramount Iteration,0,32,9.43066596985,0.228519916534
33 -- 0.7419711653841895 --- TKE: 0.9999999999999845 
[MO833] Paramount Iteration,0,33,9.66289114952,0.232225179672
[MO833] Paramount Iteration,1,33,9.66961097717,0.232249975204
34 -- 0.7644551401841907 --- TKE: 0.999999999999984 
[MO833] Paramount Iteration,1,34,9.89732909203,0.227718114853
[MO833] Paramount Iteration,0,34,9.89063310623,0.227741956711
35 -- 0.7869391141929123 --- TKE: 0.9999999999999836 
[MO833] Paramount Iteration,1,35,10.1251671314,0.227838039398
[MO833] Paramount Iteration,0,35,10.1184720993,0.227838993073
36 -- 0.8094230880509002 --- TKE: 0.9999999999999829 
[MO833] Paramount Iteration,1,36,10.3532760143,0.228108882904
[MO833] Paramount Iteration,0,36,10.346583128,0.228111028671
37 -- 0.8319070624390456 --- TKE: 0.9999999999999827 
[MO833] Paramount Iteration,1,37,10.5811460018,0.227869987488
[MO833] Paramount Iteration,0,37,10.5744509697,0.227867841721
38 -- 0.8543910374431362 --- TKE: 0.999999999999982 
[MO833] Paramount Iteration,1,38,10.808973074,0.227827072144
[MO833] Paramount Iteration,0,38,10.8022770882,0.227826118469
39 -- 0.8768750128023768 --- TKE: 0.9999999999999818 
[MO833] Paramount Iteration,1,39,11.0368189812,0.227845907211
[MO833] Paramount Iteration,0,39,11.1380300522,0.33575296402
40 -- 0.8993589886869536 --- TKE: 0.9999999999999811 
[MO833] Paramount Iteration,1,40,11.3760900497,0.339271068573
[MO833] Paramount Iteration,0,40,11.3693931103,0.23136305809
41 -- 0.9218429645573731 --- TKE: 0.9999999999999805 
[MO833] Paramount Iteration,1,41,11.6046500206,0.228559970856
[MO833] Paramount Iteration,0,41,11.5979549885,0.228561878204
42 -- 0.9443269400170952 --- TKE: 0.99999999999998 
[MO833] Paramount Iteration,1,42,11.8332531452,0.228603124619
[MO833] Paramount Iteration,0,42,11.8265590668,0.228604078293
43 -- 0.9668109152366287 --- TKE: 0.9999999999999796 
[MO833] Paramount Iteration,1,43,12.061658144,0.228404998779
[MO833] Paramount Iteration,0,43,12.0549631119,0.228404045105
44 -- 0.9892948900220443 --- TKE: 0.9999999999999791 
[MO833] Paramount Iteration,1,44,12.2956459522,0.233987808228
[MO833] Paramount Iteration,0,44,12.2889561653,0.233993053436
45 -- 1.0117788645119201 --- TKE: 0.9999999999999787 
[MO833] Paramount Iteration,1,45,12.5253219604,0.229676008224
[MO833] Paramount Iteration,0,45,12.5186259747,0.229669809341
46 -- 1.034262839419456 --- TKE: 0.9999999999999782 
[MO833] Paramount Iteration,1,46,12.7538020611,0.228480100632
[MO833] Paramount Iteration,0,46,12.7471079826,0.22848200798
47 -- 1.0567468153947581 --- TKE: 0.9999999999999778 
[MO833] Paramount Iteration,1,47,12.9824650288,0.228662967682
[MO833] Paramount Iteration,0,47,12.9757699966,0.228662014008
48 -- 1.0792307919265227 --- TKE: 0.9999999999999771 
[MO833] Paramount Iteration,1,48,13.2111711502,0.228706121445
[MO833] Paramount Iteration,0,48,13.2044770718,0.228707075119
49 -- 1.101714769117001 --- TKE: 0.9999999999999767 
[MO833] Paramount Iteration,1,49,13.4397220612,0.22855091095
[MO833] Paramount Iteration,0,49,13.5424809456,0.338003873825
50 -- 1.124198746406314 --- TKE: 0.999999999999976 
[MO833] Paramount Iteration,1,50,13.7798841,0.340162038803
[MO833] Paramount Iteration,0,50,13.7731881142,0.230707168579
51 -- 1.146682723570497 --- TKE: 0.9999999999999758 
[MO833] Paramount Iteration,1,51,14.0078921318,0.228008031845
[MO833] Paramount Iteration,0,51,14.0011980534,0.228009939194
52 -- 1.1691667007473263 --- TKE: 0.9999999999999754 
[MO833] Paramount Iteration,1,52,14.2359471321,0.228055000305
[MO833] Paramount Iteration,0,52,14.2292540073,0.228055953979
53 -- 1.1916506780693332 --- TKE: 0.9999999999999747 
[MO833] Paramount Iteration,1,53,14.4639770985,0.228029966354
[MO833] Paramount Iteration,0,53,14.45728302,0.22802901268
54 -- 1.2141346550201402 --- TKE: 0.9999999999999745 
[MO833] Paramount Iteration,1,54,14.6917841434,0.227807044983
[MO833] Paramount Iteration,0,54,14.6850891113,0.227806091309
55 -- 1.2366186321554993 --- TKE: 0.999999999999974 
[MO833] Paramount Iteration,1,55,14.9197461605,0.227962017059
[MO833] Paramount Iteration,0,55,14.9130511284,0.227962017059
56 -- 1.2591026100219094 --- TKE: 0.9999999999999736 
[MO833] Paramount Iteration,1,56,15.1477360725,0.227989912033
[MO833] Paramount Iteration,0,56,15.1410410404,0.227989912033
57 -- 1.2815865889728413 --- TKE: 0.9999999999999729 
[MO833] Paramount Iteration,1,57,15.3756530285,0.227916955948
[MO833] Paramount Iteration,0,57,15.3689579964,0.227916955948
58 -- 1.3040705684946474 --- TKE: 0.9999999999999725 
[MO833] Paramount Iteration,0,58,15.6004140377,0.231456041336
[MO833] Paramount Iteration,1,58,15.6071350574,0.231482028961
59 -- 1.3265545482098922 --- TKE: 0.999999999999972 
[MO833] Paramount Iteration,1,59,15.8350150585,0.227880001068
[MO833] Paramount Iteration,0,59,15.9347550869,0.334341049194
60 -- 1.349038527994624 --- TKE: 0.9999999999999716 
[MO833] Paramount Iteration,1,60,16.172711134,0.337696075439
[MO833] Paramount Iteration,0,60,16.1660151482,0.231260061264
61 -- 1.3715225079366193 --- TKE: 0.9999999999999711 
[MO833] Paramount Iteration,1,61,16.4047091007,0.231997966766
[MO833] Paramount Iteration,0,61,16.3980431557,0.232028007507
62 -- 1.394006488113146 --- TKE: 0.9999999999999705 
[MO833] Paramount Iteration,1,62,16.6336889267,0.228979825974
[MO833] Paramount Iteration,0,62,16.626994133,0.228950977325
63 -- 1.4164904680080206 --- TKE: 0.99999999999997 
[MO833] Paramount Iteration,1,63,16.8623931408,0.228704214096
[MO833] Paramount Iteration,0,63,16.8556981087,0.228703975677
64 -- 1.4389744478178719 --- TKE: 0.9999999999999698 
[MO833] Paramount Iteration,1,64,17.0911250114,0.228731870651
[MO833] Paramount Iteration,0,64,17.0844311714,0.228733062744
65 -- 1.461458427935954 --- TKE: 0.9999999999999691 
[MO833] Paramount Iteration,1,65,17.319756031,0.228631019592
[MO833] Paramount Iteration,0,65,17.3130609989,0.228629827499
66 -- 1.4839424085355122 --- TKE: 0.9999999999999685 
[MO833] Paramount Iteration,1,66,17.5483591557,0.228603124619
[MO833] Paramount Iteration,0,66,17.5416641235,0.228603124619
67 -- 1.5064263891350873 --- TKE: 0.999999999999968 
[MO833] Paramount Iteration,1,67,17.7767820358,0.228422880173
[MO833] Paramount Iteration,0,67,17.77008605,0.228421926498
68 -- 1.5289103697346496 --- TKE: 0.9999999999999676 
[MO833] Paramount Iteration,1,68,18.0047831535,0.228001117706
[MO833] Paramount Iteration,0,68,17.9980881214,0.228002071381
69 -- 1.5513943503342011 --- TKE: 0.9999999999999671 
[MO833] Paramount Iteration,1,69,18.2327110767,0.227927923203
[MO833] Paramount Iteration,0,69,18.3358161449,0.337728023529
70 -- 1.5738783309337407 --- TKE: 0.9999999999999667 
[MO833] Paramount Iteration,1,70,18.5735881329,0.340877056122
[MO833] Paramount Iteration,0,70,18.5668931007,0.231076955795
71 -- 1.5963623115332803 --- TKE: 0.9999999999999662 
[MO833] Paramount Iteration,1,71,18.8019740582,0.228385925293
[MO833] Paramount Iteration,0,71,18.7952821255,0.228389024734
72 -- 1.6188462921328224 --- TKE: 0.9999999999999656 
[MO833] Paramount Iteration,1,72,19.0298650265,0.227890968323
[MO833] Paramount Iteration,0,72,19.0231699944,0.227887868881
73 -- 1.6413302727323713 --- TKE: 0.9999999999999654 
[MO833] Paramount Iteration,1,73,19.2579021454,0.228037118912
[MO833] Paramount Iteration,0,73,19.2512071133,0.228037118912
74 -- 1.663814253331933 --- TKE: 0.9999999999999649 
[MO833] Paramount Iteration,0,74,19.4824810028,0.231273889542
[MO833] Paramount Iteration,1,74,19.4892010689,0.231298923492
75 -- 1.6862982339315096 --- TKE: 0.999999999999964 
[MO833] Paramount Iteration,1,75,19.717154026,0.227952957153
[MO833] Paramount Iteration,0,75,19.7104589939,0.227977991104
76 -- 1.708782214531081 --- TKE: 0.9999999999999638 
[MO833] Paramount Iteration,1,76,19.9452490807,0.228095054626
[MO833] Paramount Iteration,0,76,19.9385540485,0.228095054626
77 -- 1.7312661951306378 --- TKE: 0.9999999999999634 
[MO833] Paramount Iteration,1,77,20.1731820107,0.227932929993
[MO833] Paramount Iteration,0,77,20.1664881706,0.227934122086
78 -- 1.7537501757301812 --- TKE: 0.9999999999999629 
[MO833] Paramount Iteration,1,78,20.401154995,0.227972984314
[MO833] Paramount Iteration,0,78,20.3944599628,0.227971792221
79 -- 1.7762341563297257 --- TKE: 0.9999999999999623 
[MO833] Paramount Iteration,1,79,20.6291480064,0.227993011475
[MO833] Paramount Iteration,0,79,20.7297720909,0.335312128067
80 -- 1.7987181369292666 --- TKE: 0.9999999999999618 
[MO833] Paramount Iteration,1,80,20.9677519798,0.338603973389
[MO833] Paramount Iteration,0,80,20.961055994,0.231283903122
81 -- 1.8212021175288111 --- TKE: 0.9999999999999614 
[MO833] Paramount Iteration,1,81,21.1966860294,0.228934049606
[MO833] Paramount Iteration,0,81,21.189991951,0.228935956955
82 -- 1.843686098128366 --- TKE: 0.9999999999999609 
[MO833] Paramount Iteration,1,82,21.4286141396,0.231928110123
[MO833] Paramount Iteration,0,82,21.4219479561,0.231956005096
83 -- 1.8661700787279332 --- TKE: 0.9999999999999605 
[MO833] Paramount Iteration,1,83,21.6575260162,0.228911876678
[MO833] Paramount Iteration,0,83,21.6508309841,0.22888302803
84 -- 1.8886540593275116 --- TKE: 0.99999999999996 
[MO833] Paramount Iteration,1,84,21.8854579926,0.227931976318
[MO833] Paramount Iteration,0,84,21.8787651062,0.227934122086
85 -- 1.9111380399270776 --- TKE: 0.9999999999999596 
[MO833] Paramount Iteration,1,85,22.1133599281,0.227901935577
[MO833] Paramount Iteration,0,85,22.1066651344,0.227900028229
86 -- 1.9336220205266397 --- TKE: 0.9999999999999591 
[MO833] Paramount Iteration,1,86,22.3412740231,0.227914094925
[MO833] Paramount Iteration,0,86,22.3345789909,0.227913856506
87 -- 1.956106001126193 --- TKE: 0.9999999999999587 
[MO833] Paramount Iteration,1,87,22.569190979,0.227916955948
[MO833] Paramount Iteration,0,87,22.5624959469,0.227916955948
88 -- 1.978589981725738 --- TKE: 0.999999999999958 
[MO833] Paramount Iteration,1,88,22.7970509529,0.227859973907
[MO833] Paramount Iteration,0,88,22.7903561592,0.227860212326
89 -- 2.001073962325288 --- TKE: 0.9999999999999576 
[MO833] Paramount Iteration,1,89,23.0250720978,0.228021144867
[MO833] Paramount Iteration,0,89,23.127628088,0.337271928787
90 -- 2.0235579429248403 --- TKE: 0.9999999999999569 
[MO833] Paramount Iteration,1,90,23.3653490543,0.340276956558
[MO833] Paramount Iteration,0,90,23.3586530685,0.231024980545
91 -- 2.0460419235244016 --- TKE: 0.9999999999999565 
[MO833] Paramount Iteration,1,91,23.5940611362,0.228712081909
[MO833] Paramount Iteration,0,91,23.5873670578,0.228713989258
92 -- 2.068525904123969 --- TKE: 0.999999999999956 
[MO833] Paramount Iteration,1,92,23.8226659298,0.228604793549
[MO833] Paramount Iteration,0,92,23.8159711361,0.228604078293
93 -- 2.091009884723557 --- TKE: 0.9999999999999556 
[MO833] Paramount Iteration,1,93,24.051566124,0.228900194168
[MO833] Paramount Iteration,0,93,24.0448801517,0.228909015656
94 -- 2.1134938653231377 --- TKE: 0.9999999999999551 
[MO833] Paramount Iteration,0,94,24.2769989967,0.232118844986
[MO833] Paramount Iteration,1,94,24.2837181091,0.232151985168
95 -- 2.1359778459227057 --- TKE: 0.9999999999999547 
[MO833] Paramount Iteration,1,95,24.5124559402,0.228737831116
[MO833] Paramount Iteration,0,95,24.5057621002,0.228763103485
96 -- 2.158461826522268 --- TKE: 0.9999999999999543 
[MO833] Paramount Iteration,1,96,24.7411780357,0.22872209549
[MO833] Paramount Iteration,0,96,24.7344830036,0.228720903397
97 -- 2.1809458071218275 --- TKE: 0.9999999999999538 
[MO833] Paramount Iteration,1,97,24.9696040154,0.228425979614
[MO833] Paramount Iteration,0,97,24.9629101753,0.228427171707
98 -- 2.203429787721387 --- TKE: 0.9999999999999534 
[MO833] Paramount Iteration,1,98,25.1981830597,0.228579044342
[MO833] Paramount Iteration,0,98,25.1914870739,0.228576898575
99 -- 2.2259137683209507 --- TKE: 0.9999999999999529 
[MO833] Paramount Iteration,1,99,25.4266850948,0.228502035141
[MO833] Paramount Iteration,0,99,25.5274209976,0.335933923721
100 -- 2.2483977489205236 --- TKE: 0.9999999999999523 
[MO833] Paramount Iteration,1,100,25.7650151253,0.338330030441
[MO833] Paramount Iteration,0,100,25.7583191395,0.230898141861
101 -- 2.270881729520099 --- TKE: 0.9999999999999518 
[MO833] Paramount Iteration,1,101,25.9928340912,0.227818965912
[MO833] Paramount Iteration,0,101,25.9861409664,0.227821826935
102 -- 2.2933657101196916 --- TKE: 0.9999999999999514 
[MO833] Paramount Iteration,1,102,26.2281270027,0.23529291153
[MO833] Paramount Iteration,0,102,26.2214331627,0.235292196274
103 -- 2.3158496907192836 --- TKE: 0.9999999999999509 
[MO833] Paramount Iteration,1,103,26.4637861252,0.235659122467
[MO833] Paramount Iteration,0,103,26.4570910931,0.235657930374
104 -- 2.3383336713188645 --- TKE: 0.9999999999999505 
[MO833] Paramount Iteration,1,104,26.6994130611,0.235626935959
[MO833] Paramount Iteration,0,104,26.6927189827,0.235627889633
105 -- 2.36081765191844 --- TKE: 0.9999999999999498 
[MO833] Paramount Iteration,1,105,26.9352340698,0.235821008682
[MO833] Paramount Iteration,0,105,26.9285390377,0.235820055008
106 -- 2.3833016325180125 --- TKE: 0.9999999999999494 
[MO833] Paramount Iteration,1,106,27.1708481312,0.235614061356
[MO833] Paramount Iteration,0,106,27.1641540527,0.23561501503
107 -- 2.4057856131175903 --- TKE: 0.9999999999999489 
[MO833] Paramount Iteration,1,107,27.4096651077,0.238816976547
[MO833] Paramount Iteration,0,107,27.4029951096,0.238841056824
108 -- 2.428269593717166 --- TKE: 0.9999999999999485 
[MO833] Paramount Iteration,1,108,27.6455171108,0.235852003098
[MO833] Paramount Iteration,0,108,27.6388230324,0.235827922821
109 -- 2.4507535743167477 --- TKE: 0.999999999999948 
[MO833] Paramount Iteration,1,109,27.881467104,0.235949993134
[MO833] Paramount Iteration,0,109,27.9869191647,0.348096132278
110 -- 2.4732375549163343 --- TKE: 0.9999999999999474 
[MO833] Paramount Iteration,1,110,28.2248959541,0.343428850174
[MO833] Paramount Iteration,0,110,28.2182011604,0.231281995773
111 -- 2.4957215355159357 --- TKE: 0.9999999999999469 
[MO833] Paramount Iteration,1,111,28.4538390636,0.228943109512
[MO833] Paramount Iteration,0,111,28.4471440315,0.228942871094
112 -- 2.518205516115538 --- TKE: 0.9999999999999467 
[MO833] Paramount Iteration,1,112,28.6823439598,0.228504896164
[MO833] Paramount Iteration,0,112,28.6756491661,0.228505134583
113 -- 2.5406894967151334 --- TKE: 0.999999999999946 
[MO833] Paramount Iteration,1,113,28.9110350609,0.228691101074
[MO833] Paramount Iteration,0,113,28.9043409824,0.22869181633
114 -- 2.5631734773147237 --- TKE: 0.9999999999999456 
[MO833] Paramount Iteration,1,114,29.1396229267,0.228587865829
[MO833] Paramount Iteration,0,114,29.1329290867,0.228588104248
115 -- 2.5856574579143126 --- TKE: 0.9999999999999452 
[MO833] Paramount Iteration,1,115,29.3682551384,0.228632211685
[MO833] Paramount Iteration,0,115,29.3615591526,0.228630065918
116 -- 2.608141438513903 --- TKE: 0.9999999999999445 
[MO833] Paramount Iteration,1,116,29.5971159935,0.228860855103
[MO833] Paramount Iteration,0,116,29.5904209614,0.228861808777
117 -- 2.6306254191134935 --- TKE: 0.999999999999944 
[MO833] Paramount Iteration,1,117,29.8287489414,0.231632947922
[MO833] Paramount Iteration,0,117,29.8220291138,0.23160815239
118 -- 2.653109399713088 --- TKE: 0.9999999999999436 
[MO833] Paramount Iteration,1,118,30.0569310188,0.228182077408
[MO833] Paramount Iteration,0,118,30.0502369404,0.228207826614
119 -- 2.6755933803126966 --- TKE: 0.9999999999999432 
[MO833] Paramount Iteration,1,119,30.2848250866,0.227894067764
[MO833] Paramount Iteration,0,119,30.3848559856,0.334619045258
120 -- 2.698077360912307 --- TKE: 0.9999999999999427 
[MO833] Paramount Iteration,1,120,30.6227760315,0.337950944901
[MO833] Paramount Iteration,0,120,30.6160869598,0.231230974197
121 -- 2.7205613415119196 --- TKE: 0.9999999999999423 
[MO833] Paramount Iteration,1,121,30.8509349823,0.228158950806
[MO833] Paramount Iteration,0,121,30.8442399502,0.228152990341
122 -- 2.7430453221115236 --- TKE: 0.9999999999999418 
[MO833] Paramount Iteration,1,122,31.0788331032,0.22789812088
[MO833] Paramount Iteration,0,122,31.0721380711,0.22789812088
123 -- 2.7655293027111263 --- TKE: 0.9999999999999414 
[MO833] Paramount Iteration,1,123,31.3068430424,0.228009939194
[MO833] Paramount Iteration,0,123,31.3001489639,0.228010892868
124 -- 2.7880132833107254 --- TKE: 0.9999999999999409 
[MO833] Paramount Iteration,1,124,31.534525156,0.227682113647
[MO833] Paramount Iteration,0,124,31.5278241634,0.227675199509
125 -- 2.8104972639103263 --- TKE: 0.9999999999999403 
[MO833] Paramount Iteration,1,125,31.7626359463,0.228110790253
[MO833] Paramount Iteration,0,125,31.7559390068,0.228114843369
126 -- 2.832981244509927 --- TKE: 0.99999999999994 
[MO833] Paramount Iteration,1,126,31.9905619621,0.227926015854
[MO833] Paramount Iteration,0,126,31.9838600159,0.227921009064
127 -- 2.85546522510953 --- TKE: 0.9999999999999396 
[MO833] Paramount Iteration,1,127,32.2187299728,0.228168010712
[MO833] Paramount Iteration,0,127,32.2120349407,0.22817492485
128 -- 2.8779492057091396 --- TKE: 0.9999999999999387 
[MO833] Paramount Iteration,1,128,32.4465811253,0.22785115242
[MO833] Paramount Iteration,0,128,32.4398789406,0.227843999863
129 -- 2.900433186205215 --- TKE: 0.9999999999999383 
[MO833] Paramount Iteration,1,129,32.6746230125,0.228041887283
[MO833] Paramount Iteration,0,129,32.7745220661,0.334643125534
130 -- 2.922917166804828 --- TKE: 0.9999999999999378 
[MO833] Paramount Iteration,1,130,33.0124809742,0.337857961655
[MO833] Paramount Iteration,0,130,33.0057849884,0.231262922287
131 -- 2.945401147404434 --- TKE: 0.9999999999999374 
[MO833] Paramount Iteration,1,131,33.2411990166,0.228718042374
[MO833] Paramount Iteration,0,131,33.2345051765,0.228720188141
132 -- 2.9678851280040424 --- TKE: 0.9999999999999369 
[MO833] Paramount Iteration,1,132,33.4725370407,0.231338024139
[MO833] Paramount Iteration,0,132,33.4658420086,0.231336832047
133 -- 2.9903691086036477 --- TKE: 0.9999999999999365 
[MO833] Paramount Iteration,1,133,33.7011721134,0.228635072708
[MO833] Paramount Iteration,0,133,33.6944770813,0.228635072708
134 -- 3.0128530892032566 --- TKE: 0.999999999999936 
[MO833] Paramount Iteration,1,134,33.9290480614,0.227875947952
[MO833] Paramount Iteration,0,134,33.9223530293,0.227875947952
135 -- 3.0353370698028677 --- TKE: 0.9999999999999356 
[MO833] Paramount Iteration,1,135,34.1570029259,0.227954864502
[MO833] Paramount Iteration,0,135,34.1503081322,0.227955102921
136 -- 3.05782105040248 --- TKE: 0.9999999999999349 
[MO833] Paramount Iteration,1,136,34.3848950863,0.227892160416
[MO833] Paramount Iteration,0,136,34.3782000542,0.227891921997
137 -- 3.0803050310020965 --- TKE: 0.9999999999999347 
[MO833] Paramount Iteration,1,137,34.6159780025,0.23108291626
[MO833] Paramount Iteration,0,137,34.6092970371,0.231096982956
138 -- 3.102789011377392 --- TKE: 0.9999999999999343 
[MO833] Paramount Iteration,1,138,34.8437271118,0.227749109268
[MO833] Paramount Iteration,0,138,34.8370320797,0.227735042572
139 -- 3.1252729917950037 --- TKE: 0.9999999999999336 
[MO833] Paramount Iteration,1,139,35.0716719627,0.227944850922
[MO833] Paramount Iteration,0,139,35.1753151417,0.338283061981
140 -- 3.1477569723946095 --- TKE: 0.9999999999999332 
[MO833] Paramount Iteration,1,140,35.413187027,0.34151506424
[MO833] Paramount Iteration,0,140,35.4064919949,0.23117685318
141 -- 3.170240952994216 --- TKE: 0.9999999999999327 
[MO833] Paramount Iteration,1,141,35.6416320801,0.228445053101
[MO833] Paramount Iteration,0,141,35.6349380016,0.228446006775
142 -- 3.1927249335938215 --- TKE: 0.9999999999999323 
[MO833] Paramount Iteration,1,142,35.8703560829,0.228724002838
[MO833] Paramount Iteration,0,142,35.8636620045,0.228724002838
143 -- 3.2152089141934312 --- TKE: 0.9999999999999318 
[MO833] Paramount Iteration,1,143,36.0988440514,0.228487968445
[MO833] Paramount Iteration,0,143,36.0921499729,0.228487968445
144 -- 3.2376928947930446 --- TKE: 0.9999999999999312 
[MO833] Paramount Iteration,1,144,36.3273570538,0.228513002396
[MO833] Paramount Iteration,0,144,36.3206620216,0.228512048721
145 -- 3.2601768753926565 --- TKE: 0.9999999999999307 
[MO833] Paramount Iteration,0,145,36.5530540943,0.232392072678
[MO833] Paramount Iteration,1,145,36.5597741604,0.232417106628
146 -- 3.282660855992265 --- TKE: 0.9999999999999303 
[MO833] Paramount Iteration,1,146,36.7885971069,0.228822946548
[MO833] Paramount Iteration,0,146,36.7819020748,0.228847980499
147 -- 3.305144836396841 --- TKE: 0.9999999999999298 
[MO833] Paramount Iteration,1,147,37.0171909332,0.228593826294
[MO833] Paramount Iteration,0,147,37.0104961395,0.228594064713
148 -- 3.3276288167756345 --- TKE: 0.9999999999999294 
[MO833] Paramount Iteration,1,148,37.24563694,0.228446006775
[MO833] Paramount Iteration,0,148,37.2389421463,0.228446006775
149 -- 3.350112797375234 --- TKE: 0.999999999999929 
[MO833] Paramount Iteration,1,149,37.4743850231,0.228748083115
[MO833] Paramount Iteration,0,149,37.5737769604,0.334834814072
150 -- 3.372596777974834 --- TKE: 0.9999999999999283 
[MO833] Paramount Iteration,1,150,37.8110821247,0.336697101593
[MO833] Paramount Iteration,0,150,37.8043849468,0.23060798645
151 -- 3.3950807585744367 --- TKE: 0.9999999999999281 
[MO833] Paramount Iteration,1,151,38.038795948,0.227713823318
[MO833] Paramount Iteration,0,151,38.0321011543,0.227716207504
152 -- 3.4175647391740407 --- TKE: 0.9999999999999274 
[MO833] Paramount Iteration,0,152,38.2598531246,0.227751970291
[MO833] Paramount Iteration,1,152,38.2665560246,0.227760076523
153 -- 3.4400487197736522 --- TKE: 0.999999999999927 
[MO833] Paramount Iteration,1,153,38.4948661327,0.228310108185
[MO833] Paramount Iteration,0,153,38.488186121,0.228332996368
154 -- 3.4625327003732593 --- TKE: 0.9999999999999263 
[MO833] Paramount Iteration,1,154,38.7225921154,0.227725982666
[MO833] Paramount Iteration,0,154,38.7158901691,0.227704048157
155 -- 3.4850166809728576 --- TKE: 0.9999999999999261 
[MO833] Paramount Iteration,1,155,38.9505181313,0.227926015854
[MO833] Paramount Iteration,0,155,38.9438180923,0.227927923203
156 -- 3.5075006615140545 --- TKE: 0.9999999999999254 
[MO833] Paramount Iteration,1,156,39.1785211563,0.228003025055
[MO833] Paramount Iteration,0,156,39.1718211174,0.228003025055
157 -- 3.529984641960433 --- TKE: 0.999999999999925 
[MO833] Paramount Iteration,0,157,39.3998761177,0.228055000305
[MO833] Paramount Iteration,1,157,39.4065771103,0.228055953979
158 -- 3.5524686225600277 --- TKE: 0.9999999999999245 
[MO833] Paramount Iteration,1,158,39.6343650818,0.227787971497
[MO833] Paramount Iteration,0,158,39.6276700497,0.227793931961
159 -- 3.574952603159619 --- TKE: 0.9999999999999241 
[MO833] Paramount Iteration,1,159,39.8624310493,0.22806596756
[MO833] Paramount Iteration,0,159,39.9631421566,0.335472106934
160 -- 3.5974365837592135 --- TKE: 0.9999999999999236 
[MO833] Paramount Iteration,1,160,40.2008049488,0.33837389946
[MO833] Paramount Iteration,0,160,40.194108963,0.230966806412
161 -- 3.6199205643588184 --- TKE: 0.9999999999999232 
[MO833] Paramount Iteration,1,161,40.4293310642,0.228526115417
[MO833] Paramount Iteration,0,161,40.4226369858,0.228528022766
162 -- 3.6424045449584215 --- TKE: 0.9999999999999227 
[MO833] Paramount Iteration,1,162,40.6575870514,0.228255987167
[MO833] Paramount Iteration,0,162,40.6508910656,0.228254079819
163 -- 3.664888525558017 --- TKE: 0.9999999999999221 
[MO833] Paramount Iteration,1,163,40.8859889507,0.228401899338
[MO833] Paramount Iteration,0,163,40.879294157,0.228403091431
164 -- 3.6873725061576073 --- TKE: 0.9999999999999218 
[MO833] Paramount Iteration,1,164,41.1144649982,0.228476047516
[MO833] Paramount Iteration,0,164,41.1077699661,0.228475809097
165 -- 3.709856486757193 --- TKE: 0.9999999999999214 
[MO833] Paramount Iteration,1,165,41.3430700302,0.228605031967
[MO833] Paramount Iteration,0,165,41.3363749981,0.228605031967
166 -- 3.7323404673407996 --- TKE: 0.999999999999921 
[MO833] Paramount Iteration,1,166,41.571570158,0.228500127792
[MO833] Paramount Iteration,0,166,41.5648751259,0.228500127792
167 -- 3.7548244479403867 --- TKE: 0.9999999999999203 
[MO833] Paramount Iteration,1,167,41.7999010086,0.228330850601
[MO833] Paramount Iteration,0,167,41.7932071686,0.228332042694
168 -- 3.7773084285399765 --- TKE: 0.9999999999999196 
[MO833] Paramount Iteration,1,168,42.02779603,0.227895021439
[MO833] Paramount Iteration,0,168,42.0211019516,0.22789478302
169 -- 3.7997924091395707 --- TKE: 0.9999999999999194 
[MO833] Paramount Iteration,1,169,42.2595131397,0.23171710968
[MO833] Paramount Iteration,0,169,42.358880043,0.337778091431
170 -- 3.8222763897391707 --- TKE: 0.9999999999999187 
[MO833] Paramount Iteration,1,170,42.5965099335,0.336996793747
[MO833] Paramount Iteration,0,170,42.5898139477,0.230933904648
171 -- 3.844760370338771 --- TKE: 0.9999999999999183 
[MO833] Paramount Iteration,1,171,42.8246030807,0.228093147278
[MO833] Paramount Iteration,0,171,42.817909956,0.228096008301
172 -- 3.8672443509383587 --- TKE: 0.9999999999999178 
[MO833] Paramount Iteration,1,172,43.0525801182,0.22797703743
[MO833] Paramount Iteration,0,172,43.0458850861,0.227975130081
173 -- 3.8897283315379436 --- TKE: 0.9999999999999174 
[MO833] Paramount Iteration,1,173,43.2834260464,0.230845928192
[MO833] Paramount Iteration,0,173,43.2767410278,0.230855941772
174 -- 3.912212312137525 --- TKE: 0.999999999999917 
[MO833] Paramount Iteration,1,174,43.5114319324,0.228005886078
[MO833] Paramount Iteration,0,174,43.5047380924,0.22799706459
175 -- 3.934696292737101 --- TKE: 0.9999999999999165 
[MO833] Paramount Iteration,1,175,43.7395131588,0.228081226349
[MO833] Paramount Iteration,0,175,43.7328181267,0.228080034256
176 -- 3.95718027333668 --- TKE: 0.9999999999999161 
[MO833] Paramount Iteration,1,176,43.9676120281,0.228098869324
[MO833] Paramount Iteration,0,176,43.960916996,0.228098869324
177 -- 3.9796642539362646 --- TKE: 0.9999999999999154 
[MO833] Paramount Iteration,1,177,44.1955111027,0.227899074554
[MO833] Paramount Iteration,0,177,44.1888160706,0.227899074554
178 -- 4.002148234535856 --- TKE: 0.999999999999915 
[MO833] Paramount Iteration,1,178,44.4236490726,0.228137969971
[MO833] Paramount Iteration,0,178,44.4169540405,0.228137969971
179 -- 4.024632215135454 --- TKE: 0.9999999999999145 
[MO833] Paramount Iteration,1,179,44.6552100182,0.231560945511
[MO833] Paramount Iteration,0,179,44.7585570812,0.341603040695
180 -- 4.0471161957350485 --- TKE: 0.9999999999999141 
[MO833] Paramount Iteration,1,180,44.9962739944,0.341063976288
[MO833] Paramount Iteration,0,180,44.9895780087,0.231020927429
181 -- 4.069600176334632 --- TKE: 0.9999999999999134 
[MO833] Paramount Iteration,1,181,45.2247459888,0.2284719944
[MO833] Paramount Iteration,0,181,45.2180521488,0.228474140167
182 -- 4.092084156934207 --- TKE: 0.9999999999999132 
[MO833] Paramount Iteration,1,182,45.4533741474,0.228628158569
[MO833] Paramount Iteration,0,182,45.4466791153,0.228626966476
183 -- 4.114568137533776 --- TKE: 0.9999999999999125 
[MO833] Paramount Iteration,1,183,45.6820280552,0.228653907776
[MO833] Paramount Iteration,0,183,45.6753339767,0.22865486145
184 -- 4.137052118133348 --- TKE: 0.9999999999999121 
[MO833] Paramount Iteration,1,184,45.9098889828,0.227860927582
[MO833] Paramount Iteration,0,184,45.9031951427,0.227861166
185 -- 4.1595360987329215 --- TKE: 0.9999999999999116 
[MO833] Paramount Iteration,1,185,46.1376540661,0.227765083313
[MO833] Paramount Iteration,0,185,46.1309599876,0.227764844894
186 -- 4.182020079332502 --- TKE: 0.9999999999999112 
[MO833] Paramount Iteration,1,186,46.3653330803,0.227679014206
[MO833] Paramount Iteration,0,186,46.3586380482,0.227678060532
187 -- 4.204504059932089 --- TKE: 0.9999999999999107 
[MO833] Paramount Iteration,1,187,46.5934259892,0.228092908859
[MO833] Paramount Iteration,0,187,46.586730957,0.228092908859
188 -- 4.226988040531685 --- TKE: 0.9999999999999103 
[MO833] Paramount Iteration,1,188,46.8211171627,0.227691173553
[MO833] Paramount Iteration,0,188,46.8144230843,0.227692127228
189 -- 4.249472021131279 --- TKE: 0.9999999999999096 
[MO833] Paramount Iteration,1,189,47.049131155,0.22801399231
[MO833] Paramount Iteration,0,189,47.1487290859,0.334306001663
190 -- 4.2719560017308575 --- TKE: 0.999999999999909 
[MO833] Paramount Iteration,1,190,47.3867440224,0.337612867355
[MO833] Paramount Iteration,0,190,47.3800489902,0.231319904327
191 -- 4.294439982330431 --- TKE: 0.9999999999999087 
[MO833] Paramount Iteration,1,191,47.6152861118,0.228542089462
[MO833] Paramount Iteration,0,191,47.6085910797,0.228542089462
192 -- 4.316923962930004 --- TKE: 0.9999999999999083 
[MO833] Paramount Iteration,1,192,47.8442380428,0.228951931
[MO833] Paramount Iteration,0,192,47.8375611305,0.228970050812
193 -- 4.339407943529572 --- TKE: 0.9999999999999076 
[MO833] Paramount Iteration,1,193,48.0727410316,0.228502988815
[MO833] Paramount Iteration,0,193,48.0660459995,0.228484869003
194 -- 4.361891924129147 --- TKE: 0.9999999999999072 
[MO833] Paramount Iteration,1,194,48.3012189865,0.228477954865
[MO833] Paramount Iteration,0,194,48.2945251465,0.228479146957
195 -- 4.384375904728726 --- TKE: 0.9999999999999067 
[MO833] Paramount Iteration,1,195,48.5295441151,0.228325128555
[MO833] Paramount Iteration,0,195,48.5228490829,0.228323936462
196 -- 4.4068598853283145 --- TKE: 0.9999999999999063 
[MO833] Paramount Iteration,1,196,48.758051157,0.228507041931
[MO833] Paramount Iteration,0,196,48.7513561249,0.228507041931
197 -- 4.42934386592791 --- TKE: 0.9999999999999059 
[MO833] Paramount Iteration,1,197,48.9867291451,0.228677988052
[MO833] Paramount Iteration,0,197,48.9800341129,0.228677988052
198 -- 4.451827846527496 --- TKE: 0.9999999999999054 
[MO833] Paramount Iteration,1,198,49.2151911259,0.22846198082
[MO833] Paramount Iteration,0,198,49.2084970474,0.228462934494
199 -- 4.474311827127072 --- TKE: 0.999999999999905 
[MO833] Paramount Iteration,1,199,49.4437010288,0.228509902954
[MO833] Paramount Iteration,0,199,49.5710930824,0.362596035004
200 -- 4.496795807726643 --- TKE: 0.9999999999999045 
[MO833] Paramount Iteration,1,200,49.8086440563,0.364943027496
[MO833] Paramount Iteration,0,200,49.8019480705,0.230854988098
201 -- 4.519279788326208 --- TKE: 0.9999999999999041 
[MO833] Paramount Iteration,1,201,50.0368380547,0.228193998337
[MO833] Paramount Iteration,0,201,50.0301430225,0.228194952011
202 -- 4.541763768925774 --- TKE: 0.9999999999999034 
[MO833] Paramount Iteration,1,202,50.2649681568,0.228130102158
[MO833] Paramount Iteration,0,202,50.2582731247,0.228130102158
203 -- 4.564247749525343 --- TKE: 0.9999999999999032 
[MO833] Paramount Iteration,1,203,50.4931161404,0.228147983551
[MO833] Paramount Iteration,0,203,50.4864201546,0.228147029877
204 -- 4.58673173012492 --- TKE: 0.9999999999999023 
[MO833] Paramount Iteration,1,204,50.721200943,0.228084802628
[MO833] Paramount Iteration,0,204,50.7145061493,0.22808599472
205 -- 4.609215710724505 --- TKE: 0.9999999999999019 
[MO833] Paramount Iteration,1,205,50.9492230415,0.228022098541
[MO833] Paramount Iteration,0,205,50.9425280094,0.228021860123
206 -- 4.631699691324103 --- TKE: 0.9999999999999014 
[MO833] Paramount Iteration,1,206,51.1773271561,0.228104114532
[MO833] Paramount Iteration,0,206,51.1706330776,0.228105068207
207 -- 4.654183671923689 --- TKE: 0.999999999999901 
[MO833] Paramount Iteration,1,207,51.4053730965,0.228045940399
[MO833] Paramount Iteration,0,207,51.398679018,0.228045940399
208 -- 4.676667652523267 --- TKE: 0.9999999999999005 
[MO833] Paramount Iteration,1,208,51.6333060265,0.227932929993
[MO833] Paramount Iteration,0,208,51.6266100407,0.227931022644
209 -- 4.699151633122833 --- TKE: 0.9999999999999001 
[MO833] Paramount Iteration,1,209,51.8614909649,0.228184938431
[MO833] Paramount Iteration,0,209,51.9603581429,0.333748102188
210 -- 4.721635613722397 --- TKE: 0.9999999999998996 
[MO833] Paramount Iteration,1,210,52.1986479759,0.337157011032
[MO833] Paramount Iteration,0,210,52.1919510365,0.2315928936
211 -- 4.744119594321963 --- TKE: 0.9999999999998992 
[MO833] Paramount Iteration,1,211,52.4275181293,0.228870153427
[MO833] Paramount Iteration,0,211,52.4208230972,0.228872060776
212 -- 4.766603574921529 --- TKE: 0.9999999999998987 
[MO833] Paramount Iteration,1,212,52.6563611031,0.228842973709
[MO833] Paramount Iteration,0,212,52.6496660709,0.228842973709
213 -- 4.789087555521107 --- TKE: 0.9999999999998983 
[MO833] Paramount Iteration,1,213,52.8852660656,0.22890496254
[MO833] Paramount Iteration,0,213,52.8785710335,0.22890496254
214 -- 4.811571536120699 --- TKE: 0.9999999999998979 
[MO833] Paramount Iteration,1,214,53.1140620708,0.228796005249
[MO833] Paramount Iteration,0,214,53.1073679924,0.228796958923
215 -- 4.8340555167203005 --- TKE: 0.9999999999998974 
[MO833] Paramount Iteration,1,215,53.3428630829,0.228801012039
[MO833] Paramount Iteration,0,215,53.3361680508,0.228800058365
216 -- 4.856539497319888 --- TKE: 0.999999999999897 
[MO833] Paramount Iteration,1,216,53.5751471519,0.232284069061
[MO833] Paramount Iteration,0,216,53.568459034,0.2322909832
217 -- 4.879023477919465 --- TKE: 0.9999999999998965 
[MO833] Paramount Iteration,1,217,53.8035540581,0.228406906128
[MO833] Paramount Iteration,0,217,53.796859026,0.228399991989
218 -- 4.901507458519036 --- TKE: 0.9999999999998959 
[MO833] Paramount Iteration,1,218,54.0318570137,0.228302955627
[MO833] Paramount Iteration,0,218,54.0251619816,0.228302955627
219 -- 4.9239914391186 --- TKE: 0.9999999999998956 
[MO833] Paramount Iteration,1,219,54.2634370327,0.231580018997
[MO833] Paramount Iteration,0,219,54.3660149574,0.340852975845
220 -- 4.946475419718166 --- TKE: 0.999999999999895 
[MO833] Paramount Iteration,1,220,54.6037149429,0.340277910233
[MO833] Paramount Iteration,0,220,54.5970189571,0.23100399971
221 -- 4.968959400317736 --- TKE: 0.9999999999998945 
[MO833] Paramount Iteration,1,221,54.8320980072,0.22838306427
[MO833] Paramount Iteration,0,221,54.8254029751,0.228384017944
222 -- 4.991443380917313 --- TKE: 0.9999999999998939 
[MO833] Paramount Iteration,1,222,55.0601630211,0.228065013885
[MO833] Paramount Iteration,0,222,55.053467989,0.228065013885
223 -- 5.013927361516902 --- TKE: 0.9999999999998934 
[MO833] Paramount Iteration,1,223,55.2881929874,0.228029966354
[MO833] Paramount Iteration,0,223,55.2814970016,0.22802901268
224 -- 5.036411342116496 --- TKE: 0.999999999999893 
[MO833] Paramount Iteration,1,224,55.5162000656,0.228007078171
[MO833] Paramount Iteration,0,224,55.5095050335,0.228008031845
225 -- 5.058895322716081 --- TKE: 0.9999999999998925 
[MO833] Paramount Iteration,1,225,55.7442791462,0.228079080582
[MO833] Paramount Iteration,0,225,55.7375841141,0.228079080582
226 -- 5.081379303315652 --- TKE: 0.9999999999998921 
[MO833] Paramount Iteration,1,226,55.9724500179,0.228170871735
[MO833] Paramount Iteration,0,226,55.9657559395,0.228171825409
227 -- 5.103863283915223 --- TKE: 0.9999999999998916 
[MO833] Paramount Iteration,1,227,56.2003879547,0.227937936783
[MO833] Paramount Iteration,0,227,56.193693161,0.227937221527
228 -- 5.126347264514789 --- TKE: 0.999999999999891 
[MO833] Paramount Iteration,1,228,56.4285039902,0.228116035461
[MO833] Paramount Iteration,0,228,56.4218089581,0.228115797043
229 -- 5.148831245114358 --- TKE: 0.9999999999998908 
[MO833] Paramount Iteration,1,229,56.6570410728,0.228537082672
[MO833] Paramount Iteration,0,229,56.7571721077,0.335363149643
230 -- 5.1713152257139265 --- TKE: 0.9999999999998903 
[MO833] Paramount Iteration,1,230,56.9953980446,0.338356971741
[MO833] Paramount Iteration,0,230,56.9887020588,0.231529951096
231 -- 5.193799206313509 --- TKE: 0.9999999999998896 
[MO833] Paramount Iteration,1,231,57.2259030342,0.230504989624
[MO833] Paramount Iteration,0,231,57.2192080021,0.230505943298
232 -- 5.216283186913109 --- TKE: 0.9999999999998892 
[MO833] Paramount Iteration,1,232,57.4546880722,0.228785037994
[MO833] Paramount Iteration,0,232,57.4479939938,0.228785991669
233 -- 5.238767167512705 --- TKE: 0.9999999999998885 
[MO833] Paramount Iteration,1,233,57.6832821369,0.228594064713
[MO833] Paramount Iteration,0,233,57.6765871048,0.228593111038
234 -- 5.2612511481122874 --- TKE: 0.9999999999998881 
[MO833] Paramount Iteration,1,234,57.9149060249,0.231623888016
[MO833] Paramount Iteration,0,234,57.9082119465,0.23162484169
235 -- 5.283735128711861 --- TKE: 0.9999999999998879 
[MO833] Paramount Iteration,0,235,58.1438889503,0.23567700386
[MO833] Paramount Iteration,1,235,58.150591135,0.235685110092
236 -- 5.306219109311428 --- TKE: 0.9999999999998872 
[MO833] Paramount Iteration,1,236,58.3862380981,0.23564696312
[MO833] Paramount Iteration,0,236,58.3795440197,0.235655069351
237 -- 5.328703089910997 --- TKE: 0.9999999999998868 
[MO833] Paramount Iteration,1,237,58.621999979,0.235761880875
[MO833] Paramount Iteration,0,237,58.6153049469,0.2357609272
238 -- 5.351187070510567 --- TKE: 0.9999999999998863 
[MO833] Paramount Iteration,1,238,58.8576209545,0.235620975494
[MO833] Paramount Iteration,0,238,58.8509261608,0.235621213913
239 -- 5.3736710511101435 --- TKE: 0.9999999999998859 
[MO833] Paramount Iteration,1,239,59.0940470695,0.236426115036
[MO833] Paramount Iteration,0,239,59.1965351105,0.345608949661
240 -- 5.39615503170973 --- TKE: 0.9999999999998854 
[MO833] Paramount Iteration,1,240,59.4346089363,0.34056186676
[MO833] Paramount Iteration,0,240,59.4279060364,0.231370925903
241 -- 5.418639012309329 --- TKE: 0.9999999999998848 
[MO833] Paramount Iteration,1,241,59.6631479263,0.228538990021
[MO833] Paramount Iteration,0,241,59.6564531326,0.228547096252
242 -- 5.441122992908923 --- TKE: 0.9999999999998845 
[MO833] Paramount Iteration,1,242,59.8917930126,0.228645086288
[MO833] Paramount Iteration,0,242,59.8850979805,0.22864484787
243 -- 5.463606973508504 --- TKE: 0.9999999999998841 
[MO833] Paramount Iteration,1,243,60.1203510761,0.228558063507
[MO833] Paramount Iteration,0,243,60.1136569977,0.228559017181
244 -- 5.486090954108075 --- TKE: 0.9999999999998834 
[MO833] Paramount Iteration,1,244,60.3490550518,0.228703975677
[MO833] Paramount Iteration,0,244,60.3423609734,0.228703975677
245 -- 5.508574934707642 --- TKE: 0.999999999999883 
[MO833] Paramount Iteration,1,245,60.5779850483,0.22892999649
[MO833] Paramount Iteration,0,245,60.5712900162,0.228929042816
246 -- 5.531058915307213 --- TKE: 0.9999999999998825 
[MO833] Paramount Iteration,0,246,60.7999050617,0.228615045547
[MO833] Paramount Iteration,1,246,60.8066079617,0.228622913361
247 -- 5.5535428959067845 --- TKE: 0.9999999999998821 
[MO833] Paramount Iteration,1,247,61.0352880955,0.22868013382
[MO833] Paramount Iteration,0,247,61.0285930634,0.228688001633
248 -- 5.576026876506363 --- TKE: 0.9999999999998814 
[MO833] Paramount Iteration,1,248,61.2640600204,0.228771924973
[MO833] Paramount Iteration,0,248,61.257365942,0.228772878647
249 -- 5.59851085710595 --- TKE: 0.999999999999881 
[MO833] Paramount Iteration,1,249,61.4927990437,0.228739023209
[MO833] Paramount Iteration,0,249,61.5931789875,0.335813045502
250 -- 5.620994837705554 --- TKE: 0.9999999999998805 
[MO833] Paramount Iteration,1,250,61.8304121494,0.337613105774
[MO833] Paramount Iteration,0,250,61.8237161636,0.230537176132
251 -- 5.6434788183051445 --- TKE: 0.9999999999998801 
[MO833] Paramount Iteration,1,251,62.0585379601,0.228125810623
[MO833] Paramount Iteration,0,251,62.0518369675,0.228120803833
252 -- 5.6659627989047205 --- TKE: 0.9999999999998797 
[MO833] Paramount Iteration,1,252,62.2865240574,0.227986097336
[MO833] Paramount Iteration,0,252,62.2798230648,0.227986097336
253 -- 5.688446779504294 --- TKE: 0.9999999999998792 
[MO833] Paramount Iteration,1,253,62.5146279335,0.228103876114
[MO833] Paramount Iteration,0,253,62.5079300404,0.228106975555
254 -- 5.710930760103862 --- TKE: 0.9999999999998788 
[MO833] Paramount Iteration,1,254,62.7426300049,0.228002071381
[MO833] Paramount Iteration,0,254,62.735929966,0.227999925613
255 -- 5.733414740703433 --- TKE: 0.9999999999998783 
[MO833] Paramount Iteration,1,255,62.9706120491,0.22798204422
[MO833] Paramount Iteration,0,255,62.9639091492,0.227979183197
256 -- 5.755898721303008 --- TKE: 0.9999999999998777 
[MO833] Paramount Iteration,1,256,63.1986141205,0.228002071381
[MO833] Paramount Iteration,0,256,63.1919121742,0.228003025055
257 -- 5.778382701902587 --- TKE: 0.9999999999998772 
[MO833] Paramount Iteration,1,257,63.4266631603,0.228049039841
[MO833] Paramount Iteration,0,257,63.4199690819,0.228056907654
258 -- 5.800866682502184 --- TKE: 0.9999999999998768 
[MO833] Paramount Iteration,1,258,63.6545951366,0.227931976318
[MO833] Paramount Iteration,0,258,63.647892952,0.227923870087
259 -- 5.8233506631017855 --- TKE: 0.9999999999998765 
[MO833] Paramount Iteration,1,259,63.8826270103,0.228031873703
[MO833] Paramount Iteration,0,259,63.9818191528,0.333926200867
260 -- 5.845834643701368 --- TKE: 0.9999999999998757 
[MO833] Paramount Iteration,1,260,64.2198410034,0.337213993073
[MO833] Paramount Iteration,0,260,64.2131459713,0.231326818466
261 -- 5.868318624300941 --- TKE: 0.9999999999998754 
[MO833] Paramount Iteration,1,261,64.4485189915,0.228677988052
[MO833] Paramount Iteration,0,261,64.4418251514,0.228679180145
262 -- 5.890802604900512 --- TKE: 0.999999999999875 
[MO833] Paramount Iteration,1,262,64.677161932,0.228642940521
[MO833] Paramount Iteration,0,262,64.6704671383,0.228641986847
263 -- 5.913286585500081 --- TKE: 0.9999999999998743 
[MO833] Paramount Iteration,1,263,64.9056510925,0.228489160538
[MO833] Paramount Iteration,0,263,64.8989560604,0.228488922119
264 -- 5.9357705660996505 --- TKE: 0.9999999999998741 
[MO833] Paramount Iteration,1,264,65.1344320774,0.228780984879
[MO833] Paramount Iteration,0,264,65.1277370453,0.228780984879
265 -- 5.958254546699222 --- TKE: 0.9999999999998734 
[MO833] Paramount Iteration,1,265,65.3633129597,0.228880882263
[MO833] Paramount Iteration,0,265,65.3566191196,0.228882074356
266 -- 5.980738527298808 --- TKE: 0.999999999999873 
[MO833] Paramount Iteration,1,266,65.5922451019,0.228932142258
[MO833] Paramount Iteration,0,266,65.5855500698,0.228930950165
267 -- 6.003222507851475 --- TKE: 0.9999999999998725 
[MO833] Paramount Iteration,1,267,65.8255820274,0.233336925507
[MO833] Paramount Iteration,0,267,65.8188741207,0.233324050903
268 -- 6.025706488260105 --- TKE: 0.9999999999998721 
[MO833] Paramount Iteration,1,268,66.0544469357,0.228864908218
[MO833] Paramount Iteration,0,268,66.0477530956,0.228878974915
269 -- 6.0481904687618115 --- TKE: 0.9999999999998714 
[MO833] Paramount Iteration,1,269,66.2825040817,0.228057146072
[MO833] Paramount Iteration,0,269,66.3859491348,0.3381960392
270 -- 6.070674449361386 --- TKE: 0.9999999999998712 
[MO833] Paramount Iteration,1,270,66.7013559341,0.418851852417
[MO833] Paramount Iteration,0,270,66.6946630478,0.308713912964
271 -- 6.093158429960954 --- TKE: 0.9999999999998705 
[MO833] Paramount Iteration,1,271,67.0629720688,0.361616134644
[MO833] Paramount Iteration,0,271,67.056278944,0.361615896225
272 -- 6.1156424105605245 --- TKE: 0.9999999999998701 
[MO833] Paramount Iteration,1,272,67.4255759716,0.362603902817
[MO833] Paramount Iteration,0,272,67.4188849926,0.362606048584
273 -- 6.138126391160097 --- TKE: 0.9999999999998697 
[MO833] Paramount Iteration,1,273,67.7879910469,0.362415075302
[MO833] Paramount Iteration,0,273,67.7813000679,0.362415075302
274 -- 6.160610371759676 --- TKE: 0.999999999999869 
[MO833] Paramount Iteration,1,274,68.1490559578,0.361064910889
[MO833] Paramount Iteration,0,274,68.1423630714,0.36106300354
275 -- 6.183094352359266 --- TKE: 0.9999999999998685 
[MO833] Paramount Iteration,1,275,68.5106720924,0.361616134644
[MO833] Paramount Iteration,0,275,68.5039801598,0.361617088318
276 -- 6.20557833270777 --- TKE: 0.9999999999998681 
[MO833] Paramount Iteration,1,276,68.8737931252,0.363121032715
[MO833] Paramount Iteration,0,276,68.8671009541,0.363120794296
277 -- 6.228062312864244 --- TKE: 0.9999999999998677 
[MO833] Paramount Iteration,1,277,69.2349860668,0.361192941666
[MO833] Paramount Iteration,0,277,69.2282941341,0.361193180084
278 -- 6.250546293077216 --- TKE: 0.9999999999998672 
[MO833] Paramount Iteration,1,278,69.5952579975,0.360271930695
[MO833] Paramount Iteration,0,278,69.5885660648,0.360271930695
279 -- 6.273030273569177 --- TKE: 0.9999999999998668 
[MO833] Paramount Iteration,1,279,69.8288171291,0.233559131622
[MO833] Paramount Iteration,0,279,69.9277560711,0.339190006256
280 -- 6.295514254168745 --- TKE: 0.9999999999998663 
[MO833] Paramount Iteration,1,280,70.1657240391,0.336906909943
[MO833] Paramount Iteration,0,280,70.1590280533,0.231271982193
281 -- 6.3179982347683135 --- TKE: 0.9999999999998659 
[MO833] Paramount Iteration,1,281,70.3944461346,0.22872209549
[MO833] Paramount Iteration,0,281,70.3877520561,0.228724002838
282 -- 6.340482215367885 --- TKE: 0.9999999999998652 
[MO833] Paramount Iteration,1,282,70.6232979298,0.228851795197
[MO833] Paramount Iteration,0,282,70.6166031361,0.228851079941
283 -- 6.362966195967469 --- TKE: 0.999999999999865 
[MO833] Paramount Iteration,1,283,70.8519160748,0.228618144989
[MO833] Paramount Iteration,0,283,70.8452210426,0.22861790657
284 -- 6.385450176567063 --- TKE: 0.9999999999998641 
[MO833] Paramount Iteration,1,284,71.0806519985,0.228735923767
[MO833] Paramount Iteration,0,284,71.0739569664,0.228735923767
285 -- 6.407934156703588 --- TKE: 0.9999999999998639 
[MO833] Paramount Iteration,1,285,71.309417963,0.228765964508
[MO833] Paramount Iteration,0,285,71.3027231693,0.228766202927
286 -- 6.430418136611803 --- TKE: 0.9999999999998632 
[MO833] Paramount Iteration,1,286,71.5380830765,0.228665113449
[MO833] Paramount Iteration,0,286,71.5313880444,0.228664875031
287 -- 6.452902116551987 --- TKE: 0.9999999999998628 
[MO833] Paramount Iteration,1,287,71.7668139935,0.228730916977
[MO833] Paramount Iteration,0,287,71.7601189613,0.228730916977
288 -- 6.475386096761695 --- TKE: 0.9999999999998623 
[MO833] Paramount Iteration,1,288,71.9954960346,0.228682041168
[MO833] Paramount Iteration,0,288,71.9888010025,0.228682041168
289 -- 6.4978700773612585 --- TKE: 0.9999999999998619 
[MO833] Paramount Iteration,1,289,72.2242360115,0.228739976883
[MO833] Paramount Iteration,0,289,72.324119091,0.335318088531
290 -- 6.520354057960824 --- TKE: 0.9999999999998614 
[MO833] Paramount Iteration,1,290,72.562556982,0.338320970535
[MO833] Paramount Iteration,0,290,72.5558731556,0.23175406456
291 -- 6.542838038560398 --- TKE: 0.999999999999861 
[MO833] Paramount Iteration,1,291,72.7913529873,0.228796005249
[MO833] Paramount Iteration,0,291,72.7846591473,0.228785991669
292 -- 6.565322019159983 --- TKE: 0.9999999999998606 
[MO833] Paramount Iteration,1,292,73.0202610493,0.228908061981
[MO833] Paramount Iteration,0,292,73.0135650635,0.228905916214
293 -- 6.58780599962019 --- TKE: 0.9999999999998601 
[MO833] Paramount Iteration,1,293,73.24913311,0.228872060776
[MO833] Paramount Iteration,0,293,73.2424390316,0.228873968124
294 -- 6.6102899795412995 --- TKE: 0.9999999999998597 
[MO833] Paramount Iteration,1,294,73.4776899815,0.228556871414
[MO833] Paramount Iteration,0,294,73.4709949493,0.22855591774
295 -- 6.632773959209342 --- TKE: 0.999999999999859 
[MO833] Paramount Iteration,1,295,73.7063641548,0.228674173355
[MO833] Paramount Iteration,0,295,73.6996691227,0.228674173355
296 -- 6.65525793889645 --- TKE: 0.9999999999998586 
[MO833] Paramount Iteration,1,296,73.9344639778,0.228099822998
[MO833] Paramount Iteration,0,296,73.9277689457,0.228099822998
297 -- 6.677741918854701 --- TKE: 0.9999999999998581 
[MO833] Paramount Iteration,1,297,74.1625759602,0.228111982346
[MO833] Paramount Iteration,0,297,74.1558749676,0.228106021881
298 -- 6.700225899311414 --- TKE: 0.9999999999998577 
[MO833] Paramount Iteration,1,298,74.390818119,0.22824215889
[MO833] Paramount Iteration,0,298,74.3841221333,0.22824716568
299 -- 6.7227098799109815 --- TKE: 0.999999999999857 
[MO833] Paramount Iteration,1,299,74.6188340187,0.228015899658
[MO833] Paramount Iteration,0,299,74.7192890644,0.335166931152
300 -- 6.745193860510557 --- TKE: 0.9999999999998566 
[MO833] Paramount Iteration,1,300,74.9572589397,0.338424921036
[MO833] Paramount Iteration,0,300,74.9505629539,0.231273889542
301 -- 6.767677841110145 --- TKE: 0.9999999999998561 
[MO833] Paramount Iteration,1,301,75.1861219406,0.22886300087
[MO833] Paramount Iteration,0,301,75.1794259548,0.22886300087
302 -- 6.790161821378288 --- TKE: 0.9999999999998557 
[MO833] Paramount Iteration,1,302,75.414716959,0.228595018387
[MO833] Paramount Iteration,0,302,75.4080221653,0.22859621048
303 -- 6.8126458010848285 --- TKE: 0.9999999999998552 
[MO833] Paramount Iteration,1,303,75.6433651447,0.22864818573
[MO833] Paramount Iteration,0,303,75.6366701126,0.228647947311
304 -- 6.835129780524743 --- TKE: 0.9999999999998548 
[MO833] Paramount Iteration,1,304,75.8721280098,0.228762865067
[MO833] Paramount Iteration,0,304,75.8654341698,0.228764057159
305 -- 6.85761375998188 --- TKE: 0.9999999999998543 
[MO833] Paramount Iteration,1,305,76.1008970737,0.22876906395
[MO833] Paramount Iteration,0,305,76.0942020416,0.228767871857
306 -- 6.880097739722095 --- TKE: 0.9999999999998539 
[MO833] Paramount Iteration,1,306,76.3296620846,0.228765010834
[MO833] Paramount Iteration,0,306,76.3229670525,0.228765010834
307 -- 6.902581719987626 --- TKE: 0.9999999999998535 
[MO833] Paramount Iteration,1,307,76.5587260723,0.229063987732
[MO833] Paramount Iteration,0,307,76.5520300865,0.229063034058
308 -- 6.925065700587196 --- TKE: 0.999999999999853 
[MO833] Paramount Iteration,1,308,76.7872531414,0.228527069092
[MO833] Paramount Iteration,0,308,76.7805581093,0.228528022766
309 -- 6.947549681186769 --- TKE: 0.9999999999998523 
[MO833] Paramount Iteration,1,309,77.0159089565,0.228655815125
[MO833] Paramount Iteration,0,309,77.1160969734,0.335538864136
310 -- 6.970033661786361 --- TKE: 0.9999999999998519 
[MO833] Paramount Iteration,1,310,77.3537681103,0.337859153748
[MO833] Paramount Iteration,0,310,77.3470721245,0.230975151062
311 -- 6.992517641856944 --- TKE: 0.9999999999998515 
[MO833] Paramount Iteration,1,311,77.5826399326,0.228871822357
[MO833] Paramount Iteration,0,311,77.5759429932,0.228870868683
312 -- 7.015001621353901 --- TKE: 0.999999999999851 
[MO833] Paramount Iteration,1,312,77.810749054,0.228109121323
[MO833] Paramount Iteration,0,312,77.8040540218,0.228111028671
313 -- 7.037485600581394 --- TKE: 0.9999999999998506 
[MO833] Paramount Iteration,1,313,78.038640976,0.227891921997
[MO833] Paramount Iteration,0,313,78.0319449902,0.227890968323
314 -- 7.059969579834643 --- TKE: 0.9999999999998499 
[MO833] Paramount Iteration,1,314,78.2666881084,0.228047132492
[MO833] Paramount Iteration,0,314,78.25999403,0.228049039841
315 -- 7.082453559392314 --- TKE: 0.9999999999998495 
[MO833] Paramount Iteration,1,315,78.4946250916,0.227936983109
[MO833] Paramount Iteration,0,315,78.487924099,0.22793006897
316 -- 7.104937539510077 --- TKE: 0.999999999999849 
[MO833] Paramount Iteration,1,316,78.7225821018,0.227957010269
[MO833] Paramount Iteration,0,316,78.7158811092,0.227957010269
317 -- 7.12742151990268 --- TKE: 0.9999999999998486 
[MO833] Paramount Iteration,1,317,78.9506909847,0.228108882904
[MO833] Paramount Iteration,0,317,78.9439971447,0.228116035461
318 -- 7.149905500376332 --- TKE: 0.9999999999998481 
[MO833] Paramount Iteration,0,318,79.1718511581,0.227854013443
[MO833] Paramount Iteration,1,318,79.1785531044,0.227862119675
319 -- 7.172389480975922 --- TKE: 0.9999999999998477 
[MO833] Paramount Iteration,1,319,79.4064071178,0.227854013443
[MO833] Paramount Iteration,0,319,79.5056951046,0.333843946457
320 -- 7.194873460847672 --- TKE: 0.9999999999998472 
[MO833] Paramount Iteration,1,320,79.7435171604,0.337110042572
[MO833] Paramount Iteration,0,320,79.7368211746,0.231126070023
321 -- 7.217357440143902 --- TKE: 0.9999999999998468 
[MO833] Paramount Iteration,0,321,79.9689199924,0.232098817825
[MO833] Paramount Iteration,1,321,79.9756391048,0.232121944427
322 -- 7.239841419177979 --- TKE: 0.9999999999998461 
[MO833] Paramount Iteration,1,322,80.2042160034,0.228576898575
[MO833] Paramount Iteration,0,322,80.1975221634,0.228602170944
323 -- 7.2623253982559355 --- TKE: 0.9999999999998457 
[MO833] Paramount Iteration,1,323,80.4327859879,0.228569984436
[MO833] Paramount Iteration,0,323,80.4260931015,0.22857093811
324 -- 7.2848093776681315 --- TKE: 0.9999999999998452 
[MO833] Paramount Iteration,1,324,80.6640160084,0.231230020523
[MO833] Paramount Iteration,0,324,80.6573331356,0.231240034103
325 -- 7.307293357682042 --- TKE: 0.9999999999998448 
[MO833] Paramount Iteration,1,325,80.8931851387,0.229169130325
[MO833] Paramount Iteration,0,325,80.8864910603,0.229157924652
326 -- 7.3297773378442965 --- TKE: 0.9999999999998443 
[MO833] Paramount Iteration,1,326,81.1217751503,0.228590011597
[MO833] Paramount Iteration,0,326,81.1150810719,0.228590011597
327 -- 7.352261318108462 --- TKE: 0.9999999999998437 
[MO833] Paramount Iteration,1,327,81.3505520821,0.228776931763
[MO833] Paramount Iteration,0,327,81.3438501358,0.22876906395
328 -- 7.374745298524202 --- TKE: 0.9999999999998432 
[MO833] Paramount Iteration,1,328,81.5792660713,0.228713989258
[MO833] Paramount Iteration,0,328,81.5725719929,0.228721857071
329 -- 7.397229278199905 --- TKE: 0.9999999999998428 
[MO833] Paramount Iteration,1,329,81.8073220253,0.228055953979
[MO833] Paramount Iteration,0,329,81.9110081196,0.338436126709
330 -- 7.41971325730785 --- TKE: 0.9999999999998423 
[MO833] Paramount Iteration,1,330,82.1489441395,0.341622114182
[MO833] Paramount Iteration,0,330,82.1422491074,0.231240987778
331 -- 7.442197236170435 --- TKE: 0.9999999999998419 
[MO833] Paramount Iteration,1,331,82.3776259422,0.22868180275
[MO833] Paramount Iteration,0,331,82.3709321022,0.228682994843
332 -- 7.464681215103749 --- TKE: 0.9999999999998415 
[MO833] Paramount Iteration,1,332,82.6062030792,0.228577136993
[MO833] Paramount Iteration,0,332,82.5995080471,0.228575944901
333 -- 7.487165194408604 --- TKE: 0.9999999999998408 
[MO833] Paramount Iteration,1,333,82.8347220421,0.22851896286
[MO833] Paramount Iteration,0,333,82.8280279636,0.228519916534
334 -- 7.50964917430941 --- TKE: 0.9999999999998403 
[MO833] Paramount Iteration,1,334,83.0632300377,0.228507995605
[MO833] Paramount Iteration,0,334,83.0565350056,0.228507041931
335 -- 7.532133154279364 --- TKE: 0.9999999999998399 
[MO833] Paramount Iteration,1,335,83.2918331623,0.228603124619
[MO833] Paramount Iteration,0,335,83.2851381302,0.228603124619
336 -- 7.554617134371968 --- TKE: 0.9999999999998392 
[MO833] Paramount Iteration,1,336,83.5203859806,0.228552818298
[MO833] Paramount Iteration,0,336,83.5136909485,0.228552818298
337 -- 7.5771011146377925 --- TKE: 0.999999999999839 
[MO833] Paramount Iteration,1,337,83.7488689423,0.228482961655
[MO833] Paramount Iteration,0,337,83.7421751022,0.228484153748
338 -- 7.599585094124014 --- TKE: 0.9999999999998384 
[MO833] Paramount Iteration,1,338,83.9775691032,0.22870016098
[MO833] Paramount Iteration,0,338,83.9708740711,0.228698968887
339 -- 7.622069073059356 --- TKE: 0.9999999999998379 
[MO833] Paramount Iteration,1,339,84.2060599327,0.228490829468
[MO833] Paramount Iteration,0,339,84.3050229549,0.33414888382
340 -- 7.644553051774858 --- TKE: 0.9999999999998375 
[MO833] Paramount Iteration,1,340,84.5427081585,0.336648225784
[MO833] Paramount Iteration,0,340,84.5360121727,0.230989217758
341 -- 7.667037030595781 --- TKE: 0.999999999999837 
[MO833] Paramount Iteration,1,341,84.771281004,0.228572845459
[MO833] Paramount Iteration,0,341,84.7645859718,0.228573799133
342 -- 7.689521009831995 --- TKE: 0.9999999999998366 
[MO833] Paramount Iteration,1,342,85.0000059605,0.228724956512
[MO833] Paramount Iteration,0,342,84.9933099747,0.228724002838
343 -- 7.712004989557455 --- TKE: 0.9999999999998361 
[MO833] Paramount Iteration,1,343,85.2287321091,0.228726148605
[MO833] Paramount Iteration,0,343,85.222037077,0.22872710228
344 -- 7.734488969371476 --- TKE: 0.9999999999998357 
[MO833] Paramount Iteration,1,344,85.4573321342,0.228600025177
[MO833] Paramount Iteration,0,344,85.4506380558,0.228600978851
345 -- 7.75697294932845 --- TKE: 0.9999999999998352 
[MO833] Paramount Iteration,1,345,85.6857409477,0.228408813477
[MO833] Paramount Iteration,0,345,85.6790471077,0.228409051895
346 -- 7.779456929457478 --- TKE: 0.9999999999998348 
[MO833] Paramount Iteration,1,346,85.9135119915,0.227771043777
[MO833] Paramount Iteration,0,346,85.9068160057,0.22776889801
347 -- 7.8019409087642755 --- TKE: 0.9999999999998344 
[MO833] Paramount Iteration,1,347,86.1413509846,0.227838993073
[MO833] Paramount Iteration,0,347,86.1346559525,0.227839946747
348 -- 7.824424887545566 --- TKE: 0.9999999999998337 
[MO833] Paramount Iteration,1,348,86.3691840172,0.227833032608
[MO833] Paramount Iteration,0,348,86.3624889851,0.227833032608
349 -- 7.846908866140471 --- TKE: 0.9999999999998332 
[MO833] Paramount Iteration,1,349,86.5973961353,0.228212118149
[MO833] Paramount Iteration,0,349,86.697412014,0.334923028946
350 -- 7.8693928448823875 --- TKE: 0.9999999999998328 
[MO833] Paramount Iteration,1,350,86.9353079796,0.337911844254
[MO833] Paramount Iteration,0,350,86.9286119938,0.231199979782
351 -- 7.8918768240887776 --- TKE: 0.9999999999998321 
[MO833] Paramount Iteration,1,351,87.1640191078,0.228711128235
[MO833] Paramount Iteration,0,351,87.1573250294,0.228713035583
352 -- 7.914360803673567 --- TKE: 0.9999999999998317 
[MO833] Paramount Iteration,1,352,87.392524004,0.228504896164
[MO833] Paramount Iteration,0,352,87.3858289719,0.22850394249
353 -- 7.936844783366143 --- TKE: 0.9999999999998312 
[MO833] Paramount Iteration,1,353,87.6209571362,0.228433132172
[MO833] Paramount Iteration,0,353,87.614262104,0.228433132172
354 -- 7.959328763221277 --- TKE: 0.9999999999998308 
[MO833] Paramount Iteration,1,354,87.8497121334,0.228754997253
[MO833] Paramount Iteration,0,354,87.843018055,0.228755950928
355 -- 7.981812743154557 --- TKE: 0.9999999999998304 
[MO833] Paramount Iteration,1,355,88.0783281326,0.228615999222
[MO833] Paramount Iteration,0,355,88.0716331005,0.228615045547
356 -- 8.004296722295148 --- TKE: 0.9999999999998299 
[MO833] Paramount Iteration,1,356,88.3070840836,0.228755950928
[MO833] Paramount Iteration,0,356,88.3003900051,0.228756904602
357 -- 8.026780700943432 --- TKE: 0.9999999999998295 
[MO833] Paramount Iteration,1,357,88.5357091427,0.228625059128
[MO833] Paramount Iteration,0,357,88.5290150642,0.228625059128
358 -- 8.04926467944588 --- TKE: 0.999999999999829 
[MO833] Paramount Iteration,1,358,88.7646250725,0.228915929794
[MO833] Paramount Iteration,0,358,88.7579500675,0.228935003281
359 -- 8.071748658142873 --- TKE: 0.9999999999998286 
[MO833] Paramount Iteration,1,359,88.9932019711,0.228576898575
[MO833] Paramount Iteration,0,359,89.0936100483,0.335659980774
360 -- 8.09423263735794 --- TKE: 0.9999999999998281 
[MO833] Paramount Iteration,1,360,89.3314540386,0.338252067566
[MO833] Paramount Iteration,0,360,89.3247580528,0.231148004532
361 -- 8.11671661683501 --- TKE: 0.9999999999998275 
[MO833] Paramount Iteration,1,361,89.5600500107,0.228595972061
[MO833] Paramount Iteration,0,361,89.5533561707,0.228598117828
362 -- 8.139200596438634 --- TKE: 0.9999999999998272 
[MO833] Paramount Iteration,1,362,89.788203001,0.228152990341
[MO833] Paramount Iteration,0,362,89.7815079689,0.228151798248
363 -- 8.161684576223479 --- TKE: 0.9999999999998266 
[MO833] Paramount Iteration,1,363,90.0162079334,0.228004932404
[MO833] Paramount Iteration,0,363,90.0095131397,0.228005170822
364 -- 8.184168555986533 --- TKE: 0.9999999999998261 
[MO833] Paramount Iteration,1,364,90.2441260815,0.227918148041
[MO833] Paramount Iteration,0,364,90.237432003,0.227918863297
365 -- 8.20665253497694 --- TKE: 0.9999999999998257 
[MO833] Paramount Iteration,1,365,90.4719800949,0.227854013443
[MO833] Paramount Iteration,0,365,90.4652850628,0.227853059769
366 -- 8.229136513515321 --- TKE: 0.999999999999825 
[MO833] Paramount Iteration,1,366,90.6998319626,0.227851867676
[MO833] Paramount Iteration,0,366,90.6931371689,0.227852106094
367 -- 8.251620491954679 --- TKE: 0.9999999999998246 
[MO833] Paramount Iteration,1,367,90.9277420044,0.227910041809
[MO833] Paramount Iteration,0,367,90.9210469723,0.227909803391
368 -- 8.274104470641126 --- TKE: 0.9999999999998241 
[MO833] Paramount Iteration,1,368,91.1557841301,0.228042125702
[MO833] Paramount Iteration,0,368,91.1490900517,0.228043079376
369 -- 8.296588449902655 --- TKE: 0.9999999999998237 
[MO833] Paramount Iteration,1,369,91.3836460114,0.227861881256
[MO833] Paramount Iteration,0,369,91.4840450287,0.334954977036
370 -- 8.319072429303096 --- TKE: 0.9999999999998233 
[MO833] Paramount Iteration,1,370,91.721902132,0.338256120682
[MO833] Paramount Iteration,0,370,91.7152061462,0.231161117554
371 -- 8.341556408848165 --- TKE: 0.9999999999998226 
[MO833] Paramount Iteration,1,371,91.9507601261,0.22885799408
[MO833] Paramount Iteration,0,371,91.944065094,0.228858947754
372 -- 8.364040388591974 --- TKE: 0.9999999999998224 
[MO833] Paramount Iteration,1,372,92.179502964,0.228742837906
[MO833] Paramount Iteration,0,372,92.1728069782,0.228741884232
373 -- 8.386524368210212 --- TKE: 0.9999999999998219 
[MO833] Paramount Iteration,1,373,92.4083030224,0.228800058365
[MO833] Paramount Iteration,0,373,92.4016089439,0.228801965714
374 -- 8.409008347068907 --- TKE: 0.9999999999998213 
[MO833] Paramount Iteration,1,374,92.637086153,0.228783130646
[MO833] Paramount Iteration,0,374,92.6303920746,0.228783130646
375 -- 8.431492325522207 --- TKE: 0.9999999999998208 
[MO833] Paramount Iteration,1,375,92.8656899929,0.228603839874
[MO833] Paramount Iteration,0,375,92.8589961529,0.228604078293
376 -- 8.45397630392867 --- TKE: 0.9999999999998204 
[MO833] Paramount Iteration,1,376,93.0945160389,0.22882604599
[MO833] Paramount Iteration,0,376,93.0878181458,0.228821992874
377 -- 8.476460282638822 --- TKE: 0.9999999999998199 
[MO833] Paramount Iteration,1,377,93.3231720924,0.228656053543
[MO833] Paramount Iteration,0,377,93.316478014,0.22865986824
378 -- 8.498944261887145 --- TKE: 0.9999999999998193 
[MO833] Paramount Iteration,1,378,93.5519030094,0.228730916977
[MO833] Paramount Iteration,0,378,93.5452091694,0.228731155396
379 -- 8.521428241240105 --- TKE: 0.9999999999998188 
[MO833] Paramount Iteration,1,379,93.7801110744,0.228208065033
[MO833] Paramount Iteration,0,379,93.8790631294,0.333853960037
380 -- 8.543912220754843 --- TKE: 0.9999999999998184 
[MO833] Paramount Iteration,1,380,94.1169030666,0.336791992188
[MO833] Paramount Iteration,0,380,94.1102080345,0.23114490509
381 -- 8.56639620047954 --- TKE: 0.9999999999998179 
[MO833] Paramount Iteration,1,381,94.3456389904,0.228735923767
[MO833] Paramount Iteration,0,381,94.3389451504,0.22873711586
382 -- 8.588880179940121 --- TKE: 0.9999999999998175 
[MO833] Paramount Iteration,1,382,94.5742399693,0.228600978851
[MO833] Paramount Iteration,0,382,94.5675439835,0.228598833084
383 -- 8.61136415868765 --- TKE: 0.999999999999817 
[MO833] Paramount Iteration,1,383,94.8027551174,0.228515148163
[MO833] Paramount Iteration,0,383,94.7960591316,0.228515148163
384 -- 8.633848137081994 --- TKE: 0.9999999999998166 
[MO833] Paramount Iteration,1,384,95.031566143,0.22881102562
[MO833] Paramount Iteration,0,384,95.0248720646,0.228812932968
385 -- 8.656332115486197 --- TKE: 0.9999999999998161 
[MO833] Paramount Iteration,1,385,95.260185957,0.228619813919
[MO833] Paramount Iteration,0,385,95.2534899712,0.22861790657
386 -- 8.678816094253841 --- TKE: 0.9999999999998153 
[MO833] Paramount Iteration,1,386,95.4887390137,0.228553056717
[MO833] Paramount Iteration,0,386,95.4820430279,0.228553056717
387 -- 8.701300073464875 --- TKE: 0.9999999999998153 
[MO833] Paramount Iteration,1,387,95.7171800137,0.228440999985
[MO833] Paramount Iteration,0,387,95.7104861736,0.228443145752
388 -- 8.723784052797495 --- TKE: 0.9999999999998148 
[MO833] Paramount Iteration,1,388,95.9455850124,0.228404998779
[MO833] Paramount Iteration,0,388,95.9388899803,0.228403806686
389 -- 8.74626803230795 --- TKE: 0.9999999999998141 
[MO833] Paramount Iteration,1,389,96.1741380692,0.228553056717
[MO833] Paramount Iteration,0,389,96.2743170261,0.335427045822
390 -- 8.768752011923242 --- TKE: 0.9999999999998135 
[MO833] Paramount Iteration,0,390,96.5086569786,0.234339952469
[MO833] Paramount Iteration,1,390,96.515376091,0.341238021851
391 -- 8.791235991242669 --- TKE: 0.999999999999813 
[MO833] Paramount Iteration,1,391,96.7446050644,0.229228973389
[MO833] Paramount Iteration,0,391,96.7379109859,0.229254007339
392 -- 8.8137199699013 --- TKE: 0.9999999999998126 
[MO833] Paramount Iteration,1,392,96.9731891155,0.228584051132
[MO833] Paramount Iteration,0,392,96.9664931297,0.228582143784
393 -- 8.83620394826374 --- TKE: 0.9999999999998122 
[MO833] Paramount Iteration,1,393,97.2020590305,0.228869915009
[MO833] Paramount Iteration,0,393,97.1953649521,0.228871822357
394 -- 8.8586879266964 --- TKE: 0.9999999999998117 
[MO833] Paramount Iteration,1,394,97.4306480885,0.228589057922
[MO833] Paramount Iteration,0,394,97.4239530563,0.228588104248
395 -- 8.881171905554517 --- TKE: 0.9999999999998113 
[MO833] Paramount Iteration,1,395,97.6592190266,0.22857093811
[MO833] Paramount Iteration,0,395,97.6525239944,0.22857093811
396 -- 8.903655884754258 --- TKE: 0.9999999999998108 
[MO833] Paramount Iteration,1,396,97.8871071339,0.2278881073
[MO833] Paramount Iteration,0,396,97.8804130554,0.227889060974
397 -- 8.926139864091633 --- TKE: 0.9999999999998104 
[MO833] Paramount Iteration,1,397,98.1148450375,0.227737903595
[MO833] Paramount Iteration,0,397,98.108150959,0.227737903595
398 -- 8.948623843621656 --- TKE: 0.9999999999998099 
[MO833] Paramount Iteration,1,398,98.3427629471,0.227917909622
[MO833] Paramount Iteration,0,398,98.3360691071,0.227918148041
399 -- 8.971107823150364 --- TKE: 0.9999999999998095 
[MO833] Paramount Iteration,1,399,98.5734500885,0.230687141418
[MO833] Paramount Iteration,0,399,98.6762640476,0.340194940567
400 -- 8.993591802347337 --- TKE: 0.999999999999809 
[MO833] Paramount Iteration,1,400,98.9142711163,0.340821027756
[MO833] Paramount Iteration,0,400,98.9075751305,0.23131108284
401 -- 9.016075780940678 --- TKE: 0.9999999999998084 
[MO833] Paramount Iteration,1,401,99.1428580284,0.228586912155
[MO833] Paramount Iteration,0,401,99.1361629963,0.228587865829
402 -- 9.038559759298838 --- TKE: 0.9999999999998082 
[MO833] Paramount Iteration,1,402,99.371227026,0.228368997574
[MO833] Paramount Iteration,0,402,99.3645319939,0.228368997574
403 -- 9.061043737790405 --- TKE: 0.9999999999998075 
[MO833] Paramount Iteration,1,403,99.5996730328,0.228446006775
[MO833] Paramount Iteration,0,403,99.5929789543,0.228446960449
404 -- 9.083527716770863 --- TKE: 0.999999999999807 
[MO833] Paramount Iteration,1,404,99.828150034,0.22847700119
[MO833] Paramount Iteration,0,404,99.8214559555,0.22847700119
405 -- 9.106011695983423 --- TKE: 0.9999999999998066 
[MO833] Paramount Iteration,1,405,100.056823969,0.228673934937
[MO833] Paramount Iteration,0,405,100.050129175,0.228673219681
406 -- 9.128495675348603 --- TKE: 0.9999999999998059 
[MO833] Paramount Iteration,1,406,100.285587072,0.228763103485
[MO833] Paramount Iteration,0,406,100.278891087,0.228761911392
407 -- 9.150979654919876 --- TKE: 0.9999999999998055 
[MO833] Paramount Iteration,1,407,100.51396203,0.228374958038
[MO833] Paramount Iteration,0,407,100.507267952,0.228376865387
408 -- 9.173463634384333 --- TKE: 0.999999999999805 
[MO833] Paramount Iteration,1,408,100.742448092,0.228486061096
[MO833] Paramount Iteration,0,408,100.735753059,0.228485107422
409 -- 9.195947613479227 --- TKE: 0.9999999999998046 
[MO833] Paramount Iteration,1,409,100.97083497,0.228386878967
[MO833] Paramount Iteration,0,409,101.100969076,0.365216016769
410 -- 9.2184315920319 --- TKE: 0.9999999999998042 
[MO833] Paramount Iteration,1,410,101.3380301,0.367195129395
[MO833] Paramount Iteration,0,410,101.331334114,0.230365037918
411 -- 9.240915570413641 --- TKE: 0.9999999999998037 
[MO833] Paramount Iteration,1,411,101.566972971,0.228942871094
[MO833] Paramount Iteration,0,411,101.560278177,0.228944063187
412 -- 9.263399548993997 --- TKE: 0.9999999999998033 
[MO833] Paramount Iteration,1,412,101.795237064,0.228264093399
[MO833] Paramount Iteration,0,412,101.788542032,0.22826385498
413 -- 9.285883528127304 --- TKE: 0.9999999999998026 
[MO833] Paramount Iteration,1,413,102.023396969,0.22815990448
[MO833] Paramount Iteration,0,413,102.016702175,0.228160142899
414 -- 9.308367507374884 --- TKE: 0.9999999999998022 
[MO833] Paramount Iteration,1,414,102.251546144,0.228149175644
[MO833] Paramount Iteration,0,414,102.244851112,0.228148937225
415 -- 9.33085148678887 --- TKE: 0.9999999999998017 
[MO833] Paramount Iteration,1,415,102.479551077,0.228004932404
[MO833] Paramount Iteration,0,415,102.472856045,0.228004932404
416 -- 9.353335466420928 --- TKE: 0.9999999999998013 
[MO833] Paramount Iteration,1,416,102.707520962,0.227969884872
[MO833] Paramount Iteration,0,416,102.700827122,0.227971076965
417 -- 9.375819445842836 --- TKE: 0.9999999999998008 
[MO833] Paramount Iteration,1,417,102.93561101,0.228090047836
[MO833] Paramount Iteration,0,417,102.92891717,0.228090047836
418 -- 9.398303424857403 --- TKE: 0.9999999999998004 
[MO833] Paramount Iteration,1,418,103.16377306,0.228162050247
[MO833] Paramount Iteration,0,418,103.157078028,0.228160858154
419 -- 9.420787403394685 --- TKE: 0.9999999999997997 
[MO833] Paramount Iteration,1,419,103.391688108,0.227915048599
[MO833] Paramount Iteration,0,419,103.490889072,0.333811044693
420 -- 9.443271381827788 --- TKE: 0.9999999999997993 
[MO833] Paramount Iteration,1,420,103.728754997,0.337066888809
[MO833] Paramount Iteration,0,420,103.722059011,0.231169939041
421 -- 9.465755360525957 --- TKE: 0.9999999999997988 
[MO833] Paramount Iteration,1,421,103.957657099,0.228902101517
[MO833] Paramount Iteration,0,421,103.950962067,0.228903055191
422 -- 9.488239339703968 --- TKE: 0.9999999999997984 
[MO833] Paramount Iteration,0,422,104.17990303,0.228940963745
[MO833] Paramount Iteration,1,422,104.186604977,0.228947877884
423 -- 9.51072331900687 --- TKE: 0.9999999999997979 
[MO833] Paramount Iteration,1,423,104.415529966,0.2289249897
[MO833] Paramount Iteration,0,423,104.408835173,0.228932142258
424 -- 9.533207298488648 --- TKE: 0.9999999999997975 
[MO833] Paramount Iteration,1,424,104.644376993,0.228847026825
[MO833] Paramount Iteration,0,424,104.637683153,0.228847980499
425 -- 9.55569127808653 --- TKE: 0.999999999999797 
[MO833] Paramount Iteration,1,425,104.873225927,0.228848934174
[MO833] Paramount Iteration,0,425,104.866531134,0.228847980499
426 -- 9.578175257486851 --- TKE: 0.9999999999997966 
[MO833] Paramount Iteration,1,426,105.102064133,0.228838205338
[MO833] Paramount Iteration,0,426,105.095369101,0.228837966919
427 -- 9.600659236443887 --- TKE: 0.9999999999997962 
[MO833] Paramount Iteration,1,427,105.330835104,0.228770971298
[MO833] Paramount Iteration,0,427,105.324140072,0.228770971298
428 -- 9.623143214991416 --- TKE: 0.9999999999997955 
[MO833] Paramount Iteration,0,428,105.552952051,0.228811979294
[MO833] Paramount Iteration,1,428,105.559666157,0.22883105278
429 -- 9.645627193503268 --- TKE: 0.999999999999795 
[MO833] Paramount Iteration,1,429,105.787974119,0.228307962418
[MO833] Paramount Iteration,0,429,105.887949944,0.33499789238
430 -- 9.668111172347157 --- TKE: 0.9999999999997946 
[MO833] Paramount Iteration,1,430,106.125923157,0.337949037552
[MO833] Paramount Iteration,0,430,106.119227171,0.231277227402
431 -- 9.690595151585851 --- TKE: 0.9999999999997942 
[MO833] Paramount Iteration,1,431,106.354738951,0.228815793991
[MO833] Paramount Iteration,0,431,106.348045111,0.228817939758
432 -- 9.713079130962482 --- TKE: 0.9999999999997937 
[MO833] Paramount Iteration,1,432,106.583636045,0.228897094727
[MO833] Paramount Iteration,0,432,106.576941013,0.228895902634
433 -- 9.735563110529075 --- TKE: 0.9999999999997933 
[MO833] Paramount Iteration,1,433,106.812371969,0.228735923767
[MO833] Paramount Iteration,0,433,106.805677176,0.228736162186
434 -- 9.758047090108159 --- TKE: 0.9999999999997928 
[MO833] Paramount Iteration,1,434,107.041245937,0.228873968124
[MO833] Paramount Iteration,0,434,107.034552097,0.228874921799
435 -- 9.780531069507026 --- TKE: 0.9999999999997922 
[MO833] Paramount Iteration,1,435,107.269984961,0.228739023209
[MO833] Paramount Iteration,0,435,107.263290167,0.228738069534
436 -- 9.80301504843004 --- TKE: 0.9999999999997917 
[MO833] Paramount Iteration,1,436,107.498795986,0.22881102562
[MO833] Paramount Iteration,0,436,107.492102146,0.228811979294
437 -- 9.825499027013505 --- TKE: 0.9999999999997913 
[MO833] Paramount Iteration,1,437,107.727549076,0.228753089905
[MO833] Paramount Iteration,0,437,107.720854998,0.228752851486
438 -- 9.847983005630853 --- TKE: 0.9999999999997908 
[MO833] Paramount Iteration,1,438,107.956202984,0.228653907776
[MO833] Paramount Iteration,0,438,107.949509144,0.228654146194
439 -- 9.870466984647033 --- TKE: 0.9999999999997904 
[MO833] Paramount Iteration,1,439,108.18513298,0.22892999649
[MO833] Paramount Iteration,0,439,108.285873175,0.336364030838
440 -- 9.892950963964234 --- TKE: 0.99999999999979 
[MO833] Paramount Iteration,1,440,108.524181128,0.339048147202
[MO833] Paramount Iteration,0,440,108.517486095,0.231612920761
441 -- 9.915434943431155 --- TKE: 0.9999999999997893 
[MO833] Paramount Iteration,1,441,108.753072023,0.228890895844
[MO833] Paramount Iteration,0,441,108.746376991,0.228890895844
442 -- 9.937918923097648 --- TKE: 0.9999999999997888 
[MO833] Paramount Iteration,1,442,108.981797934,0.228725910187
[MO833] Paramount Iteration,0,442,108.975104094,0.22872710228
443 -- 9.9604029026769 --- TKE: 0.9999999999997884 
[MO833] Paramount Iteration,1,443,109.21310997,0.231312036514
[MO833] Paramount Iteration,0,443,109.20641613,0.231312036514
444 -- 9.98288688209351 --- TKE: 0.9999999999997877 
[MO833] Paramount Iteration,1,444,109.449615955,0.23650598526
[MO833] Paramount Iteration,0,444,109.442921162,0.236505031586
445 -- 10.005370861006455 --- TKE: 0.9999999999997875 
[MO833] PI avg,1,0.242233613368,445
[MO833] Beta,1,1.19437151363e-07
[MO833] PI avg,0,0.242194672381,445
[MO833] Beta,0,0.00124500952551
[MO833] Total time,0,109.807533026
