--------------------------------------------------------------------------
[[57764,1],1]: A high-performance Open MPI point-to-point messaging module
was unable to find any relevant network interfaces:

Module: OpenFabrics (openib)
  Host: node06

Another transport will be used instead, although this may result in
lower performance.

NOTE: You can disable this warning by setting the MCA parameter
btl_base_warn_component_unused to 0.
--------------------------------------------------------------------------
 
                                 _       
                                | |      
 _ __  _   _ _ __ __ _ _ __   __| | __ _ 
| '_ \| | | | '__/ _` | '_ \ / _` |/ _` |
| |_) | |_| | | | (_| | | | | (_| | (_| |
| .__/ \__, |_|  \__,_|_| |_|\__,_|\__,_|
| |     __/ |                            
|_|    |___/                             

Version 1.0

Copyright (c) 2020 Lawrence Livermore National Laboratory (LLNL-CODE-749864)
All rights reserved. 
For details about use and distribution, please read: pyranda/LICENSE

Adding variables: tke
Adding variables: tauxz
Adding variables: tauxy
Adding variables: tauxx
Adding variables: tauzz
Adding variables: cs
Adding variables: vx
Adding variables: vy
Adding variables: vz
Adding variables: tauyy
Adding variables: tauyz
Adding variables: taudia
Adding variables: rhow
Adding variables: rhov
Adding variables: rhou
Adding variables: S
Adding variables: rho
Adding variables: dt
Adding variables: wz
Adding variables: wy
Adding variables: wx
Adding variables: enst
Adding variables: uy
Adding variables: ux
Adding variables: uz
Adding variables: beta
Adding variables: mu
Adding variables: p
Adding variables: u
Adding variables: w
Adding variables: v
Adding variables: Et
Adding variables: div
Adding variables: gamma
Adding equations of motion: 
(1)   ddt(:rho:)  =  -ddx(:rho:*:u:)                  - ddy(:rho:*:v:)                  - ddz(:rho:*:w:)
(2)   ddt(:rhou:) =  -ddx(:rhou:*:u: + :p: - :tauxx:) - ddy(:rhou:*:v: - :tauxy:)       - ddz(:rhou:*:w: - :tauxz:)
(3)   ddt(:rhov:) =  -ddx(:rhov:*:u: - :tauxy:)       - ddy(:rhov:*:v: + :p: - :tauyy:) - ddz(:rhov:*:w: - :tauyz:)
(4)   ddt(:rhow:) =  -ddx(:rhow:*:u: - :tauxz:)       - ddy(:rhow:*:v: - :tauyz:)       - ddz(:rhow:*:w: + :p: - :tauzz:)
(5)   ddt(:Et:)   =  -ddx( (:Et: - :tauxx:)*:u: - :tauxy:*:v: - :tauxz:*:w: ) - ddy( (:Et: - :tauyy:)*:v: -:tauxy:*:u: - :tauyz:*:w:) - ddz( (:Et: - :tauzz:)*:w: - :tauxz:*:u: - :tauyz:*:v: )
(6)   :rho:       =  fbar( :rho:  )
(7)   :rhou:      =  fbar( :rhou: )
(8)   :rhov:      =  fbar( :rhov: )
(9)   :rhow:      =  fbar( :rhow: )
(10)   :Et:        =  fbar( :Et:   )
(11)   :u:         =  :rhou: / :rho:
(12)   :v:         =  :rhov: / :rho:
(13)   :w:         =  :rhow: / :rho:
(14)   :p:         =  ( :Et: - .5*:rho:*(:u:*:u: + :v:*:v: + :w:*:w:) ) * ( :gamma: - 1.0 )
(15)   :ux:        =  ddx(:u:)
(16)   :vy:        =  ddy(:v:)
(17)   :wz:        =  ddz(:w:)
(18)   :div:       =  :ux: + :vy: + :wz:
(19)   :uy:        =  ddy(:u:)
(20)   :uz:        =  ddz(:u:)
(21)   :vx:        =  ddx(:v:)
(22)   :vz:        =  ddz(:v:)
(23)   :wy:        =  ddy(:w:)
(24)   :wx:        =  ddx(:w:)
(25)   :enst:      = sqrt( (:uy:-:vx:)**2 + (:uz: - :wx:)**2 + (:vz:-:wy:)**2 )
(26)   :tke:       = :rho:*(:u:*:u: + :v:*:v: + :w:*:w:)
(27)   :S:         = sqrt( :ux:*:ux: + :vy:*:vy: + :wz:*:wz: + .5*((:uy:+:vx:)**2 + (:uz: + :wx:)**2 + (:vz:+:wy:)**2) )
(28)   :mu:        =  gbar( abs(ring(:S:  )) ) * :rho: * 0.0e-4
(29)   :beta:      =  gbar( abs(ring(:div:)) * :rho: )  * 0.0e-4
(30)   :taudia:    =  (:beta:-2./3.*:mu:) *:div:
(31)   :tauxx:     =  2.0*:mu:*:ux:   + :taudia: - :p:
(32)   :tauyy:     =  2.0*:mu:*:vy:   + :taudia: - :p:
(33)   :tauzz:     =  2.0*:mu:*:wz:   + :taudia: - :p:
(34)   :tauxy:     = :mu:*(:uy:+:vx:) + :taudia:
(35)   :tauxz:     = :mu:*(:uz:+:wx:) + :taudia:
(36)   :tauyz:     = :mu:*(:vz:+:wz:) + :taudia:
(37)   :cs:  = sqrt( :p: / :rho: * :gamma: )
(38)   :dt: = dt.courant(:u:,:v:,:w:,:cs:)*.5
(39)   :dt: = numpy.minimum(:dt:,0.2 * dt.diff(:beta:,:rho:))
(40)   :dt: = numpy.minimum(:dt:,0.2 * dt.diff(:mu:,:rho:))
1 -- 0.022483949488834736 --- TKE: 0.9999999999999996 
[MO833] Paramount Iteration,0,1,1.84338593483,0.236169099808
[MO833] Paramount Iteration,1,1,1.84873509407,0.253479003906
2 -- 0.04496791230634997 --- TKE: 0.9999999999999996 
[MO833] Paramount Iteration,1,2,2.08080410957,0.232069015503
[MO833] Paramount Iteration,0,2,2.07546281815,0.232076883316
3 -- 0.06745186837753886 --- TKE: 0.9999999999999987 
[MO833] Paramount Iteration,1,3,2.30865097046,0.227846860886
[MO833] Paramount Iteration,0,3,2.30330085754,0.227838039398
4 -- 0.08993583542611785 --- TKE: 0.9999999999999984 
[MO833] Paramount Iteration,1,4,2.53626894951,0.22761797905
[MO833] Paramount Iteration,0,4,2.53091979027,0.227618932724
5 -- 0.11241981341752189 --- TKE: 0.9999999999999978 
[MO833] Paramount Iteration,0,5,2.75940895081,0.228489160538
[MO833] Paramount Iteration,1,5,2.76477503777,0.228506088257
6 -- 0.1349037940170563 --- TKE: 0.9999999999999973 
[MO833] Paramount Iteration,1,6,2.99326395988,0.228488922119
[MO833] Paramount Iteration,0,6,2.98793196678,0.228523015976
7 -- 0.15738777056800618 --- TKE: 0.9999999999999969 
[MO833] Paramount Iteration,1,7,3.22084307671,0.227579116821
[MO833] Paramount Iteration,0,7,3.21549296379,0.227560997009
8 -- 0.17987174409631543 --- TKE: 0.9999999999999964 
[MO833] Paramount Iteration,1,8,3.44836902618,0.227525949478
[MO833] Paramount Iteration,0,8,3.44301986694,0.227526903152
9 -- 0.20235571634301402 --- TKE: 0.999999999999996 
[MO833] Paramount Iteration,1,9,3.67569899559,0.227329969406
[MO833] Paramount Iteration,0,9,3.81372284889,0.370702981949
10 -- 0.2248396890879735 --- TKE: 0.9999999999999956 
[MO833] Paramount Iteration,1,10,4.06137990952,0.385680913925
[MO833] Paramount Iteration,0,10,4.05600786209,0.242285013199
11 -- 0.24732366185121496 --- TKE: 0.9999999999999949 
[MO833] Paramount Iteration,1,11,4.2918510437,0.230471134186
[MO833] Paramount Iteration,0,11,4.28650999069,0.230502128601
12 -- 0.26980763521126017 --- TKE: 0.9999999999999947 
[MO833] Paramount Iteration,1,12,4.51948904991,0.22763800621
[MO833] Paramount Iteration,0,12,4.514138937,0.227628946304
13 -- 0.2922916107764848 --- TKE: 0.999999999999994 
[MO833] Paramount Iteration,1,13,4.74698710442,0.227498054504
[MO833] Paramount Iteration,0,13,4.74163794518,0.227499008179
14 -- 0.31477558792984206 --- TKE: 0.9999999999999936 
[MO833] Paramount Iteration,1,14,4.97469902039,0.22771191597
[MO833] Paramount Iteration,0,14,4.96934986115,0.22771191597
15 -- 0.337259565810547 --- TKE: 0.9999999999999931 
[MO833] Paramount Iteration,1,15,5.20221805573,0.227519035339
[MO833] Paramount Iteration,0,15,5.19686794281,0.227518081665
16 -- 0.35974354420845 --- TKE: 0.9999999999999925 
[MO833] Paramount Iteration,1,16,5.42981410027,0.22759604454
[MO833] Paramount Iteration,0,16,5.42446398735,0.22759604454
17 -- 0.38222752235168034 --- TKE: 0.999999999999992 
[MO833] Paramount Iteration,1,17,5.66154909134,0.231734991074
[MO833] Paramount Iteration,0,17,5.65619683266,0.231732845306
18 -- 0.4047115001610875 --- TKE: 0.9999999999999918 
[MO833] Paramount Iteration,1,18,5.8893020153,0.227752923965
[MO833] Paramount Iteration,0,18,5.88395285606,0.227756023407
19 -- 0.4271954780139235 --- TKE: 0.9999999999999911 
[MO833] Paramount Iteration,1,19,6.11681199074,0.227509975433
[MO833] Paramount Iteration,0,19,6.22176194191,0.337809085846
20 -- 0.4496794560708476 --- TKE: 0.9999999999999907 
[MO833] Paramount Iteration,1,20,6.45841598511,0.34160399437
[MO833] Paramount Iteration,0,20,6.45306587219,0.231303930283
21 -- 0.4721634343200682 --- TKE: 0.9999999999999902 
[MO833] Paramount Iteration,1,21,6.68769097328,0.229274988174
[MO833] Paramount Iteration,0,21,6.68234300613,0.229277133942
22 -- 0.49464741264111056 --- TKE: 0.9999999999999896 
[MO833] Paramount Iteration,1,22,6.9168150425,0.229124069214
[MO833] Paramount Iteration,0,22,6.91146588326,0.229122877121
23 -- 0.5171313908759267 --- TKE: 0.9999999999999893 
[MO833] Paramount Iteration,1,23,7.14601898193,0.229203939438
[MO833] Paramount Iteration,0,23,7.14066982269,0.229203939438
24 -- 0.5396153688962009 --- TKE: 0.9999999999999887 
[MO833] Paramount Iteration,0,24,7.37301778793,0.23234796524
[MO833] Paramount Iteration,1,24,7.3783891201,0.232370138168
25 -- 0.5620993466578701 --- TKE: 0.9999999999999882 
[MO833] Paramount Iteration,1,25,7.60759806633,0.229208946228
[MO833] Paramount Iteration,0,25,7.60224795341,0.229230165482
26 -- 0.5845833242365798 --- TKE: 0.9999999999999878 
[MO833] Paramount Iteration,1,26,7.83683896065,0.229240894318
[MO833] Paramount Iteration,0,26,7.83148980141,0.229241847992
27 -- 0.6070673018410182 --- TKE: 0.9999999999999871 
[MO833] Paramount Iteration,1,27,8.06607198715,0.229233026505
[MO833] Paramount Iteration,0,27,8.06072282791,0.229233026505
28 -- 0.6295512798040269 --- TKE: 0.9999999999999867 
[MO833] Paramount Iteration,1,28,8.295140028,0.229068040848
[MO833] Paramount Iteration,0,28,8.28978991508,0.229067087173
29 -- 0.6520352574989555 --- TKE: 0.9999999999999862 
[MO833] Paramount Iteration,1,29,8.52436995506,0.229229927063
[MO833] Paramount Iteration,0,29,8.62662601471,0.336836099625
30 -- 0.6745192349135101 --- TKE: 0.9999999999999858 
[MO833] Paramount Iteration,1,30,8.86637997627,0.34201002121
[MO833] Paramount Iteration,0,30,8.86105298996,0.23442697525
31 -- 0.697003212275314 --- TKE: 0.9999999999999853 
[MO833] Paramount Iteration,1,31,9.09554696083,0.229166984558
[MO833] Paramount Iteration,0,31,9.09020590782,0.229152917862
32 -- 0.7194871892340796 --- TKE: 0.9999999999999849 
[MO833] Paramount Iteration,1,32,9.32469797134,0.229151010513
[MO833] Paramount Iteration,0,32,9.3193500042,0.229144096375
33 -- 0.7419711653841895 --- TKE: 0.9999999999999845 
[MO833] Paramount Iteration,1,33,9.5537109375,0.229012966156
[MO833] Paramount Iteration,0,33,9.54836201668,0.229012012482
34 -- 0.7644551401841907 --- TKE: 0.999999999999984 
[MO833] Paramount Iteration,0,34,9.78076100349,0.232398986816
[MO833] Paramount Iteration,1,34,9.78613305092,0.232422113419
35 -- 0.7869391141929123 --- TKE: 0.9999999999999836 
[MO833] Paramount Iteration,1,35,10.015278101,0.229145050049
[MO833] Paramount Iteration,0,35,10.0099279881,0.229166984558
36 -- 0.8094230880509002 --- TKE: 0.9999999999999829 
[MO833] Paramount Iteration,1,36,10.2435839176,0.22830581665
[MO833] Paramount Iteration,0,36,10.2382359505,0.228307962418
37 -- 0.8319070624390456 --- TKE: 0.9999999999999827 
[MO833] Paramount Iteration,1,37,10.4715280533,0.227944135666
[MO833] Paramount Iteration,0,37,10.4661808014,0.227944850922
38 -- 0.8543910374431362 --- TKE: 0.999999999999982 
[MO833] Paramount Iteration,1,38,10.6992380619,0.227710008621
[MO833] Paramount Iteration,0,38,10.6938889027,0.227708101273
39 -- 0.8768750128023768 --- TKE: 0.9999999999999818 
[MO833] Paramount Iteration,1,39,10.926789999,0.227551937103
[MO833] Paramount Iteration,0,39,11.0333609581,0.339472055435
40 -- 0.8993589886869536 --- TKE: 0.9999999999999811 
[MO833] Paramount Iteration,1,40,11.2699179649,0.343127965927
[MO833] Paramount Iteration,0,40,11.264567852,0.231206893921
41 -- 0.9218429645573731 --- TKE: 0.9999999999999805 
[MO833] Paramount Iteration,1,41,11.5045781136,0.234660148621
[MO833] Paramount Iteration,0,41,11.499229908,0.234662055969
42 -- 0.9443269400170952 --- TKE: 0.99999999999998 
[MO833] Paramount Iteration,1,42,11.7337450981,0.229166984558
[MO833] Paramount Iteration,0,42,11.7283959389,0.229166030884
43 -- 0.9668109152366287 --- TKE: 0.9999999999999796 
[MO833] Paramount Iteration,1,43,11.9627149105,0.228969812393
[MO833] Paramount Iteration,0,43,11.9573659897,0.228970050812
44 -- 0.9892948900220443 --- TKE: 0.9999999999999791 
[MO833] Paramount Iteration,1,44,12.1949191093,0.232204198837
[MO833] Paramount Iteration,0,44,12.1895959377,0.232229948044
45 -- 1.0117788645119201 --- TKE: 0.9999999999999787 
[MO833] Paramount Iteration,1,45,12.4271991253,0.232280015945
[MO833] Paramount Iteration,0,45,12.4218277931,0.232231855392
46 -- 1.034262839419456 --- TKE: 0.9999999999999782 
[MO833] Paramount Iteration,1,46,12.6561839581,0.228984832764
[MO833] Paramount Iteration,0,46,12.6508338451,0.229006052017
47 -- 1.0567468153947581 --- TKE: 0.9999999999999778 
[MO833] Paramount Iteration,1,47,12.885242939,0.229058980942
[MO833] Paramount Iteration,0,47,12.8798949718,0.229061126709
48 -- 1.0792307919265227 --- TKE: 0.9999999999999771 
[MO833] Paramount Iteration,1,48,13.1142549515,0.229012012482
[MO833] Paramount Iteration,0,48,13.1089057922,0.229010820389
49 -- 1.101714769117001 --- TKE: 0.9999999999999767 
[MO833] Paramount Iteration,1,49,13.3431589603,0.228904008865
[MO833] Paramount Iteration,0,49,13.4487578869,0.33985209465
50 -- 1.124198746406314 --- TKE: 0.999999999999976 
[MO833] Paramount Iteration,1,50,13.685090065,0.34193110466
[MO833] Paramount Iteration,0,50,13.6797399521,0.230982065201
51 -- 1.146682723570497 --- TKE: 0.9999999999999758 
[MO833] Paramount Iteration,1,51,13.9143259525,0.229235887527
[MO833] Paramount Iteration,0,51,13.9089779854,0.229238033295
52 -- 1.1691667007473263 --- TKE: 0.9999999999999754 
[MO833] Paramount Iteration,1,52,14.1474740505,0.233148097992
[MO833] Paramount Iteration,0,52,14.142125845,0.233147859573
53 -- 1.1916506780693332 --- TKE: 0.9999999999999747 
[MO833] Paramount Iteration,1,53,14.3750889301,0.227614879608
[MO833] Paramount Iteration,0,53,14.369740963,0.227615118027
54 -- 1.2141346550201402 --- TKE: 0.9999999999999745 
[MO833] Paramount Iteration,1,54,14.6025259495,0.227437019348
[MO833] Paramount Iteration,0,54,14.5971767902,0.227435827255
55 -- 1.2366186321554993 --- TKE: 0.999999999999974 
[MO833] Paramount Iteration,1,55,14.8300230503,0.22749710083
[MO833] Paramount Iteration,0,55,14.8246738911,0.22749710083
56 -- 1.2591026100219094 --- TKE: 0.9999999999999736 
[MO833] Paramount Iteration,1,56,15.0576989651,0.227675914764
[MO833] Paramount Iteration,0,56,15.0523509979,0.227677106857
57 -- 1.2815865889728413 --- TKE: 0.9999999999999729 
[MO833] Paramount Iteration,1,57,15.285159111,0.22746014595
[MO833] Paramount Iteration,0,57,15.2798099518,0.227458953857
58 -- 1.3040705684946474 --- TKE: 0.9999999999999725 
[MO833] Paramount Iteration,1,58,15.5125260353,0.227366924286
[MO833] Paramount Iteration,0,58,15.5071768761,0.227366924286
59 -- 1.3265545482098922 --- TKE: 0.999999999999972 
[MO833] Paramount Iteration,1,59,15.7435679436,0.231041908264
[MO833] Paramount Iteration,0,59,15.846351862,0.339174985886
60 -- 1.349038527994624 --- TKE: 0.9999999999999716 
[MO833] Paramount Iteration,1,60,16.0828490257,0.339281082153
[MO833] Paramount Iteration,0,60,16.0774989128,0.231147050858
61 -- 1.3715225079366193 --- TKE: 0.9999999999999711 
[MO833] Paramount Iteration,1,61,16.3142869473,0.231437921524
[MO833] Paramount Iteration,0,61,16.3089649677,0.231466054916
62 -- 1.394006488113146 --- TKE: 0.9999999999999705 
[MO833] Paramount Iteration,1,62,16.5444118977,0.230124950409
[MO833] Paramount Iteration,0,62,16.5390629768,0.230098009109
63 -- 1.4164904680080206 --- TKE: 0.99999999999997 
[MO833] Paramount Iteration,1,63,16.7734940052,0.229082107544
[MO833] Paramount Iteration,0,63,16.768144846,0.229081869125
64 -- 1.4389744478178719 --- TKE: 0.9999999999999698 
[MO833] Paramount Iteration,1,64,17.0025279522,0.229033946991
[MO833] Paramount Iteration,0,64,16.997178793,0.229033946991
65 -- 1.461458427935954 --- TKE: 0.9999999999999691 
[MO833] Paramount Iteration,1,65,17.2315409184,0.229012966156
[MO833] Paramount Iteration,0,65,17.2261929512,0.229014158249
66 -- 1.4839424085355122 --- TKE: 0.9999999999999685 
[MO833] Paramount Iteration,1,66,17.4604659081,0.2289249897
[MO833] Paramount Iteration,0,66,17.4551169872,0.228924036026
67 -- 1.5064263891350873 --- TKE: 0.999999999999968 
[MO833] Paramount Iteration,1,67,17.6890459061,0.228579998016
[MO833] Paramount Iteration,0,67,17.6836969852,0.228579998016
68 -- 1.5289103697346496 --- TKE: 0.9999999999999676 
[MO833] Paramount Iteration,1,68,17.9166829586,0.227637052536
[MO833] Paramount Iteration,0,68,17.9113337994,0.227636814117
69 -- 1.5513943503342011 --- TKE: 0.9999999999999671 
[MO833] Paramount Iteration,1,69,18.144272089,0.227589130402
[MO833] Paramount Iteration,0,69,18.2504808903,0.339147090912
70 -- 1.5738783309337407 --- TKE: 0.9999999999999667 
[MO833] Paramount Iteration,1,70,18.4870281219,0.342756032944
[MO833] Paramount Iteration,0,70,18.481678009,0.231197118759
71 -- 1.5963623115332803 --- TKE: 0.9999999999999662 
[MO833] Paramount Iteration,1,71,18.7165369987,0.229508876801
[MO833] Paramount Iteration,0,71,18.7111899853,0.229511976242
72 -- 1.6188462921328224 --- TKE: 0.9999999999999656 
[MO833] Paramount Iteration,1,72,18.9457170963,0.22918009758
[MO833] Paramount Iteration,0,72,18.9403679371,0.229177951813
73 -- 1.6413302727323713 --- TKE: 0.9999999999999654 
[MO833] Paramount Iteration,1,73,19.1749820709,0.229264974594
[MO833] Paramount Iteration,0,73,19.1696338654,0.229265928268
74 -- 1.663814253331933 --- TKE: 0.9999999999999649 
[MO833] Paramount Iteration,1,74,19.4040260315,0.229043960571
[MO833] Paramount Iteration,0,74,19.3986768723,0.229043006897
75 -- 1.6862982339315096 --- TKE: 0.999999999999964 
[MO833] Paramount Iteration,1,75,19.636523962,0.232497930527
[MO833] Paramount Iteration,0,75,19.6311528683,0.232475996017
76 -- 1.708782214531081 --- TKE: 0.9999999999999638 
[MO833] Paramount Iteration,1,76,19.8657820225,0.229258060455
[MO833] Paramount Iteration,0,76,19.8604328632,0.229279994965
77 -- 1.7312661951306378 --- TKE: 0.9999999999999634 
[MO833] Paramount Iteration,1,77,20.0965049267,0.230722904205
[MO833] Paramount Iteration,0,77,20.0911569595,0.230724096298
78 -- 1.7537501757301812 --- TKE: 0.9999999999999629 
[MO833] Paramount Iteration,1,78,20.3312039375,0.234699010849
[MO833] Paramount Iteration,0,78,20.3258559704,0.234699010849
79 -- 1.7762341563297257 --- TKE: 0.9999999999999623 
[MO833] Paramount Iteration,1,79,20.5601799488,0.228976011276
[MO833] Paramount Iteration,0,79,20.6637477875,0.337891817093
80 -- 1.7987181369292666 --- TKE: 0.9999999999999618 
[MO833] Paramount Iteration,1,80,20.9001879692,0.340008020401
[MO833] Paramount Iteration,0,80,20.89483881,0.231091022491
81 -- 1.8212021175288111 --- TKE: 0.9999999999999614 
[MO833] Paramount Iteration,1,81,21.1293559074,0.229167938232
[MO833] Paramount Iteration,0,81,21.124008894,0.229170084
82 -- 1.843686098128366 --- TKE: 0.9999999999999609 
[MO833] Paramount Iteration,1,82,21.3620140553,0.232658147812
[MO833] Paramount Iteration,0,82,21.3566889763,0.232680082321
83 -- 1.8661700787279332 --- TKE: 0.9999999999999605 
[MO833] Paramount Iteration,1,83,21.5911989212,0.229184865952
[MO833] Paramount Iteration,0,83,21.5858500004,0.229161024094
84 -- 1.8886540593275116 --- TKE: 0.99999999999996 
[MO833] Paramount Iteration,1,84,21.8202750683,0.229076147079
[MO833] Paramount Iteration,0,84,21.8149268627,0.229076862335
85 -- 1.9111380399270776 --- TKE: 0.9999999999999596 
[MO833] Paramount Iteration,1,85,22.0492730141,0.228997945786
[MO833] Paramount Iteration,0,85,22.0439238548,0.228996992111
86 -- 1.9336220205266397 --- TKE: 0.9999999999999591 
[MO833] Paramount Iteration,1,86,22.2773520947,0.228079080582
[MO833] Paramount Iteration,0,86,22.2720029354,0.228079080582
87 -- 1.956106001126193 --- TKE: 0.9999999999999587 
[MO833] Paramount Iteration,1,87,22.5049779415,0.227625846863
[MO833] Paramount Iteration,0,87,22.4996287823,0.227625846863
88 -- 1.978589981725738 --- TKE: 0.999999999999958 
[MO833] Paramount Iteration,1,88,22.7325809002,0.227602958679
[MO833] Paramount Iteration,0,88,22.727232933,0.227604150772
89 -- 2.001073962325288 --- TKE: 0.9999999999999576 
[MO833] Paramount Iteration,1,89,22.9602279663,0.227647066116
[MO833] Paramount Iteration,0,89,23.0660178661,0.33878493309
90 -- 2.0235579429248403 --- TKE: 0.9999999999999569 
[MO833] Paramount Iteration,1,90,23.3024020195,0.342174053192
[MO833] Paramount Iteration,0,90,23.2970519066,0.231034040451
91 -- 2.0460419235244016 --- TKE: 0.9999999999999565 
[MO833] Paramount Iteration,1,91,23.5313260555,0.228924036026
[MO833] Paramount Iteration,0,91,23.52597785,0.228925943375
92 -- 2.068525904123969 --- TKE: 0.999999999999956 
[MO833] Paramount Iteration,1,92,23.7603600025,0.229033946991
[MO833] Paramount Iteration,0,92,23.7550098896,0.229032039642
93 -- 2.091009884723557 --- TKE: 0.9999999999999556 
[MO833] Paramount Iteration,1,93,23.9892129898,0.228852987289
[MO833] Paramount Iteration,0,93,23.9838638306,0.228853940964
94 -- 2.1134938653231377 --- TKE: 0.9999999999999551 
[MO833] Paramount Iteration,1,94,24.2218360901,0.232623100281
[MO833] Paramount Iteration,0,94,24.2164728642,0.232609033585
95 -- 2.1359778459227057 --- TKE: 0.9999999999999547 
[MO833] Paramount Iteration,1,95,24.4507660866,0.22892999649
[MO833] Paramount Iteration,0,95,24.4454169273,0.228944063187
96 -- 2.158461826522268 --- TKE: 0.9999999999999543 
[MO833] Paramount Iteration,1,96,24.6797659397,0.228999853134
[MO833] Paramount Iteration,0,96,24.6744167805,0.228999853134
97 -- 2.1809458071218275 --- TKE: 0.9999999999999538 
[MO833] Paramount Iteration,1,97,24.908673048,0.228907108307
[MO833] Paramount Iteration,0,97,24.9033248425,0.228908061981
98 -- 2.203429787721387 --- TKE: 0.9999999999999534 
[MO833] Paramount Iteration,1,98,25.1377100945,0.229037046432
[MO833] Paramount Iteration,0,98,25.1323609352,0.229036092758
99 -- 2.2259137683209507 --- TKE: 0.9999999999999529 
[MO833] Paramount Iteration,1,99,25.3666799068,0.228969812393
[MO833] Paramount Iteration,0,99,25.4704039097,0.338042974472
100 -- 2.2483977489205236 --- TKE: 0.9999999999999523 
[MO833] Paramount Iteration,1,100,25.7069060802,0.340226173401
[MO833] Paramount Iteration,0,100,25.7015559673,0.231152057648
101 -- 2.270881729520099 --- TKE: 0.9999999999999518 
[MO833] Paramount Iteration,1,101,25.935781002,0.228874921799
[MO833] Paramount Iteration,0,101,25.9304327965,0.228876829147
102 -- 2.2933657101196916 --- TKE: 0.9999999999999514 
[MO833] Paramount Iteration,1,102,26.1647529602,0.22897195816
[MO833] Paramount Iteration,0,102,26.1594049931,0.228972196579
103 -- 2.3158496907192836 --- TKE: 0.9999999999999509 
[MO833] Paramount Iteration,1,103,26.3924269676,0.227674007416
[MO833] Paramount Iteration,0,103,26.3870790005,0.227674007416
104 -- 2.3383336713188645 --- TKE: 0.9999999999999505 
[MO833] Paramount Iteration,1,104,26.6200399399,0.22761297226
[MO833] Paramount Iteration,0,104,26.6146919727,0.22761297226
105 -- 2.36081765191844 --- TKE: 0.9999999999999498 
[MO833] Paramount Iteration,1,105,26.8475720882,0.227532148361
[MO833] Paramount Iteration,0,105,26.842222929,0.227530956268
106 -- 2.3833016325180125 --- TKE: 0.9999999999999494 
[MO833] Paramount Iteration,1,106,27.0750520229,0.227479934692
[MO833] Paramount Iteration,0,106,27.0697038174,0.227480888367
107 -- 2.4057856131175903 --- TKE: 0.9999999999999489 
[MO833] Paramount Iteration,1,107,27.3059229851,0.230870962143
[MO833] Paramount Iteration,0,107,27.3005988598,0.230895042419
108 -- 2.428269593717166 --- TKE: 0.9999999999999485 
[MO833] Paramount Iteration,1,108,27.5334861279,0.227563142776
[MO833] Paramount Iteration,0,108,27.5281369686,0.227538108826
109 -- 2.4507535743167477 --- TKE: 0.999999999999948 
[MO833] Paramount Iteration,1,109,27.7611970901,0.227710962296
[MO833] Paramount Iteration,0,109,27.8670959473,0.338958978653
110 -- 2.4732375549163343 --- TKE: 0.9999999999999474 
[MO833] Paramount Iteration,1,110,28.103552103,0.342355012894
[MO833] Paramount Iteration,0,110,28.0982019901,0.231106042862
111 -- 2.4957215355159357 --- TKE: 0.9999999999999469 
[MO833] Paramount Iteration,1,111,28.3327410221,0.229188919067
[MO833] Paramount Iteration,0,111,28.3273918629,0.229189872742
112 -- 2.518205516115538 --- TKE: 0.9999999999999467 
[MO833] Paramount Iteration,1,112,28.5618059635,0.229064941406
[MO833] Paramount Iteration,0,112,28.5564568043,0.229064941406
113 -- 2.5406894967151334 --- TKE: 0.999999999999946 
[MO833] Paramount Iteration,1,113,28.7909710407,0.229165077209
[MO833] Paramount Iteration,0,113,28.7856228352,0.229166030884
114 -- 2.5631734773147237 --- TKE: 0.9999999999999456 
[MO833] Paramount Iteration,1,114,29.0200469494,0.229075908661
[MO833] Paramount Iteration,0,114,29.0146977901,0.229074954987
115 -- 2.5856574579143126 --- TKE: 0.9999999999999452 
[MO833] Paramount Iteration,1,115,29.2491791248,0.229132175446
[MO833] Paramount Iteration,0,115,29.2438299656,0.229132175446
116 -- 2.608141438513903 --- TKE: 0.9999999999999445 
[MO833] Paramount Iteration,1,116,29.4782071114,0.229027986526
[MO833] Paramount Iteration,0,116,29.4728589058,0.229028940201
117 -- 2.6306254191134935 --- TKE: 0.999999999999944 
[MO833] Paramount Iteration,1,117,29.7066550255,0.228447914124
[MO833] Paramount Iteration,0,117,29.7013058662,0.228446960449
118 -- 2.653109399713088 --- TKE: 0.9999999999999436 
[MO833] Paramount Iteration,0,118,29.9362578392,0.234951972961
[MO833] Paramount Iteration,1,118,29.941628933,0.234973907471
119 -- 2.6755933803126966 --- TKE: 0.9999999999999432 
[MO833] Paramount Iteration,1,119,30.1748421192,0.233213186264
[MO833] Paramount Iteration,0,119,30.2795739174,0.343316078186
120 -- 2.698077360912307 --- TKE: 0.9999999999999427 
[MO833] Paramount Iteration,1,120,30.5157470703,0.340904951096
[MO833] Paramount Iteration,0,120,30.5103969574,0.230823040009
121 -- 2.7205613415119196 --- TKE: 0.9999999999999423 
[MO833] Paramount Iteration,1,121,30.7451300621,0.229382991791
[MO833] Paramount Iteration,0,121,30.7397890091,0.229392051697
122 -- 2.7430453221115236 --- TKE: 0.9999999999999418 
[MO833] Paramount Iteration,1,122,30.9741039276,0.228973865509
[MO833] Paramount Iteration,0,122,30.9687538147,0.228964805603
123 -- 2.7655293027111263 --- TKE: 0.9999999999999414 
[MO833] Paramount Iteration,1,123,31.2030479908,0.228944063187
[MO833] Paramount Iteration,0,123,31.1976997852,0.228945970535
124 -- 2.7880132833107254 --- TKE: 0.9999999999999409 
[MO833] Paramount Iteration,1,124,31.4319140911,0.228866100311
[MO833] Paramount Iteration,0,124,31.4265658855,0.228866100311
125 -- 2.8104972639103263 --- TKE: 0.9999999999999403 
[MO833] Paramount Iteration,1,125,31.6608021259,0.228888034821
[MO833] Paramount Iteration,0,125,31.6554529667,0.228887081146
126 -- 2.832981244509927 --- TKE: 0.99999999999994 
[MO833] Paramount Iteration,1,126,31.8897659779,0.228963851929
[MO833] Paramount Iteration,0,126,31.8844168186,0.228963851929
127 -- 2.85546522510953 --- TKE: 0.9999999999999396 
[MO833] Paramount Iteration,1,127,32.1188271046,0.229061126709
[MO833] Paramount Iteration,0,127,32.113478899,0.229062080383
128 -- 2.8779492057091396 --- TKE: 0.9999999999999387 
[MO833] Paramount Iteration,1,128,32.3479089737,0.229081869125
[MO833] Paramount Iteration,0,128,32.3425598145,0.229080915451
129 -- 2.900433186205215 --- TKE: 0.9999999999999383 
[MO833] Paramount Iteration,1,129,32.5767219067,0.228812932968
[MO833] Paramount Iteration,0,129,32.6796867847,0.337126970291
130 -- 2.922917166804828 --- TKE: 0.9999999999999378 
[MO833] Paramount Iteration,1,130,32.9160161018,0.339294195175
[MO833] Paramount Iteration,0,130,32.9106659889,0.230979204178
131 -- 2.945401147404434 --- TKE: 0.9999999999999374 
[MO833] Paramount Iteration,1,131,33.1449000835,0.228883981705
[MO833] Paramount Iteration,0,131,33.1395528316,0.228886842728
132 -- 2.9678851280040424 --- TKE: 0.9999999999999369 
[MO833] Paramount Iteration,1,132,33.3738338947,0.228933811188
[MO833] Paramount Iteration,0,132,33.3684837818,0.228930950165
133 -- 2.9903691086036477 --- TKE: 0.9999999999999365 
[MO833] Paramount Iteration,1,133,33.6027810574,0.228947162628
[MO833] Paramount Iteration,0,133,33.5974328518,0.228949069977
134 -- 3.0128530892032566 --- TKE: 0.999999999999936 
[MO833] Paramount Iteration,1,134,33.8316979408,0.228916883469
[MO833] Paramount Iteration,0,134,33.8263487816,0.228915929794
135 -- 3.0353370698028677 --- TKE: 0.9999999999999356 
[MO833] Paramount Iteration,1,135,34.0606091022,0.228911161423
[MO833] Paramount Iteration,0,135,34.0552608967,0.228912115097
136 -- 3.05782105040248 --- TKE: 0.9999999999999349 
[MO833] Paramount Iteration,1,136,34.2886679173,0.228058815002
[MO833] Paramount Iteration,0,136,34.2833199501,0.228059053421
137 -- 3.0803050310020965 --- TKE: 0.9999999999999347 
[MO833] Paramount Iteration,1,137,34.5195031166,0.230835199356
[MO833] Paramount Iteration,0,137,34.514166832,0.230846881866
138 -- 3.102789011377392 --- TKE: 0.9999999999999343 
[MO833] Paramount Iteration,1,138,34.7474470139,0.227943897247
[MO833] Paramount Iteration,0,138,34.7421009541,0.227934122086
139 -- 3.1252729917950037 --- TKE: 0.9999999999999336 
[MO833] Paramount Iteration,1,139,34.9749901295,0.227543115616
[MO833] Paramount Iteration,0,139,35.081638813,0.339537858963
140 -- 3.1477569723946095 --- TKE: 0.9999999999999332 
[MO833] Paramount Iteration,1,140,35.3181591034,0.343168973923
[MO833] Paramount Iteration,0,140,35.3128089905,0.23117017746
141 -- 3.170240952994216 --- TKE: 0.9999999999999327 
[MO833] Paramount Iteration,1,141,35.5471990108,0.229039907455
[MO833] Paramount Iteration,0,141,35.5418508053,0.229041814804
142 -- 3.1927249335938215 --- TKE: 0.9999999999999323 
[MO833] Paramount Iteration,1,142,35.7763569355,0.229157924652
[MO833] Paramount Iteration,0,142,35.7710089684,0.229158163071
143 -- 3.2152089141934312 --- TKE: 0.9999999999999318 
[MO833] Paramount Iteration,1,143,36.0052990913,0.228942155838
[MO833] Paramount Iteration,0,143,35.9999499321,0.228940963745
144 -- 3.2376928947930446 --- TKE: 0.9999999999999312 
[MO833] Paramount Iteration,1,144,36.2343969345,0.22909784317
[MO833] Paramount Iteration,0,144,36.2290480137,0.229098081589
145 -- 3.2601768753926565 --- TKE: 0.9999999999999307 
[MO833] Paramount Iteration,1,145,36.4661099911,0.231713056564
[MO833] Paramount Iteration,0,145,36.4607388973,0.231690883636
146 -- 3.282660855992265 --- TKE: 0.9999999999999303 
[MO833] Paramount Iteration,1,146,36.6958220005,0.22971200943
[MO833] Paramount Iteration,0,146,36.6904728413,0.229733943939
147 -- 3.305144836396841 --- TKE: 0.9999999999999298 
[MO833] Paramount Iteration,1,147,36.9249589443,0.229136943817
[MO833] Paramount Iteration,0,147,36.9196097851,0.229136943817
148 -- 3.3276288167756345 --- TKE: 0.9999999999999294 
[MO833] Paramount Iteration,1,148,37.1540539265,0.229094982147
[MO833] Paramount Iteration,0,148,37.1487059593,0.22909617424
149 -- 3.350112797375234 --- TKE: 0.999999999999929 
[MO833] Paramount Iteration,1,149,37.3831419945,0.229088068008
[MO833] Paramount Iteration,0,149,37.4853899479,0.336683988571
150 -- 3.372596777974834 --- TKE: 0.9999999999999283 
[MO833] Paramount Iteration,1,150,37.7218930721,0.338751077652
[MO833] Paramount Iteration,0,150,37.7165429592,0.231153011322
151 -- 3.3950807585744367 --- TKE: 0.9999999999999281 
[MO833] Paramount Iteration,1,151,37.9509549141,0.229061841965
[MO833] Paramount Iteration,0,151,37.9456069469,0.229063987732
152 -- 3.4175647391740407 --- TKE: 0.9999999999999274 
[MO833] Paramount Iteration,1,152,38.1795840263,0.228629112244
[MO833] Paramount Iteration,0,152,38.1742348671,0.228627920151
153 -- 3.4400487197736522 --- TKE: 0.999999999999927 
[MO833] Paramount Iteration,1,153,38.4076490402,0.228065013885
[MO833] Paramount Iteration,0,153,38.4023168087,0.228081941605
154 -- 3.4625327003732593 --- TKE: 0.9999999999999263 
[MO833] Paramount Iteration,1,154,38.6352620125,0.22761297226
[MO833] Paramount Iteration,0,154,38.6299138069,0.227596998215
155 -- 3.4850166809728576 --- TKE: 0.9999999999999261 
[MO833] Paramount Iteration,1,155,38.8626930714,0.227431058884
[MO833] Paramount Iteration,0,155,38.8573448658,0.227431058884
156 -- 3.5075006615140545 --- TKE: 0.9999999999999254 
[MO833] Paramount Iteration,1,156,39.0902109146,0.227517843246
[MO833] Paramount Iteration,0,156,39.0848608017,0.227515935898
157 -- 3.529984641960433 --- TKE: 0.999999999999925 
[MO833] Paramount Iteration,1,157,39.3178319931,0.227621078491
[MO833] Paramount Iteration,0,157,39.3124837875,0.22762298584
158 -- 3.5524686225600277 --- TKE: 0.9999999999999245 
[MO833] Paramount Iteration,1,158,39.5452959538,0.227463960648
[MO833] Paramount Iteration,0,158,39.5399479866,0.227464199066
159 -- 3.574952603159619 --- TKE: 0.9999999999999241 
[MO833] Paramount Iteration,1,159,39.772810936,0.227514982224
[MO833] Paramount Iteration,0,159,39.8767838478,0.336835861206
160 -- 3.5974365837592135 --- TKE: 0.9999999999999236 
[MO833] Paramount Iteration,1,160,40.1154849529,0.342674016953
[MO833] Paramount Iteration,0,160,40.11013484,0.233350992203
161 -- 3.6199205643588184 --- TKE: 0.9999999999999232 
[MO833] Paramount Iteration,1,161,40.3502891064,0.234804153442
[MO833] Paramount Iteration,0,161,40.3449399471,0.234805107117
162 -- 3.6424045449584215 --- TKE: 0.9999999999999227 
[MO833] Paramount Iteration,1,162,40.5850419998,0.234752893448
[MO833] Paramount Iteration,0,162,40.5796928406,0.234752893448
163 -- 3.664888525558017 --- TKE: 0.9999999999999221 
[MO833] Paramount Iteration,1,163,40.8192439079,0.234201908112
[MO833] Paramount Iteration,0,163,40.8138949871,0.23420214653
164 -- 3.6873725061576073 --- TKE: 0.9999999999999218 
[MO833] Paramount Iteration,1,164,41.048459053,0.229215145111
[MO833] Paramount Iteration,0,164,41.0431108475,0.229215860367
165 -- 3.709856486757193 --- TKE: 0.9999999999999214 
[MO833] Paramount Iteration,1,165,41.277659893,0.229200839996
[MO833] Paramount Iteration,0,165,41.2723109722,0.229200124741
166 -- 3.7323404673407996 --- TKE: 0.999999999999921 
[MO833] Paramount Iteration,1,166,41.5066680908,0.229008197784
[MO833] Paramount Iteration,0,166,41.5013189316,0.229007959366
167 -- 3.7548244479403867 --- TKE: 0.9999999999999203 
[MO833] Paramount Iteration,1,167,41.7350649834,0.228396892548
[MO833] Paramount Iteration,0,167,41.7297158241,0.228396892548
168 -- 3.7773084285399765 --- TKE: 0.9999999999999196 
[MO833] Paramount Iteration,1,168,41.9626500607,0.227585077286
[MO833] Paramount Iteration,0,168,41.9572999477,0.227584123611
169 -- 3.7997924091395707 --- TKE: 0.9999999999999194 
[MO833] Paramount Iteration,1,169,42.1901419163,0.227491855621
[MO833] Paramount Iteration,0,169,42.2925379276,0.335237979889
170 -- 3.8222763897391707 --- TKE: 0.9999999999999187 
[MO833] Paramount Iteration,1,170,42.5289180279,0.338776111603
[MO833] Paramount Iteration,0,170,42.523567915,0.231029987335
171 -- 3.844760370338771 --- TKE: 0.9999999999999183 
[MO833] Paramount Iteration,1,171,42.757723093,0.228805065155
[MO833] Paramount Iteration,0,171,42.7523748875,0.228806972504
172 -- 3.8672443509383587 --- TKE: 0.9999999999999178 
[MO833] Paramount Iteration,1,172,42.986481905,0.228758811951
[MO833] Paramount Iteration,0,172,42.9811329842,0.228758096695
173 -- 3.8897283315379436 --- TKE: 0.9999999999999174 
[MO833] Paramount Iteration,1,173,43.2186179161,0.232136011124
[MO833] Paramount Iteration,0,173,43.213288784,0.232155799866
174 -- 3.912212312137525 --- TKE: 0.999999999999917 
[MO833] Paramount Iteration,1,174,43.4475739002,0.228955984116
[MO833] Paramount Iteration,0,174,43.4422249794,0.228936195374
175 -- 3.934696292737101 --- TKE: 0.9999999999999165 
[MO833] Paramount Iteration,1,175,43.6765310764,0.228957176208
[MO833] Paramount Iteration,0,175,43.6711819172,0.22895693779
176 -- 3.95718027333668 --- TKE: 0.9999999999999161 
[MO833] Paramount Iteration,1,176,43.905493021,0.22896194458
[MO833] Paramount Iteration,0,176,43.9001429081,0.228960990906
177 -- 3.9796642539362646 --- TKE: 0.9999999999999154 
[MO833] Paramount Iteration,1,177,44.134428978,0.228935956955
[MO833] Paramount Iteration,0,177,44.1290798187,0.228936910629
178 -- 4.002148234535856 --- TKE: 0.999999999999915 
[MO833] Paramount Iteration,1,178,44.3676729202,0.233243942261
[MO833] Paramount Iteration,0,178,44.3623239994,0.233244180679
179 -- 4.024632215135454 --- TKE: 0.9999999999999145 
[MO833] Paramount Iteration,1,179,44.6055660248,0.237893104553
[MO833] Paramount Iteration,0,179,44.7120909691,0.349766969681
180 -- 4.0471161957350485 --- TKE: 0.9999999999999141 
[MO833] Paramount Iteration,1,180,44.9483249187,0.342758893967
[MO833] Paramount Iteration,0,180,44.9429748058,0.230883836746
181 -- 4.069600176334632 --- TKE: 0.9999999999999134 
[MO833] Paramount Iteration,1,181,45.1772279739,0.228903055191
[MO833] Paramount Iteration,0,181,45.1718800068,0.228905200958
182 -- 4.092084156934207 --- TKE: 0.9999999999999132 
[MO833] Paramount Iteration,1,182,45.4061129093,0.228884935379
[MO833] Paramount Iteration,0,182,45.4007639885,0.228883981705
183 -- 4.114568137533776 --- TKE: 0.9999999999999125 
[MO833] Paramount Iteration,1,183,45.6348690987,0.228756189346
[MO833] Paramount Iteration,0,183,45.6295208931,0.228756904602
184 -- 4.137052118133348 --- TKE: 0.9999999999999121 
[MO833] Paramount Iteration,1,184,45.8638489246,0.228979825974
[MO833] Paramount Iteration,0,184,45.8585000038,0.228979110718
185 -- 4.1595360987329215 --- TKE: 0.9999999999999116 
[MO833] Paramount Iteration,1,185,46.0929229259,0.229074001312
[MO833] Paramount Iteration,0,185,46.0875740051,0.229074001312
186 -- 4.182020079332502 --- TKE: 0.9999999999999112 
[MO833] Paramount Iteration,1,186,46.3205039501,0.22758102417
[MO833] Paramount Iteration,0,186,46.3151547909,0.227580785751
187 -- 4.204504059932089 --- TKE: 0.9999999999999107 
[MO833] Paramount Iteration,1,187,46.5481319427,0.22762799263
[MO833] Paramount Iteration,0,187,46.5427839756,0.227629184723
188 -- 4.226988040531685 --- TKE: 0.9999999999999103 
[MO833] Paramount Iteration,1,188,46.775744915,0.22761297226
[MO833] Paramount Iteration,0,188,46.7703959942,0.227612018585
189 -- 4.249472021131279 --- TKE: 0.9999999999999096 
[MO833] Paramount Iteration,1,189,47.0032351017,0.227490186691
[MO833] Paramount Iteration,0,189,47.105645895,0.335249900818
190 -- 4.2719560017308575 --- TKE: 0.999999999999909 
[MO833] Paramount Iteration,1,190,47.3460431099,0.342808008194
[MO833] Paramount Iteration,0,190,47.340692997,0.235047101974
191 -- 4.294439982330431 --- TKE: 0.9999999999999087 
[MO833] Paramount Iteration,1,191,47.5804219246,0.234378814697
[MO833] Paramount Iteration,0,191,47.5750739574,0.234380960464
192 -- 4.316923962930004 --- TKE: 0.9999999999999083 
[MO833] Paramount Iteration,1,192,47.8140459061,0.233623981476
[MO833] Paramount Iteration,0,192,47.8087129593,0.233639001846
193 -- 4.339407943529572 --- TKE: 0.9999999999999076 
[MO833] Paramount Iteration,1,193,48.0430929661,0.229047060013
[MO833] Paramount Iteration,0,193,48.0377438068,0.229030847549
194 -- 4.361891924129147 --- TKE: 0.9999999999999072 
[MO833] Paramount Iteration,1,194,48.2720370293,0.228944063187
[MO833] Paramount Iteration,0,194,48.2666888237,0.228945016861
195 -- 4.384375904728726 --- TKE: 0.9999999999999067 
[MO833] Paramount Iteration,1,195,48.5010800362,0.229043006897
[MO833] Paramount Iteration,0,195,48.4957308769,0.229042053223
196 -- 4.4068598853283145 --- TKE: 0.9999999999999063 
[MO833] Paramount Iteration,1,196,48.7302749157,0.229194879532
[MO833] Paramount Iteration,0,196,48.7249259949,0.22919511795
197 -- 4.42934386592791 --- TKE: 0.9999999999999059 
[MO833] Paramount Iteration,1,197,48.959291935,0.229017019272
[MO833] Paramount Iteration,0,197,48.9539439678,0.229017972946
198 -- 4.451827846527496 --- TKE: 0.9999999999999054 
[MO833] Paramount Iteration,1,198,49.1884460449,0.229154109955
[MO833] Paramount Iteration,0,198,49.183095932,0.229151964188
199 -- 4.474311827127072 --- TKE: 0.999999999999905 
[MO833] Paramount Iteration,1,199,49.4175059795,0.229059934616
[MO833] Paramount Iteration,0,199,49.5478618145,0.364765882492
200 -- 4.496795807726643 --- TKE: 0.9999999999999045 
[MO833] Paramount Iteration,1,200,49.7847270966,0.36722111702
[MO833] Paramount Iteration,0,200,49.7793769836,0.231515169144
201 -- 4.519279788326208 --- TKE: 0.9999999999999041 
[MO833] Paramount Iteration,1,201,50.0141820908,0.229454994202
[MO833] Paramount Iteration,0,201,50.0088329315,0.229455947876
202 -- 4.541763768925774 --- TKE: 0.9999999999999034 
[MO833] Paramount Iteration,1,202,50.2430799007,0.228897809982
[MO833] Paramount Iteration,0,202,50.2377309799,0.228898048401
203 -- 4.564247749525343 --- TKE: 0.9999999999999032 
[MO833] Paramount Iteration,1,203,50.4765110016,0.233431100845
[MO833] Paramount Iteration,0,203,50.471162796,0.233431816101
204 -- 4.58673173012492 --- TKE: 0.9999999999999023 
[MO833] Paramount Iteration,1,204,50.704447031,0.227936029434
[MO833] Paramount Iteration,0,204,50.6990988255,0.227936029434
205 -- 4.609215710724505 --- TKE: 0.9999999999999019 
[MO833] Paramount Iteration,1,205,50.9324100018,0.227962970734
[MO833] Paramount Iteration,0,205,50.9270608425,0.227962017059
206 -- 4.631699691324103 --- TKE: 0.9999999999999014 
[MO833] Paramount Iteration,1,206,51.1602649689,0.227854967117
[MO833] Paramount Iteration,0,206,51.1549158096,0.227854967117
207 -- 4.654183671923689 --- TKE: 0.999999999999901 
[MO833] Paramount Iteration,1,207,51.3882670403,0.228002071381
[MO833] Paramount Iteration,0,207,51.382917881,0.228002071381
208 -- 4.676667652523267 --- TKE: 0.9999999999999005 
[MO833] Paramount Iteration,1,208,51.6162071228,0.22794008255
[MO833] Paramount Iteration,0,208,51.6108579636,0.22794008255
209 -- 4.699151633122833 --- TKE: 0.9999999999999001 
[MO833] Paramount Iteration,1,209,51.844381094,0.228173971176
[MO833] Paramount Iteration,0,209,51.9465939999,0.335736036301
210 -- 4.721635613722397 --- TKE: 0.9999999999998996 
[MO833] Paramount Iteration,1,210,52.1832818985,0.33890080452
[MO833] Paramount Iteration,0,210,52.1779317856,0.231337785721
211 -- 4.744119594321963 --- TKE: 0.9999999999998992 
[MO833] Paramount Iteration,1,211,52.412749052,0.229467153549
[MO833] Paramount Iteration,0,211,52.4073998928,0.229468107224
212 -- 4.766603574921529 --- TKE: 0.9999999999998987 
[MO833] Paramount Iteration,1,212,52.6422660351,0.229516983032
[MO833] Paramount Iteration,0,212,52.6369168758,0.229516983032
213 -- 4.789087555521107 --- TKE: 0.9999999999998983 
[MO833] Paramount Iteration,1,213,52.8716449738,0.229378938675
[MO833] Paramount Iteration,0,213,52.8662970066,0.229380130768
214 -- 4.811571536120699 --- TKE: 0.9999999999998979 
[MO833] Paramount Iteration,1,214,53.1011600494,0.229515075684
[MO833] Paramount Iteration,0,214,53.0958108902,0.229513883591
215 -- 4.8340555167203005 --- TKE: 0.9999999999998974 
[MO833] Paramount Iteration,1,215,53.3326148987,0.231454849243
[MO833] Paramount Iteration,0,215,53.3272659779,0.231455087662
216 -- 4.856539497319888 --- TKE: 0.999999999999897 
[MO833] Paramount Iteration,1,216,53.5712709427,0.238656044006
[MO833] Paramount Iteration,0,216,53.5659298897,0.238663911819
217 -- 4.879023477919465 --- TKE: 0.9999999999998965 
[MO833] Paramount Iteration,1,217,53.799571991,0.228301048279
[MO833] Paramount Iteration,0,217,53.7942228317,0.228292942047
218 -- 4.901507458519036 --- TKE: 0.9999999999998959 
[MO833] Paramount Iteration,1,218,54.0272939205,0.22772192955
[MO833] Paramount Iteration,0,218,54.0219449997,0.227722167969
219 -- 4.9239914391186 --- TKE: 0.9999999999998956 
[MO833] Paramount Iteration,1,219,54.2585330009,0.231239080429
[MO833] Paramount Iteration,0,219,54.3640909195,0.3421459198
220 -- 4.946475419718166 --- TKE: 0.999999999999895 
[MO833] Paramount Iteration,1,220,54.6008620262,0.342329025269
[MO833] Paramount Iteration,0,220,54.5955119133,0.231420993805
221 -- 4.968959400317736 --- TKE: 0.9999999999998945 
[MO833] Paramount Iteration,1,221,54.8304901123,0.22962808609
[MO833] Paramount Iteration,0,221,54.8251419067,0.229629993439
222 -- 4.991443380917313 --- TKE: 0.9999999999998939 
[MO833] Paramount Iteration,1,222,55.0601229668,0.229632854462
[MO833] Paramount Iteration,0,222,55.0547738075,0.229631900787
223 -- 5.013927361516902 --- TKE: 0.9999999999998934 
[MO833] Paramount Iteration,1,223,55.2896471024,0.22952413559
[MO833] Paramount Iteration,0,223,55.2842979431,0.22952413559
224 -- 5.036411342116496 --- TKE: 0.999999999999893 
[MO833] Paramount Iteration,1,224,55.5192871094,0.229640007019
[MO833] Paramount Iteration,0,224,55.5139379501,0.229640007019
225 -- 5.058895322716081 --- TKE: 0.9999999999998925 
[MO833] Paramount Iteration,1,225,55.7488529682,0.229565858841
[MO833] Paramount Iteration,0,225,55.7435028553,0.229564905167
226 -- 5.081379303315652 --- TKE: 0.9999999999998921 
[MO833] Paramount Iteration,1,226,55.9783420563,0.229489088058
[MO833] Paramount Iteration,0,226,55.9729919434,0.229489088058
227 -- 5.103863283915223 --- TKE: 0.9999999999998916 
[MO833] Paramount Iteration,1,227,56.207914114,0.229572057724
[MO833] Paramount Iteration,0,227,56.2025659084,0.229573965073
228 -- 5.126347264514789 --- TKE: 0.999999999999891 
[MO833] Paramount Iteration,1,228,56.4416310787,0.233716964722
[MO833] Paramount Iteration,0,228,56.4362828732,0.233716964722
229 -- 5.148831245114358 --- TKE: 0.9999999999998908 
[MO833] Paramount Iteration,1,229,56.6711599827,0.229528903961
[MO833] Paramount Iteration,0,229,56.7744259834,0.338143110275
230 -- 5.1713152257139265 --- TKE: 0.9999999999998903 
[MO833] Paramount Iteration,1,230,57.0114030838,0.34024310112
[MO833] Paramount Iteration,0,230,57.0060520172,0.231626033783
231 -- 5.193799206313509 --- TKE: 0.9999999999998896 
[MO833] Paramount Iteration,1,231,57.2410740852,0.229671001434
[MO833] Paramount Iteration,0,231,57.235724926,0.229672908783
232 -- 5.216283186913109 --- TKE: 0.9999999999998892 
[MO833] Paramount Iteration,1,232,57.470607996,0.229533910751
[MO833] Paramount Iteration,0,232,57.4652588367,0.229533910751
233 -- 5.238767167512705 --- TKE: 0.9999999999998885 
[MO833] Paramount Iteration,1,233,57.7000899315,0.229481935501
[MO833] Paramount Iteration,0,233,57.6947410107,0.22948217392
234 -- 5.2612511481122874 --- TKE: 0.9999999999998881 
[MO833] Paramount Iteration,1,234,57.9295680523,0.229478120804
[MO833] Paramount Iteration,0,234,57.9242188931,0.229477882385
235 -- 5.283735128711861 --- TKE: 0.9999999999998879 
[MO833] Paramount Iteration,1,235,58.1587519646,0.229183912277
[MO833] Paramount Iteration,0,235,58.1534039974,0.22918510437
236 -- 5.306219109311428 --- TKE: 0.9999999999998872 
[MO833] Paramount Iteration,1,236,58.3866479397,0.227895975113
[MO833] Paramount Iteration,0,236,58.3812987804,0.22789478302
237 -- 5.328703089910997 --- TKE: 0.9999999999998868 
[MO833] Paramount Iteration,1,237,58.614522934,0.227874994278
[MO833] Paramount Iteration,0,237,58.6091749668,0.227876186371
238 -- 5.351187070510567 --- TKE: 0.9999999999998863 
[MO833] Paramount Iteration,1,238,58.8424639702,0.227941036224
[MO833] Paramount Iteration,0,238,58.837116003,0.227941036224
239 -- 5.3736710511101435 --- TKE: 0.9999999999998859 
[MO833] Paramount Iteration,1,239,59.0710921288,0.228628158569
[MO833] Paramount Iteration,0,239,59.1745259762,0.337409973145
240 -- 5.39615503170973 --- TKE: 0.9999999999998854 
[MO833] Paramount Iteration,1,240,59.411468029,0.340375900269
[MO833] Paramount Iteration,0,240,59.4061169624,0.231590986252
241 -- 5.418639012309329 --- TKE: 0.9999999999998848 
[MO833] Paramount Iteration,1,241,59.6464869976,0.235018968582
[MO833] Paramount Iteration,0,241,59.6411378384,0.235020875931
242 -- 5.441122992908923 --- TKE: 0.9999999999998845 
[MO833] Paramount Iteration,1,242,59.8784780502,0.231991052628
[MO833] Paramount Iteration,0,242,59.873128891,0.231991052628
243 -- 5.463606973508504 --- TKE: 0.9999999999998841 
[MO833] Paramount Iteration,1,243,60.1079630852,0.229485034943
[MO833] Paramount Iteration,0,243,60.1026139259,0.229485034943
244 -- 5.486090954108075 --- TKE: 0.9999999999998834 
[MO833] Paramount Iteration,1,244,60.3372719288,0.229308843613
[MO833] Paramount Iteration,0,244,60.331923008,0.229309082031
245 -- 5.508574934707642 --- TKE: 0.999999999999883 
[MO833] Paramount Iteration,1,245,60.5667550564,0.229483127594
[MO833] Paramount Iteration,0,245,60.5614049435,0.229481935501
246 -- 5.531058915307213 --- TKE: 0.9999999999998825 
[MO833] Paramount Iteration,1,246,60.7961189747,0.229363918304
[MO833] Paramount Iteration,0,246,60.7907688618,0.229363918304
247 -- 5.5535428959067845 --- TKE: 0.9999999999998821 
[MO833] Paramount Iteration,1,247,61.0254929066,0.229373931885
[MO833] Paramount Iteration,0,247,61.0201439857,0.229375123978
248 -- 5.576026876506363 --- TKE: 0.9999999999998814 
[MO833] Paramount Iteration,1,248,61.2550010681,0.229508161545
[MO833] Paramount Iteration,0,248,61.2496519089,0.229507923126
249 -- 5.59851085710595 --- TKE: 0.999999999999881 
[MO833] Paramount Iteration,1,249,61.4843699932,0.229368925095
[MO833] Paramount Iteration,0,249,61.587433815,0.337781906128
250 -- 5.620994837705554 --- TKE: 0.9999999999998805 
[MO833] Paramount Iteration,1,250,61.8242669106,0.339896917343
[MO833] Paramount Iteration,0,250,61.8189167976,0.231482982635
251 -- 5.6434788183051445 --- TKE: 0.9999999999998801 
[MO833] Paramount Iteration,1,251,62.0536770821,0.229410171509
[MO833] Paramount Iteration,0,251,62.0483288765,0.229412078857
252 -- 5.6659627989047205 --- TKE: 0.9999999999998797 
[MO833] Paramount Iteration,1,252,62.2820250988,0.228348016739
[MO833] Paramount Iteration,0,252,62.2766749859,0.22834610939
253 -- 5.688446779504294 --- TKE: 0.9999999999998792 
[MO833] Paramount Iteration,1,253,62.5099499226,0.227924823761
[MO833] Paramount Iteration,0,253,62.5046019554,0.227926969528
254 -- 5.710930760103862 --- TKE: 0.9999999999998788 
[MO833] Paramount Iteration,1,254,62.7377519608,0.227802038193
[MO833] Paramount Iteration,0,254,62.7324028015,0.2278008461
255 -- 5.733414740703433 --- TKE: 0.9999999999998783 
[MO833] Paramount Iteration,1,255,62.9654810429,0.227729082108
[MO833] Paramount Iteration,0,255,62.9601328373,0.227730035782
256 -- 5.755898721303008 --- TKE: 0.9999999999998777 
[MO833] Paramount Iteration,1,256,63.1933209896,0.227839946747
[MO833] Paramount Iteration,0,256,63.187972784,0.227839946747
257 -- 5.778382701902587 --- TKE: 0.9999999999998772 
[MO833] Paramount Iteration,1,257,63.4211599827,0.227838993073
[MO833] Paramount Iteration,0,257,63.4158120155,0.227839231491
258 -- 5.800866682502184 --- TKE: 0.9999999999998768 
[MO833] Paramount Iteration,1,258,63.6489949226,0.227834939957
[MO833] Paramount Iteration,0,258,63.6436460018,0.227833986282
259 -- 5.8233506631017855 --- TKE: 0.9999999999998765 
[MO833] Paramount Iteration,1,259,63.877063036,0.228068113327
[MO833] Paramount Iteration,0,259,63.979339838,0.335693836212
260 -- 5.845834643701368 --- TKE: 0.9999999999998757 
[MO833] Paramount Iteration,1,260,64.2161281109,0.339065074921
[MO833] Paramount Iteration,0,260,64.2107789516,0.231439113617
261 -- 5.868318624300941 --- TKE: 0.9999999999998754 
[MO833] Paramount Iteration,1,261,64.4454810619,0.22935295105
[MO833] Paramount Iteration,0,261,64.4401328564,0.229353904724
262 -- 5.890802604900512 --- TKE: 0.999999999999875 
[MO833] Paramount Iteration,1,262,64.6748731136,0.229392051697
[MO833] Paramount Iteration,0,262,64.6695239544,0.229391098022
263 -- 5.913286585500081 --- TKE: 0.9999999999998743 
[MO833] Paramount Iteration,1,263,64.9044010639,0.229527950287
[MO833] Paramount Iteration,0,263,64.8990528584,0.229528903961
264 -- 5.9357705660996505 --- TKE: 0.9999999999998741 
[MO833] Paramount Iteration,1,264,65.1337819099,0.229380846024
[MO833] Paramount Iteration,0,264,65.1284329891,0.229380130768
265 -- 5.958254546699222 --- TKE: 0.9999999999998734 
[MO833] Paramount Iteration,1,265,65.3633549213,0.229573011398
[MO833] Paramount Iteration,0,265,65.3580069542,0.229573965073
266 -- 5.980738527298808 --- TKE: 0.999999999999873 
[MO833] Paramount Iteration,1,266,65.5926320553,0.229277133942
[MO833] Paramount Iteration,0,266,65.587282896,0.229275941849
267 -- 6.003222507851475 --- TKE: 0.9999999999998725 
[MO833] Paramount Iteration,1,267,65.8295810223,0.23694896698
[MO833] Paramount Iteration,0,267,65.8242268562,0.23694396019
268 -- 6.025706488260105 --- TKE: 0.9999999999998721 
[MO833] Paramount Iteration,1,268,66.0580329895,0.228451967239
[MO833] Paramount Iteration,0,268,66.0526847839,0.228457927704
269 -- 6.0481904687618115 --- TKE: 0.9999999999998714 
[MO833] Paramount Iteration,1,269,66.2858200073,0.227787017822
[MO833] Paramount Iteration,0,269,66.3926138878,0.339929103851
270 -- 6.070674449361386 --- TKE: 0.9999999999998712 
[MO833] Paramount Iteration,1,270,66.629322052,0.343502044678
[MO833] Paramount Iteration,0,270,66.6239719391,0.2313580513
271 -- 6.093158429960954 --- TKE: 0.9999999999998705 
[MO833] Paramount Iteration,1,271,66.858684063,0.229362010956
[MO833] Paramount Iteration,0,271,66.8533349037,0.22936296463
272 -- 6.1156424105605245 --- TKE: 0.9999999999998701 
[MO833] Paramount Iteration,1,272,67.0880930424,0.229408979416
[MO833] Paramount Iteration,0,272,67.0827448368,0.22940993309
273 -- 6.138126391160097 --- TKE: 0.9999999999998697 
[MO833] Paramount Iteration,1,273,67.3175919056,0.22949886322
[MO833] Paramount Iteration,0,273,67.3122429848,0.229498147964
274 -- 6.160610371759676 --- TKE: 0.999999999999869 
[MO833] Paramount Iteration,1,274,67.5470619202,0.229470014572
[MO833] Paramount Iteration,0,274,67.5417129993,0.229470014572
275 -- 6.183094352359266 --- TKE: 0.9999999999998685 
[MO833] Paramount Iteration,1,275,67.7765660286,0.229504108429
[MO833] Paramount Iteration,0,275,67.7712168694,0.22950387001
276 -- 6.20557833270777 --- TKE: 0.9999999999998681 
[MO833] Paramount Iteration,1,276,68.0059039593,0.229337930679
[MO833] Paramount Iteration,0,276,68.0005548,0.229337930679
277 -- 6.228062312864244 --- TKE: 0.9999999999998677 
[MO833] Paramount Iteration,1,277,68.2354009151,0.229496955872
[MO833] Paramount Iteration,0,277,68.2300519943,0.22949719429
278 -- 6.250546293077216 --- TKE: 0.9999999999998672 
[MO833] Paramount Iteration,1,278,68.4649219513,0.229521036148
[MO833] Paramount Iteration,0,278,68.4595727921,0.229520797729
279 -- 6.273030273569177 --- TKE: 0.9999999999998668 
[MO833] Paramount Iteration,1,279,68.6942350864,0.229313135147
[MO833] Paramount Iteration,0,279,68.7962608337,0.336688041687
280 -- 6.295514254168745 --- TKE: 0.9999999999998663 
[MO833] Paramount Iteration,1,280,69.0328640938,0.338629007339
[MO833] Paramount Iteration,0,280,69.0275139809,0.231253147125
281 -- 6.3179982347683135 --- TKE: 0.9999999999998659 
[MO833] Paramount Iteration,1,281,69.2621319294,0.229267835617
[MO833] Paramount Iteration,0,281,69.2567830086,0.22926902771
282 -- 6.340482215367885 --- TKE: 0.9999999999998652 
[MO833] Paramount Iteration,1,282,69.4916610718,0.22952914238
[MO833] Paramount Iteration,0,282,69.4863119125,0.229528903961
283 -- 6.362966195967469 --- TKE: 0.999999999999865 
[MO833] Paramount Iteration,1,283,69.7210590839,0.229398012161
[MO833] Paramount Iteration,0,283,69.7157108784,0.229398965836
284 -- 6.385450176567063 --- TKE: 0.9999999999998641 
[MO833] Paramount Iteration,1,284,69.9505710602,0.229511976242
[MO833] Paramount Iteration,0,284,69.9452219009,0.229511022568
285 -- 6.407934156703588 --- TKE: 0.9999999999998639 
[MO833] Paramount Iteration,1,285,70.1794409752,0.228869915009
[MO833] Paramount Iteration,0,285,70.1740908623,0.228868961334
286 -- 6.430418136611803 --- TKE: 0.9999999999998632 
[MO833] Paramount Iteration,1,286,70.4072930813,0.227852106094
[MO833] Paramount Iteration,0,286,70.4019429684,0.227852106094
287 -- 6.452902116551987 --- TKE: 0.9999999999998628 
[MO833] Paramount Iteration,1,287,70.6351590157,0.227865934372
[MO833] Paramount Iteration,0,287,70.6298098564,0.227866888046
288 -- 6.475386096761695 --- TKE: 0.9999999999998623 
[MO833] Paramount Iteration,1,288,70.8629310131,0.227771997452
[MO833] Paramount Iteration,0,288,70.8575818539,0.227771997452
289 -- 6.4978700773612585 --- TKE: 0.9999999999998619 
[MO833] Paramount Iteration,1,289,71.0907349586,0.227803945541
[MO833] Paramount Iteration,0,289,71.1942169666,0.336635112762
290 -- 6.520354057960824 --- TKE: 0.9999999999998614 
[MO833] Paramount Iteration,1,290,71.4308650494,0.340130090714
[MO833] Paramount Iteration,0,290,71.4255149364,0.231297969818
291 -- 6.542838038560398 --- TKE: 0.999999999999861 
[MO833] Paramount Iteration,1,291,71.6602489948,0.229383945465
[MO833] Paramount Iteration,0,291,71.6549007893,0.229385852814
292 -- 6.565322019159983 --- TKE: 0.9999999999998606 
[MO833] Paramount Iteration,1,292,71.8904619217,0.230212926865
[MO833] Paramount Iteration,0,292,71.8851139545,0.230213165283
293 -- 6.58780599962019 --- TKE: 0.9999999999998601 
[MO833] Paramount Iteration,1,293,72.1198589802,0.229397058487
[MO833] Paramount Iteration,0,293,72.114511013,0.229397058487
294 -- 6.6102899795412995 --- TKE: 0.9999999999998597 
[MO833] Paramount Iteration,1,294,72.3491969109,0.229337930679
[MO833] Paramount Iteration,0,294,72.34384799,0.229336977005
295 -- 6.632773959209342 --- TKE: 0.999999999999859 
[MO833] Paramount Iteration,1,295,72.5790169239,0.229820013046
[MO833] Paramount Iteration,0,295,72.5736839771,0.229835987091
296 -- 6.65525793889645 --- TKE: 0.9999999999998586 
[MO833] Paramount Iteration,1,296,72.8084020615,0.229385137558
[MO833] Paramount Iteration,0,296,72.8030529022,0.229368925095
297 -- 6.677741918854701 --- TKE: 0.9999999999998581 
[MO833] Paramount Iteration,1,297,73.0378060341,0.229403972626
[MO833] Paramount Iteration,0,297,73.0324568748,0.229403972626
298 -- 6.700225899311414 --- TKE: 0.9999999999998577 
[MO833] Paramount Iteration,1,298,73.2669889927,0.229182958603
[MO833] Paramount Iteration,0,298,73.2616398335,0.229182958603
299 -- 6.7227098799109815 --- TKE: 0.999999999999857 
[MO833] Paramount Iteration,1,299,73.4962129593,0.229223966599
[MO833] Paramount Iteration,0,299,73.5994019508,0.337762117386
300 -- 6.745193860510557 --- TKE: 0.9999999999998566 
[MO833] Paramount Iteration,1,300,73.8360340595,0.339821100235
[MO833] Paramount Iteration,0,300,73.8306839466,0.231281995773
301 -- 6.767677841110145 --- TKE: 0.9999999999998561 
[MO833] Paramount Iteration,1,301,74.0653069019,0.229272842407
[MO833] Paramount Iteration,0,301,74.0599589348,0.229274988174
302 -- 6.790161821378288 --- TKE: 0.9999999999998557 
[MO833] Paramount Iteration,1,302,74.2934849262,0.228178024292
[MO833] Paramount Iteration,0,302,74.2881360054,0.228177070618
303 -- 6.8126458010848285 --- TKE: 0.9999999999998552 
[MO833] Paramount Iteration,1,303,74.5211610794,0.227676153183
[MO833] Paramount Iteration,0,303,74.5158128738,0.227676868439
304 -- 6.835129780524743 --- TKE: 0.9999999999998548 
[MO833] Paramount Iteration,1,304,74.7488789558,0.227717876434
[MO833] Paramount Iteration,0,304,74.7435309887,0.227718114853
305 -- 6.85761375998188 --- TKE: 0.9999999999998543 
[MO833] Paramount Iteration,1,305,74.9765489101,0.2276699543
[MO833] Paramount Iteration,0,305,74.9711999893,0.227669000626
306 -- 6.880097739722095 --- TKE: 0.9999999999998539 
[MO833] Paramount Iteration,1,306,75.2042219639,0.227673053741
[MO833] Paramount Iteration,0,306,75.1988728046,0.227672815323
307 -- 6.902581719987626 --- TKE: 0.9999999999998535 
[MO833] Paramount Iteration,1,307,75.4318361282,0.227614164352
[MO833] Paramount Iteration,0,307,75.426486969,0.227614164352
308 -- 6.925065700587196 --- TKE: 0.999999999999853 
[MO833] Paramount Iteration,1,308,75.6596570015,0.22782087326
[MO833] Paramount Iteration,0,308,75.6543087959,0.227821826935
309 -- 6.947549681186769 --- TKE: 0.9999999999998523 
[MO833] Paramount Iteration,1,309,75.887650013,0.227993011475
[MO833] Paramount Iteration,0,309,75.9909739494,0.336665153503
310 -- 6.970033661786361 --- TKE: 0.9999999999998519 
[MO833] Paramount Iteration,1,310,76.2276520729,0.340002059937
[MO833] Paramount Iteration,0,310,76.22230196,0.231328010559
311 -- 6.992517641856944 --- TKE: 0.9999999999998515 
[MO833] Paramount Iteration,1,311,76.4569311142,0.22927904129
[MO833] Paramount Iteration,0,311,76.4515829086,0.229280948639
312 -- 7.015001621353901 --- TKE: 0.999999999999851 
[MO833] Paramount Iteration,1,312,76.686150074,0.229218959808
[MO833] Paramount Iteration,0,312,76.6808018684,0.229218959808
313 -- 7.037485600581394 --- TKE: 0.9999999999998506 
[MO833] Paramount Iteration,1,313,76.9153280258,0.229177951813
[MO833] Paramount Iteration,0,313,76.9099798203,0.229177951813
314 -- 7.059969579834643 --- TKE: 0.9999999999998499 
[MO833] Paramount Iteration,1,314,77.1445810795,0.229253053665
[MO833] Paramount Iteration,0,314,77.1392319202,0.229252099991
315 -- 7.082453559392314 --- TKE: 0.9999999999998495 
[MO833] Paramount Iteration,1,315,77.3738229275,0.229241847992
[MO833] Paramount Iteration,0,315,77.3684740067,0.229242086411
316 -- 7.104937539510077 --- TKE: 0.999999999999849 
[MO833] Paramount Iteration,1,316,77.6032650471,0.229442119598
[MO833] Paramount Iteration,0,316,77.5979168415,0.229442834854
317 -- 7.12742151990268 --- TKE: 0.9999999999998486 
[MO833] Paramount Iteration,1,317,77.8312599659,0.227994918823
[MO833] Paramount Iteration,0,317,77.8259119987,0.227995157242
318 -- 7.149905500376332 --- TKE: 0.9999999999998481 
[MO833] Paramount Iteration,1,318,78.059014082,0.227754116058
[MO833] Paramount Iteration,0,318,78.0536658764,0.22775387764
319 -- 7.172389480975922 --- TKE: 0.9999999999998477 
[MO833] Paramount Iteration,1,319,78.2867810726,0.227766990662
[MO833] Paramount Iteration,0,319,78.3889679909,0.335302114487
320 -- 7.194873460847672 --- TKE: 0.9999999999998472 
[MO833] Paramount Iteration,1,320,78.6255450249,0.338763952255
[MO833] Paramount Iteration,0,320,78.620194912,0.231226921082
321 -- 7.217357440143902 --- TKE: 0.9999999999998468 
[MO833] Paramount Iteration,1,321,78.8550179005,0.229472875595
[MO833] Paramount Iteration,0,321,78.8496699333,0.229475021362
322 -- 7.239841419177979 --- TKE: 0.9999999999998461 
[MO833] Paramount Iteration,1,322,79.0845730305,0.229555130005
[MO833] Paramount Iteration,0,322,79.0792238712,0.229553937912
323 -- 7.2623253982559355 --- TKE: 0.9999999999998457 
[MO833] Paramount Iteration,1,323,79.3137989044,0.229225873947
[MO833] Paramount Iteration,0,323,79.3084499836,0.229226112366
324 -- 7.2848093776681315 --- TKE: 0.9999999999998452 
[MO833] Paramount Iteration,1,324,79.5431039333,0.229305028915
[MO833] Paramount Iteration,0,324,79.5377550125,0.229305028915
325 -- 7.307293357682042 --- TKE: 0.9999999999998448 
[MO833] Paramount Iteration,1,325,79.7751069069,0.232002973557
[MO833] Paramount Iteration,0,325,79.7697358131,0.231980800629
326 -- 7.3297773378442965 --- TKE: 0.9999999999998443 
[MO833] Paramount Iteration,1,326,80.0052440166,0.230137109756
[MO833] Paramount Iteration,0,326,79.9998948574,0.230159044266
327 -- 7.352261318108462 --- TKE: 0.9999999999998437 
[MO833] Paramount Iteration,1,327,80.2346019745,0.22935795784
[MO833] Paramount Iteration,0,327,80.2292528152,0.22935795784
328 -- 7.374745298524202 --- TKE: 0.9999999999998432 
[MO833] Paramount Iteration,1,328,80.4622220993,0.227620124817
[MO833] Paramount Iteration,0,328,80.4568738937,0.227621078491
329 -- 7.397229278199905 --- TKE: 0.9999999999998428 
[MO833] Paramount Iteration,1,329,80.6932508945,0.231028795242
[MO833] Paramount Iteration,0,329,80.8001358509,0.343261957169
330 -- 7.41971325730785 --- TKE: 0.9999999999998423 
[MO833] Paramount Iteration,1,330,81.0367379189,0.343487024307
[MO833] Paramount Iteration,0,330,81.0313878059,0.231251955032
331 -- 7.442197236170435 --- TKE: 0.9999999999998419 
[MO833] Paramount Iteration,1,331,81.265969038,0.229231119156
[MO833] Paramount Iteration,0,331,81.2606208324,0.229233026505
332 -- 7.464681215103749 --- TKE: 0.9999999999998415 
[MO833] Paramount Iteration,1,332,81.4951870441,0.229218006134
[MO833] Paramount Iteration,0,332,81.4898388386,0.229218006134
333 -- 7.487165194408604 --- TKE: 0.9999999999998408 
[MO833] Paramount Iteration,1,333,81.7244899273,0.229302883148
[MO833] Paramount Iteration,0,333,81.7191419601,0.229303121567
334 -- 7.50964917430941 --- TKE: 0.9999999999998403 
[MO833] Paramount Iteration,1,334,81.9537649155,0.229274988174
[MO833] Paramount Iteration,0,334,81.9484169483,0.229274988174
335 -- 7.532133154279364 --- TKE: 0.9999999999998399 
[MO833] Paramount Iteration,1,335,82.1825320721,0.228767156601
[MO833] Paramount Iteration,0,335,82.1771829128,0.228765964508
336 -- 7.554617134371968 --- TKE: 0.9999999999998392 
[MO833] Paramount Iteration,1,336,82.4102659225,0.227733850479
[MO833] Paramount Iteration,0,336,82.4049179554,0.227735042572
337 -- 7.5771011146377925 --- TKE: 0.999999999999839 
[MO833] Paramount Iteration,1,337,82.6378390789,0.227573156357
[MO833] Paramount Iteration,0,337,82.6324899197,0.227571964264
338 -- 7.599585094124014 --- TKE: 0.9999999999998384 
[MO833] Paramount Iteration,1,338,82.8656070232,0.227767944336
[MO833] Paramount Iteration,0,338,82.8602588177,0.22776889801
339 -- 7.622069073059356 --- TKE: 0.9999999999998379 
[MO833] Paramount Iteration,1,339,83.0932939053,0.227686882019
[MO833] Paramount Iteration,0,339,83.1954219341,0.335163116455
340 -- 7.644553051774858 --- TKE: 0.9999999999998375 
[MO833] Paramount Iteration,1,340,83.4323070049,0.33901309967
[MO833] Paramount Iteration,0,340,83.426956892,0.231534957886
341 -- 7.667037030595781 --- TKE: 0.999999999999837 
[MO833] Paramount Iteration,1,341,83.6615700722,0.229263067245
[MO833] Paramount Iteration,0,341,83.6562218666,0.229264974594
342 -- 7.689521009831995 --- TKE: 0.9999999999998366 
[MO833] Paramount Iteration,1,342,83.8908429146,0.229272842407
[MO833] Paramount Iteration,0,342,83.8854939938,0.229272127151
343 -- 7.712004989557455 --- TKE: 0.9999999999998361 
[MO833] Paramount Iteration,1,343,84.120139122,0.229296207428
[MO833] Paramount Iteration,0,343,84.1147899628,0.229295969009
344 -- 7.734488969371476 --- TKE: 0.9999999999998357 
[MO833] Paramount Iteration,1,344,84.349298954,0.229159832001
[MO833] Paramount Iteration,0,344,84.3439497948,0.229159832001
345 -- 7.75697294932845 --- TKE: 0.9999999999998352 
[MO833] Paramount Iteration,1,345,84.578701973,0.229403018951
[MO833] Paramount Iteration,0,345,84.5733528137,0.229403018951
346 -- 7.779456929457478 --- TKE: 0.9999999999998348 
[MO833] Paramount Iteration,1,346,84.8078980446,0.229196071625
[MO833] Paramount Iteration,0,346,84.8025488853,0.229196071625
347 -- 7.8019409087642755 --- TKE: 0.9999999999998344 
[MO833] Paramount Iteration,1,347,85.0373101234,0.229412078857
[MO833] Paramount Iteration,0,347,85.0319619179,0.229413032532
348 -- 7.824424887545566 --- TKE: 0.9999999999998337 
[MO833] Paramount Iteration,1,348,85.2666110992,0.2293009758
[MO833] Paramount Iteration,0,348,85.26126194,0.229300022125
349 -- 7.846908866140471 --- TKE: 0.9999999999998332 
[MO833] Paramount Iteration,1,349,85.4958529472,0.229241847992
[MO833] Paramount Iteration,0,349,85.5989849567,0.337723016739
350 -- 7.8693928448823875 --- TKE: 0.9999999999998328 
[MO833] Paramount Iteration,1,350,85.835547924,0.339694976807
[MO833] Paramount Iteration,0,350,85.8301990032,0.231214046478
351 -- 7.8918768240887776 --- TKE: 0.9999999999998321 
[MO833] Paramount Iteration,1,351,86.0646009445,0.229053020477
[MO833] Paramount Iteration,0,351,86.0592529774,0.229053974152
352 -- 7.914360803673567 --- TKE: 0.9999999999998317 
[MO833] Paramount Iteration,1,352,86.2929089069,0.228307962418
[MO833] Paramount Iteration,0,352,86.2875599861,0.228307008743
353 -- 7.936844783366143 --- TKE: 0.9999999999998312 
[MO833] Paramount Iteration,1,353,86.5206949711,0.227786064148
[MO833] Paramount Iteration,0,353,86.5153458118,0.227785825729
354 -- 7.959328763221277 --- TKE: 0.9999999999998308 
[MO833] Paramount Iteration,1,354,86.748308897,0.227613925934
[MO833] Paramount Iteration,0,354,86.7429599762,0.227614164352
355 -- 7.981812743154557 --- TKE: 0.9999999999998304 
[MO833] Paramount Iteration,1,355,86.9758961201,0.227587223053
[MO833] Paramount Iteration,0,355,86.9705469608,0.227586984634
356 -- 8.004296722295148 --- TKE: 0.9999999999998299 
[MO833] Paramount Iteration,1,356,87.2034790516,0.227582931519
[MO833] Paramount Iteration,0,356,87.198130846,0.227583885193
357 -- 8.026780700943432 --- TKE: 0.9999999999998295 
[MO833] Paramount Iteration,1,357,87.4310901165,0.227611064911
[MO833] Paramount Iteration,0,357,87.4257419109,0.227611064911
358 -- 8.04926467944588 --- TKE: 0.999999999999829 
[MO833] Paramount Iteration,1,358,87.6587378979,0.227647781372
[MO833] Paramount Iteration,0,358,87.6533899307,0.227648019791
359 -- 8.071748658142873 --- TKE: 0.9999999999998286 
[MO833] Paramount Iteration,1,359,87.8864090443,0.227671146393
[MO833] Paramount Iteration,0,359,87.9886939526,0.335304021835
360 -- 8.09423263735794 --- TKE: 0.9999999999998281 
[MO833] Paramount Iteration,1,360,88.2251489162,0.338739871979
[MO833] Paramount Iteration,0,360,88.2197988033,0.231104850769
361 -- 8.11671661683501 --- TKE: 0.9999999999998275 
[MO833] Paramount Iteration,1,361,88.4543740749,0.229225158691
[MO833] Paramount Iteration,0,361,88.4490258694,0.22922706604
362 -- 8.139200596438634 --- TKE: 0.9999999999998272 
[MO833] Paramount Iteration,1,362,88.6835401058,0.229166030884
[MO833] Paramount Iteration,0,362,88.6781909466,0.229165077209
363 -- 8.161684576223479 --- TKE: 0.9999999999998266 
[MO833] Paramount Iteration,1,363,88.9132890701,0.22974896431
[MO833] Paramount Iteration,0,363,88.9079549313,0.22976398468
364 -- 8.184168555986533 --- TKE: 0.9999999999998261 
[MO833] Paramount Iteration,1,364,89.1426699162,0.229380846024
[MO833] Paramount Iteration,0,364,89.1373209953,0.229366064072
365 -- 8.20665253497694 --- TKE: 0.9999999999998257 
[MO833] Paramount Iteration,1,365,89.3718841076,0.229214191437
[MO833] Paramount Iteration,0,365,89.366535902,0.229214906693
366 -- 8.229136513515321 --- TKE: 0.999999999999825 
[MO833] Paramount Iteration,1,366,89.6010549068,0.229170799255
[MO833] Paramount Iteration,0,366,89.595705986,0.229170084
367 -- 8.251620491954679 --- TKE: 0.9999999999998246 
[MO833] Paramount Iteration,1,367,89.8288140297,0.227759122849
[MO833] Paramount Iteration,0,367,89.8234648705,0.22775888443
368 -- 8.274104470641126 --- TKE: 0.9999999999998241 
[MO833] Paramount Iteration,1,368,90.0564520359,0.22763800621
[MO833] Paramount Iteration,0,368,90.0511028767,0.22763800621
369 -- 8.296588449902655 --- TKE: 0.9999999999998237 
[MO833] Paramount Iteration,1,369,90.2841229439,0.227670907974
[MO833] Paramount Iteration,0,369,90.3887529373,0.337650060654
370 -- 8.319072429303096 --- TKE: 0.9999999999998233 
[MO833] Paramount Iteration,1,370,90.6253900528,0.341267108917
[MO833] Paramount Iteration,0,370,90.6200399399,0.231287002563
371 -- 8.341556408848165 --- TKE: 0.9999999999998226 
[MO833] Paramount Iteration,1,371,90.8546199799,0.229229927063
[MO833] Paramount Iteration,0,371,90.8492720127,0.22923207283
372 -- 8.364040388591974 --- TKE: 0.9999999999998224 
[MO833] Paramount Iteration,1,372,91.0837850571,0.229165077209
[MO833] Paramount Iteration,0,372,91.0784358978,0.229163885117
373 -- 8.386524368210212 --- TKE: 0.9999999999998219 
[MO833] Paramount Iteration,1,373,91.3153510094,0.231565952301
[MO833] Paramount Iteration,0,373,91.3100039959,0.231568098068
374 -- 8.409008347068907 --- TKE: 0.9999999999998213 
[MO833] Paramount Iteration,1,374,91.5501010418,0.234750032425
[MO833] Paramount Iteration,0,374,91.5447528362,0.234748840332
375 -- 8.431492325522207 --- TKE: 0.9999999999998208 
[MO833] Paramount Iteration,1,375,91.7847650051,0.234663963318
[MO833] Paramount Iteration,0,375,91.7794158459,0.234663009644
376 -- 8.45397630392867 --- TKE: 0.9999999999998204 
[MO833] Paramount Iteration,1,376,92.0177900791,0.233025074005
[MO833] Paramount Iteration,0,376,92.0124418736,0.233026027679
377 -- 8.476460282638822 --- TKE: 0.9999999999998199 
[MO833] Paramount Iteration,1,377,92.2468969822,0.229106903076
[MO833] Paramount Iteration,0,377,92.241549015,0.229107141495
378 -- 8.498944261887145 --- TKE: 0.9999999999998193 
[MO833] Paramount Iteration,1,378,92.4760909081,0.229193925858
[MO833] Paramount Iteration,0,378,92.4707419872,0.229192972183
379 -- 8.521428241240105 --- TKE: 0.9999999999998188 
[MO833] Paramount Iteration,1,379,92.7101020813,0.234011173248
[MO833] Paramount Iteration,0,379,92.8141498566,0.343407869339
380 -- 8.543912220754843 --- TKE: 0.9999999999998184 
[MO833] Paramount Iteration,1,380,93.0507109165,0.34060883522
[MO833] Paramount Iteration,0,380,93.0453608036,0.231210947037
381 -- 8.56639620047954 --- TKE: 0.9999999999998179 
[MO833] Paramount Iteration,1,381,93.2798609734,0.229150056839
[MO833] Paramount Iteration,0,381,93.2745130062,0.229152202606
382 -- 8.588880179940121 --- TKE: 0.9999999999998175 
[MO833] Paramount Iteration,1,382,93.5087571144,0.228896141052
[MO833] Paramount Iteration,0,382,93.5034079552,0.228894948959
383 -- 8.61136415868765 --- TKE: 0.999999999999817 
[MO833] Paramount Iteration,1,383,93.737735033,0.228977918625
[MO833] Paramount Iteration,0,383,93.7323858738,0.228977918625
384 -- 8.633848137081994 --- TKE: 0.9999999999998166 
[MO833] Paramount Iteration,1,384,93.9668519497,0.229116916656
[MO833] Paramount Iteration,0,384,93.9615027905,0.229116916656
385 -- 8.656332115486197 --- TKE: 0.9999999999998161 
[MO833] Paramount Iteration,1,385,94.1954059601,0.228554010391
[MO833] Paramount Iteration,0,385,94.1900558472,0.228553056717
386 -- 8.678816094253841 --- TKE: 0.9999999999998153 
[MO833] Paramount Iteration,1,386,94.4228150845,0.227409124374
[MO833] Paramount Iteration,0,386,94.4174659252,0.227410078049
387 -- 8.701300073464875 --- TKE: 0.9999999999998153 
[MO833] Paramount Iteration,1,387,94.6502020359,0.227386951447
[MO833] Paramount Iteration,0,387,94.6448538303,0.227387905121
388 -- 8.723784052797495 --- TKE: 0.9999999999998148 
[MO833] Paramount Iteration,1,388,94.8776819706,0.227479934692
[MO833] Paramount Iteration,0,388,94.8723340034,0.227480173111
389 -- 8.74626803230795 --- TKE: 0.9999999999998141 
[MO833] Paramount Iteration,1,389,95.1051580906,0.227476119995
[MO833] Paramount Iteration,0,389,95.2084789276,0.336144924164
390 -- 8.768752011923242 --- TKE: 0.9999999999998135 
[MO833] Paramount Iteration,1,390,95.4449219704,0.339763879776
[MO833] Paramount Iteration,0,390,95.4395718575,0.23109292984
391 -- 8.791235991242669 --- TKE: 0.999999999999813 
[MO833] Paramount Iteration,1,391,95.6739389896,0.229017019272
[MO833] Paramount Iteration,0,391,95.6685907841,0.22901892662
392 -- 8.8137199699013 --- TKE: 0.9999999999998126 
[MO833] Paramount Iteration,1,392,95.9031469822,0.229207992554
[MO833] Paramount Iteration,0,392,95.897799015,0.229208230972
393 -- 8.83620394826374 --- TKE: 0.9999999999998122 
[MO833] Paramount Iteration,1,393,96.1321790218,0.229032039642
[MO833] Paramount Iteration,0,393,96.1268308163,0.229031801224
394 -- 8.8586879266964 --- TKE: 0.9999999999998117 
[MO833] Paramount Iteration,1,394,96.3611850739,0.229006052017
[MO833] Paramount Iteration,0,394,96.3558359146,0.229005098343
395 -- 8.881171905554517 --- TKE: 0.9999999999998113 
[MO833] Paramount Iteration,0,395,96.5883338451,0.232497930527
[MO833] Paramount Iteration,1,395,96.593706131,0.232521057129
396 -- 8.903655884754258 --- TKE: 0.9999999999998108 
[MO833] Paramount Iteration,1,396,96.8277630806,0.234056949615
[MO833] Paramount Iteration,0,396,96.822414875,0.234081029892
397 -- 8.926139864091633 --- TKE: 0.9999999999998104 
[MO833] Paramount Iteration,1,397,97.0625391006,0.23477602005
[MO833] Paramount Iteration,0,397,97.0571899414,0.234775066376
398 -- 8.948623843621656 --- TKE: 0.9999999999998099 
[MO833] Paramount Iteration,1,398,97.2973270416,0.234787940979
[MO833] Paramount Iteration,0,398,97.2919788361,0.234788894653
399 -- 8.971107823150364 --- TKE: 0.9999999999998095 
[MO833] Paramount Iteration,1,399,97.5321218967,0.234794855118
[MO833] Paramount Iteration,0,399,97.6356959343,0.343717098236
400 -- 8.993591802347337 --- TKE: 0.999999999999809 
[MO833] Paramount Iteration,1,400,97.8763411045,0.344219207764
[MO833] Paramount Iteration,0,400,97.8709909916,0.235295057297
401 -- 9.016075780940678 --- TKE: 0.9999999999998084 
[MO833] Paramount Iteration,1,401,98.1113500595,0.235008955002
[MO833] Paramount Iteration,0,401,98.1060018539,0.23501086235
402 -- 9.038559759298838 --- TKE: 0.9999999999998082 
[MO833] Paramount Iteration,1,402,98.34268713,0.231337070465
[MO833] Paramount Iteration,0,402,98.3373370171,0.231335163116
403 -- 9.061043737790405 --- TKE: 0.9999999999998075 
[MO833] Paramount Iteration,1,403,98.5738730431,0.231185913086
[MO833] Paramount Iteration,0,403,98.5685338974,0.231196880341
404 -- 9.083527716770863 --- TKE: 0.999999999999807 
[MO833] Paramount Iteration,1,404,98.8018019199,0.227928876877
[MO833] Paramount Iteration,0,404,98.7964539528,0.227920055389
405 -- 9.106011695983423 --- TKE: 0.9999999999998066 
[MO833] Paramount Iteration,1,405,99.0297930241,0.227991104126
[MO833] Paramount Iteration,0,405,99.0244438648,0.227989912033
406 -- 9.128495675348603 --- TKE: 0.9999999999998059 
[MO833] Paramount Iteration,1,406,99.2578890324,0.228096008301
[MO833] Paramount Iteration,0,406,99.2525398731,0.228096008301
407 -- 9.150979654919876 --- TKE: 0.9999999999998055 
[MO833] Paramount Iteration,1,407,99.4858839512,0.227994918823
[MO833] Paramount Iteration,0,407,99.480535984,0.227996110916
408 -- 9.173463634384333 --- TKE: 0.999999999999805 
[MO833] Paramount Iteration,1,408,99.7139880657,0.228104114532
[MO833] Paramount Iteration,0,408,99.7086389065,0.22810292244
409 -- 9.195947613479227 --- TKE: 0.9999999999998046 
[MO833] Paramount Iteration,1,409,99.941847086,0.227859020233
[MO833] Paramount Iteration,0,409,100.078769922,0.370131015778
410 -- 9.2184315920319 --- TKE: 0.9999999999998042 
[MO833] Paramount Iteration,1,410,100.31866312,0.376816034317
[MO833] Paramount Iteration,0,410,100.313313007,0.234543085098
411 -- 9.240915570413641 --- TKE: 0.9999999999998037 
[MO833] Paramount Iteration,1,411,100.553956032,0.23529291153
[MO833] Paramount Iteration,0,411,100.54860878,0.235295772552
412 -- 9.263399548993997 --- TKE: 0.9999999999998033 
[MO833] Paramount Iteration,1,412,100.789196014,0.235239982605
[MO833] Paramount Iteration,0,412,100.783847809,0.235239028931
413 -- 9.285883528127304 --- TKE: 0.9999999999998026 
[MO833] Paramount Iteration,1,413,101.024483919,0.235287904739
[MO833] Paramount Iteration,0,413,101.019135952,0.235288143158
414 -- 9.308367507374884 --- TKE: 0.9999999999998022 
[MO833] Paramount Iteration,1,414,101.25968504,0.235201120377
[MO833] Paramount Iteration,0,414,101.254336834,0.235200881958
415 -- 9.33085148678887 --- TKE: 0.9999999999998017 
[MO833] Paramount Iteration,1,415,101.494910002,0.235224962234
[MO833] Paramount Iteration,0,415,101.489561796,0.235224962234
416 -- 9.353335466420928 --- TKE: 0.9999999999998013 
[MO833] Paramount Iteration,1,416,101.72942996,0.234519958496
[MO833] Paramount Iteration,0,416,101.724080801,0.234519004822
417 -- 9.375819445842836 --- TKE: 0.9999999999998008 
[MO833] Paramount Iteration,1,417,101.959084034,0.229654073715
[MO833] Paramount Iteration,0,417,101.953734875,0.229654073715
418 -- 9.398303424857403 --- TKE: 0.9999999999998004 
[MO833] Paramount Iteration,1,418,102.187079906,0.227995872498
[MO833] Paramount Iteration,0,418,102.181730986,0.227996110916
419 -- 9.420787403394685 --- TKE: 0.9999999999997997 
[MO833] Paramount Iteration,1,419,102.414983988,0.227904081345
[MO833] Paramount Iteration,0,419,102.517158985,0.335427999496
420 -- 9.443271381827788 --- TKE: 0.9999999999997993 
[MO833] Paramount Iteration,1,420,102.753983974,0.338999986649
[MO833] Paramount Iteration,0,420,102.748633862,0.231474876404
421 -- 9.465755360525957 --- TKE: 0.9999999999997988 
[MO833] Paramount Iteration,1,421,102.983613968,0.229629993439
[MO833] Paramount Iteration,0,421,102.978264809,0.229630947113
422 -- 9.488239339703968 --- TKE: 0.9999999999997984 
[MO833] Paramount Iteration,1,422,103.213236094,0.229622125626
[MO833] Paramount Iteration,0,422,103.207886934,0.229622125626
423 -- 9.51072331900687 --- TKE: 0.9999999999997979 
[MO833] Paramount Iteration,1,423,103.442956924,0.229720830917
[MO833] Paramount Iteration,0,423,103.437608957,0.22972202301
424 -- 9.533207298488648 --- TKE: 0.9999999999997975 
[MO833] Paramount Iteration,1,424,103.672540903,0.229583978653
[MO833] Paramount Iteration,0,424,103.667192936,0.229583978653
425 -- 9.55569127808653 --- TKE: 0.999999999999797 
[MO833] Paramount Iteration,1,425,103.902173996,0.22963309288
[MO833] Paramount Iteration,0,425,103.89682579,0.229632854462
426 -- 9.578175257486851 --- TKE: 0.9999999999997966 
[MO833] Paramount Iteration,1,426,104.131850958,0.229676961899
[MO833] Paramount Iteration,0,426,104.126502991,0.229677200317
427 -- 9.600659236443887 --- TKE: 0.9999999999997962 
[MO833] Paramount Iteration,1,427,104.361459017,0.229608058929
[MO833] Paramount Iteration,0,427,104.356110811,0.229607820511
428 -- 9.623143214991416 --- TKE: 0.9999999999997955 
[MO833] Paramount Iteration,0,428,104.58574295,0.229632139206
[MO833] Paramount Iteration,1,428,104.591110945,0.229651927948
429 -- 9.645627193503268 --- TKE: 0.999999999999795 
[MO833] Paramount Iteration,1,429,104.820746899,0.229635953903
[MO833] Paramount Iteration,0,429,104.923756838,0.338013887405
430 -- 9.668111172347157 --- TKE: 0.9999999999997946 
[MO833] Paramount Iteration,1,430,105.160577059,0.339830160141
[MO833] Paramount Iteration,0,430,105.155226946,0.231470108032
431 -- 9.690595151585851 --- TKE: 0.9999999999997942 
[MO833] Paramount Iteration,1,431,105.390190125,0.22961306572
[MO833] Paramount Iteration,0,431,105.384841919,0.229614973068
432 -- 9.713079130962482 --- TKE: 0.9999999999997937 
[MO833] Paramount Iteration,1,432,105.61985898,0.229668855667
[MO833] Paramount Iteration,0,432,105.614509821,0.229667901993
433 -- 9.735563110529075 --- TKE: 0.9999999999997933 
[MO833] Paramount Iteration,1,433,105.849493027,0.229634046555
[MO833] Paramount Iteration,0,433,105.844144821,0.229635000229
434 -- 9.758047090108159 --- TKE: 0.9999999999997928 
[MO833] Paramount Iteration,1,434,106.079040051,0.229547023773
[MO833] Paramount Iteration,0,434,106.073690891,0.229546070099
435 -- 9.780531069507026 --- TKE: 0.9999999999997922 
[MO833] Paramount Iteration,1,435,106.307459116,0.228419065475
[MO833] Paramount Iteration,0,435,106.30211091,0.22842001915
436 -- 9.80301504843004 --- TKE: 0.9999999999997917 
[MO833] Paramount Iteration,1,436,106.535494089,0.228034973145
[MO833] Paramount Iteration,0,436,106.53014493,0.22803401947
437 -- 9.825499027013505 --- TKE: 0.9999999999997913 
[MO833] Paramount Iteration,1,437,106.763576031,0.228081941605
[MO833] Paramount Iteration,0,437,106.758227825,0.228082895279
438 -- 9.847983005630853 --- TKE: 0.9999999999997908 
[MO833] Paramount Iteration,1,438,106.991554022,0.227977991104
[MO833] Paramount Iteration,0,438,106.986205816,0.227977991104
439 -- 9.870466984647033 --- TKE: 0.9999999999997904 
[MO833] Paramount Iteration,1,439,107.219569921,0.228015899658
[MO833] Paramount Iteration,0,439,107.321508884,0.335303068161
440 -- 9.892950963964234 --- TKE: 0.99999999999979 
[MO833] Paramount Iteration,1,440,107.558393002,0.338823080063
[MO833] Paramount Iteration,0,440,107.553043842,0.231534957886
441 -- 9.915434943431155 --- TKE: 0.9999999999997893 
[MO833] Paramount Iteration,1,441,107.788136959,0.22974395752
[MO833] Paramount Iteration,0,441,107.782788992,0.229745149612
442 -- 9.937918923097648 --- TKE: 0.9999999999997888 
[MO833] Paramount Iteration,1,442,108.017957926,0.229820966721
[MO833] Paramount Iteration,0,442,108.012609005,0.229820013046
443 -- 9.9604029026769 --- TKE: 0.9999999999997884 
[MO833] Paramount Iteration,1,443,108.248239994,0.230282068253
[MO833] Paramount Iteration,0,443,108.242909908,0.23030090332
444 -- 9.98288688209351 --- TKE: 0.9999999999997877 
[MO833] Paramount Iteration,1,444,108.477823973,0.229583978653
[MO833] Paramount Iteration,0,444,108.472474813,0.229564905167
445 -- 10.005370861006455 --- TKE: 0.9999999999997875 
[MO833] PI avg,1,0.240185545803,445
[MO833] Beta,1,1.22686253805e-07
[MO833] PI avg,0,0.240146647143,445
[MO833] Beta,0,0.00127398631749
[MO833] Total time,108.838333845
