[node06:02498] 1 more process has sent help message help-mpi-btl-base.txt / btl:no-nics
[node06:02498] Set MCA parameter "orte_base_help_aggregate" to 0 to see all help / error messages
/home/thaiscamachoo/pyranda/install_location_pyranda/lib/python2.7/site-packages/pyranda/pyrandaEq.py:1: RuntimeWarning: divide by zero encountered in divide
  ################################################################################
/home/thaiscamachoo/pyranda/install_location_pyranda/lib/python2.7/site-packages/pyranda/pyrandaEq.py:1: RuntimeWarning: divide by zero encountered in divide
  ################################################################################
/home/thaiscamachoo/pyranda/install_location_pyranda/lib/python2.7/site-packages/pyranda/pyrandaEq.py:1: RuntimeWarning: invalid value encountered in divide
  ################################################################################
/home/thaiscamachoo/pyranda/install_location_pyranda/lib/python2.7/site-packages/pyranda/pyrandaEq.py:1: RuntimeWarning: invalid value encountered in divide
  ################################################################################
/home/thaiscamachoo/pyranda/install_location_pyranda/lib/python2.7/site-packages/pyranda/pyrandaEq.py:1: RuntimeWarning: invalid value encountered in multiply
  ################################################################################
/home/thaiscamachoo/pyranda/install_location_pyranda/lib/python2.7/site-packages/pyranda/pyrandaEq.py:1: RuntimeWarning: invalid value encountered in multiply
  ################################################################################
/home/thaiscamachoo/pyranda/install_location_pyranda/lib/python2.7/site-packages/pyranda/pyrandaEq.py:1: RuntimeWarning: invalid value encountered in sqrt
  ################################################################################
/home/thaiscamachoo/pyranda/install_location_pyranda/lib/python2.7/site-packages/pyranda/pyrandaEq.py:1: RuntimeWarning: invalid value encountered in sqrt
  ################################################################################
/home/thaiscamachoo/pyranda/install_location_pyranda/lib/python2.7/site-packages/pyranda/pyrandaBC.py:77: RuntimeWarning: invalid value encountered in subtract
  self.pyranda.variables[var].data[0,:,:] = 2*self.pyranda.variables[var].data[1,:,:] - self.pyranda.variables[var].data[2,:,:]
