--------------------------------------------------------------------------
[[44384,1],0]: A high-performance Open MPI point-to-point messaging module
was unable to find any relevant network interfaces:

Module: OpenFabrics (openib)
  Host: node06

Another transport will be used instead, although this may result in
lower performance.

NOTE: You can disable this warning by setting the MCA parameter
btl_base_warn_component_unused to 0.
--------------------------------------------------------------------------
 
                                 _       
                                | |      
 _ __  _   _ _ __ __ _ _ __   __| | __ _ 
| '_ \| | | | '__/ _` | '_ \ / _` |/ _` |
| |_) | |_| | | | (_| | | | | (_| | (_| |
| .__/ \__, |_|  \__,_|_| |_|\__,_|\__,_|
| |     __/ |                            
|_|    |___/                             

Version 1.0

Copyright (c) 2020 Lawrence Livermore National Laboratory (LLNL-CODE-749864)
All rights reserved. 
For details about use and distribution, please read: pyranda/LICENSE

Adding variables: tke
Adding variables: tauxz
Adding variables: tauxy
Adding variables: tauxx
Adding variables: tauzz
Adding variables: cs
Adding variables: vx
Adding variables: vy
Adding variables: vz
Adding variables: tauyy
Adding variables: tauyz
Adding variables: taudia
Adding variables: rhow
Adding variables: rhov
Adding variables: rhou
Adding variables: S
Adding variables: rho
Adding variables: dt
Adding variables: wz
Adding variables: wy
Adding variables: wx
Adding variables: enst
Adding variables: uy
Adding variables: ux
Adding variables: uz
Adding variables: beta
Adding variables: mu
Adding variables: p
Adding variables: u
Adding variables: w
Adding variables: v
Adding variables: Et
Adding variables: div
Adding variables: gamma
Adding equations of motion: 
(1)   ddt(:rho:)  =  -ddx(:rho:*:u:)                  - ddy(:rho:*:v:)                  - ddz(:rho:*:w:)
(2)   ddt(:rhou:) =  -ddx(:rhou:*:u: + :p: - :tauxx:) - ddy(:rhou:*:v: - :tauxy:)       - ddz(:rhou:*:w: - :tauxz:)
(3)   ddt(:rhov:) =  -ddx(:rhov:*:u: - :tauxy:)       - ddy(:rhov:*:v: + :p: - :tauyy:) - ddz(:rhov:*:w: - :tauyz:)
(4)   ddt(:rhow:) =  -ddx(:rhow:*:u: - :tauxz:)       - ddy(:rhow:*:v: - :tauyz:)       - ddz(:rhow:*:w: + :p: - :tauzz:)
(5)   ddt(:Et:)   =  -ddx( (:Et: - :tauxx:)*:u: - :tauxy:*:v: - :tauxz:*:w: ) - ddy( (:Et: - :tauyy:)*:v: -:tauxy:*:u: - :tauyz:*:w:) - ddz( (:Et: - :tauzz:)*:w: - :tauxz:*:u: - :tauyz:*:v: )
(6)   :rho:       =  fbar( :rho:  )
(7)   :rhou:      =  fbar( :rhou: )
(8)   :rhov:      =  fbar( :rhov: )
(9)   :rhow:      =  fbar( :rhow: )
(10)   :Et:        =  fbar( :Et:   )
(11)   :u:         =  :rhou: / :rho:
(12)   :v:         =  :rhov: / :rho:
(13)   :w:         =  :rhow: / :rho:
(14)   :p:         =  ( :Et: - .5*:rho:*(:u:*:u: + :v:*:v: + :w:*:w:) ) * ( :gamma: - 1.0 )
(15)   :ux:        =  ddx(:u:)
(16)   :vy:        =  ddy(:v:)
(17)   :wz:        =  ddz(:w:)
(18)   :div:       =  :ux: + :vy: + :wz:
(19)   :uy:        =  ddy(:u:)
(20)   :uz:        =  ddz(:u:)
(21)   :vx:        =  ddx(:v:)
(22)   :vz:        =  ddz(:v:)
(23)   :wy:        =  ddy(:w:)
(24)   :wx:        =  ddx(:w:)
(25)   :enst:      = sqrt( (:uy:-:vx:)**2 + (:uz: - :wx:)**2 + (:vz:-:wy:)**2 )
(26)   :tke:       = :rho:*(:u:*:u: + :v:*:v: + :w:*:w:)
(27)   :S:         = sqrt( :ux:*:ux: + :vy:*:vy: + :wz:*:wz: + .5*((:uy:+:vx:)**2 + (:uz: + :wx:)**2 + (:vz:+:wy:)**2) )
(28)   :mu:        =  gbar( abs(ring(:S:  )) ) * :rho: * 0.0e-4
(29)   :beta:      =  gbar( abs(ring(:div:)) * :rho: )  * 0.0e-4
(30)   :taudia:    =  (:beta:-2./3.*:mu:) *:div:
(31)   :tauxx:     =  2.0*:mu:*:ux:   + :taudia: - :p:
(32)   :tauyy:     =  2.0*:mu:*:vy:   + :taudia: - :p:
(33)   :tauzz:     =  2.0*:mu:*:wz:   + :taudia: - :p:
(34)   :tauxy:     = :mu:*(:uy:+:vx:) + :taudia:
(35)   :tauxz:     = :mu:*(:uz:+:wx:) + :taudia:
(36)   :tauyz:     = :mu:*(:vz:+:wz:) + :taudia:
(37)   :cs:  = sqrt( :p: / :rho: * :gamma: )
(38)   :dt: = dt.courant(:u:,:v:,:w:,:cs:)*.5
(39)   :dt: = numpy.minimum(:dt:,0.2 * dt.diff(:beta:,:rho:))
(40)   :dt: = numpy.minimum(:dt:,0.2 * dt.diff(:mu:,:rho:))
[MO833] Init time,1,1.5875210762
[MO833] Init time,0,1.62100291252
1 -- 0.022483949488834736 --- TKE: 0.9999999999999996 
[MO833] Paramount Iteration,1,1,1.84382987022,0.256309986115
[MO833] Paramount Iteration,0,1,1.86005282402,0.239049911499
2 -- 0.04496791230634997 --- TKE: 0.9999999999999996 
[MO833] Paramount Iteration,1,2,2.07294797897,0.229118108749
[MO833] Paramount Iteration,0,2,2.08916687965,0.229114055634
3 -- 0.06745186837753886 --- TKE: 0.9999999999999987 
[MO833] Paramount Iteration,1,3,2.30217504501,0.22922706604
[MO833] Paramount Iteration,0,3,2.31839299202,0.229226112366
4 -- 0.08993583542611785 --- TKE: 0.9999999999999984 
[MO833] Paramount Iteration,0,4,2.54665493965,0.228261947632
[MO833] Paramount Iteration,1,4,2.53044986725,0.228274822235
5 -- 0.11241981341752189 --- TKE: 0.9999999999999978 
[MO833] Paramount Iteration,1,5,2.7581448555,0.227694988251
[MO833] Paramount Iteration,0,5,2.7743639946,0.227709054947
6 -- 0.1349037940170563 --- TKE: 0.9999999999999973 
[MO833] Paramount Iteration,1,6,2.98677897453,0.228634119034
[MO833] Paramount Iteration,0,6,3.00301289558,0.228648900986
7 -- 0.15738777056800618 --- TKE: 0.9999999999999969 
[MO833] Paramount Iteration,1,7,3.21457195282,0.227792978287
[MO833] Paramount Iteration,0,7,3.23078989983,0.227777004242
8 -- 0.17987174409631543 --- TKE: 0.9999999999999964 
[MO833] Paramount Iteration,1,8,3.44197893143,0.227406978607
[MO833] Paramount Iteration,0,8,3.45819687843,0.227406978607
9 -- 0.20235571634301402 --- TKE: 0.999999999999996 
[MO833] Paramount Iteration,1,9,3.66932892799,0.227349996567
[MO833] Paramount Iteration,0,9,3.82241892815,0.364222049713
10 -- 0.2248396890879735 --- TKE: 0.9999999999999956 
[MO833] Paramount Iteration,1,10,4.05345487595,0.384125947952
[MO833] Paramount Iteration,0,10,4.06965589523,0.247236967087
11 -- 0.24732366185121496 --- TKE: 0.9999999999999949 
[MO833] Paramount Iteration,1,11,4.28376293182,0.230308055878
[MO833] Paramount Iteration,0,11,4.29998803139,0.230332136154
12 -- 0.26980763521126017 --- TKE: 0.9999999999999947 
[MO833] Paramount Iteration,1,12,4.51118803024,0.227425098419
[MO833] Paramount Iteration,0,12,4.52740693092,0.227418899536
13 -- 0.2922916107764848 --- TKE: 0.999999999999994 
[MO833] Paramount Iteration,1,13,4.73855495453,0.227366924286
[MO833] Paramount Iteration,0,13,4.75477385521,0.227366924286
14 -- 0.31477558792984206 --- TKE: 0.9999999999999936 
[MO833] Paramount Iteration,1,14,4.96617388725,0.227618932724
[MO833] Paramount Iteration,0,14,4.98239302635,0.227619171143
15 -- 0.337259565810547 --- TKE: 0.9999999999999931 
[MO833] Paramount Iteration,1,15,5.19359087944,0.227416992188
[MO833] Paramount Iteration,0,15,5.20981001854,0.227416992188
16 -- 0.35974354420845 --- TKE: 0.9999999999999925 
[MO833] Paramount Iteration,1,16,5.42436885834,0.230777978897
[MO833] Paramount Iteration,0,16,5.44058895111,0.230778932571
17 -- 0.38222752235168034 --- TKE: 0.999999999999992 
[MO833] Paramount Iteration,1,17,5.65272593498,0.228357076645
[MO833] Paramount Iteration,0,17,5.66894483566,0.228355884552
18 -- 0.4047115001610875 --- TKE: 0.9999999999999918 
[MO833] Paramount Iteration,1,18,5.8803050518,0.227579116821
[MO833] Paramount Iteration,0,18,5.89652395248,0.227579116821
19 -- 0.4271954780139235 --- TKE: 0.9999999999999911 
[MO833] Paramount Iteration,1,19,6.10817098618,0.227865934372
[MO833] Paramount Iteration,0,19,6.23442292213,0.33789896965
20 -- 0.4496794560708476 --- TKE: 0.9999999999999907 
[MO833] Paramount Iteration,1,20,6.44911503792,0.340944051743
[MO833] Paramount Iteration,0,20,6.46533298492,0.23091006279
21 -- 0.4721634343200682 --- TKE: 0.9999999999999902 
[MO833] Paramount Iteration,1,21,6.67817807198,0.229063034058
[MO833] Paramount Iteration,0,21,6.69439792633,0.229064941406
22 -- 0.49464741264111056 --- TKE: 0.9999999999999896 
[MO833] Paramount Iteration,1,22,6.90701508522,0.228837013245
[MO833] Paramount Iteration,0,22,6.9232339859,0.22883605957
23 -- 0.5171313908759267 --- TKE: 0.9999999999999893 
[MO833] Paramount Iteration,1,23,7.13579487801,0.228779792786
[MO833] Paramount Iteration,0,23,7.15201401711,0.228780031204
24 -- 0.5396153688962009 --- TKE: 0.9999999999999887 
[MO833] Paramount Iteration,1,24,7.36791801453,0.23212313652
[MO833] Paramount Iteration,0,24,7.38411998749,0.232105970383
25 -- 0.5620993466578701 --- TKE: 0.9999999999999882 
[MO833] Paramount Iteration,1,25,7.59679102898,0.22887301445
[MO833] Paramount Iteration,0,25,7.61300992966,0.228889942169
26 -- 0.5845833242365798 --- TKE: 0.9999999999999878 
[MO833] Paramount Iteration,1,26,7.82569909096,0.228908061981
[MO833] Paramount Iteration,0,26,7.84191894531,0.228909015656
27 -- 0.6070673018410182 --- TKE: 0.9999999999999871 
[MO833] Paramount Iteration,1,27,8.0546028614,0.228903770447
[MO833] Paramount Iteration,0,27,8.07082295418,0.228904008865
28 -- 0.6295512798040269 --- TKE: 0.9999999999999867 
[MO833] Paramount Iteration,1,28,8.28356099129,0.228958129883
[MO833] Paramount Iteration,0,28,8.29977989197,0.22895693779
29 -- 0.6520352574989555 --- TKE: 0.9999999999999862 
[MO833] Paramount Iteration,1,29,8.51239204407,0.22883105278
[MO833] Paramount Iteration,0,29,8.64070487022,0.340924978256
30 -- 0.6745192349135101 --- TKE: 0.9999999999999858 
[MO833] Paramount Iteration,1,30,8.85761594772,0.345223903656
[MO833] Paramount Iteration,0,30,8.87383389473,0.233129024506
31 -- 0.697003212275314 --- TKE: 0.9999999999999853 
[MO833] Paramount Iteration,1,31,9.08699393272,0.229377985001
[MO833] Paramount Iteration,0,31,9.1032140255,0.229380130768
32 -- 0.7194871892340796 --- TKE: 0.9999999999999849 
[MO833] Paramount Iteration,1,32,9.31504106522,0.228047132492
[MO833] Paramount Iteration,0,32,9.3312599659,0.228045940399
33 -- 0.7419711653841895 --- TKE: 0.9999999999999845 
[MO833] Paramount Iteration,1,33,9.54485297203,0.229811906815
[MO833] Paramount Iteration,0,33,9.56105399132,0.229794025421
34 -- 0.7644551401841907 --- TKE: 0.999999999999984 
[MO833] Paramount Iteration,1,34,9.77338790894,0.228534936905
[MO833] Paramount Iteration,0,34,9.78960800171,0.228554010391
35 -- 0.7869391141929123 --- TKE: 0.9999999999999836 
[MO833] Paramount Iteration,1,35,10.0008878708,0.227499961853
[MO833] Paramount Iteration,0,35,10.0171079636,0.227499961853
36 -- 0.8094230880509002 --- TKE: 0.9999999999999829 
[MO833] Paramount Iteration,1,36,10.2289869785,0.228099107742
[MO833] Paramount Iteration,0,36,10.2452089787,0.228101015091
37 -- 0.8319070624390456 --- TKE: 0.9999999999999827 
[MO833] Paramount Iteration,1,37,10.4567129612,0.227725982666
[MO833] Paramount Iteration,0,37,10.4729328156,0.227723836899
38 -- 0.8543910374431362 --- TKE: 0.999999999999982 
[MO833] Paramount Iteration,1,38,10.6845500469,0.227837085724
[MO833] Paramount Iteration,0,38,10.7007699013,0.227837085724
39 -- 0.8768750128023768 --- TKE: 0.9999999999999818 
[MO833] Paramount Iteration,1,39,10.9123439789,0.227793931961
[MO833] Paramount Iteration,0,39,11.0361199379,0.335350036621
40 -- 0.8993589886869536 --- TKE: 0.9999999999999811 
[MO833] Paramount Iteration,1,40,11.2509679794,0.338624000549
[MO833] Paramount Iteration,0,40,11.2671868801,0.231066942215
41 -- 0.9218429645573731 --- TKE: 0.9999999999999805 
[MO833] Paramount Iteration,1,41,11.4798400402,0.228872060776
[MO833] Paramount Iteration,0,41,11.4960598946,0.22887301445
42 -- 0.9443269400170952 --- TKE: 0.99999999999998 
[MO833] Paramount Iteration,1,42,11.7086150646,0.228775024414
[MO833] Paramount Iteration,0,42,11.7248330116,0.228773117065
43 -- 0.9668109152366287 --- TKE: 0.9999999999999796 
[MO833] Paramount Iteration,1,43,11.9375488758,0.228933811188
[MO833] Paramount Iteration,0,43,11.9537680149,0.228935003281
44 -- 0.9892948900220443 --- TKE: 0.9999999999999791 
[MO833] Paramount Iteration,1,44,12.1702818871,0.232733011246
[MO833] Paramount Iteration,0,44,12.1865239143,0.232755899429
45 -- 1.0117788645119201 --- TKE: 0.9999999999999787 
[MO833] Paramount Iteration,1,45,12.4025189877,0.232237100601
[MO833] Paramount Iteration,0,45,12.4187200069,0.232196092606
46 -- 1.034262839419456 --- TKE: 0.9999999999999782 
[MO833] Paramount Iteration,1,46,12.6314258575,0.228906869888
[MO833] Paramount Iteration,0,46,12.6476449966,0.2289249897
47 -- 1.0567468153947581 --- TKE: 0.9999999999999778 
[MO833] Paramount Iteration,1,47,12.8603000641,0.228874206543
[MO833] Paramount Iteration,0,47,12.8765199184,0.228874921799
48 -- 1.0792307919265227 --- TKE: 0.9999999999999771 
[MO833] Paramount Iteration,1,48,13.0891549587,0.228854894638
[MO833] Paramount Iteration,0,48,13.1053738594,0.228853940964
49 -- 1.101714769117001 --- TKE: 0.9999999999999767 
[MO833] Paramount Iteration,1,49,13.3179419041,0.228786945343
[MO833] Paramount Iteration,0,49,13.4447369576,0.339363098145
50 -- 1.124198746406314 --- TKE: 0.999999999999976 
[MO833] Paramount Iteration,1,50,13.6594910622,0.341549158096
[MO833] Paramount Iteration,0,50,13.6757090092,0.23097205162
51 -- 1.146682723570497 --- TKE: 0.9999999999999758 
[MO833] Paramount Iteration,1,51,13.8884999752,0.22900891304
[MO833] Paramount Iteration,0,51,13.9047198296,0.229010820389
52 -- 1.1691667007473263 --- TKE: 0.9999999999999754 
[MO833] Paramount Iteration,1,52,14.1179990768,0.229499101639
[MO833] Paramount Iteration,0,52,14.1342198849,0.229500055313
53 -- 1.1916506780693332 --- TKE: 0.9999999999999747 
[MO833] Paramount Iteration,1,53,14.3460869789,0.228087902069
[MO833] Paramount Iteration,0,53,14.3623058796,0.22808599472
54 -- 1.2141346550201402 --- TKE: 0.9999999999999745 
[MO833] Paramount Iteration,1,54,14.5733468533,0.227259874344
[MO833] Paramount Iteration,0,54,14.5895659924,0.227260112762
55 -- 1.2366186321554993 --- TKE: 0.999999999999974 
[MO833] Paramount Iteration,1,55,14.8007700443,0.227423191071
[MO833] Paramount Iteration,0,55,14.816988945,0.227422952652
56 -- 1.2591026100219094 --- TKE: 0.9999999999999736 
[MO833] Paramount Iteration,1,56,15.028275013,0.227504968643
[MO833] Paramount Iteration,0,56,15.0444948673,0.227505922318
57 -- 1.2815865889728413 --- TKE: 0.9999999999999729 
[MO833] Paramount Iteration,1,57,15.2580759525,0.22980093956
[MO833] Paramount Iteration,0,57,15.2742958069,0.22980093956
58 -- 1.3040705684946474 --- TKE: 0.9999999999999725 
[MO833] Paramount Iteration,1,58,15.4911119938,0.23303604126
[MO833] Paramount Iteration,0,58,15.5073318481,0.23303604126
59 -- 1.3265545482098922 --- TKE: 0.999999999999972 
[MO833] Paramount Iteration,1,59,15.7278180122,0.236706018448
[MO833] Paramount Iteration,0,59,15.8536088467,0.34627699852
60 -- 1.349038527994624 --- TKE: 0.9999999999999716 
[MO833] Paramount Iteration,1,60,16.0725829601,0.344764947891
[MO833] Paramount Iteration,0,60,16.0888009071,0.235192060471
61 -- 1.3715225079366193 --- TKE: 0.9999999999999711 
[MO833] Paramount Iteration,1,61,16.3105449677,0.237962007523
[MO833] Paramount Iteration,0,61,16.3267869949,0.237986087799
62 -- 1.394006488113146 --- TKE: 0.9999999999999705 
[MO833] Paramount Iteration,1,62,16.5451378822,0.234592914581
[MO833] Paramount Iteration,0,62,16.5613570213,0.234570026398
63 -- 1.4164904680080206 --- TKE: 0.99999999999997 
[MO833] Paramount Iteration,1,63,16.7796878815,0.234549999237
[MO833] Paramount Iteration,0,63,16.7959070206,0.234549999237
64 -- 1.4389744478178719 --- TKE: 0.9999999999999698 
[MO833] Paramount Iteration,1,64,17.0087330341,0.229045152664
[MO833] Paramount Iteration,0,64,17.0249519348,0.229044914246
65 -- 1.461458427935954 --- TKE: 0.9999999999999691 
[MO833] Paramount Iteration,1,65,17.2378680706,0.229135036469
[MO833] Paramount Iteration,0,65,17.2540869713,0.229135036469
66 -- 1.4839424085355122 --- TKE: 0.9999999999999685 
[MO833] Paramount Iteration,1,66,17.4668960571,0.229027986526
[MO833] Paramount Iteration,0,66,17.4831159115,0.229028940201
67 -- 1.5064263891350873 --- TKE: 0.999999999999968 
[MO833] Paramount Iteration,1,67,17.6958558559,0.228959798813
[MO833] Paramount Iteration,0,67,17.7120759487,0.228960037231
68 -- 1.5289103697346496 --- TKE: 0.9999999999999676 
[MO833] Paramount Iteration,1,68,17.9247288704,0.22887301445
[MO833] Paramount Iteration,0,68,17.9409489632,0.22887301445
69 -- 1.5513943503342011 --- TKE: 0.9999999999999671 
[MO833] Paramount Iteration,1,69,18.1533889771,0.228660106659
[MO833] Paramount Iteration,0,69,18.280714035,0.339765071869
70 -- 1.5738783309337407 --- TKE: 0.9999999999999667 
[MO833] Paramount Iteration,1,70,18.4961528778,0.342763900757
[MO833] Paramount Iteration,0,70,18.5123739243,0.231659889221
71 -- 1.5963623115332803 --- TKE: 0.9999999999999662 
[MO833] Paramount Iteration,1,71,18.7251300812,0.228977203369
[MO833] Paramount Iteration,0,71,18.7413489819,0.228975057602
72 -- 1.6188462921328224 --- TKE: 0.9999999999999656 
[MO833] Paramount Iteration,1,72,18.9540760517,0.228945970535
[MO833] Paramount Iteration,0,72,18.9702949524,0.228945970535
73 -- 1.6413302727323713 --- TKE: 0.9999999999999654 
[MO833] Paramount Iteration,1,73,19.1832668781,0.229190826416
[MO833] Paramount Iteration,0,73,19.1994860172,0.229191064835
74 -- 1.663814253331933 --- TKE: 0.9999999999999649 
[MO833] Paramount Iteration,1,74,19.4148800373,0.23161315918
[MO833] Paramount Iteration,0,74,19.4310820103,0.231595993042
75 -- 1.6862982339315096 --- TKE: 0.999999999999964 
[MO833] Paramount Iteration,1,75,19.6446640491,0.229784011841
[MO833] Paramount Iteration,0,75,19.6608829498,0.22980093956
76 -- 1.708782214531081 --- TKE: 0.9999999999999638 
[MO833] Paramount Iteration,1,76,19.8739199638,0.229255914688
[MO833] Paramount Iteration,0,76,19.8901388645,0.229255914688
77 -- 1.7312661951306378 --- TKE: 0.9999999999999634 
[MO833] Paramount Iteration,1,77,20.1028878689,0.228967905045
[MO833] Paramount Iteration,0,77,20.1191079617,0.228969097137
78 -- 1.7537501757301812 --- TKE: 0.9999999999999629 
[MO833] Paramount Iteration,1,78,20.3319048882,0.229017019272
[MO833] Paramount Iteration,0,78,20.3481249809,0.229017019272
79 -- 1.7762341563297257 --- TKE: 0.9999999999999623 
[MO833] Paramount Iteration,1,79,20.5610089302,0.229104042053
[MO833] Paramount Iteration,0,79,20.6858029366,0.337677955627
80 -- 1.7987181369292666 --- TKE: 0.9999999999999618 
[MO833] Paramount Iteration,1,80,20.9006819725,0.339673042297
[MO833] Paramount Iteration,0,80,20.9168999195,0.231096982956
81 -- 1.8212021175288111 --- TKE: 0.9999999999999614 
[MO833] Paramount Iteration,1,81,21.1301310062,0.229449033737
[MO833] Paramount Iteration,0,81,21.1463518143,0.22945189476
82 -- 1.843686098128366 --- TKE: 0.9999999999999609 
[MO833] Paramount Iteration,1,82,21.3615548611,0.231423854828
[MO833] Paramount Iteration,0,82,21.3777918816,0.231440067291
83 -- 1.8661700787279332 --- TKE: 0.9999999999999605 
[MO833] Paramount Iteration,1,83,21.5890090466,0.227454185486
[MO833] Paramount Iteration,0,83,21.6052289009,0.227437019348
84 -- 1.8886540593275116 --- TKE: 0.99999999999996 
[MO833] Paramount Iteration,1,84,21.8165650368,0.227555990219
[MO833] Paramount Iteration,0,84,21.8327848911,0.227555990219
85 -- 1.9111380399270776 --- TKE: 0.9999999999999596 
[MO833] Paramount Iteration,1,85,22.0439949036,0.227429866791
[MO833] Paramount Iteration,0,85,22.0602138042,0.227428913116
86 -- 1.9336220205266397 --- TKE: 0.9999999999999591 
[MO833] Paramount Iteration,1,86,22.2714910507,0.227496147156
[MO833] Paramount Iteration,0,86,22.2877109051,0.22749710083
87 -- 1.956106001126193 --- TKE: 0.9999999999999587 
[MO833] Paramount Iteration,1,87,22.498871088,0.227380037308
[MO833] Paramount Iteration,0,87,22.5150909424,0.227380037308
88 -- 1.978589981725738 --- TKE: 0.999999999999958 
[MO833] Paramount Iteration,1,88,22.7264220715,0.227550983429
[MO833] Paramount Iteration,0,88,22.7426419258,0.227550983429
89 -- 2.001073962325288 --- TKE: 0.9999999999999576 
[MO833] Paramount Iteration,1,89,22.9539220333,0.227499961853
[MO833] Paramount Iteration,0,89,23.0808949471,0.33825302124
90 -- 2.0235579429248403 --- TKE: 0.9999999999999569 
[MO833] Paramount Iteration,1,90,23.2957749367,0.341852903366
[MO833] Paramount Iteration,0,90,23.3119928837,0.23109793663
91 -- 2.0460419235244016 --- TKE: 0.9999999999999565 
[MO833] Paramount Iteration,1,91,23.5246789455,0.228904008865
[MO833] Paramount Iteration,0,91,23.5408978462,0.22890496254
92 -- 2.068525904123969 --- TKE: 0.999999999999956 
[MO833] Paramount Iteration,1,92,23.7535719872,0.228893041611
[MO833] Paramount Iteration,0,92,23.7697908878,0.228893041611
93 -- 2.091009884723557 --- TKE: 0.9999999999999556 
[MO833] Paramount Iteration,1,93,23.982886076,0.229314088821
[MO833] Paramount Iteration,0,93,23.9991118908,0.22932100296
94 -- 2.1134938653231377 --- TKE: 0.9999999999999551 
[MO833] Paramount Iteration,1,94,24.2158780098,0.232991933823
[MO833] Paramount Iteration,0,94,24.2320790291,0.23296713829
95 -- 2.1359778459227057 --- TKE: 0.9999999999999547 
[MO833] Paramount Iteration,1,95,24.4447140694,0.22883605957
[MO833] Paramount Iteration,0,95,24.4609339237,0.228854894638
96 -- 2.158461826522268 --- TKE: 0.9999999999999543 
[MO833] Paramount Iteration,1,96,24.6737990379,0.229084968567
[MO833] Paramount Iteration,0,96,24.6900179386,0.229084014893
97 -- 2.1809458071218275 --- TKE: 0.9999999999999538 
[MO833] Paramount Iteration,1,97,24.9027678967,0.228968858719
[MO833] Paramount Iteration,0,97,24.9189870358,0.228969097137
98 -- 2.203429787721387 --- TKE: 0.9999999999999534 
[MO833] Paramount Iteration,1,98,25.131747961,0.228980064392
[MO833] Paramount Iteration,0,98,25.1479668617,0.228979825974
99 -- 2.2259137683209507 --- TKE: 0.9999999999999529 
[MO833] Paramount Iteration,1,99,25.3605220318,0.22877407074
[MO833] Paramount Iteration,0,99,25.4858779907,0.337911128998
100 -- 2.2483977489205236 --- TKE: 0.9999999999999523 
[MO833] Paramount Iteration,1,100,25.7007660866,0.340244054794
[MO833] Paramount Iteration,0,100,25.7169840336,0.231106042862
101 -- 2.270881729520099 --- TKE: 0.9999999999999518 
[MO833] Paramount Iteration,1,101,25.9299330711,0.229166984558
[MO833] Paramount Iteration,0,101,25.9461538792,0.229169845581
102 -- 2.2933657101196916 --- TKE: 0.9999999999999514 
[MO833] Paramount Iteration,1,102,26.1591658592,0.229232788086
[MO833] Paramount Iteration,0,102,26.1753849983,0.229231119156
103 -- 2.3158496907192836 --- TKE: 0.9999999999999509 
[MO833] Paramount Iteration,1,103,26.3871269226,0.227961063385
[MO833] Paramount Iteration,0,103,26.4033470154,0.227962017059
104 -- 2.3383336713188645 --- TKE: 0.9999999999999505 
[MO833] Paramount Iteration,1,104,26.6146600246,0.227533102036
[MO833] Paramount Iteration,0,104,26.6308789253,0.227531909943
105 -- 2.36081765191844 --- TKE: 0.9999999999999498 
[MO833] Paramount Iteration,1,105,26.8424479961,0.227787971497
[MO833] Paramount Iteration,0,105,26.8586678505,0.227788925171
106 -- 2.3833016325180125 --- TKE: 0.9999999999999494 
[MO833] Paramount Iteration,1,106,27.0701339245,0.227685928345
[MO833] Paramount Iteration,0,106,27.0863540173,0.227686166763
107 -- 2.4057856131175903 --- TKE: 0.9999999999999489 
[MO833] Paramount Iteration,1,107,27.3062729836,0.236139059067
[MO833] Paramount Iteration,0,107,27.3225169182,0.236162900925
108 -- 2.428269593717166 --- TKE: 0.9999999999999485 
[MO833] Paramount Iteration,1,108,27.5394370556,0.233164072037
[MO833] Paramount Iteration,0,108,27.5556569099,0.23313999176
109 -- 2.4507535743167477 --- TKE: 0.999999999999948 
[MO833] Paramount Iteration,1,109,27.7726449966,0.233207941055
[MO833] Paramount Iteration,0,109,27.9016268253,0.34596991539
110 -- 2.4732375549163343 --- TKE: 0.9999999999999474 
[MO833] Paramount Iteration,1,110,28.1164329052,0.343787908554
[MO833] Paramount Iteration,0,110,28.1326508522,0.231024026871
111 -- 2.4957215355159357 --- TKE: 0.9999999999999469 
[MO833] Paramount Iteration,1,111,28.3478119373,0.231379032135
[MO833] Paramount Iteration,0,111,28.3640320301,0.231381177902
112 -- 2.518205516115538 --- TKE: 0.9999999999999467 
[MO833] Paramount Iteration,1,112,28.576638937,0.228826999664
[MO833] Paramount Iteration,0,112,28.5928590298,0.228826999664
113 -- 2.5406894967151334 --- TKE: 0.999999999999946 
[MO833] Paramount Iteration,1,113,28.8057069778,0.229068040848
[MO833] Paramount Iteration,0,113,28.8219268322,0.229067802429
114 -- 2.5631734773147237 --- TKE: 0.9999999999999456 
[MO833] Paramount Iteration,1,114,29.0347480774,0.229041099548
[MO833] Paramount Iteration,0,114,29.0509679317,0.229041099548
115 -- 2.5856574579143126 --- TKE: 0.9999999999999452 
[MO833] Paramount Iteration,1,115,29.2637369633,0.22898888588
[MO833] Paramount Iteration,0,115,29.279955864,0.228987932205
116 -- 2.608141438513903 --- TKE: 0.9999999999999445 
[MO833] Paramount Iteration,1,116,29.4928269386,0.229089975357
[MO833] Paramount Iteration,0,116,29.5090470314,0.22909116745
117 -- 2.6306254191134935 --- TKE: 0.999999999999944 
[MO833] Paramount Iteration,1,117,29.7249500751,0.23212313652
[MO833] Paramount Iteration,0,117,29.7411530018,0.232105970383
118 -- 2.653109399713088 --- TKE: 0.9999999999999436 
[MO833] Paramount Iteration,1,118,29.9541289806,0.229178905487
[MO833] Paramount Iteration,0,118,29.9703478813,0.229194879532
119 -- 2.6755933803126966 --- TKE: 0.9999999999999432 
[MO833] Paramount Iteration,1,119,30.1836850643,0.229556083679
[MO833] Paramount Iteration,0,119,30.3082098961,0.337862014771
120 -- 2.698077360912307 --- TKE: 0.9999999999999427 
[MO833] Paramount Iteration,1,120,30.5235750675,0.339890003204
[MO833] Paramount Iteration,0,120,30.5398008823,0.231590986252
121 -- 2.7205613415119196 --- TKE: 0.9999999999999423 
[MO833] Paramount Iteration,1,121,30.752959013,0.229383945465
[MO833] Paramount Iteration,0,121,30.7691788673,0.229377985001
122 -- 2.7430453221115236 --- TKE: 0.9999999999999418 
[MO833] Paramount Iteration,1,122,30.9820780754,0.229119062424
[MO833] Paramount Iteration,0,122,30.9982988834,0.229120016098
123 -- 2.7655293027111263 --- TKE: 0.9999999999999414 
[MO833] Paramount Iteration,1,123,31.2114288807,0.229350805283
[MO833] Paramount Iteration,0,123,31.2276489735,0.229350090027
124 -- 2.7880132833107254 --- TKE: 0.9999999999999409 
[MO833] Paramount Iteration,1,124,31.4406878948,0.22925901413
[MO833] Paramount Iteration,0,124,31.4569070339,0.229258060455
125 -- 2.8104972639103263 --- TKE: 0.9999999999999403 
[MO833] Paramount Iteration,1,125,31.6700890064,0.229401111603
[MO833] Paramount Iteration,0,125,31.6863088608,0.229401826859
126 -- 2.832981244509927 --- TKE: 0.99999999999994 
[MO833] Paramount Iteration,1,126,31.8992478848,0.229158878326
[MO833] Paramount Iteration,0,126,31.9154689312,0.229160070419
127 -- 2.85546522510953 --- TKE: 0.9999999999999396 
[MO833] Paramount Iteration,1,127,32.1285369396,0.229289054871
[MO833] Paramount Iteration,0,127,32.1447570324,0.229288101196
128 -- 2.8779492057091396 --- TKE: 0.9999999999999387 
[MO833] Paramount Iteration,1,128,32.3578140736,0.229277133942
[MO833] Paramount Iteration,0,128,32.3740329742,0.229275941849
129 -- 2.900433186205215 --- TKE: 0.9999999999999383 
[MO833] Paramount Iteration,1,129,32.587583065,0.22976899147
[MO833] Paramount Iteration,0,129,32.7112548351,0.337221860886
130 -- 2.922917166804828 --- TKE: 0.9999999999999378 
[MO833] Paramount Iteration,1,130,32.925853014,0.338269948959
[MO833] Paramount Iteration,0,130,32.942070961,0.23081612587
131 -- 2.945401147404434 --- TKE: 0.9999999999999374 
[MO833] Paramount Iteration,1,131,33.1551909447,0.229337930679
[MO833] Paramount Iteration,0,131,33.1714098454,0.229338884354
132 -- 2.9678851280040424 --- TKE: 0.9999999999999369 
[MO833] Paramount Iteration,1,132,33.3825008869,0.227309942245
[MO833] Paramount Iteration,0,132,33.398720026,0.227310180664
133 -- 2.9903691086036477 --- TKE: 0.9999999999999365 
[MO833] Paramount Iteration,1,133,33.6096730232,0.227172136307
[MO833] Paramount Iteration,0,133,33.6258928776,0.227172851562
134 -- 3.0128530892032566 --- TKE: 0.999999999999936 
[MO833] Paramount Iteration,1,134,33.8372240067,0.227550983429
[MO833] Paramount Iteration,0,134,33.853443861,0.227550983429
135 -- 3.0353370698028677 --- TKE: 0.9999999999999356 
[MO833] Paramount Iteration,1,135,34.0646748543,0.227450847626
[MO833] Paramount Iteration,0,135,34.0808939934,0.22745013237
136 -- 3.05782105040248 --- TKE: 0.9999999999999349 
[MO833] Paramount Iteration,1,136,34.2944209576,0.229746103287
[MO833] Paramount Iteration,0,136,34.3106508255,0.229756832123
137 -- 3.0803050310020965 --- TKE: 0.9999999999999347 
[MO833] Paramount Iteration,1,137,34.5229148865,0.228493928909
[MO833] Paramount Iteration,0,137,34.5391349792,0.228484153748
138 -- 3.102789011377392 --- TKE: 0.9999999999999343 
[MO833] Paramount Iteration,1,138,34.7504899502,0.227575063705
[MO833] Paramount Iteration,0,138,34.7667088509,0.227573871613
139 -- 3.1252729917950037 --- TKE: 0.9999999999999336 
[MO833] Paramount Iteration,1,139,34.9779689312,0.227478981018
[MO833] Paramount Iteration,0,139,35.1078050137,0.341096162796
140 -- 3.1477569723946095 --- TKE: 0.9999999999999332 
[MO833] Paramount Iteration,1,140,35.3260579109,0.348088979721
[MO833] Paramount Iteration,0,140,35.3422758579,0.234470844269
141 -- 3.170240952994216 --- TKE: 0.9999999999999327 
[MO833] Paramount Iteration,1,141,35.5548610687,0.228803157806
[MO833] Paramount Iteration,0,141,35.5710809231,0.228805065155
142 -- 3.1927249335938215 --- TKE: 0.9999999999999323 
[MO833] Paramount Iteration,1,142,35.7838139534,0.228952884674
[MO833] Paramount Iteration,0,142,35.8000328541,0.228951931
143 -- 3.2152089141934312 --- TKE: 0.9999999999999318 
[MO833] Paramount Iteration,1,143,36.0128109455,0.228996992111
[MO833] Paramount Iteration,0,143,36.0290298462,0.228996992111
144 -- 3.2376928947930446 --- TKE: 0.9999999999999312 
[MO833] Paramount Iteration,1,144,36.2444779873,0.231667041779
[MO833] Paramount Iteration,0,144,36.260696888,0.231667041779
145 -- 3.2601768753926565 --- TKE: 0.9999999999999307 
[MO833] Paramount Iteration,1,145,36.4823560715,0.237878084183
[MO833] Paramount Iteration,0,145,36.498557806,0.237860918045
146 -- 3.282660855992265 --- TKE: 0.9999999999999303 
[MO833] Paramount Iteration,1,146,36.717001915,0.234645843506
[MO833] Paramount Iteration,0,146,36.7332220078,0.234664201736
147 -- 3.305144836396841 --- TKE: 0.9999999999999298 
[MO833] Paramount Iteration,1,147,36.9460098743,0.229007959366
[MO833] Paramount Iteration,0,147,36.9622309208,0.22900891304
148 -- 3.3276288167756345 --- TKE: 0.9999999999999294 
[MO833] Paramount Iteration,1,148,37.1749129295,0.228903055191
[MO833] Paramount Iteration,0,148,37.1911318302,0.228900909424
149 -- 3.350112797375234 --- TKE: 0.999999999999929 
[MO833] Paramount Iteration,1,149,37.4039008617,0.228987932205
[MO833] Paramount Iteration,0,149,37.5273599625,0.336228132248
150 -- 3.372596777974834 --- TKE: 0.9999999999999283 
[MO833] Paramount Iteration,1,150,37.7424230576,0.338522195816
[MO833] Paramount Iteration,0,150,37.7586410046,0.231281042099
151 -- 3.3950807585744367 --- TKE: 0.9999999999999281 
[MO833] Paramount Iteration,1,151,37.9716930389,0.229269981384
[MO833] Paramount Iteration,0,151,37.9879128933,0.229271888733
152 -- 3.4175647391740407 --- TKE: 0.9999999999999274 
[MO833] Paramount Iteration,1,152,38.1992399693,0.227546930313
[MO833] Paramount Iteration,0,152,38.2154588699,0.227545976639
153 -- 3.4400487197736522 --- TKE: 0.999999999999927 
[MO833] Paramount Iteration,1,153,38.4272508621,0.228010892868
[MO833] Paramount Iteration,0,153,38.4434859753,0.228027105331
154 -- 3.4625327003732593 --- TKE: 0.9999999999999263 
[MO833] Paramount Iteration,1,154,38.6546759605,0.227425098419
[MO833] Paramount Iteration,0,154,38.6708958149,0.22740983963
155 -- 3.4850166809728576 --- TKE: 0.9999999999999261 
[MO833] Paramount Iteration,1,155,38.8822069168,0.227530956268
[MO833] Paramount Iteration,0,155,38.8984270096,0.227531194687
156 -- 3.5075006615140545 --- TKE: 0.9999999999999254 
[MO833] Paramount Iteration,1,156,39.1098339558,0.227627038956
[MO833] Paramount Iteration,0,156,39.1260528564,0.227625846863
157 -- 3.529984641960433 --- TKE: 0.999999999999925 
[MO833] Paramount Iteration,1,157,39.3377690315,0.22793507576
[MO833] Paramount Iteration,0,157,39.3539879322,0.22793507576
158 -- 3.5524686225600277 --- TKE: 0.9999999999999245 
[MO833] Paramount Iteration,1,158,39.5652489662,0.227479934692
[MO833] Paramount Iteration,0,158,39.5814688206,0.227480888367
159 -- 3.574952603159619 --- TKE: 0.9999999999999241 
[MO833] Paramount Iteration,1,159,39.7928409576,0.227591991425
[MO833] Paramount Iteration,0,159,39.9182009697,0.336732149124
160 -- 3.5974365837592135 --- TKE: 0.9999999999999236 
[MO833] Paramount Iteration,1,160,40.1327528954,0.339911937714
[MO833] Paramount Iteration,0,160,40.1489708424,0.230769872665
161 -- 3.6199205643588184 --- TKE: 0.9999999999999232 
[MO833] Paramount Iteration,1,161,40.361634016,0.228881120682
[MO833] Paramount Iteration,0,161,40.3778548241,0.228883981705
162 -- 3.6424045449584215 --- TKE: 0.9999999999999227 
[MO833] Paramount Iteration,1,162,40.5905809402,0.22894692421
[MO833] Paramount Iteration,0,162,40.6067998409,0.228945016861
163 -- 3.664888525558017 --- TKE: 0.9999999999999221 
[MO833] Paramount Iteration,1,163,40.8195979595,0.229017019272
[MO833] Paramount Iteration,0,163,40.835819006,0.229019165039
164 -- 3.6873725061576073 --- TKE: 0.9999999999999218 
[MO833] Paramount Iteration,1,164,41.0484650135,0.228867053986
[MO833] Paramount Iteration,0,164,41.0646848679,0.228865861893
165 -- 3.709856486757193 --- TKE: 0.9999999999999214 
[MO833] Paramount Iteration,1,165,41.2774450779,0.228980064392
[MO833] Paramount Iteration,0,165,41.2936649323,0.228980064392
166 -- 3.7323404673407996 --- TKE: 0.999999999999921 
[MO833] Paramount Iteration,1,166,41.5061788559,0.228733778
[MO833] Paramount Iteration,0,166,41.5223989487,0.228734016418
167 -- 3.7548244479403867 --- TKE: 0.9999999999999203 
[MO833] Paramount Iteration,1,167,41.7350759506,0.228897094727
[MO833] Paramount Iteration,0,167,41.751295805,0.228896856308
168 -- 3.7773084285399765 --- TKE: 0.9999999999999196 
[MO833] Paramount Iteration,1,168,41.9638359547,0.228760004044
[MO833] Paramount Iteration,0,168,41.9800570011,0.228761196136
169 -- 3.7997924091395707 --- TKE: 0.9999999999999194 
[MO833] Paramount Iteration,1,169,42.1929628849,0.229126930237
[MO833] Paramount Iteration,0,169,42.3163440228,0.336287021637
170 -- 3.8222763897391707 --- TKE: 0.9999999999999187 
[MO833] Paramount Iteration,1,170,42.5313210487,0.338358163834
[MO833] Paramount Iteration,0,170,42.5475399494,0.231195926666
171 -- 3.844760370338771 --- TKE: 0.9999999999999183 
[MO833] Paramount Iteration,1,171,42.7603900433,0.229068994522
[MO833] Paramount Iteration,0,171,42.7766098976,0.229069948196
172 -- 3.8672443509383587 --- TKE: 0.9999999999999178 
[MO833] Paramount Iteration,1,172,42.9925320148,0.232141971588
[MO833] Paramount Iteration,0,172,43.0087590218,0.232149124146
173 -- 3.8897283315379436 --- TKE: 0.9999999999999174 
[MO833] Paramount Iteration,1,173,43.2217738628,0.229241847992
[MO833] Paramount Iteration,0,173,43.2379939556,0.229234933853
174 -- 3.912212312137525 --- TKE: 0.999999999999917 
[MO833] Paramount Iteration,1,174,43.4510750771,0.229301214218
[MO833] Paramount Iteration,0,174,43.4672949314,0.2293009758
175 -- 3.934696292737101 --- TKE: 0.9999999999999165 
[MO833] Paramount Iteration,1,175,43.6804358959,0.229360818863
[MO833] Paramount Iteration,0,175,43.6966559887,0.229361057281
176 -- 3.95718027333668 --- TKE: 0.9999999999999161 
[MO833] Paramount Iteration,1,176,43.9096169472,0.229181051254
[MO833] Paramount Iteration,0,176,43.9258379936,0.229182004929
177 -- 3.9796642539362646 --- TKE: 0.9999999999999154 
[MO833] Paramount Iteration,1,177,44.138851881,0.229234933853
[MO833] Paramount Iteration,0,177,44.1550719738,0.229233980179
178 -- 4.002148234535856 --- TKE: 0.999999999999915 
[MO833] Paramount Iteration,1,178,44.3681149483,0.229263067245
[MO833] Paramount Iteration,0,178,44.384333849,0.229261875153
179 -- 4.024632215135454 --- TKE: 0.9999999999999145 
[MO833] Paramount Iteration,1,179,44.6005129814,0.232398033142
[MO833] Paramount Iteration,0,179,44.7285578251,0.344223976135
180 -- 4.0471161957350485 --- TKE: 0.9999999999999141 
[MO833] Paramount Iteration,1,180,44.9433870316,0.34287405014
[MO833] Paramount Iteration,0,180,44.9596059322,0.231048107147
181 -- 4.069600176334632 --- TKE: 0.9999999999999134 
[MO833] Paramount Iteration,1,181,45.1724209785,0.229033946991
[MO833] Paramount Iteration,0,181,45.1886408329,0.229034900665
182 -- 4.092084156934207 --- TKE: 0.9999999999999132 
[MO833] Paramount Iteration,1,182,45.4005460739,0.228125095367
[MO833] Paramount Iteration,0,182,45.4167659283,0.228125095367
183 -- 4.114568137533776 --- TKE: 0.9999999999999125 
[MO833] Paramount Iteration,1,183,45.6281909943,0.227644920349
[MO833] Paramount Iteration,0,183,45.6444108486,0.227644920349
184 -- 4.137052118133348 --- TKE: 0.9999999999999121 
[MO833] Paramount Iteration,1,184,45.8557050228,0.227514028549
[MO833] Paramount Iteration,0,184,45.8719258308,0.227514982224
185 -- 4.1595360987329215 --- TKE: 0.9999999999999116 
[MO833] Paramount Iteration,1,185,46.0834259987,0.227720975876
[MO833] Paramount Iteration,0,185,46.099645853,0.227720022202
186 -- 4.182020079332502 --- TKE: 0.9999999999999112 
[MO833] Paramount Iteration,1,186,46.3200800419,0.236654043198
[MO833] Paramount Iteration,0,186,46.3362998962,0.236654043198
187 -- 4.204504059932089 --- TKE: 0.9999999999999107 
[MO833] Paramount Iteration,1,187,46.5502099991,0.230129957199
[MO833] Paramount Iteration,0,187,46.5664298534,0.230129957199
188 -- 4.226988040531685 --- TKE: 0.9999999999999103 
[MO833] Paramount Iteration,1,188,46.77917099,0.228960990906
[MO833] Paramount Iteration,0,188,46.7953898907,0.228960037231
189 -- 4.249472021131279 --- TKE: 0.9999999999999096 
[MO833] Paramount Iteration,1,189,47.01146698,0.23229598999
[MO833] Paramount Iteration,0,189,47.1356179714,0.34022808075
190 -- 4.2719560017308575 --- TKE: 0.999999999999909 
[MO833] Paramount Iteration,1,190,47.3492980003,0.337831020355
[MO833] Paramount Iteration,0,190,47.365516901,0.229898929596
191 -- 4.294439982330431 --- TKE: 0.9999999999999087 
[MO833] Paramount Iteration,1,191,47.57695508,0.227657079697
[MO833] Paramount Iteration,0,191,47.5931749344,0.227658033371
192 -- 4.316923962930004 --- TKE: 0.9999999999999083 
[MO833] Paramount Iteration,1,192,47.8051328659,0.228177785873
[MO833] Paramount Iteration,0,192,47.8213698864,0.228194952011
193 -- 4.339407943529572 --- TKE: 0.9999999999999076 
[MO833] Paramount Iteration,1,193,48.0325820446,0.227449178696
[MO833] Paramount Iteration,0,193,48.0488009453,0.227431058884
194 -- 4.361891924129147 --- TKE: 0.9999999999999072 
[MO833] Paramount Iteration,1,194,48.2616260052,0.229043960571
[MO833] Paramount Iteration,0,194,48.2778458595,0.229044914246
195 -- 4.384375904728726 --- TKE: 0.9999999999999067 
[MO833] Paramount Iteration,1,195,48.4954988956,0.233872890472
[MO833] Paramount Iteration,0,195,48.5117189884,0.233873128891
196 -- 4.4068598853283145 --- TKE: 0.9999999999999063 
[MO833] Paramount Iteration,1,196,48.7303988934,0.234899997711
[MO833] Paramount Iteration,0,196,48.7466180325,0.234899044037
197 -- 4.42934386592791 --- TKE: 0.9999999999999059 
[MO833] Paramount Iteration,1,197,48.9656748772,0.23527598381
[MO833] Paramount Iteration,0,197,48.9818940163,0.23527598381
198 -- 4.451827846527496 --- TKE: 0.9999999999999054 
[MO833] Paramount Iteration,1,198,49.1930129528,0.227338075638
[MO833] Paramount Iteration,0,198,49.2092318535,0.227337837219
199 -- 4.474311827127072 --- TKE: 0.999999999999905 
[MO833] Paramount Iteration,1,199,49.4206008911,0.227587938309
[MO833] Paramount Iteration,0,199,49.5736479759,0.364416122437
200 -- 4.496795807726643 --- TKE: 0.9999999999999045 
[MO833] Paramount Iteration,1,200,49.7887010574,0.368100166321
[MO833] Paramount Iteration,0,200,49.8049190044,0.231271028519
201 -- 4.519279788326208 --- TKE: 0.9999999999999041 
[MO833] Paramount Iteration,1,201,50.0173199177,0.228618860245
[MO833] Paramount Iteration,0,201,50.0335388184,0.228619813919
202 -- 4.541763768925774 --- TKE: 0.9999999999999034 
[MO833] Paramount Iteration,1,202,50.2452340126,0.227914094925
[MO833] Paramount Iteration,0,202,50.2614529133,0.227914094925
203 -- 4.564247749525343 --- TKE: 0.9999999999999032 
[MO833] Paramount Iteration,1,203,50.4732160568,0.22798204422
[MO833] Paramount Iteration,0,203,50.4894359112,0.227982997894
204 -- 4.58673173012492 --- TKE: 0.9999999999999023 
[MO833] Paramount Iteration,1,204,50.701212883,0.227996826172
[MO833] Paramount Iteration,0,204,50.7174329758,0.22799706459
205 -- 4.609215710724505 --- TKE: 0.9999999999999019 
[MO833] Paramount Iteration,1,205,50.9290809631,0.227868080139
[MO833] Paramount Iteration,0,205,50.9453008175,0.227867841721
206 -- 4.631699691324103 --- TKE: 0.9999999999999014 
[MO833] Paramount Iteration,1,206,51.1570720673,0.227991104126
[MO833] Paramount Iteration,0,206,51.1732909679,0.227990150452
207 -- 4.654183671923689 --- TKE: 0.999999999999901 
[MO833] Paramount Iteration,1,207,51.3850200176,0.227947950363
[MO833] Paramount Iteration,0,207,51.401239872,0.227948904037
208 -- 4.676667652523267 --- TKE: 0.9999999999999005 
[MO833] Paramount Iteration,1,208,51.6128680706,0.227848052979
[MO833] Paramount Iteration,0,208,51.629087925,0.227848052979
209 -- 4.699151633122833 --- TKE: 0.9999999999999001 
[MO833] Paramount Iteration,1,209,51.8407318592,0.227863788605
[MO833] Paramount Iteration,0,209,51.9643340111,0.335246086121
210 -- 4.721635613722397 --- TKE: 0.9999999999998996 
[MO833] Paramount Iteration,1,210,52.1791269779,0.338395118713
[MO833] Paramount Iteration,0,210,52.1953449249,0.231010913849
211 -- 4.744119594321963 --- TKE: 0.9999999999998992 
[MO833] Paramount Iteration,1,211,52.4070379734,0.227910995483
[MO833] Paramount Iteration,0,211,52.4232578278,0.227912902832
212 -- 4.766603574921529 --- TKE: 0.9999999999998987 
[MO833] Paramount Iteration,1,212,52.6349709034,0.227932929993
[MO833] Paramount Iteration,0,212,52.6511898041,0.227931976318
213 -- 4.789087555521107 --- TKE: 0.9999999999998983 
[MO833] Paramount Iteration,1,213,52.8629410267,0.227970123291
[MO833] Paramount Iteration,0,213,52.8791618347,0.22797203064
214 -- 4.811571536120699 --- TKE: 0.9999999999998979 
[MO833] Paramount Iteration,1,214,53.0907239914,0.227782964706
[MO833] Paramount Iteration,0,214,53.1069428921,0.227781057358
215 -- 4.8340555167203005 --- TKE: 0.9999999999998974 
[MO833] Paramount Iteration,1,215,53.3220539093,0.231329917908
[MO833] Paramount Iteration,0,215,53.3382799625,0.231337070465
216 -- 4.856539497319888 --- TKE: 0.999999999999897 
[MO833] Paramount Iteration,1,216,53.5497970581,0.227743148804
[MO833] Paramount Iteration,0,216,53.5660159588,0.227735996246
217 -- 4.879023477919465 --- TKE: 0.9999999999998965 
[MO833] Paramount Iteration,1,217,53.7791690826,0.229372024536
[MO833] Paramount Iteration,0,217,53.7953879833,0.229372024536
218 -- 4.901507458519036 --- TKE: 0.9999999999998959 
[MO833] Paramount Iteration,1,218,54.0069520473,0.227782964706
[MO833] Paramount Iteration,0,218,54.023170948,0.227782964706
219 -- 4.9239914391186 --- TKE: 0.9999999999998956 
[MO833] Paramount Iteration,1,219,54.2383759022,0.231423854828
[MO833] Paramount Iteration,0,219,54.3657619953,0.342591047287
220 -- 4.946475419718166 --- TKE: 0.999999999999895 
[MO833] Paramount Iteration,1,220,54.5807468891,0.342370986938
[MO833] Paramount Iteration,0,220,54.5969660282,0.231204032898
221 -- 4.968959400317736 --- TKE: 0.9999999999998945 
[MO833] Paramount Iteration,1,221,54.809623003,0.228876113892
[MO833] Paramount Iteration,0,221,54.825843811,0.228877782822
222 -- 4.991443380917313 --- TKE: 0.9999999999998939 
[MO833] Paramount Iteration,1,222,55.0371589661,0.227535963058
[MO833] Paramount Iteration,0,222,55.0533788204,0.227535009384
223 -- 5.013927361516902 --- TKE: 0.9999999999998934 
[MO833] Paramount Iteration,1,223,55.2647769451,0.22761797905
[MO833] Paramount Iteration,0,223,55.2809958458,0.227617025375
224 -- 5.036411342116496 --- TKE: 0.999999999999893 
[MO833] Paramount Iteration,1,224,55.4923970699,0.227620124817
[MO833] Paramount Iteration,0,224,55.5086159706,0.227620124817
225 -- 5.058895322716081 --- TKE: 0.9999999999998925 
[MO833] Paramount Iteration,1,225,55.7200770378,0.22767996788
[MO833] Paramount Iteration,0,225,55.7362968922,0.227680921555
226 -- 5.081379303315652 --- TKE: 0.9999999999998921 
[MO833] Paramount Iteration,1,226,55.9478149414,0.227737903595
[MO833] Paramount Iteration,0,226,55.9640350342,0.227738142014
227 -- 5.103863283915223 --- TKE: 0.9999999999998916 
[MO833] Paramount Iteration,1,227,56.1756100655,0.227795124054
[MO833] Paramount Iteration,0,227,56.1918299198,0.227794885635
228 -- 5.126347264514789 --- TKE: 0.999999999999891 
[MO833] Paramount Iteration,1,228,56.403290987,0.227680921555
[MO833] Paramount Iteration,0,228,56.4195108414,0.227680921555
229 -- 5.148831245114358 --- TKE: 0.9999999999998908 
[MO833] Paramount Iteration,1,229,56.6308848858,0.227593898773
[MO833] Paramount Iteration,0,229,56.7545568943,0.335046052933
230 -- 5.1713152257139265 --- TKE: 0.9999999999998903 
[MO833] Paramount Iteration,1,230,56.9696860313,0.338801145554
[MO833] Paramount Iteration,0,230,56.9859039783,0.231347084045
231 -- 5.193799206313509 --- TKE: 0.9999999999998896 
[MO833] Paramount Iteration,1,231,57.1979110241,0.228224992752
[MO833] Paramount Iteration,0,231,57.2141308784,0.228226900101
232 -- 5.216283186913109 --- TKE: 0.9999999999998892 
[MO833] Paramount Iteration,1,232,57.4257130623,0.227802038193
[MO833] Paramount Iteration,0,232,57.4419329166,0.227802038193
233 -- 5.238767167512705 --- TKE: 0.9999999999998885 
[MO833] Paramount Iteration,1,233,57.653553009,0.227839946747
[MO833] Paramount Iteration,0,233,57.6697738171,0.227840900421
234 -- 5.2612511481122874 --- TKE: 0.9999999999998881 
[MO833] Paramount Iteration,1,234,57.8812868595,0.227733850479
[MO833] Paramount Iteration,0,234,57.8975059986,0.227732181549
235 -- 5.283735128711861 --- TKE: 0.9999999999998879 
[MO833] Paramount Iteration,1,235,58.1090819836,0.227795124054
[MO833] Paramount Iteration,0,235,58.1253008842,0.227794885635
236 -- 5.306219109311428 --- TKE: 0.9999999999998872 
[MO833] Paramount Iteration,1,236,58.3369269371,0.227844953537
[MO833] Paramount Iteration,0,236,58.3531470299,0.22784614563
237 -- 5.328703089910997 --- TKE: 0.9999999999998868 
[MO833] Paramount Iteration,1,237,58.5646798611,0.227752923965
[MO833] Paramount Iteration,0,237,58.5809009075,0.22775387764
238 -- 5.351187070510567 --- TKE: 0.9999999999998863 
[MO833] Paramount Iteration,1,238,58.7923309803,0.227651119232
[MO833] Paramount Iteration,0,238,58.8085508347,0.227649927139
239 -- 5.3736710511101435 --- TKE: 0.9999999999998859 
[MO833] Paramount Iteration,1,239,59.0207030773,0.228372097015
[MO833] Paramount Iteration,0,239,59.1461830139,0.33763217926
240 -- 5.39615503170973 --- TKE: 0.9999999999998854 
[MO833] Paramount Iteration,1,240,59.361301899,0.34059882164
[MO833] Paramount Iteration,0,240,59.3775210381,0.231338024139
241 -- 5.418639012309329 --- TKE: 0.9999999999998848 
[MO833] Paramount Iteration,1,241,59.5902919769,0.228990077972
[MO833] Paramount Iteration,0,241,59.6065108776,0.228989839554
242 -- 5.441122992908923 --- TKE: 0.9999999999998845 
[MO833] Paramount Iteration,1,242,59.8180160522,0.227724075317
[MO833] Paramount Iteration,0,242,59.8342359066,0.227725028992
243 -- 5.463606973508504 --- TKE: 0.9999999999998841 
[MO833] Paramount Iteration,1,243,60.0456058979,0.227589845657
[MO833] Paramount Iteration,0,243,60.0618259907,0.227590084076
244 -- 5.486090954108075 --- TKE: 0.9999999999998834 
[MO833] Paramount Iteration,1,244,60.2732479572,0.227642059326
[MO833] Paramount Iteration,0,244,60.2894668579,0.227640867233
245 -- 5.508574934707642 --- TKE: 0.999999999999883 
[MO833] Paramount Iteration,1,245,60.500936985,0.227689027786
[MO833] Paramount Iteration,0,245,60.5171568394,0.227689981461
246 -- 5.531058915307213 --- TKE: 0.9999999999998825 
[MO833] Paramount Iteration,1,246,60.728728056,0.227791070938
[MO833] Paramount Iteration,0,246,60.7449469566,0.227790117264
247 -- 5.5535428959067845 --- TKE: 0.9999999999998821 
[MO833] Paramount Iteration,1,247,60.9563350677,0.227607011795
[MO833] Paramount Iteration,0,247,60.9725549221,0.227607965469
248 -- 5.576026876506363 --- TKE: 0.9999999999998814 
[MO833] Paramount Iteration,1,248,61.1841180325,0.227782964706
[MO833] Paramount Iteration,0,248,61.2003369331,0.227782011032
249 -- 5.59851085710595 --- TKE: 0.999999999999881 
[MO833] Paramount Iteration,1,249,61.4119300842,0.227812051773
[MO833] Paramount Iteration,0,249,61.5355229378,0.335186004639
250 -- 5.620994837705554 --- TKE: 0.9999999999998805 
[MO833] Paramount Iteration,1,250,61.7505638599,0.338633775711
[MO833] Paramount Iteration,0,250,61.7667818069,0.231258869171
251 -- 5.6434788183051445 --- TKE: 0.9999999999998801 
[MO833] Paramount Iteration,1,251,61.9783430099,0.227779150009
[MO833] Paramount Iteration,0,251,61.9945628643,0.227781057358
252 -- 5.6659627989047205 --- TKE: 0.9999999999998797 
[MO833] Paramount Iteration,1,252,62.2059369087,0.227593898773
[MO833] Paramount Iteration,0,252,62.2221570015,0.227594137192
253 -- 5.688446779504294 --- TKE: 0.9999999999998792 
[MO833] Paramount Iteration,1,253,62.433768034,0.227831125259
[MO833] Paramount Iteration,0,253,62.4499878883,0.227830886841
254 -- 5.710930760103862 --- TKE: 0.9999999999998788 
[MO833] Paramount Iteration,1,254,62.6614198685,0.227651834488
[MO833] Paramount Iteration,0,254,62.6776390076,0.227651119232
255 -- 5.733414740703433 --- TKE: 0.9999999999998783 
[MO833] Paramount Iteration,1,255,62.88935709,0.227937221527
[MO833] Paramount Iteration,0,255,62.9055769444,0.227937936783
256 -- 5.755898721303008 --- TKE: 0.9999999999998777 
[MO833] Paramount Iteration,1,256,63.1167759895,0.227418899536
[MO833] Paramount Iteration,0,256,63.1329948902,0.227417945862
257 -- 5.778382701902587 --- TKE: 0.9999999999998772 
[MO833] Paramount Iteration,1,257,63.3449459076,0.22816991806
[MO833] Paramount Iteration,0,257,63.3611648083,0.22816991806
258 -- 5.800866682502184 --- TKE: 0.9999999999998768 
[MO833] Paramount Iteration,1,258,63.5724520683,0.227506160736
[MO833] Paramount Iteration,0,258,63.5886719227,0.22750711441
259 -- 5.8233506631017855 --- TKE: 0.9999999999998765 
[MO833] Paramount Iteration,1,259,63.8004150391,0.227962970734
[MO833] Paramount Iteration,0,259,63.9245588779,0.335886955261
260 -- 5.845834643701368 --- TKE: 0.9999999999998757 
[MO833] Paramount Iteration,1,260,64.1395359039,0.339120864868
[MO833] Paramount Iteration,0,260,64.1557538509,0.231194972992
261 -- 5.868318624300941 --- TKE: 0.9999999999998754 
[MO833] Paramount Iteration,1,261,64.3688840866,0.229348182678
[MO833] Paramount Iteration,0,261,64.3851029873,0.229349136353
262 -- 5.890802604900512 --- TKE: 0.999999999999875 
[MO833] Paramount Iteration,1,262,64.5964238644,0.227539777756
[MO833] Paramount Iteration,0,262,64.6126430035,0.227540016174
263 -- 5.913286585500081 --- TKE: 0.9999999999998743 
[MO833] Paramount Iteration,1,263,64.8241698742,0.227746009827
[MO833] Paramount Iteration,0,263,64.840389967,0.227746963501
264 -- 5.9357705660996505 --- TKE: 0.9999999999998741 
[MO833] Paramount Iteration,1,264,65.0517258644,0.227555990219
[MO833] Paramount Iteration,0,264,65.0679459572,0.227555990219
265 -- 5.958254546699222 --- TKE: 0.9999999999998734 
[MO833] Paramount Iteration,1,265,65.2792708874,0.227545022964
[MO833] Paramount Iteration,0,265,65.2954909801,0.227545022964
266 -- 5.980738527298808 --- TKE: 0.999999999999873 
[MO833] Paramount Iteration,1,266,65.5070359707,0.227765083313
[MO833] Paramount Iteration,0,266,65.5232548714,0.22776389122
267 -- 6.003222507851475 --- TKE: 0.9999999999998725 
[MO833] Paramount Iteration,1,267,65.7379539013,0.230917930603
[MO833] Paramount Iteration,0,267,65.7541818619,0.230926990509
268 -- 6.025706488260105 --- TKE: 0.9999999999998721 
[MO833] Paramount Iteration,0,268,65.9853589535,0.231177091599
[MO833] Paramount Iteration,1,268,65.9691569805,0.231203079224
269 -- 6.0481904687618115 --- TKE: 0.9999999999998714 
[MO833] Paramount Iteration,1,269,66.1968948841,0.227737903595
[MO833] Paramount Iteration,0,269,66.3236680031,0.338309049606
270 -- 6.070674449361386 --- TKE: 0.9999999999998712 
[MO833] Paramount Iteration,1,270,66.5384910107,0.341596126556
[MO833] Paramount Iteration,0,270,66.5547089577,0.23104095459
271 -- 6.093158429960954 --- TKE: 0.9999999999998705 
[MO833] Paramount Iteration,1,271,66.7670109272,0.228519916534
[MO833] Paramount Iteration,0,271,66.78323102,0.228522062302
272 -- 6.1156424105605245 --- TKE: 0.9999999999998701 
[MO833] Paramount Iteration,1,272,66.9945840836,0.227573156357
[MO833] Paramount Iteration,0,272,67.0108039379,0.227572917938
273 -- 6.138126391160097 --- TKE: 0.9999999999998697 
[MO833] Paramount Iteration,1,273,67.2222690582,0.22768497467
[MO833] Paramount Iteration,0,273,67.2384879589,0.227684020996
274 -- 6.160610371759676 --- TKE: 0.999999999999869 
[MO833] Paramount Iteration,1,274,67.4499070644,0.22763800621
[MO833] Paramount Iteration,0,274,67.4661269188,0.227638959885
275 -- 6.183094352359266 --- TKE: 0.9999999999998685 
[MO833] Paramount Iteration,1,275,67.6776630878,0.227756023407
[MO833] Paramount Iteration,0,275,67.6938819885,0.227755069733
276 -- 6.20557833270777 --- TKE: 0.9999999999998681 
[MO833] Paramount Iteration,1,276,67.9053719044,0.227708816528
[MO833] Paramount Iteration,0,276,67.9215919971,0.227710008621
277 -- 6.228062312864244 --- TKE: 0.9999999999998677 
[MO833] Paramount Iteration,1,277,68.1331720352,0.227800130844
[MO833] Paramount Iteration,0,277,68.1493918896,0.227799892426
278 -- 6.250546293077216 --- TKE: 0.9999999999998672 
[MO833] Paramount Iteration,1,278,68.3608829975,0.227710962296
[MO833] Paramount Iteration,0,278,68.3771018982,0.227710008621
279 -- 6.273030273569177 --- TKE: 0.9999999999998668 
[MO833] Paramount Iteration,1,279,68.5884108543,0.227527856827
[MO833] Paramount Iteration,0,279,68.7126460075,0.335544109344
280 -- 6.295514254168745 --- TKE: 0.9999999999998663 
[MO833] Paramount Iteration,1,280,68.9274919033,0.339081048965
[MO833] Paramount Iteration,0,280,68.9437098503,0.231063842773
281 -- 6.3179982347683135 --- TKE: 0.9999999999998659 
[MO833] Paramount Iteration,1,281,69.1566500664,0.229158163071
[MO833] Paramount Iteration,0,281,69.1728699207,0.229160070419
282 -- 6.340482215367885 --- TKE: 0.9999999999998652 
[MO833] Paramount Iteration,1,282,69.3845629692,0.227912902832
[MO833] Paramount Iteration,0,282,69.4007828236,0.227912902832
283 -- 6.362966195967469 --- TKE: 0.999999999999865 
[MO833] Paramount Iteration,1,283,69.6122319698,0.227669000626
[MO833] Paramount Iteration,0,283,69.6284508705,0.227668046951
284 -- 6.385450176567063 --- TKE: 0.9999999999998641 
[MO833] Paramount Iteration,1,284,69.9049489498,0.29271697998
[MO833] Paramount Iteration,0,284,69.9211688042,0.292717933655
285 -- 6.407934156703588 --- TKE: 0.9999999999998639 
[MO833] Paramount Iteration,1,285,70.1326398849,0.227690935135
[MO833] Paramount Iteration,0,285,70.1488599777,0.227691173553
286 -- 6.430418136611803 --- TKE: 0.9999999999998632 
[MO833] Paramount Iteration,1,286,70.3605139256,0.227874040604
[MO833] Paramount Iteration,0,286,70.3767340183,0.227874040604
287 -- 6.452902116551987 --- TKE: 0.9999999999998628 
[MO833] Paramount Iteration,1,287,70.5880730152,0.227559089661
[MO833] Paramount Iteration,0,287,70.6042928696,0.227558851242
288 -- 6.475386096761695 --- TKE: 0.9999999999998623 
[MO833] Paramount Iteration,1,288,70.8157010078,0.22762799263
[MO833] Paramount Iteration,0,288,70.8319199085,0.227627038956
289 -- 6.4978700773612585 --- TKE: 0.9999999999998619 
[MO833] Paramount Iteration,1,289,71.043432951,0.22773194313
[MO833] Paramount Iteration,0,289,71.1679158211,0.335995912552
290 -- 6.520354057960824 --- TKE: 0.9999999999998614 
[MO833] Paramount Iteration,1,290,71.382652998,0.339220046997
[MO833] Paramount Iteration,0,290,71.398870945,0.230955123901
291 -- 6.542838038560398 --- TKE: 0.999999999999861 
[MO833] Paramount Iteration,1,291,71.6104259491,0.227772951126
[MO833] Paramount Iteration,0,291,71.6266469955,0.227776050568
292 -- 6.565322019159983 --- TKE: 0.9999999999998606 
[MO833] Paramount Iteration,1,292,71.8380270004,0.227601051331
[MO833] Paramount Iteration,0,292,71.8542468548,0.227599859238
293 -- 6.58780599962019 --- TKE: 0.9999999999998601 
[MO833] Paramount Iteration,1,293,72.0658400059,0.227813005447
[MO833] Paramount Iteration,0,293,72.0820598602,0.227813005447
294 -- 6.6102899795412995 --- TKE: 0.9999999999998597 
[MO833] Paramount Iteration,1,294,72.2936229706,0.227782964706
[MO833] Paramount Iteration,0,294,72.3098428249,0.227782964706
295 -- 6.632773959209342 --- TKE: 0.999999999999859 
[MO833] Paramount Iteration,1,295,72.5221440792,0.228521108627
[MO833] Paramount Iteration,0,295,72.5383799076,0.228537082672
296 -- 6.65525793889645 --- TKE: 0.9999999999998586 
[MO833] Paramount Iteration,1,296,72.7498760223,0.22773194313
[MO833] Paramount Iteration,0,296,72.7660958767,0.227715969086
297 -- 6.677741918854701 --- TKE: 0.9999999999998581 
[MO833] Paramount Iteration,1,297,72.9776790142,0.227802991867
[MO833] Paramount Iteration,0,297,72.9938998222,0.227803945541
298 -- 6.700225899311414 --- TKE: 0.9999999999998577 
[MO833] Paramount Iteration,1,298,73.2053868771,0.227707862854
[MO833] Paramount Iteration,0,298,73.2216060162,0.227706193924
299 -- 6.7227098799109815 --- TKE: 0.999999999999857 
[MO833] Paramount Iteration,1,299,73.4331390858,0.22775220871
[MO833] Paramount Iteration,0,299,73.5577218533,0.336115837097
300 -- 6.745193860510557 --- TKE: 0.9999999999998566 
[MO833] Paramount Iteration,1,300,73.7727169991,0.339577913284
[MO833] Paramount Iteration,0,300,73.7889349461,0.231213092804
301 -- 6.767677841110145 --- TKE: 0.9999999999998561 
[MO833] Paramount Iteration,1,301,74.0016200542,0.228903055191
[MO833] Paramount Iteration,0,301,74.0178408623,0.228905916214
302 -- 6.790161821378288 --- TKE: 0.9999999999998557 
[MO833] Paramount Iteration,1,302,74.2293109894,0.227690935135
[MO833] Paramount Iteration,0,302,74.2455308437,0.227689981461
303 -- 6.8126458010848285 --- TKE: 0.9999999999998552 
[MO833] Paramount Iteration,1,303,74.4570689201,0.227757930756
[MO833] Paramount Iteration,0,303,74.4732890129,0.227758169174
304 -- 6.835129780524743 --- TKE: 0.9999999999998548 
[MO833] Paramount Iteration,1,304,74.6846818924,0.22761297226
[MO833] Paramount Iteration,0,304,74.7009019852,0.22761297226
305 -- 6.85761375998188 --- TKE: 0.9999999999998543 
[MO833] Paramount Iteration,1,305,74.9124119282,0.227730035782
[MO833] Paramount Iteration,0,305,74.9286308289,0.227728843689
306 -- 6.880097739722095 --- TKE: 0.9999999999998539 
[MO833] Paramount Iteration,1,306,75.1399989128,0.227586984634
[MO833] Paramount Iteration,0,306,75.1562190056,0.227588176727
307 -- 6.902581719987626 --- TKE: 0.9999999999998535 
[MO833] Paramount Iteration,1,307,75.3676800728,0.227681159973
[MO833] Paramount Iteration,0,307,75.3838999271,0.227680921555
308 -- 6.925065700587196 --- TKE: 0.999999999999853 
[MO833] Paramount Iteration,1,308,75.5954239368,0.227743864059
[MO833] Paramount Iteration,0,308,75.6116440296,0.227744102478
309 -- 6.947549681186769 --- TKE: 0.9999999999998523 
[MO833] Paramount Iteration,1,309,75.8231270313,0.227703094482
[MO833] Paramount Iteration,0,309,75.9477360249,0.336091995239
310 -- 6.970033661786361 --- TKE: 0.9999999999998519 
[MO833] Paramount Iteration,1,310,76.1626679897,0.339540958405
[MO833] Paramount Iteration,0,310,76.1788859367,0.23114991188
311 -- 6.992517641856944 --- TKE: 0.9999999999998515 
[MO833] Paramount Iteration,1,311,76.3912129402,0.228544950485
[MO833] Paramount Iteration,0,311,76.407433033,0.228547096252
312 -- 7.015001621353901 --- TKE: 0.999999999999851 
[MO833] Paramount Iteration,1,312,76.6186618805,0.227448940277
[MO833] Paramount Iteration,0,312,76.6348819733,0.227448940277
313 -- 7.037485600581394 --- TKE: 0.9999999999998506 
[MO833] Paramount Iteration,1,313,76.8464648724,0.227802991867
[MO833] Paramount Iteration,0,313,76.8626849651,0.227802991867
314 -- 7.059969579834643 --- TKE: 0.9999999999998499 
[MO833] Paramount Iteration,1,314,77.074051857,0.227586984634
[MO833] Paramount Iteration,0,314,77.0902719498,0.227586984634
315 -- 7.082453559392314 --- TKE: 0.9999999999998495 
[MO833] Paramount Iteration,1,315,77.3018610477,0.22780919075
[MO833] Paramount Iteration,0,315,77.3180799484,0.227807998657
316 -- 7.104937539510077 --- TKE: 0.999999999999849 
[MO833] Paramount Iteration,1,316,77.5293419361,0.227480888367
[MO833] Paramount Iteration,0,316,77.5455608368,0.227480888367
317 -- 7.12742151990268 --- TKE: 0.9999999999998486 
[MO833] Paramount Iteration,1,317,77.7570168972,0.22767496109
[MO833] Paramount Iteration,0,317,77.77323699,0.227676153183
318 -- 7.149905500376332 --- TKE: 0.9999999999998481 
[MO833] Paramount Iteration,1,318,77.9846310616,0.227614164352
[MO833] Paramount Iteration,0,318,78.0008509159,0.227613925934
319 -- 7.172389480975922 --- TKE: 0.9999999999998477 
[MO833] Paramount Iteration,1,319,78.2123720646,0.227741003036
[MO833] Paramount Iteration,0,319,78.3362648487,0.3354139328
320 -- 7.194873460847672 --- TKE: 0.9999999999998472 
[MO833] Paramount Iteration,1,320,78.5516009331,0.339228868484
[MO833] Paramount Iteration,0,320,78.5678188801,0.231554031372
321 -- 7.217357440143902 --- TKE: 0.9999999999998468 
[MO833] Paramount Iteration,1,321,78.7809159756,0.229315042496
[MO833] Paramount Iteration,0,321,78.7971358299,0.229316949844
322 -- 7.239841419177979 --- TKE: 0.9999999999998461 
[MO833] Paramount Iteration,1,322,79.0084090233,0.227493047714
[MO833] Paramount Iteration,0,322,79.024627924,0.22749209404
323 -- 7.2623253982559355 --- TKE: 0.9999999999998457 
[MO833] Paramount Iteration,1,323,79.2358489037,0.227439880371
[MO833] Paramount Iteration,0,323,79.2520678043,0.227439880371
324 -- 7.2848093776681315 --- TKE: 0.9999999999998452 
[MO833] Paramount Iteration,1,324,79.4633100033,0.227461099625
[MO833] Paramount Iteration,0,324,79.4795279503,0.22746014595
325 -- 7.307293357682042 --- TKE: 0.9999999999998448 
[MO833] Paramount Iteration,1,325,79.6907939911,0.227483987808
[MO833] Paramount Iteration,0,325,79.7070128918,0.227484941483
326 -- 7.3297773378442965 --- TKE: 0.9999999999998443 
[MO833] Paramount Iteration,0,326,79.938035965,0.231023073196
[MO833] Paramount Iteration,1,326,79.921833992,0.231040000916
327 -- 7.352261318108462 --- TKE: 0.9999999999998437 
[MO833] Paramount Iteration,1,327,80.1494550705,0.227621078491
[MO833] Paramount Iteration,0,327,80.1656739712,0.22763800621
328 -- 7.374745298524202 --- TKE: 0.9999999999998432 
[MO833] Paramount Iteration,1,328,80.3770439625,0.227588891983
[MO833] Paramount Iteration,0,328,80.3932638168,0.227589845657
329 -- 7.397229278199905 --- TKE: 0.9999999999998428 
[MO833] Paramount Iteration,1,329,80.6076469421,0.23060297966
[MO833] Paramount Iteration,0,329,80.7354938984,0.342230081558
330 -- 7.41971325730785 --- TKE: 0.9999999999998423 
[MO833] Paramount Iteration,1,330,80.9504599571,0.342813014984
[MO833] Paramount Iteration,0,330,80.9666788578,0.231184959412
331 -- 7.442197236170435 --- TKE: 0.9999999999998419 
[MO833] Paramount Iteration,1,331,81.1781718731,0.22771191597
[MO833] Paramount Iteration,0,331,81.1943919659,0.227713108063
332 -- 7.464681215103749 --- TKE: 0.9999999999998415 
[MO833] Paramount Iteration,1,332,81.405739069,0.227567195892
[MO833] Paramount Iteration,0,332,81.4219579697,0.227566003799
333 -- 7.487165194408604 --- TKE: 0.9999999999998408 
[MO833] Paramount Iteration,1,333,81.6333968639,0.227657794952
[MO833] Paramount Iteration,0,333,81.6496169567,0.227658987045
334 -- 7.50964917430941 --- TKE: 0.9999999999998403 
[MO833] Paramount Iteration,1,334,81.8608939648,0.22749710083
[MO833] Paramount Iteration,0,334,81.8771138191,0.227496862411
335 -- 7.532133154279364 --- TKE: 0.9999999999998399 
[MO833] Paramount Iteration,1,335,82.0884280205,0.22753405571
[MO833] Paramount Iteration,0,335,82.1046469212,0.227533102036
336 -- 7.554617134371968 --- TKE: 0.9999999999998392 
[MO833] Paramount Iteration,1,336,82.3160419464,0.227613925934
[MO833] Paramount Iteration,0,336,82.3322608471,0.227613925934
337 -- 7.5771011146377925 --- TKE: 0.999999999999839 
[MO833] Paramount Iteration,1,337,82.5434610844,0.227419137955
[MO833] Paramount Iteration,0,337,82.5596809387,0.227420091629
338 -- 7.599585094124014 --- TKE: 0.9999999999998384 
[MO833] Paramount Iteration,1,338,82.7708718777,0.227410793304
[MO833] Paramount Iteration,0,338,82.7870919704,0.227411031723
339 -- 7.622069073059356 --- TKE: 0.9999999999998379 
[MO833] Paramount Iteration,1,339,82.9984850883,0.227613210678
[MO833] Paramount Iteration,0,339,83.1219849586,0.334892988205
340 -- 7.644553051774858 --- TKE: 0.9999999999998375 
[MO833] Paramount Iteration,1,340,83.3367760181,0.338290929794
[MO833] Paramount Iteration,0,340,83.3529930115,0.231008052826
341 -- 7.667037030595781 --- TKE: 0.999999999999837 
[MO833] Paramount Iteration,1,341,83.5659608841,0.229184865952
[MO833] Paramount Iteration,0,341,83.5821800232,0.229187011719
342 -- 7.689521009831995 --- TKE: 0.9999999999998366 
[MO833] Paramount Iteration,1,342,83.7937319279,0.227771043777
[MO833] Paramount Iteration,0,342,83.8099520206,0.227771997452
343 -- 7.712004989557455 --- TKE: 0.9999999999998361 
[MO833] Paramount Iteration,1,343,84.0215358734,0.227803945541
[MO833] Paramount Iteration,0,343,84.0377559662,0.227803945541
344 -- 7.734488969371476 --- TKE: 0.9999999999998357 
[MO833] Paramount Iteration,1,344,84.2493400574,0.22780418396
[MO833] Paramount Iteration,0,344,84.2655589581,0.227802991867
345 -- 7.75697294932845 --- TKE: 0.9999999999998352 
[MO833] Paramount Iteration,1,345,84.4771490097,0.227808952332
[MO833] Paramount Iteration,0,345,84.4933679104,0.227808952332
346 -- 7.779456929457478 --- TKE: 0.9999999999998348 
[MO833] Paramount Iteration,1,346,84.7044858932,0.227336883545
[MO833] Paramount Iteration,0,346,84.7207050323,0.227337121964
347 -- 7.8019409087642755 --- TKE: 0.9999999999998344 
[MO833] Paramount Iteration,1,347,84.9322419167,0.227756023407
[MO833] Paramount Iteration,0,347,84.9484620094,0.227756977081
348 -- 7.824424887545566 --- TKE: 0.9999999999998337 
[MO833] Paramount Iteration,1,348,85.1596078873,0.227365970612
[MO833] Paramount Iteration,0,348,85.1758270264,0.227365016937
349 -- 7.846908866140471 --- TKE: 0.9999999999998332 
[MO833] Paramount Iteration,1,349,85.3872909546,0.227683067322
[MO833] Paramount Iteration,0,349,85.5115408897,0.335713863373
350 -- 7.8693928448823875 --- TKE: 0.9999999999998328 
[MO833] Paramount Iteration,1,350,85.7262570858,0.33896613121
[MO833] Paramount Iteration,0,350,85.7424759865,0.230935096741
351 -- 7.8918768240887776 --- TKE: 0.9999999999998321 
[MO833] Paramount Iteration,1,351,85.9547538757,0.228496789932
[MO833] Paramount Iteration,0,351,85.9709739685,0.228497982025
352 -- 7.914360803673567 --- TKE: 0.9999999999998317 
[MO833] Paramount Iteration,1,352,86.182420969,0.227667093277
[MO833] Paramount Iteration,0,352,86.1986408234,0.227666854858
353 -- 7.936844783366143 --- TKE: 0.9999999999998312 
[MO833] Paramount Iteration,1,353,86.4101359844,0.227715015411
[MO833] Paramount Iteration,0,353,86.4263558388,0.227715015411
354 -- 7.959328763221277 --- TKE: 0.9999999999998308 
[MO833] Paramount Iteration,1,354,86.6378059387,0.2276699543
[MO833] Paramount Iteration,0,354,86.6540260315,0.227670192719
355 -- 7.981812743154557 --- TKE: 0.9999999999998304 
[MO833] Paramount Iteration,1,355,86.8656458855,0.227839946747
[MO833] Paramount Iteration,0,355,86.8818659782,0.227839946747
356 -- 8.004296722295148 --- TKE: 0.9999999999998299 
[MO833] Paramount Iteration,1,356,87.0932159424,0.227570056915
[MO833] Paramount Iteration,0,356,87.1094360352,0.227570056915
357 -- 8.026780700943432 --- TKE: 0.9999999999998295 
[MO833] Paramount Iteration,1,357,87.3207659721,0.227550029755
[MO833] Paramount Iteration,0,357,87.3369839191,0.227547883987
358 -- 8.04926467944588 --- TKE: 0.999999999999829 
[MO833] Paramount Iteration,1,358,87.548429966,0.227663993835
[MO833] Paramount Iteration,0,358,87.5646498203,0.227665901184
359 -- 8.071748658142873 --- TKE: 0.9999999999998286 
[MO833] Paramount Iteration,1,359,87.7759518623,0.227521896362
[MO833] Paramount Iteration,0,359,87.8995778561,0.334928035736
360 -- 8.09423263735794 --- TKE: 0.9999999999998281 
[MO833] Paramount Iteration,1,360,88.1145479679,0.338596105576
[MO833] Paramount Iteration,0,360,88.1307659149,0.231188058853
361 -- 8.11671661683501 --- TKE: 0.9999999999998275 
[MO833] Paramount Iteration,1,361,88.3436019421,0.229053974152
[MO833] Paramount Iteration,0,361,88.3598220348,0.229056119919
362 -- 8.139200596438634 --- TKE: 0.9999999999998272 
[MO833] Paramount Iteration,1,362,88.5718538761,0.228251934052
[MO833] Paramount Iteration,0,362,88.5880908966,0.228268861771
363 -- 8.161684576223479 --- TKE: 0.9999999999998266 
[MO833] Paramount Iteration,1,363,88.7994909286,0.227637052536
[MO833] Paramount Iteration,0,363,88.8157088757,0.22761797905
364 -- 8.184168555986533 --- TKE: 0.9999999999998261 
[MO833] Paramount Iteration,1,364,89.0270769596,0.22758603096
[MO833] Paramount Iteration,0,364,89.0432958603,0.227586984634
365 -- 8.20665253497694 --- TKE: 0.9999999999998257 
[MO833] Paramount Iteration,1,365,89.2547929287,0.227715969086
[MO833] Paramount Iteration,0,365,89.2710118294,0.227715969086
366 -- 8.229136513515321 --- TKE: 0.999999999999825 
[MO833] Paramount Iteration,1,366,89.4826390743,0.22784614563
[MO833] Paramount Iteration,0,366,89.4988598824,0.227848052979
367 -- 8.251620491954679 --- TKE: 0.9999999999998246 
[MO833] Paramount Iteration,1,367,89.7099699974,0.22733092308
[MO833] Paramount Iteration,0,367,89.7261898518,0.227329969406
368 -- 8.274104470641126 --- TKE: 0.9999999999998241 
[MO833] Paramount Iteration,1,368,89.9377088547,0.227738857269
[MO833] Paramount Iteration,0,368,89.9539279938,0.227738142014
369 -- 8.296588449902655 --- TKE: 0.9999999999998237 
[MO833] Paramount Iteration,1,369,90.1654210091,0.227712154388
[MO833] Paramount Iteration,0,369,90.291121006,0.337193012238
370 -- 8.319072429303096 --- TKE: 0.9999999999998233 
[MO833] Paramount Iteration,1,370,90.5059289932,0.340507984161
[MO833] Paramount Iteration,0,370,90.5221469402,0.231025934219
371 -- 8.341556408848165 --- TKE: 0.9999999999998226 
[MO833] Paramount Iteration,1,371,90.7339229584,0.227993965149
[MO833] Paramount Iteration,0,371,90.7501428127,0.227995872498
372 -- 8.364040388591974 --- TKE: 0.9999999999998224 
[MO833] Paramount Iteration,1,372,90.9616429806,0.227720022202
[MO833] Paramount Iteration,0,372,90.9778618813,0.227719068527
373 -- 8.386524368210212 --- TKE: 0.9999999999998219 
[MO833] Paramount Iteration,1,373,91.1892359257,0.227592945099
[MO833] Paramount Iteration,0,373,91.2054560184,0.227594137192
374 -- 8.409008347068907 --- TKE: 0.9999999999998213 
[MO833] Paramount Iteration,1,374,91.4168059826,0.227570056915
[MO833] Paramount Iteration,0,374,91.4330248833,0.227568864822
375 -- 8.431492325522207 --- TKE: 0.9999999999998208 
[MO833] Paramount Iteration,1,375,91.6442389488,0.227432966232
[MO833] Paramount Iteration,0,375,91.6604578495,0.227432966232
376 -- 8.45397630392867 --- TKE: 0.9999999999998204 
[MO833] Paramount Iteration,1,376,91.8718149662,0.22757601738
[MO833] Paramount Iteration,0,376,91.8880348206,0.227576971054
377 -- 8.476460282638822 --- TKE: 0.9999999999998199 
[MO833] Paramount Iteration,1,377,92.0990769863,0.227262020111
[MO833] Paramount Iteration,0,377,92.115295887,0.227261066437
378 -- 8.498944261887145 --- TKE: 0.9999999999998193 
[MO833] Paramount Iteration,1,378,92.3268809319,0.227803945541
[MO833] Paramount Iteration,0,378,92.3430998325,0.227803945541
379 -- 8.521428241240105 --- TKE: 0.9999999999998188 
[MO833] Paramount Iteration,1,379,92.5542449951,0.227364063263
[MO833] Paramount Iteration,0,379,92.6777079105,0.334608078003
380 -- 8.543912220754843 --- TKE: 0.9999999999998184 
[MO833] Paramount Iteration,1,380,92.8910210133,0.336776018143
[MO833] Paramount Iteration,0,380,92.9072389603,0.229531049728
381 -- 8.56639620047954 --- TKE: 0.9999999999998179 
[MO833] Paramount Iteration,1,381,93.1182639599,0.227242946625
[MO833] Paramount Iteration,0,381,93.1344828606,0.227243900299
382 -- 8.588880179940121 --- TKE: 0.9999999999998175 
[MO833] Paramount Iteration,1,382,93.345774889,0.227510929108
[MO833] Paramount Iteration,0,382,93.3619940281,0.227511167526
383 -- 8.61136415868765 --- TKE: 0.999999999999817 
[MO833] Paramount Iteration,1,383,93.5730159283,0.227241039276
[MO833] Paramount Iteration,0,383,93.589236021,0.22724199295
384 -- 8.633848137081994 --- TKE: 0.9999999999998166 
[MO833] Paramount Iteration,1,384,93.8005559444,0.227540016174
[MO833] Paramount Iteration,0,384,93.8167760372,0.227540016174
385 -- 8.656332115486197 --- TKE: 0.9999999999998161 
[MO833] Paramount Iteration,1,385,94.0277349949,0.227179050446
[MO833] Paramount Iteration,0,385,94.0439548492,0.227178812027
386 -- 8.678816094253841 --- TKE: 0.9999999999998153 
[MO833] Paramount Iteration,1,386,94.2551598549,0.227424860001
[MO833] Paramount Iteration,0,386,94.2713799477,0.227425098419
387 -- 8.701300073464875 --- TKE: 0.9999999999998153 
[MO833] Paramount Iteration,1,387,94.4826228619,0.227463006973
[MO833] Paramount Iteration,0,387,94.4988429546,0.227463006973
388 -- 8.723784052797495 --- TKE: 0.9999999999998148 
[MO833] Paramount Iteration,1,388,94.7099180222,0.227295160294
[MO833] Paramount Iteration,0,388,94.7261378765,0.227294921875
389 -- 8.74626803230795 --- TKE: 0.9999999999998141 
[MO833] Paramount Iteration,1,389,94.9372758865,0.22735786438
[MO833] Paramount Iteration,0,389,95.0617849827,0.335647106171
390 -- 8.768752011923242 --- TKE: 0.9999999999998135 
[MO833] Paramount Iteration,1,390,95.276599884,0.339323997498
[MO833] Paramount Iteration,0,390,95.292817831,0.231032848358
391 -- 8.791235991242669 --- TKE: 0.999999999999813 
[MO833] Paramount Iteration,1,391,95.5053958893,0.228796005249
[MO833] Paramount Iteration,0,391,95.5216159821,0.228798151016
392 -- 8.8137199699013 --- TKE: 0.9999999999998126 
[MO833] Paramount Iteration,1,392,95.7329380512,0.227542161942
[MO833] Paramount Iteration,0,392,95.7491569519,0.227540969849
393 -- 8.83620394826374 --- TKE: 0.9999999999998122 
[MO833] Paramount Iteration,1,393,95.9603750706,0.227437019348
[MO833] Paramount Iteration,0,393,95.9765958786,0.227438926697
394 -- 8.8586879266964 --- TKE: 0.9999999999998117 
[MO833] Paramount Iteration,1,394,96.1878299713,0.227454900742
[MO833] Paramount Iteration,0,394,96.204048872,0.227452993393
395 -- 8.881171905554517 --- TKE: 0.9999999999998113 
[MO833] Paramount Iteration,1,395,96.4153568745,0.227526903152
[MO833] Paramount Iteration,0,395,96.4315779209,0.22752904892
396 -- 8.903655884754258 --- TKE: 0.9999999999998108 
[MO833] Paramount Iteration,0,396,96.6625328064,0.230954885483
[MO833] Paramount Iteration,1,396,96.6463310719,0.230974197388
397 -- 8.926139864091633 --- TKE: 0.9999999999998104 
[MO833] Paramount Iteration,1,397,96.873775959,0.227444887161
[MO833] Paramount Iteration,0,397,96.8899958134,0.227463006973
398 -- 8.948623843621656 --- TKE: 0.9999999999998099 
[MO833] Paramount Iteration,1,398,97.1012830734,0.22750711441
[MO833] Paramount Iteration,0,398,97.1175029278,0.22750711441
399 -- 8.971107823150364 --- TKE: 0.9999999999998095 
[MO833] Paramount Iteration,1,399,97.3287789822,0.227495908737
[MO833] Paramount Iteration,0,399,97.452423811,0.334920883179
400 -- 8.993591802347337 --- TKE: 0.999999999999809 
[MO833] Paramount Iteration,1,400,97.6659779549,0.337198972702
[MO833] Paramount Iteration,0,400,97.6821959019,0.229772090912
401 -- 9.016075780940678 --- TKE: 0.9999999999998084 
[MO833] Paramount Iteration,1,401,97.8934390545,0.227461099625
[MO833] Paramount Iteration,0,401,97.9096589088,0.227463006973
402 -- 9.038559759298838 --- TKE: 0.9999999999998082 
[MO833] Paramount Iteration,1,402,98.1209080219,0.227468967438
[MO833] Paramount Iteration,0,402,98.1371278763,0.227468967438
403 -- 9.061043737790405 --- TKE: 0.9999999999998075 
[MO833] Paramount Iteration,1,403,98.3516230583,0.230715036392
[MO833] Paramount Iteration,0,403,98.3678529263,0.230725049973
404 -- 9.083527716770863 --- TKE: 0.999999999999807 
[MO833] Paramount Iteration,1,404,98.5790190697,0.227396011353
[MO833] Paramount Iteration,0,404,98.5952379704,0.227385044098
405 -- 9.106011695983423 --- TKE: 0.9999999999998066 
[MO833] Paramount Iteration,1,405,98.8065299988,0.227510929108
[MO833] Paramount Iteration,0,405,98.8227498531,0.227511882782
406 -- 9.128495675348603 --- TKE: 0.9999999999998059 
[MO833] Paramount Iteration,1,406,99.0342230797,0.227693080902
[MO833] Paramount Iteration,0,406,99.0504419804,0.227692127228
407 -- 9.150979654919876 --- TKE: 0.9999999999998055 
[MO833] Paramount Iteration,1,407,99.2617678642,0.227544784546
[MO833] Paramount Iteration,0,407,99.277987957,0.227545976639
408 -- 9.173463634384333 --- TKE: 0.999999999999805 
[MO833] Paramount Iteration,1,408,99.4892830849,0.227515220642
[MO833] Paramount Iteration,0,408,99.5055019855,0.227514028549
409 -- 9.195947613479227 --- TKE: 0.9999999999998046 
[MO833] Paramount Iteration,1,409,99.7168688774,0.227585792542
[MO833] Paramount Iteration,0,409,99.8749928474,0.369490861893
410 -- 9.2184315920319 --- TKE: 0.9999999999998042 
[MO833] Paramount Iteration,1,410,100.089331865,0.3724629879
[MO833] Paramount Iteration,0,410,100.105551004,0.230558156967
411 -- 9.240915570413641 --- TKE: 0.9999999999998037 
[MO833] Paramount Iteration,1,411,100.317646027,0.228314161301
[MO833] Paramount Iteration,0,411,100.333865881,0.228314876556
412 -- 9.263399548993997 --- TKE: 0.9999999999998033 
[MO833] Paramount Iteration,1,412,100.545306921,0.227660894394
[MO833] Paramount Iteration,0,412,100.561527014,0.227661132812
413 -- 9.285883528127304 --- TKE: 0.9999999999998026 
[MO833] Paramount Iteration,1,413,100.790070057,0.24476313591
[MO833] Paramount Iteration,0,413,100.806289911,0.244762897491
414 -- 9.308367507374884 --- TKE: 0.9999999999998022 
[MO833] Paramount Iteration,1,414,101.017760038,0.227689981461
[MO833] Paramount Iteration,0,414,101.033980846,0.227690935135
415 -- 9.33085148678887 --- TKE: 0.9999999999998017 
[MO833] Paramount Iteration,1,415,101.245512962,0.227752923965
[MO833] Paramount Iteration,0,415,101.261734009,0.227753162384
416 -- 9.353335466420928 --- TKE: 0.9999999999998013 
[MO833] Paramount Iteration,1,416,101.473239899,0.22772693634
[MO833] Paramount Iteration,0,416,101.489460945,0.22772693634
417 -- 9.375819445842836 --- TKE: 0.9999999999998008 
[MO833] Paramount Iteration,1,417,101.700818062,0.227578163147
[MO833] Paramount Iteration,0,417,101.717037916,0.227576971054
418 -- 9.398303424857403 --- TKE: 0.9999999999998004 
[MO833] Paramount Iteration,1,418,101.930516005,0.229697942734
[MO833] Paramount Iteration,0,418,101.946734905,0.229696989059
419 -- 9.420787403394685 --- TKE: 0.9999999999997997 
[MO833] Paramount Iteration,1,419,102.158195972,0.22767996788
[MO833] Paramount Iteration,0,419,102.281857967,0.335123062134
420 -- 9.443271381827788 --- TKE: 0.9999999999997993 
[MO833] Paramount Iteration,1,420,102.495404959,0.337208986282
[MO833] Paramount Iteration,0,420,102.511623859,0.229765892029
421 -- 9.465755360525957 --- TKE: 0.9999999999997988 
[MO833] Paramount Iteration,1,421,102.723103046,0.227698087692
[MO833] Paramount Iteration,0,421,102.739321947,0.227698087692
422 -- 9.488239339703968 --- TKE: 0.9999999999997984 
[MO833] Paramount Iteration,1,422,102.951076031,0.227972984314
[MO833] Paramount Iteration,0,422,102.967294931,0.227972984314
423 -- 9.51072331900687 --- TKE: 0.9999999999997979 
[MO833] Paramount Iteration,1,423,103.178828955,0.227752923965
[MO833] Paramount Iteration,0,423,103.195047855,0.227752923965
424 -- 9.533207298488648 --- TKE: 0.9999999999997975 
[MO833] Paramount Iteration,1,424,103.40693903,0.228110074997
[MO833] Paramount Iteration,0,424,103.42315793,0.228110074997
425 -- 9.55569127808653 --- TKE: 0.999999999999797 
[MO833] Paramount Iteration,1,425,103.63468504,0.227746009827
[MO833] Paramount Iteration,0,425,103.65090394,0.227746009827
426 -- 9.578175257486851 --- TKE: 0.9999999999997966 
[MO833] Paramount Iteration,1,426,103.862524033,0.227838993073
[MO833] Paramount Iteration,0,426,103.878743887,0.227839946747
427 -- 9.600659236443887 --- TKE: 0.9999999999997962 
[MO833] Paramount Iteration,1,427,104.090394974,0.227870941162
[MO833] Paramount Iteration,0,427,104.106614828,0.227870941162
428 -- 9.623143214991416 --- TKE: 0.9999999999997955 
[MO833] Paramount Iteration,0,428,104.334537029,0.227922201157
[MO833] Paramount Iteration,1,428,104.318333864,0.227938890457
429 -- 9.645627193503268 --- TKE: 0.999999999999795 
[MO833] Paramount Iteration,1,429,104.546283007,0.227949142456
[MO833] Paramount Iteration,0,429,104.67055583,0.336018800735
430 -- 9.668111172347157 --- TKE: 0.9999999999997946 
[MO833] Paramount Iteration,1,430,104.885843992,0.339560985565
[MO833] Paramount Iteration,0,430,104.902061939,0.231506109238
431 -- 9.690595151585851 --- TKE: 0.9999999999997942 
[MO833] Paramount Iteration,1,431,105.115154982,0.22931098938
[MO833] Paramount Iteration,0,431,105.131376028,0.229314088821
432 -- 9.713079130962482 --- TKE: 0.9999999999997937 
[MO833] Paramount Iteration,1,432,105.343026876,0.227871894836
[MO833] Paramount Iteration,0,432,105.359246016,0.227869987488
433 -- 9.735563110529075 --- TKE: 0.9999999999997933 
[MO833] Paramount Iteration,1,433,105.570796967,0.227770090103
[MO833] Paramount Iteration,0,433,105.587016821,0.227770805359
434 -- 9.758047090108159 --- TKE: 0.9999999999997928 
[MO833] Paramount Iteration,1,434,105.79867506,0.227878093719
[MO833] Paramount Iteration,0,434,105.814894915,0.227878093719
435 -- 9.780531069507026 --- TKE: 0.9999999999997922 
[MO833] Paramount Iteration,1,435,106.02639389,0.227718830109
[MO833] Paramount Iteration,0,435,106.042614937,0.227720022202
436 -- 9.80301504843004 --- TKE: 0.9999999999997917 
[MO833] Paramount Iteration,1,436,106.254312038,0.227918148041
[MO833] Paramount Iteration,0,436,106.270530939,0.227916002274
437 -- 9.825499027013505 --- TKE: 0.9999999999997913 
[MO833] Paramount Iteration,1,437,106.482136011,0.227823972702
[MO833] Paramount Iteration,0,437,106.498355865,0.227824926376
438 -- 9.847983005630853 --- TKE: 0.9999999999997908 
[MO833] Paramount Iteration,1,438,106.709863901,0.227727890015
[MO833] Paramount Iteration,0,438,106.726083994,0.227728128433
439 -- 9.870466984647033 --- TKE: 0.9999999999997904 
[MO833] Paramount Iteration,1,439,106.937732935,0.227869033813
[MO833] Paramount Iteration,0,439,107.061044931,0.3349609375
440 -- 9.892950963964234 --- TKE: 0.99999999999979 
[MO833] Paramount Iteration,1,440,107.275819063,0.338086128235
[MO833] Paramount Iteration,0,440,107.29203701,0.230992078781
441 -- 9.915434943431155 --- TKE: 0.9999999999997893 
[MO833] Paramount Iteration,1,441,107.503989935,0.228170871735
[MO833] Paramount Iteration,0,441,107.520208836,0.228171825409
442 -- 9.937918923097648 --- TKE: 0.9999999999997888 
[MO833] Paramount Iteration,1,442,107.731703997,0.227714061737
[MO833] Paramount Iteration,0,442,107.747923851,0.227715015411
443 -- 9.9604029026769 --- TKE: 0.9999999999997884 
[MO833] Paramount Iteration,1,443,107.959359884,0.227655887604
[MO833] Paramount Iteration,0,443,107.975579977,0.227656126022
444 -- 9.98288688209351 --- TKE: 0.9999999999997877 
[MO833] Paramount Iteration,1,444,108.187821865,0.22846198082
[MO833] Paramount Iteration,0,444,108.204058886,0.228478908539
445 -- 10.005370861006455 --- TKE: 0.9999999999997875 
[MO833] PI avg,1,0.239551240407,445
[MO833] Beta,1,1.14064850739e-07
[MO833] PI avg,0,0.239512485333,445
[MO833] Beta,0,0.0012927651959
[MO833] Total time,0,108.569702864
