--------------------------------------------------------------------------
[[38116,1],0]: A high-performance Open MPI point-to-point messaging module
was unable to find any relevant network interfaces:

Module: OpenFabrics (openib)
  Host: node06

Another transport will be used instead, although this may result in
lower performance.

NOTE: You can disable this warning by setting the MCA parameter
btl_base_warn_component_unused to 0.
--------------------------------------------------------------------------
 
                                 _       
                                | |      
 _ __  _   _ _ __ __ _ _ __   __| | __ _ 
| '_ \| | | | '__/ _` | '_ \ / _` |/ _` |
| |_) | |_| | | | (_| | | | | (_| | (_| |
| .__/ \__, |_|  \__,_|_| |_|\__,_|\__,_|
| |     __/ |                            
|_|    |___/                             

Version 1.0

Copyright (c) 2020 Lawrence Livermore National Laboratory (LLNL-CODE-749864)
All rights reserved. 
For details about use and distribution, please read: pyranda/LICENSE

Adding variables: tke
Adding variables: tauxz
Adding variables: tauxy
Adding variables: tauxx
Adding variables: tauzz
Adding variables: cs
Adding variables: vx
Adding variables: vy
Adding variables: vz
Adding variables: tauyy
Adding variables: tauyz
Adding variables: taudia
Adding variables: rhow
Adding variables: rhov
Adding variables: rhou
Adding variables: S
Adding variables: rho
Adding variables: dt
Adding variables: wz
Adding variables: wy
Adding variables: wx
Adding variables: enst
Adding variables: uy
Adding variables: ux
Adding variables: uz
Adding variables: beta
Adding variables: mu
Adding variables: p
Adding variables: u
Adding variables: w
Adding variables: v
Adding variables: Et
Adding variables: div
Adding variables: gamma
Adding equations of motion: 
(1)   ddt(:rho:)  =  -ddx(:rho:*:u:)                  - ddy(:rho:*:v:)                  - ddz(:rho:*:w:)
(2)   ddt(:rhou:) =  -ddx(:rhou:*:u: + :p: - :tauxx:) - ddy(:rhou:*:v: - :tauxy:)       - ddz(:rhou:*:w: - :tauxz:)
(3)   ddt(:rhov:) =  -ddx(:rhov:*:u: - :tauxy:)       - ddy(:rhov:*:v: + :p: - :tauyy:) - ddz(:rhov:*:w: - :tauyz:)
(4)   ddt(:rhow:) =  -ddx(:rhow:*:u: - :tauxz:)       - ddy(:rhow:*:v: - :tauyz:)       - ddz(:rhow:*:w: + :p: - :tauzz:)
(5)   ddt(:Et:)   =  -ddx( (:Et: - :tauxx:)*:u: - :tauxy:*:v: - :tauxz:*:w: ) - ddy( (:Et: - :tauyy:)*:v: -:tauxy:*:u: - :tauyz:*:w:) - ddz( (:Et: - :tauzz:)*:w: - :tauxz:*:u: - :tauyz:*:v: )
(6)   :rho:       =  fbar( :rho:  )
(7)   :rhou:      =  fbar( :rhou: )
(8)   :rhov:      =  fbar( :rhov: )
(9)   :rhow:      =  fbar( :rhow: )
(10)   :Et:        =  fbar( :Et:   )
(11)   :u:         =  :rhou: / :rho:
(12)   :v:         =  :rhov: / :rho:
(13)   :w:         =  :rhow: / :rho:
(14)   :p:         =  ( :Et: - .5*:rho:*(:u:*:u: + :v:*:v: + :w:*:w:) ) * ( :gamma: - 1.0 )
(15)   :ux:        =  ddx(:u:)
(16)   :vy:        =  ddy(:v:)
(17)   :wz:        =  ddz(:w:)
(18)   :div:       =  :ux: + :vy: + :wz:
(19)   :uy:        =  ddy(:u:)
(20)   :uz:        =  ddz(:u:)
(21)   :vx:        =  ddx(:v:)
(22)   :vz:        =  ddz(:v:)
(23)   :wy:        =  ddy(:w:)
(24)   :wx:        =  ddx(:w:)
(25)   :enst:      = sqrt( (:uy:-:vx:)**2 + (:uz: - :wx:)**2 + (:vz:-:wy:)**2 )
(26)   :tke:       = :rho:*(:u:*:u: + :v:*:v: + :w:*:w:)
(27)   :S:         = sqrt( :ux:*:ux: + :vy:*:vy: + :wz:*:wz: + .5*((:uy:+:vx:)**2 + (:uz: + :wx:)**2 + (:vz:+:wy:)**2) )
(28)   :mu:        =  gbar( abs(ring(:S:  )) ) * :rho: * 0.0e-4
(29)   :beta:      =  gbar( abs(ring(:div:)) * :rho: )  * 0.0e-4
(30)   :taudia:    =  (:beta:-2./3.*:mu:) *:div:
(31)   :tauxx:     =  2.0*:mu:*:ux:   + :taudia: - :p:
(32)   :tauyy:     =  2.0*:mu:*:vy:   + :taudia: - :p:
(33)   :tauzz:     =  2.0*:mu:*:wz:   + :taudia: - :p:
(34)   :tauxy:     = :mu:*(:uy:+:vx:) + :taudia:
(35)   :tauxz:     = :mu:*(:uz:+:wx:) + :taudia:
(36)   :tauyz:     = :mu:*(:vz:+:wz:) + :taudia:
(37)   :cs:  = sqrt( :p: / :rho: * :gamma: )
(38)   :dt: = dt.courant(:u:,:v:,:w:,:cs:)*.5
(39)   :dt: = numpy.minimum(:dt:,0.2 * dt.diff(:beta:,:rho:))
(40)   :dt: = numpy.minimum(:dt:,0.2 * dt.diff(:mu:,:rho:))
1 -- 0.022483949488834736 --- TKE: 0.9999999999999996 
[MO833] Paramount Iteration,1,1,1.78698992729,0.25771188736
[MO833] Paramount Iteration,0,1,1.80313110352,0.240349054337
2 -- 0.04496791230634997 --- TKE: 0.9999999999999996 
[MO833] Paramount Iteration,1,2,2.01638197899,0.229392051697
[MO833] Paramount Iteration,0,2,2.03252100945,0.22938990593
3 -- 0.06745186837753886 --- TKE: 0.9999999999999987 
[MO833] Paramount Iteration,1,3,2.24397492409,0.227592945099
[MO833] Paramount Iteration,0,3,2.26011395454,0.227592945099
4 -- 0.08993583542611785 --- TKE: 0.9999999999999984 
[MO833] Paramount Iteration,1,4,2.47146105766,0.227486133575
[MO833] Paramount Iteration,0,4,2.48760104179,0.22748708725
5 -- 0.11241981341752189 --- TKE: 0.9999999999999978 
[MO833] Paramount Iteration,0,5,2.71619009972,0.228589057922
[MO833] Paramount Iteration,1,5,2.7000670433,0.228605985641
6 -- 0.1349037940170563 --- TKE: 0.9999999999999973 
[MO833] Paramount Iteration,1,6,2.92848491669,0.228417873383
[MO833] Paramount Iteration,0,6,2.94464206696,0.228451967239
7 -- 0.15738777056800618 --- TKE: 0.9999999999999969 
[MO833] Paramount Iteration,1,7,3.15616297722,0.227678060532
[MO833] Paramount Iteration,0,7,3.17230296135,0.227660894394
8 -- 0.17987174409631543 --- TKE: 0.9999999999999964 
[MO833] Paramount Iteration,1,8,3.38356304169,0.227400064468
[MO833] Paramount Iteration,0,8,3.39970207214,0.227399110794
9 -- 0.20235571634301402 --- TKE: 0.999999999999996 
[MO833] Paramount Iteration,1,9,3.61112594604,0.227562904358
[MO833] Paramount Iteration,0,9,3.76928210258,0.369580030441
10 -- 0.2248396890879735 --- TKE: 0.9999999999999956 
[MO833] Paramount Iteration,0,10,4.01229095459,0.243008852005
[MO833] Paramount Iteration,1,10,3.99617695808,0.385051012039
11 -- 0.24732366185121496 --- TKE: 0.9999999999999949 
[MO833] Paramount Iteration,1,11,4.22863602638,0.232459068298
[MO833] Paramount Iteration,0,11,4.24478411674,0.232493162155
12 -- 0.26980763521126017 --- TKE: 0.9999999999999947 
[MO833] Paramount Iteration,1,12,4.46179199219,0.233155965805
[MO833] Paramount Iteration,0,12,4.47793197632,0.233147859573
13 -- 0.2922916107764848 --- TKE: 0.999999999999994 
[MO833] Paramount Iteration,1,13,4.69505095482,0.233258962631
[MO833] Paramount Iteration,0,13,4.71119093895,0.233258962631
14 -- 0.31477558792984206 --- TKE: 0.9999999999999936 
[MO833] Paramount Iteration,1,14,4.92792606354,0.232875108719
[MO833] Paramount Iteration,0,14,4.94406604767,0.232875108719
15 -- 0.337259565810547 --- TKE: 0.9999999999999931 
[MO833] Paramount Iteration,1,15,5.155782938,0.227856874466
[MO833] Paramount Iteration,0,15,5.17192196846,0.227855920792
16 -- 0.35974354420845 --- TKE: 0.9999999999999925 
[MO833] Paramount Iteration,1,16,5.38344311714,0.227660179138
[MO833] Paramount Iteration,0,16,5.39958310127,0.227661132812
17 -- 0.38222752235168034 --- TKE: 0.999999999999992 
[MO833] Paramount Iteration,1,17,5.61549901962,0.232055902481
[MO833] Paramount Iteration,0,17,5.63163495064,0.232051849365
18 -- 0.4047115001610875 --- TKE: 0.9999999999999918 
[MO833] Paramount Iteration,1,18,5.84336590767,0.227866888046
[MO833] Paramount Iteration,0,18,5.85950708389,0.227872133255
19 -- 0.4271954780139235 --- TKE: 0.9999999999999911 
[MO833] Paramount Iteration,1,19,6.07102012634,0.227654218674
[MO833] Paramount Iteration,0,19,6.19772005081,0.338212966919
20 -- 0.4496794560708476 --- TKE: 0.9999999999999907 
[MO833] Paramount Iteration,1,20,6.4118449688,0.340824842453
[MO833] Paramount Iteration,0,20,6.42798399925,0.230263948441
21 -- 0.4721634343200682 --- TKE: 0.9999999999999902 
[MO833] Paramount Iteration,1,21,6.6393840313,0.2275390625
[MO833] Paramount Iteration,0,21,6.65552401543,0.227540016174
22 -- 0.49464741264111056 --- TKE: 0.9999999999999896 
[MO833] Paramount Iteration,1,22,6.86703896523,0.227654933929
[MO833] Paramount Iteration,0,22,6.88318014145,0.227656126022
23 -- 0.5171313908759267 --- TKE: 0.9999999999999893 
[MO833] Paramount Iteration,1,23,7.09460902214,0.227570056915
[MO833] Paramount Iteration,0,23,7.11074900627,0.227568864822
24 -- 0.5396153688962009 --- TKE: 0.9999999999999887 
[MO833] Paramount Iteration,1,24,7.32223105431,0.227622032166
[MO833] Paramount Iteration,0,24,7.33837199211,0.22762298584
25 -- 0.5620993466578701 --- TKE: 0.9999999999999882 
[MO833] Paramount Iteration,0,25,7.56951713562,0.231145143509
[MO833] Paramount Iteration,1,25,7.55340194702,0.231170892715
26 -- 0.5845833242365798 --- TKE: 0.9999999999999878 
[MO833] Paramount Iteration,1,26,7.78096199036,0.227560043335
[MO833] Paramount Iteration,0,26,7.79710102081,0.227583885193
27 -- 0.6070673018410182 --- TKE: 0.9999999999999871 
[MO833] Paramount Iteration,1,27,8.00879001617,0.227828025818
[MO833] Paramount Iteration,0,27,8.02493000031,0.227828979492
28 -- 0.6295512798040269 --- TKE: 0.9999999999999867 
[MO833] Paramount Iteration,1,28,8.23637413979,0.227584123611
[MO833] Paramount Iteration,0,28,8.25251412392,0.227584123611
29 -- 0.6520352574989555 --- TKE: 0.9999999999999862 
[MO833] Paramount Iteration,1,29,8.4641149044,0.227740764618
[MO833] Paramount Iteration,0,29,8.59069108963,0.338176965714
30 -- 0.6745192349135101 --- TKE: 0.9999999999999858 
[MO833] Paramount Iteration,1,30,8.80805706978,0.343942165375
[MO833] Paramount Iteration,0,30,8.82419610023,0.233505010605
31 -- 0.697003212275314 --- TKE: 0.9999999999999853 
[MO833] Paramount Iteration,1,31,9.03719305992,0.229135990143
[MO833] Paramount Iteration,0,31,9.05333399773,0.229137897491
32 -- 0.7194871892340796 --- TKE: 0.9999999999999849 
[MO833] Paramount Iteration,1,32,9.26483297348,0.227639913559
[MO833] Paramount Iteration,0,32,9.28097295761,0.227638959885
33 -- 0.7419711653841895 --- TKE: 0.9999999999999845 
[MO833] Paramount Iteration,1,33,9.49256896973,0.227735996246
[MO833] Paramount Iteration,0,33,9.50870895386,0.227735996246
34 -- 0.7644551401841907 --- TKE: 0.999999999999984 
[MO833] Paramount Iteration,0,34,9.73985505104,0.231146097183
[MO833] Paramount Iteration,1,34,9.72374010086,0.231171131134
35 -- 0.7869391141929123 --- TKE: 0.9999999999999836 
[MO833] Paramount Iteration,1,35,9.95157003403,0.227829933167
[MO833] Paramount Iteration,0,35,9.96770906448,0.227854013443
36 -- 0.8094230880509002 --- TKE: 0.9999999999999829 
[MO833] Paramount Iteration,1,36,10.1793711185,0.227801084518
[MO833] Paramount Iteration,0,36,10.1955139637,0.227804899216
37 -- 0.8319070624390456 --- TKE: 0.9999999999999827 
[MO833] Paramount Iteration,1,37,10.4071669579,0.22779583931
[MO833] Paramount Iteration,0,37,10.423306942,0.227792978287
38 -- 0.8543910374431362 --- TKE: 0.999999999999982 
[MO833] Paramount Iteration,1,38,10.6348531246,0.227686166763
[MO833] Paramount Iteration,0,38,10.6509931087,0.227686166763
39 -- 0.8768750128023768 --- TKE: 0.9999999999999818 
[MO833] Paramount Iteration,1,39,10.8626039028,0.227750778198
[MO833] Paramount Iteration,0,39,10.9886260033,0.337632894516
40 -- 0.8993589886869536 --- TKE: 0.9999999999999811 
[MO833] Paramount Iteration,1,40,11.2036440372,0.34104013443
[MO833] Paramount Iteration,0,40,11.2197830677,0.231157064438
41 -- 0.9218429645573731 --- TKE: 0.9999999999999805 
[MO833] Paramount Iteration,1,41,11.4326910973,0.229047060013
[MO833] Paramount Iteration,0,41,11.4488320351,0.229048967361
42 -- 0.9443269400170952 --- TKE: 0.99999999999998 
[MO833] Paramount Iteration,1,42,11.6618020535,0.229110956192
[MO833] Paramount Iteration,0,42,11.6779429913,0.229110956192
43 -- 0.9668109152366287 --- TKE: 0.9999999999999796 
[MO833] Paramount Iteration,1,43,11.8911440372,0.229341983795
[MO833] Paramount Iteration,0,43,11.9072830677,0.229340076447
44 -- 0.9892948900220443 --- TKE: 0.9999999999999791 
[MO833] Paramount Iteration,1,44,12.123636961,0.232492923737
[MO833] Paramount Iteration,0,44,12.1398060322,0.232522964478
45 -- 1.0117788645119201 --- TKE: 0.9999999999999787 
[MO833] Paramount Iteration,1,45,12.3528320789,0.22919511795
[MO833] Paramount Iteration,0,45,12.3689720631,0.229166030884
46 -- 1.034262839419456 --- TKE: 0.9999999999999782 
[MO833] Paramount Iteration,0,46,12.6014831066,0.232511043549
[MO833] Paramount Iteration,1,46,12.5853691101,0.232537031174
47 -- 1.0567468153947581 --- TKE: 0.9999999999999778 
[MO833] Paramount Iteration,1,47,12.8144869804,0.229117870331
[MO833] Paramount Iteration,0,47,12.8306281567,0.229145050049
48 -- 1.0792307919265227 --- TKE: 0.9999999999999771 
[MO833] Paramount Iteration,1,48,13.0436401367,0.229153156281
[MO833] Paramount Iteration,0,48,13.0597801208,0.229151964188
49 -- 1.101714769117001 --- TKE: 0.9999999999999767 
[MO833] Paramount Iteration,1,49,13.2714059353,0.227765798569
[MO833] Paramount Iteration,0,49,13.3985660076,0.338785886765
50 -- 1.124198746406314 --- TKE: 0.999999999999976 
[MO833] Paramount Iteration,1,50,13.6135280132,0.342122077942
[MO833] Paramount Iteration,0,50,13.6296670437,0.231101036072
51 -- 1.146682723570497 --- TKE: 0.9999999999999758 
[MO833] Paramount Iteration,1,51,13.8427231312,0.22919511795
[MO833] Paramount Iteration,0,51,13.858864069,0.229197025299
52 -- 1.1691667007473263 --- TKE: 0.9999999999999754 
[MO833] Paramount Iteration,1,52,14.0713150501,0.228591918945
[MO833] Paramount Iteration,0,52,14.0874569416,0.22859287262
53 -- 1.1916506780693332 --- TKE: 0.9999999999999747 
[MO833] Paramount Iteration,1,53,14.2988290787,0.227514028549
[MO833] Paramount Iteration,0,53,14.3149681091,0.227511167526
54 -- 1.2141346550201402 --- TKE: 0.9999999999999745 
[MO833] Paramount Iteration,1,54,14.5264670849,0.22763800621
[MO833] Paramount Iteration,0,54,14.5426080227,0.227639913559
55 -- 1.2366186321554993 --- TKE: 0.999999999999974 
[MO833] Paramount Iteration,1,55,14.7540271282,0.227560043335
[MO833] Paramount Iteration,0,55,14.7701671124,0.227559089661
56 -- 1.2591026100219094 --- TKE: 0.9999999999999736 
[MO833] Paramount Iteration,1,56,14.9816880226,0.227660894394
[MO833] Paramount Iteration,0,56,14.9978289604,0.227661848068
57 -- 1.2815865889728413 --- TKE: 0.9999999999999729 
[MO833] Paramount Iteration,1,57,15.20936203,0.227674007416
[MO833] Paramount Iteration,0,57,15.2255020142,0.227673053741
58 -- 1.3040705684946474 --- TKE: 0.9999999999999725 
[MO833] Paramount Iteration,1,58,15.4371569157,0.227794885635
[MO833] Paramount Iteration,0,58,15.4532959461,0.227793931961
59 -- 1.3265545482098922 --- TKE: 0.999999999999972 
[MO833] Paramount Iteration,1,59,15.6647200584,0.227563142776
[MO833] Paramount Iteration,0,59,15.7890441418,0.335748195648
60 -- 1.349038527994624 --- TKE: 0.9999999999999716 
[MO833] Paramount Iteration,1,60,16.0041460991,0.339426040649
[MO833] Paramount Iteration,0,60,16.0202851295,0.231240987778
61 -- 1.3715225079366193 --- TKE: 0.9999999999999711 
[MO833] Paramount Iteration,1,61,16.2398319244,0.235685825348
[MO833] Paramount Iteration,0,61,16.2559790611,0.23569393158
62 -- 1.394006488113146 --- TKE: 0.9999999999999705 
[MO833] Paramount Iteration,1,62,16.4692671299,0.22943520546
[MO833] Paramount Iteration,0,62,16.4854080677,0.229429006577
63 -- 1.4164904680080206 --- TKE: 0.99999999999997 
[MO833] Paramount Iteration,1,63,16.6982839108,0.229016780853
[MO833] Paramount Iteration,0,63,16.7144241333,0.229016065598
64 -- 1.4389744478178719 --- TKE: 0.9999999999999698 
[MO833] Paramount Iteration,1,64,16.9272110462,0.228927135468
[MO833] Paramount Iteration,0,64,16.9433510303,0.228926897049
65 -- 1.461458427935954 --- TKE: 0.9999999999999691 
[MO833] Paramount Iteration,1,65,17.1555569172,0.228345870972
[MO833] Paramount Iteration,0,65,17.1716959476,0.228344917297
66 -- 1.4839424085355122 --- TKE: 0.9999999999999685 
[MO833] Paramount Iteration,1,66,17.3833339214,0.227777004242
[MO833] Paramount Iteration,0,66,17.399474144,0.227778196335
67 -- 1.5064263891350873 --- TKE: 0.999999999999968 
[MO833] Paramount Iteration,1,67,17.6108651161,0.227531194687
[MO833] Paramount Iteration,0,67,17.6270051003,0.227530956268
68 -- 1.5289103697346496 --- TKE: 0.9999999999999676 
[MO833] Paramount Iteration,1,68,17.8385939598,0.227728843689
[MO833] Paramount Iteration,0,68,17.8547339439,0.227728843689
69 -- 1.5513943503342011 --- TKE: 0.9999999999999671 
[MO833] Paramount Iteration,1,69,18.0660810471,0.22748708725
[MO833] Paramount Iteration,0,69,18.1941511631,0.339417219162
70 -- 1.5738783309337407 --- TKE: 0.9999999999999667 
[MO833] Paramount Iteration,1,70,18.4091489315,0.343067884445
[MO833] Paramount Iteration,0,70,18.4252870083,0.231135845184
71 -- 1.5963623115332803 --- TKE: 0.9999999999999662 
[MO833] Paramount Iteration,1,71,18.6386311054,0.22948217392
[MO833] Paramount Iteration,0,71,18.6547729969,0.229485988617
72 -- 1.6188462921328224 --- TKE: 0.9999999999999656 
[MO833] Paramount Iteration,1,72,18.8678770065,0.229245901108
[MO833] Paramount Iteration,0,72,18.8840169907,0.229243993759
73 -- 1.6413302727323713 --- TKE: 0.9999999999999654 
[MO833] Paramount Iteration,1,73,19.0970489979,0.229171991348
[MO833] Paramount Iteration,0,73,19.1131899357,0.229172945023
74 -- 1.663814253331933 --- TKE: 0.9999999999999649 
[MO833] Paramount Iteration,1,74,19.3261740208,0.229125022888
[MO833] Paramount Iteration,0,74,19.3423140049,0.229124069214
75 -- 1.6862982339315096 --- TKE: 0.999999999999964 
[MO833] Paramount Iteration,1,75,19.5551159382,0.228941917419
[MO833] Paramount Iteration,0,75,19.5712561607,0.228942155838
76 -- 1.708782214531081 --- TKE: 0.9999999999999638 
[MO833] Paramount Iteration,1,76,19.7842829227,0.229166984558
[MO833] Paramount Iteration,0,76,19.8004231453,0.229166984558
77 -- 1.7312661951306378 --- TKE: 0.9999999999999634 
[MO833] Paramount Iteration,1,77,20.0134959221,0.229212999344
[MO833] Paramount Iteration,0,77,20.0296361446,0.229212999344
78 -- 1.7537501757301812 --- TKE: 0.9999999999999629 
[MO833] Paramount Iteration,1,78,20.2424330711,0.228937149048
[MO833] Paramount Iteration,0,78,20.2585730553,0.228936910629
79 -- 1.7762341563297257 --- TKE: 0.9999999999999623 
[MO833] Paramount Iteration,1,79,20.4748990536,0.232465982437
[MO833] Paramount Iteration,0,79,20.5998909473,0.341317892075
80 -- 1.7987181369292666 --- TKE: 0.9999999999999618 
[MO833] Paramount Iteration,1,80,20.8148910999,0.339992046356
[MO833] Paramount Iteration,0,80,20.8310301304,0.231139183044
81 -- 1.8212021175288111 --- TKE: 0.9999999999999614 
[MO833] Paramount Iteration,1,81,21.043888092,0.228996992111
[MO833] Paramount Iteration,0,81,21.0600290298,0.22899889946
82 -- 1.843686098128366 --- TKE: 0.9999999999999609 
[MO833] Paramount Iteration,1,82,21.2748150826,0.230926990509
[MO833] Paramount Iteration,0,82,21.2909760475,0.23094701767
83 -- 1.8661700787279332 --- TKE: 0.9999999999999605 
[MO833] Paramount Iteration,1,83,21.5023751259,0.227560043335
[MO833] Paramount Iteration,0,83,21.51851511,0.2275390625
84 -- 1.8886540593275116 --- TKE: 0.99999999999996 
[MO833] Paramount Iteration,1,84,21.7301111221,0.227735996246
[MO833] Paramount Iteration,0,84,21.7462511063,0.227735996246
85 -- 1.9111380399270776 --- TKE: 0.9999999999999596 
[MO833] Paramount Iteration,1,85,21.9577069283,0.227595806122
[MO833] Paramount Iteration,0,85,21.9738481045,0.227596998215
86 -- 1.9336220205266397 --- TKE: 0.9999999999999591 
[MO833] Paramount Iteration,1,86,22.1854901314,0.227783203125
[MO833] Paramount Iteration,0,86,22.2016310692,0.227782964706
87 -- 1.956106001126193 --- TKE: 0.9999999999999587 
[MO833] Paramount Iteration,1,87,22.4129481316,0.227458000183
[MO833] Paramount Iteration,0,87,22.4290881157,0.227457046509
88 -- 1.978589981725738 --- TKE: 0.999999999999958 
[MO833] Paramount Iteration,1,88,22.6405279636,0.227579832077
[MO833] Paramount Iteration,0,88,22.6566691399,0.22758102417
89 -- 2.001073962325288 --- TKE: 0.9999999999999576 
[MO833] Paramount Iteration,1,89,22.867964983,0.227437019348
[MO833] Paramount Iteration,0,89,22.9950959682,0.338426828384
90 -- 2.0235579429248403 --- TKE: 0.9999999999999569 
[MO833] Paramount Iteration,1,90,23.2093520164,0.341387033463
[MO833] Paramount Iteration,0,90,23.2254910469,0.230395078659
91 -- 2.0460419235244016 --- TKE: 0.9999999999999565 
[MO833] Paramount Iteration,1,91,23.4369571209,0.227605104446
[MO833] Paramount Iteration,0,91,23.453097105,0.227606058121
92 -- 2.068525904123969 --- TKE: 0.999999999999956 
[MO833] Paramount Iteration,1,92,23.6646060944,0.227648973465
[MO833] Paramount Iteration,0,92,23.6807470322,0.227649927139
93 -- 2.091009884723557 --- TKE: 0.9999999999999556 
[MO833] Paramount Iteration,1,93,23.8925731182,0.227967023849
[MO833] Paramount Iteration,0,93,23.9087200165,0.227972984314
94 -- 2.1134938653231377 --- TKE: 0.9999999999999551 
[MO833] Paramount Iteration,1,94,24.1202800274,0.22770690918
[MO833] Paramount Iteration,0,94,24.1364200115,0.227699995041
95 -- 2.1359778459227057 --- TKE: 0.9999999999999547 
[MO833] Paramount Iteration,1,95,24.3480000496,0.227720022202
[MO833] Paramount Iteration,0,95,24.3641400337,0.227720022202
96 -- 2.158461826522268 --- TKE: 0.9999999999999543 
[MO833] Paramount Iteration,1,96,24.5757670403,0.227766990662
[MO833] Paramount Iteration,0,96,24.5919070244,0.227766990662
97 -- 2.1809458071218275 --- TKE: 0.9999999999999538 
[MO833] Paramount Iteration,1,97,24.8034739494,0.22770690918
[MO833] Paramount Iteration,0,97,24.8196151257,0.227708101273
98 -- 2.203429787721387 --- TKE: 0.9999999999999534 
[MO833] Paramount Iteration,1,98,25.0310800076,0.227606058121
[MO833] Paramount Iteration,0,98,25.0472199917,0.227604866028
99 -- 2.2259137683209507 --- TKE: 0.9999999999999529 
[MO833] Paramount Iteration,1,99,25.2588620186,0.227782011032
[MO833] Paramount Iteration,0,99,25.3841340542,0.3369140625
100 -- 2.2483977489205236 --- TKE: 0.9999999999999523 
[MO833] Paramount Iteration,0,100,25.6178159714,0.233681917191
[MO833] Paramount Iteration,1,100,25.6017019749,0.342839956284
101 -- 2.270881729520099 --- TKE: 0.9999999999999518 
[MO833] Paramount Iteration,1,101,25.8309600353,0.229258060455
[MO833] Paramount Iteration,0,101,25.8471009731,0.229285001755
102 -- 2.2933657101196916 --- TKE: 0.9999999999999514 
[MO833] Paramount Iteration,1,102,26.0594060421,0.228446006775
[MO833] Paramount Iteration,0,102,26.0755469799,0.228446006775
103 -- 2.3158496907192836 --- TKE: 0.9999999999999509 
[MO833] Paramount Iteration,1,103,26.2869899273,0.227583885193
[MO833] Paramount Iteration,0,103,26.3031311035,0.227584123611
104 -- 2.3383336713188645 --- TKE: 0.9999999999999505 
[MO833] Paramount Iteration,1,104,26.5147941113,0.22780418396
[MO833] Paramount Iteration,0,104,26.5309350491,0.227803945541
105 -- 2.36081765191844 --- TKE: 0.9999999999999498 
[MO833] Paramount Iteration,1,105,26.7422671318,0.227473020554
[MO833] Paramount Iteration,0,105,26.7584080696,0.227473020554
106 -- 2.3833016325180125 --- TKE: 0.9999999999999494 
[MO833] Paramount Iteration,1,106,26.9699671268,0.227699995041
[MO833] Paramount Iteration,0,106,26.9861080647,0.227699995041
107 -- 2.4057856131175903 --- TKE: 0.9999999999999489 
[MO833] Paramount Iteration,1,107,27.2009410858,0.230973958969
[MO833] Paramount Iteration,0,107,27.2171070576,0.23099899292
108 -- 2.428269593717166 --- TKE: 0.9999999999999485 
[MO833] Paramount Iteration,1,108,27.4288339615,0.227892875671
[MO833] Paramount Iteration,0,108,27.4449739456,0.227866888046
109 -- 2.4507535743167477 --- TKE: 0.999999999999948 
[MO833] Paramount Iteration,1,109,27.6564779282,0.227643966675
[MO833] Paramount Iteration,0,109,27.7839751244,0.339001178741
110 -- 2.4732375549163343 --- TKE: 0.9999999999999474 
[MO833] Paramount Iteration,1,110,27.9990799427,0.342602014542
[MO833] Paramount Iteration,0,110,28.0152189732,0.231243848801
111 -- 2.4957215355159357 --- TKE: 0.9999999999999469 
[MO833] Paramount Iteration,1,111,28.2280180454,0.228938102722
[MO833] Paramount Iteration,0,111,28.2441589832,0.228940010071
112 -- 2.518205516115538 --- TKE: 0.9999999999999467 
[MO833] Paramount Iteration,1,112,28.4558160305,0.227797985077
[MO833] Paramount Iteration,0,112,28.4719569683,0.227797985077
113 -- 2.5406894967151334 --- TKE: 0.999999999999946 
[MO833] Paramount Iteration,1,113,28.6835911274,0.227775096893
[MO833] Paramount Iteration,0,113,28.6997320652,0.227775096893
114 -- 2.5631734773147237 --- TKE: 0.9999999999999456 
[MO833] Paramount Iteration,1,114,28.9111530781,0.227561950684
[MO833] Paramount Iteration,0,114,28.9272921085,0.227560043335
115 -- 2.5856574579143126 --- TKE: 0.9999999999999452 
[MO833] Paramount Iteration,1,115,29.1389489174,0.22779583931
[MO833] Paramount Iteration,0,115,29.1550900936,0.227797985077
116 -- 2.608141438513903 --- TKE: 0.9999999999999445 
[MO833] Paramount Iteration,1,116,29.3666529655,0.227704048157
[MO833] Paramount Iteration,0,116,29.3827941418,0.227704048157
117 -- 2.6306254191134935 --- TKE: 0.999999999999944 
[MO833] Paramount Iteration,1,117,29.5941209793,0.227468013763
[MO833] Paramount Iteration,0,117,29.6102621555,0.227468013763
118 -- 2.653109399713088 --- TKE: 0.9999999999999436 
[MO833] Paramount Iteration,1,118,29.8218359947,0.227715015411
[MO833] Paramount Iteration,0,118,29.8379759789,0.227713823318
119 -- 2.6755933803126966 --- TKE: 0.9999999999999432 
[MO833] Paramount Iteration,1,119,30.0495610237,0.227725028992
[MO833] Paramount Iteration,0,119,30.1742470264,0.336271047592
120 -- 2.698077360912307 --- TKE: 0.9999999999999427 
[MO833] Paramount Iteration,1,120,30.3889341354,0.339373111725
[MO833] Paramount Iteration,0,120,30.4050731659,0.23082613945
121 -- 2.7205613415119196 --- TKE: 0.9999999999999423 
[MO833] Paramount Iteration,1,121,30.6182289124,0.229294776917
[MO833] Paramount Iteration,0,121,30.634376049,0.229302883148
122 -- 2.7430453221115236 --- TKE: 0.9999999999999418 
[MO833] Paramount Iteration,1,122,30.8471040726,0.228875160217
[MO833] Paramount Iteration,0,122,30.8632440567,0.22886800766
123 -- 2.7655293027111263 --- TKE: 0.9999999999999414 
[MO833] Paramount Iteration,1,123,31.0759220123,0.228817939758
[MO833] Paramount Iteration,0,123,31.0920641422,0.228820085526
124 -- 2.7880132833107254 --- TKE: 0.9999999999999409 
[MO833] Paramount Iteration,1,124,31.3048300743,0.228908061981
[MO833] Paramount Iteration,0,124,31.3209700584,0.228905916214
125 -- 2.8104972639103263 --- TKE: 0.9999999999999403 
[MO833] Paramount Iteration,0,125,31.5530879498,0.232117891312
[MO833] Paramount Iteration,1,125,31.5369710922,0.232141017914
126 -- 2.832981244509927 --- TKE: 0.99999999999994 
[MO833] Paramount Iteration,1,126,31.7659630775,0.228991985321
[MO833] Paramount Iteration,0,126,31.7821040154,0.229016065598
127 -- 2.85546522510953 --- TKE: 0.9999999999999396 
[MO833] Paramount Iteration,1,127,31.994893074,0.22892999649
[MO833] Paramount Iteration,0,127,32.0110340118,0.22892999649
128 -- 2.8779492057091396 --- TKE: 0.9999999999999387 
[MO833] Paramount Iteration,1,128,32.2238221169,0.228929042816
[MO833] Paramount Iteration,0,128,32.2399611473,0.228927135468
129 -- 2.900433186205215 --- TKE: 0.9999999999999383 
[MO833] Paramount Iteration,1,129,32.4528651237,0.229043006897
[MO833] Paramount Iteration,0,129,32.5774149895,0.337453842163
130 -- 2.922917166804828 --- TKE: 0.9999999999999378 
[MO833] Paramount Iteration,1,130,32.7924010754,0.339535951614
[MO833] Paramount Iteration,0,130,32.8085401058,0.231125116348
131 -- 2.945401147404434 --- TKE: 0.9999999999999374 
[MO833] Paramount Iteration,1,131,33.0213980675,0.228996992111
[MO833] Paramount Iteration,0,131,33.0375390053,0.22899889946
132 -- 2.9678851280040424 --- TKE: 0.9999999999999369 
[MO833] Paramount Iteration,1,132,33.249284029,0.227885961533
[MO833] Paramount Iteration,0,132,33.2654249668,0.227885961533
133 -- 2.9903691086036477 --- TKE: 0.9999999999999365 
[MO833] Paramount Iteration,1,133,33.4777100086,0.228425979614
[MO833] Paramount Iteration,0,133,33.4938509464,0.228425979614
134 -- 3.0128530892032566 --- TKE: 0.999999999999936 
[MO833] Paramount Iteration,1,134,33.7054281235,0.227718114853
[MO833] Paramount Iteration,0,134,33.7215681076,0.227717161179
135 -- 3.0353370698028677 --- TKE: 0.9999999999999356 
[MO833] Paramount Iteration,1,135,33.9333319664,0.227903842926
[MO833] Paramount Iteration,0,135,33.9494709969,0.227902889252
136 -- 3.05782105040248 --- TKE: 0.9999999999999349 
[MO833] Paramount Iteration,1,136,34.161055088,0.227723121643
[MO833] Paramount Iteration,0,136,34.1771950722,0.227724075317
137 -- 3.0803050310020965 --- TKE: 0.9999999999999347 
[MO833] Paramount Iteration,1,137,34.3919959068,0.230940818787
[MO833] Paramount Iteration,0,137,34.4081511497,0.230956077576
138 -- 3.102789011377392 --- TKE: 0.9999999999999343 
[MO833] Paramount Iteration,1,138,34.619852066,0.22785615921
[MO833] Paramount Iteration,0,138,34.6359920502,0.227840900421
139 -- 3.1252729917950037 --- TKE: 0.9999999999999336 
[MO833] Paramount Iteration,1,139,34.8474550247,0.227602958679
[MO833] Paramount Iteration,0,139,34.9759559631,0.339963912964
140 -- 3.1477569723946095 --- TKE: 0.9999999999999332 
[MO833] Paramount Iteration,1,140,35.18948102,0.342025995255
[MO833] Paramount Iteration,0,140,35.2056200504,0.229664087296
141 -- 3.170240952994216 --- TKE: 0.9999999999999327 
[MO833] Paramount Iteration,1,141,35.4171321392,0.227651119232
[MO833] Paramount Iteration,0,141,35.433273077,0.227653026581
142 -- 3.1927249335938215 --- TKE: 0.9999999999999323 
[MO833] Paramount Iteration,1,142,35.6447291374,0.227596998215
[MO833] Paramount Iteration,0,142,35.6608700752,0.227596998215
143 -- 3.2152089141934312 --- TKE: 0.9999999999999318 
[MO833] Paramount Iteration,1,143,35.8724329472,0.227703809738
[MO833] Paramount Iteration,0,143,35.8885741234,0.227704048157
144 -- 3.2376928947930446 --- TKE: 0.9999999999999312 
[MO833] Paramount Iteration,1,144,36.1001811028,0.227748155594
[MO833] Paramount Iteration,0,144,36.1163210869,0.227746963501
145 -- 3.2601768753926565 --- TKE: 0.9999999999999307 
[MO833] Paramount Iteration,1,145,36.3277029991,0.227521896362
[MO833] Paramount Iteration,0,145,36.3438439369,0.227522850037
146 -- 3.282660855992265 --- TKE: 0.9999999999999303 
[MO833] Paramount Iteration,1,146,36.5555100441,0.227807044983
[MO833] Paramount Iteration,0,146,36.5716509819,0.227807044983
147 -- 3.305144836396841 --- TKE: 0.9999999999999298 
[MO833] Paramount Iteration,1,147,36.782943964,0.227433919907
[MO833] Paramount Iteration,0,147,36.7990839481,0.227432966232
148 -- 3.3276288167756345 --- TKE: 0.9999999999999294 
[MO833] Paramount Iteration,1,148,37.0105760098,0.227632045746
[MO833] Paramount Iteration,0,148,37.0267159939,0.227632045746
149 -- 3.350112797375234 --- TKE: 0.999999999999929 
[MO833] Paramount Iteration,1,149,37.2383499146,0.2277739048
[MO833] Paramount Iteration,0,149,37.3618781567,0.335162162781
150 -- 3.372596777974834 --- TKE: 0.9999999999999283 
[MO833] Paramount Iteration,1,150,37.5767900944,0.338440179825
[MO833] Paramount Iteration,0,150,37.5929291248,0.23105096817
151 -- 3.3950807585744367 --- TKE: 0.9999999999999281 
[MO833] Paramount Iteration,1,151,37.8058469296,0.229056835175
[MO833] Paramount Iteration,0,151,37.8219871521,0.229058027267
152 -- 3.4175647391740407 --- TKE: 0.9999999999999274 
[MO833] Paramount Iteration,1,152,38.0341191292,0.228272199631
[MO833] Paramount Iteration,0,152,38.050260067,0.228272914886
153 -- 3.4400487197736522 --- TKE: 0.999999999999927 
[MO833] Paramount Iteration,1,153,38.262321949,0.228202819824
[MO833] Paramount Iteration,0,153,38.2784769535,0.22821688652
154 -- 3.4625327003732593 --- TKE: 0.9999999999999263 
[MO833] Paramount Iteration,1,154,38.4900069237,0.22768497467
[MO833] Paramount Iteration,0,154,38.5061480999,0.227671146393
155 -- 3.4850166809728576 --- TKE: 0.9999999999999261 
[MO833] Paramount Iteration,0,155,38.7371680737,0.231019973755
[MO833] Paramount Iteration,1,155,38.7210519314,0.231045007706
156 -- 3.5075006615140545 --- TKE: 0.9999999999999254 
[MO833] Paramount Iteration,1,156,38.9489440918,0.227892160416
[MO833] Paramount Iteration,0,156,38.9650840759,0.227916002274
157 -- 3.529984641960433 --- TKE: 0.999999999999925 
[MO833] Paramount Iteration,1,157,39.1765899658,0.227645874023
[MO833] Paramount Iteration,0,157,39.19272995,0.227645874023
158 -- 3.5524686225600277 --- TKE: 0.9999999999999245 
[MO833] Paramount Iteration,1,158,39.4043159485,0.227725982666
[MO833] Paramount Iteration,0,158,39.4204559326,0.227725982666
159 -- 3.574952603159619 --- TKE: 0.9999999999999241 
[MO833] Paramount Iteration,1,159,39.6317651272,0.227449178696
[MO833] Paramount Iteration,0,159,39.7570331097,0.336577177048
160 -- 3.5974365837592135 --- TKE: 0.9999999999999236 
[MO833] Paramount Iteration,1,160,39.9722380638,0.34047293663
[MO833] Paramount Iteration,0,160,39.9883770943,0.231343984604
161 -- 3.6199205643588184 --- TKE: 0.9999999999999232 
[MO833] Paramount Iteration,1,161,40.2013499737,0.229111909866
[MO833] Paramount Iteration,0,161,40.2174911499,0.229114055634
162 -- 3.6424045449584215 --- TKE: 0.9999999999999227 
[MO833] Paramount Iteration,1,162,40.4303491116,0.228999137878
[MO833] Paramount Iteration,0,162,40.4464890957,0.228997945786
163 -- 3.664888525558017 --- TKE: 0.9999999999999221 
[MO833] Paramount Iteration,1,163,40.6593310833,0.228981971741
[MO833] Paramount Iteration,0,163,40.6754710674,0.228981971741
164 -- 3.6873725061576073 --- TKE: 0.9999999999999218 
[MO833] Paramount Iteration,1,164,40.8885340691,0.229202985764
[MO833] Paramount Iteration,0,164,40.9046740532,0.229202985764
165 -- 3.709856486757193 --- TKE: 0.9999999999999214 
[MO833] Paramount Iteration,1,165,41.1172139645,0.228679895401
[MO833] Paramount Iteration,0,165,41.1333539486,0.228679895401
166 -- 3.7323404673407996 --- TKE: 0.999999999999921 
[MO833] Paramount Iteration,1,166,41.3452250957,0.228011131287
[MO833] Paramount Iteration,0,166,41.3613660336,0.228012084961
167 -- 3.7548244479403867 --- TKE: 0.9999999999999203 
[MO833] Paramount Iteration,1,167,41.5729160309,0.227690935135
[MO833] Paramount Iteration,0,167,41.5890569687,0.227690935135
168 -- 3.7773084285399765 --- TKE: 0.9999999999999196 
[MO833] Paramount Iteration,1,168,41.800686121,0.227770090103
[MO833] Paramount Iteration,0,168,41.8168261051,0.227769136429
169 -- 3.7997924091395707 --- TKE: 0.9999999999999194 
[MO833] Paramount Iteration,1,169,42.0283639431,0.227677822113
[MO833] Paramount Iteration,0,169,42.1520431042,0.335216999054
170 -- 3.8222763897391707 --- TKE: 0.9999999999999187 
[MO833] Paramount Iteration,1,170,42.3673350811,0.338971138
[MO833] Paramount Iteration,0,170,42.3834750652,0.23143196106
171 -- 3.844760370338771 --- TKE: 0.9999999999999183 
[MO833] Paramount Iteration,1,171,42.5964751244,0.229140043259
[MO833] Paramount Iteration,0,171,42.6126160622,0.229140996933
172 -- 3.8672443509383587 --- TKE: 0.9999999999999178 
[MO833] Paramount Iteration,1,172,42.8255910873,0.229115962982
[MO833] Paramount Iteration,0,172,42.8417310715,0.229115009308
173 -- 3.8897283315379436 --- TKE: 0.9999999999999174 
[MO833] Paramount Iteration,1,173,43.0578510761,0.232259988785
[MO833] Paramount Iteration,0,173,43.0740029812,0.232271909714
174 -- 3.912212312137525 --- TKE: 0.999999999999917 
[MO833] Paramount Iteration,1,174,43.2869989872,0.229147911072
[MO833] Paramount Iteration,0,174,43.3031389713,0.229135990143
175 -- 3.934696292737101 --- TKE: 0.9999999999999165 
[MO833] Paramount Iteration,1,175,43.5162389278,0.229239940643
[MO833] Paramount Iteration,0,175,43.5323791504,0.229240179062
176 -- 3.95718027333668 --- TKE: 0.9999999999999161 
[MO833] Paramount Iteration,1,176,43.7455101013,0.229271173477
[MO833] Paramount Iteration,0,176,43.7616419792,0.229262828827
177 -- 3.9796642539362646 --- TKE: 0.9999999999999154 
[MO833] Paramount Iteration,1,177,43.9749009609,0.229390859604
[MO833] Paramount Iteration,0,177,43.9910421371,0.229400157928
178 -- 4.002148234535856 --- TKE: 0.999999999999915 
[MO833] Paramount Iteration,1,178,44.2041070461,0.229206085205
[MO833] Paramount Iteration,0,178,44.2202479839,0.229205846786
179 -- 4.024632215135454 --- TKE: 0.9999999999999145 
[MO833] Paramount Iteration,1,179,44.4332029819,0.229095935822
[MO833] Paramount Iteration,0,179,44.5613610744,0.341113090515
180 -- 4.0471161957350485 --- TKE: 0.9999999999999141 
[MO833] Paramount Iteration,1,180,44.7763400078,0.343137025833
[MO833] Paramount Iteration,0,180,44.7924790382,0.231117963791
181 -- 4.069600176334632 --- TKE: 0.9999999999999134 
[MO833] Paramount Iteration,1,181,45.0052900314,0.228950023651
[MO833] Paramount Iteration,0,181,45.0214309692,0.228951931
182 -- 4.092084156934207 --- TKE: 0.9999999999999132 
[MO833] Paramount Iteration,1,182,45.2333550453,0.228065013885
[MO833] Paramount Iteration,0,182,45.2494959831,0.228065013885
183 -- 4.114568137533776 --- TKE: 0.9999999999999125 
[MO833] Paramount Iteration,1,183,45.4610049725,0.227649927139
[MO833] Paramount Iteration,0,183,45.4771449566,0.227648973465
184 -- 4.137052118133348 --- TKE: 0.9999999999999121 
[MO833] Paramount Iteration,1,184,45.6887249947,0.227720022202
[MO833] Paramount Iteration,0,184,45.7048659325,0.227720975876
185 -- 4.1595360987329215 --- TKE: 0.9999999999999116 
[MO833] Paramount Iteration,1,185,45.9165289402,0.227803945541
[MO833] Paramount Iteration,0,185,45.9326691628,0.227803230286
186 -- 4.182020079332502 --- TKE: 0.9999999999999112 
[MO833] Paramount Iteration,1,186,46.1442549229,0.227725982666
[MO833] Paramount Iteration,0,186,46.1603951454,0.227725982666
187 -- 4.204504059932089 --- TKE: 0.9999999999999107 
[MO833] Paramount Iteration,1,187,46.3718669415,0.227612018585
[MO833] Paramount Iteration,0,187,46.388007164,0.227612018585
188 -- 4.226988040531685 --- TKE: 0.9999999999999103 
[MO833] Paramount Iteration,1,188,46.5995080471,0.227641105652
[MO833] Paramount Iteration,0,188,46.6156480312,0.227640867233
189 -- 4.249472021131279 --- TKE: 0.9999999999999096 
[MO833] Paramount Iteration,1,189,46.8271510601,0.227643013
[MO833] Paramount Iteration,0,189,46.9509620667,0.335314035416
190 -- 4.2719560017308575 --- TKE: 0.999999999999909 
[MO833] Paramount Iteration,1,190,47.1661169529,0.338965892792
[MO833] Paramount Iteration,0,190,47.1822559834,0.231293916702
191 -- 4.294439982330431 --- TKE: 0.9999999999999087 
[MO833] Paramount Iteration,1,191,47.3952181339,0.22910118103
[MO833] Paramount Iteration,0,191,47.4113581181,0.229102134705
192 -- 4.316923962930004 --- TKE: 0.9999999999999083 
[MO833] Paramount Iteration,1,192,47.6279599667,0.232741832733
[MO833] Paramount Iteration,0,192,47.6440961361,0.232738018036
193 -- 4.339407943529572 --- TKE: 0.9999999999999076 
[MO833] Paramount Iteration,1,193,47.857074976,0.229115009308
[MO833] Paramount Iteration,0,193,47.8732149601,0.229118824005
194 -- 4.361891924129147 --- TKE: 0.9999999999999072 
[MO833] Paramount Iteration,1,194,48.0863990784,0.229324102402
[MO833] Paramount Iteration,0,194,48.1025400162,0.229325056076
195 -- 4.384375904728726 --- TKE: 0.9999999999999067 
[MO833] Paramount Iteration,1,195,48.3155460358,0.229146957397
[MO833] Paramount Iteration,0,195,48.3316860199,0.229146003723
196 -- 4.4068598853283145 --- TKE: 0.9999999999999063 
[MO833] Paramount Iteration,1,196,48.5447599888,0.229213953018
[MO833] Paramount Iteration,0,196,48.560901165,0.229215145111
197 -- 4.42934386592791 --- TKE: 0.9999999999999059 
[MO833] Paramount Iteration,1,197,48.7737829685,0.229022979736
[MO833] Paramount Iteration,0,197,48.7899229527,0.229021787643
198 -- 4.451827846527496 --- TKE: 0.9999999999999054 
[MO833] Paramount Iteration,1,198,49.0029029846,0.229120016098
[MO833] Paramount Iteration,0,198,49.0190441608,0.229121208191
199 -- 4.474311827127072 --- TKE: 0.999999999999905 
[MO833] Paramount Iteration,1,199,49.2309720516,0.228069067001
[MO833] Paramount Iteration,0,199,49.3835420609,0.364497900009
200 -- 4.496795807726643 --- TKE: 0.9999999999999045 
[MO833] Paramount Iteration,1,200,49.5990259647,0.368053913116
[MO833] Paramount Iteration,0,200,49.6151659489,0.231623888016
201 -- 4.519279788326208 --- TKE: 0.9999999999999041 
[MO833] Paramount Iteration,1,201,49.8288290501,0.229803085327
[MO833] Paramount Iteration,0,201,49.8449690342,0.229803085327
202 -- 4.541763768925774 --- TKE: 0.9999999999999034 
[MO833] Paramount Iteration,1,202,50.0575089455,0.228679895401
[MO833] Paramount Iteration,0,202,50.073649168,0.22868013382
203 -- 4.564247749525343 --- TKE: 0.9999999999999032 
[MO833] Paramount Iteration,1,203,50.2855670452,0.228058099747
[MO833] Paramount Iteration,0,203,50.3017070293,0.228057861328
204 -- 4.58673173012492 --- TKE: 0.9999999999999023 
[MO833] Paramount Iteration,1,204,50.5136780739,0.228111028671
[MO833] Paramount Iteration,0,204,50.529818058,0.228111028671
205 -- 4.609215710724505 --- TKE: 0.9999999999999019 
[MO833] Paramount Iteration,1,205,50.7416160107,0.227937936783
[MO833] Paramount Iteration,0,205,50.7577559948,0.227937936783
206 -- 4.631699691324103 --- TKE: 0.9999999999999014 
[MO833] Paramount Iteration,1,206,50.9696040154,0.227988004684
[MO833] Paramount Iteration,0,206,50.9857430458,0.22798705101
207 -- 4.654183671923689 --- TKE: 0.999999999999901 
[MO833] Paramount Iteration,1,207,51.1977059841,0.228101968765
[MO833] Paramount Iteration,0,207,51.2138459682,0.22810292244
208 -- 4.676667652523267 --- TKE: 0.9999999999999005 
[MO833] Paramount Iteration,1,208,51.4256019592,0.227895975113
[MO833] Paramount Iteration,0,208,51.4417431355,0.227897167206
209 -- 4.699151633122833 --- TKE: 0.9999999999999001 
[MO833] Paramount Iteration,1,209,51.6535971165,0.227995157242
[MO833] Paramount Iteration,0,209,51.7770349979,0.335291862488
210 -- 4.721635613722397 --- TKE: 0.9999999999998996 
[MO833] Paramount Iteration,1,210,51.9924860001,0.338888883591
[MO833] Paramount Iteration,0,210,52.0086250305,0.231590032578
211 -- 4.744119594321963 --- TKE: 0.9999999999998992 
[MO833] Paramount Iteration,1,211,52.2219099998,0.229423999786
[MO833] Paramount Iteration,0,211,52.238049984,0.229424953461
212 -- 4.766603574921529 --- TKE: 0.9999999999998987 
[MO833] Paramount Iteration,1,212,52.4515559673,0.229645967484
[MO833] Paramount Iteration,0,212,52.4676971436,0.229647159576
213 -- 4.789087555521107 --- TKE: 0.9999999999998983 
[MO833] Paramount Iteration,1,213,52.6811199188,0.229563951492
[MO833] Paramount Iteration,0,213,52.6972601414,0.229562997818
214 -- 4.811571536120699 --- TKE: 0.9999999999998979 
[MO833] Paramount Iteration,1,214,52.9105989933,0.229479074478
[MO833] Paramount Iteration,0,214,52.9267401695,0.229480028152
215 -- 4.8340555167203005 --- TKE: 0.9999999999998974 
[MO833] Paramount Iteration,1,215,53.1393589973,0.228760004044
[MO833] Paramount Iteration,0,215,53.1554980278,0.228757858276
216 -- 4.856539497319888 --- TKE: 0.999999999999897 
[MO833] Paramount Iteration,1,216,53.3707890511,0.231430053711
[MO833] Paramount Iteration,0,216,53.3869400024,0.23144197464
217 -- 4.879023477919465 --- TKE: 0.9999999999998965 
[MO833] Paramount Iteration,1,217,53.5986840725,0.227895021439
[MO833] Paramount Iteration,0,217,53.6148250103,0.227885007858
218 -- 4.901507458519036 --- TKE: 0.9999999999998959 
[MO833] Paramount Iteration,1,218,53.8267109394,0.228026866913
[MO833] Paramount Iteration,0,218,53.842851162,0.228026151657
219 -- 4.9239914391186 --- TKE: 0.9999999999998956 
[MO833] Paramount Iteration,1,219,54.0547060966,0.227995157242
[MO833] Paramount Iteration,0,219,54.1816749573,0.338823795319
220 -- 4.946475419718166 --- TKE: 0.999999999999895 
[MO833] Paramount Iteration,1,220,54.3969619274,0.342255830765
[MO833] Paramount Iteration,0,220,54.41310215,0.231427192688
221 -- 4.968959400317736 --- TKE: 0.9999999999998945 
[MO833] Paramount Iteration,1,221,54.6264200211,0.229458093643
[MO833] Paramount Iteration,0,221,54.6425600052,0.229457855225
222 -- 4.991443380917313 --- TKE: 0.9999999999998939 
[MO833] Paramount Iteration,1,222,54.8557441235,0.229324102402
[MO833] Paramount Iteration,0,222,54.8718841076,0.229324102402
223 -- 5.013927361516902 --- TKE: 0.9999999999998934 
[MO833] Paramount Iteration,1,223,55.0851590633,0.22941493988
[MO833] Paramount Iteration,0,223,55.1013000011,0.229415893555
224 -- 5.036411342116496 --- TKE: 0.999999999999893 
[MO833] Paramount Iteration,1,224,55.3146269321,0.229467868805
[MO833] Paramount Iteration,0,224,55.3307681084,0.229468107224
225 -- 5.058895322716081 --- TKE: 0.9999999999998925 
[MO833] Paramount Iteration,1,225,55.5441870689,0.229560136795
[MO833] Paramount Iteration,0,225,55.5603270531,0.229558944702
226 -- 5.081379303315652 --- TKE: 0.9999999999998921 
[MO833] Paramount Iteration,1,226,55.7737519741,0.229564905167
[MO833] Paramount Iteration,0,226,55.7898931503,0.22956609726
227 -- 5.103863283915223 --- TKE: 0.9999999999998916 
[MO833] Paramount Iteration,1,227,56.0033080578,0.229556083679
[MO833] Paramount Iteration,0,227,56.0194489956,0.229555845261
228 -- 5.126347264514789 --- TKE: 0.999999999999891 
[MO833] Paramount Iteration,1,228,56.2328720093,0.229563951492
[MO833] Paramount Iteration,0,228,56.2490119934,0.229562997818
229 -- 5.148831245114358 --- TKE: 0.9999999999998908 
[MO833] Paramount Iteration,1,229,56.4623360634,0.229464054108
[MO833] Paramount Iteration,0,229,56.586014986,0.33700299263
230 -- 5.1713152257139265 --- TKE: 0.9999999999998903 
[MO833] Paramount Iteration,1,230,56.801295042,0.338958978653
[MO833] Paramount Iteration,0,230,56.8174340725,0.231419086456
231 -- 5.193799206313509 --- TKE: 0.9999999999998896 
[MO833] Paramount Iteration,1,231,57.0305769444,0.229281902313
[MO833] Paramount Iteration,0,231,57.0467171669,0.229283094406
232 -- 5.216283186913109 --- TKE: 0.9999999999998892 
[MO833] Paramount Iteration,1,232,57.2585721016,0.227995157242
[MO833] Paramount Iteration,0,232,57.2747120857,0.227994918823
233 -- 5.238767167512705 --- TKE: 0.9999999999998885 
[MO833] Paramount Iteration,1,233,57.4863500595,0.227777957916
[MO833] Paramount Iteration,0,233,57.5024909973,0.227778911591
234 -- 5.2612511481122874 --- TKE: 0.9999999999998881 
[MO833] Paramount Iteration,1,234,57.714220047,0.227869987488
[MO833] Paramount Iteration,0,234,57.7303609848,0.227869987488
235 -- 5.283735128711861 --- TKE: 0.9999999999998879 
[MO833] Paramount Iteration,1,235,57.9450769424,0.230856895447
[MO833] Paramount Iteration,0,235,57.9611940384,0.230833053589
236 -- 5.306219109311428 --- TKE: 0.9999999999998872 
[MO833] Paramount Iteration,1,236,58.1736969948,0.228620052338
[MO833] Paramount Iteration,0,236,58.1898379326,0.228643894196
237 -- 5.328703089910997 --- TKE: 0.9999999999998868 
[MO833] Paramount Iteration,1,237,58.4015231133,0.227826118469
[MO833] Paramount Iteration,0,237,58.4176640511,0.227826118469
238 -- 5.351187070510567 --- TKE: 0.9999999999998863 
[MO833] Paramount Iteration,1,238,58.6293420792,0.227818965912
[MO833] Paramount Iteration,0,238,58.6454820633,0.227818012238
239 -- 5.3736710511101435 --- TKE: 0.9999999999998859 
[MO833] Paramount Iteration,1,239,58.85769701,0.228354930878
[MO833] Paramount Iteration,0,239,58.9833350182,0.337852954865
240 -- 5.39615503170973 --- TKE: 0.9999999999998854 
[MO833] Paramount Iteration,1,240,59.1988139153,0.341116905212
[MO833] Paramount Iteration,0,240,59.2149529457,0.231617927551
241 -- 5.418639012309329 --- TKE: 0.9999999999998848 
[MO833] Paramount Iteration,1,241,59.4284610748,0.229647159576
[MO833] Paramount Iteration,0,241,59.444601059,0.229648113251
242 -- 5.441122992908923 --- TKE: 0.9999999999998845 
[MO833] Paramount Iteration,1,242,59.6579120159,0.229450941086
[MO833] Paramount Iteration,0,242,59.6740529537,0.22945189476
243 -- 5.463606973508504 --- TKE: 0.9999999999998841 
[MO833] Paramount Iteration,1,243,59.8875961304,0.229684114456
[MO833] Paramount Iteration,0,243,59.9037370682,0.229684114456
244 -- 5.486090954108075 --- TKE: 0.9999999999998834 
[MO833] Paramount Iteration,1,244,60.1171190739,0.229522943497
[MO833] Paramount Iteration,0,244,60.1332600117,0.229522943497
245 -- 5.508574934707642 --- TKE: 0.999999999999883 
[MO833] Paramount Iteration,1,245,60.3465249538,0.229405879974
[MO833] Paramount Iteration,0,245,60.3626661301,0.229406118393
246 -- 5.531058915307213 --- TKE: 0.9999999999998825 
[MO833] Paramount Iteration,1,246,60.5760719776,0.229547023773
[MO833] Paramount Iteration,0,246,60.5922131538,0.229547023773
247 -- 5.5535428959067845 --- TKE: 0.9999999999998821 
[MO833] Paramount Iteration,1,247,60.8055889606,0.229516983032
[MO833] Paramount Iteration,0,247,60.8217301369,0.229516983032
248 -- 5.576026876506363 --- TKE: 0.9999999999998814 
[MO833] Paramount Iteration,1,248,61.0351080894,0.229519128799
[MO833] Paramount Iteration,0,248,61.0512480736,0.229517936707
249 -- 5.59851085710595 --- TKE: 0.999999999999881 
[MO833] Paramount Iteration,1,249,61.2630729675,0.227964878082
[MO833] Paramount Iteration,0,249,61.3868551254,0.335607051849
250 -- 5.620994837705554 --- TKE: 0.9999999999998805 
[MO833] Paramount Iteration,1,250,61.6022839546,0.339210987091
[MO833] Paramount Iteration,0,250,61.6184229851,0.23156785965
251 -- 5.6434788183051445 --- TKE: 0.9999999999998801 
[MO833] Paramount Iteration,1,251,61.8317730427,0.229489088058
[MO833] Paramount Iteration,0,251,61.8479130268,0.229490041733
252 -- 5.6659627989047205 --- TKE: 0.9999999999998797 
[MO833] Paramount Iteration,1,252,62.0602440834,0.228471040726
[MO833] Paramount Iteration,0,252,62.0763840675,0.228471040726
253 -- 5.688446779504294 --- TKE: 0.9999999999998792 
[MO833] Paramount Iteration,1,253,62.2881309986,0.227886915207
[MO833] Paramount Iteration,0,253,62.3042719364,0.227887868881
254 -- 5.710930760103862 --- TKE: 0.9999999999998788 
[MO833] Paramount Iteration,1,254,62.5161731243,0.228042125702
[MO833] Paramount Iteration,0,254,62.5323140621,0.228042125702
255 -- 5.733414740703433 --- TKE: 0.9999999999998783 
[MO833] Paramount Iteration,1,255,62.7440459728,0.227872848511
[MO833] Paramount Iteration,0,255,62.760185957,0.227871894836
256 -- 5.755898721303008 --- TKE: 0.9999999999998777 
[MO833] Paramount Iteration,1,256,62.9718561172,0.227810144424
[MO833] Paramount Iteration,0,256,62.9879961014,0.227810144424
257 -- 5.778382701902587 --- TKE: 0.9999999999998772 
[MO833] Paramount Iteration,1,257,63.1998069286,0.227950811386
[MO833] Paramount Iteration,0,257,63.2159481049,0.227952003479
258 -- 5.800866682502184 --- TKE: 0.9999999999998768 
[MO833] Paramount Iteration,1,258,63.4277489185,0.227941989899
[MO833] Paramount Iteration,0,258,63.4438891411,0.227941036224
259 -- 5.8233506631017855 --- TKE: 0.9999999999998765 
[MO833] Paramount Iteration,1,259,63.6557059288,0.227957010269
[MO833] Paramount Iteration,0,259,63.7803990841,0.336509943008
260 -- 5.845834643701368 --- TKE: 0.9999999999998757 
[MO833] Paramount Iteration,1,260,63.9957249165,0.340018987656
[MO833] Paramount Iteration,0,260,64.0118639469,0.231464862823
261 -- 5.868318624300941 --- TKE: 0.9999999999998754 
[MO833] Paramount Iteration,1,261,64.2240960598,0.228371143341
[MO833] Paramount Iteration,0,261,64.2402360439,0.228372097015
262 -- 5.890802604900512 --- TKE: 0.999999999999875 
[MO833] Paramount Iteration,1,262,64.4522120953,0.228116035461
[MO833] Paramount Iteration,0,262,64.4683511257,0.228115081787
263 -- 5.913286585500081 --- TKE: 0.9999999999998743 
[MO833] Paramount Iteration,1,263,64.6802101135,0.227998018265
[MO833] Paramount Iteration,0,263,64.6963500977,0.227998971939
264 -- 5.9357705660996505 --- TKE: 0.9999999999998741 
[MO833] Paramount Iteration,1,264,64.9082570076,0.228046894073
[MO833] Paramount Iteration,0,264,64.9243969917,0.228046894073
265 -- 5.958254546699222 --- TKE: 0.9999999999998734 
[MO833] Paramount Iteration,1,265,65.1362860203,0.22802901268
[MO833] Paramount Iteration,0,265,65.1524260044,0.22802901268
266 -- 5.980738527298808 --- TKE: 0.999999999999873 
[MO833] Paramount Iteration,1,266,65.3644330502,0.228147029877
[MO833] Paramount Iteration,0,266,65.3805730343,0.228147029877
267 -- 6.003222507851475 --- TKE: 0.9999999999998725 
[MO833] Paramount Iteration,1,267,65.5924499035,0.228016853333
[MO833] Paramount Iteration,0,267,65.608590126,0.228017091751
268 -- 6.025706488260105 --- TKE: 0.9999999999998721 
[MO833] Paramount Iteration,1,268,65.823704958,0.231255054474
[MO833] Paramount Iteration,0,268,65.8398561478,0.231266021729
269 -- 6.0481904687618115 --- TKE: 0.9999999999998714 
[MO833] Paramount Iteration,1,269,66.0516741276,0.227969169617
[MO833] Paramount Iteration,0,269,66.1788101196,0.338953971863
270 -- 6.070674449361386 --- TKE: 0.9999999999998712 
[MO833] Paramount Iteration,1,270,66.3937270641,0.342052936554
[MO833] Paramount Iteration,0,270,66.4098660946,0.23105597496
271 -- 6.093158429960954 --- TKE: 0.9999999999998705 
[MO833] Paramount Iteration,1,271,66.6216099262,0.227882862091
[MO833] Paramount Iteration,0,271,66.6377489567,0.227882862091
272 -- 6.1156424105605245 --- TKE: 0.9999999999998701 
[MO833] Paramount Iteration,1,272,66.8494849205,0.227874994278
[MO833] Paramount Iteration,0,272,66.8656260967,0.227877140045
273 -- 6.138126391160097 --- TKE: 0.9999999999998697 
[MO833] Paramount Iteration,1,273,67.0773699284,0.227885007858
[MO833] Paramount Iteration,0,273,67.0935111046,0.227885007858
274 -- 6.160610371759676 --- TKE: 0.999999999999869 
[MO833] Paramount Iteration,1,274,67.3053770065,0.228007078171
[MO833] Paramount Iteration,0,274,67.3215179443,0.228006839752
275 -- 6.183094352359266 --- TKE: 0.9999999999998685 
[MO833] Paramount Iteration,1,275,67.5332999229,0.227922916412
[MO833] Paramount Iteration,0,275,67.5494401455,0.227922201157
276 -- 6.20557833270777 --- TKE: 0.9999999999998681 
[MO833] Paramount Iteration,1,276,67.7612259388,0.227926015854
[MO833] Paramount Iteration,0,276,67.7773661613,0.227926015854
277 -- 6.228062312864244 --- TKE: 0.9999999999998677 
[MO833] Paramount Iteration,1,277,67.9894220829,0.228196144104
[MO833] Paramount Iteration,0,277,68.005562067,0.228195905685
278 -- 6.250546293077216 --- TKE: 0.9999999999998672 
[MO833] Paramount Iteration,1,278,68.2173390388,0.227916955948
[MO833] Paramount Iteration,0,278,68.233479023,0.227916955948
279 -- 6.273030273569177 --- TKE: 0.9999999999998668 
[MO833] Paramount Iteration,1,279,68.4453670979,0.228028059006
[MO833] Paramount Iteration,0,279,68.5696511269,0.336172103882
280 -- 6.295514254168745 --- TKE: 0.9999999999998663 
[MO833] Paramount Iteration,1,280,68.7849230766,0.339555978775
[MO833] Paramount Iteration,0,280,68.8010621071,0.231410980225
281 -- 6.3179982347683135 --- TKE: 0.9999999999998659 
[MO833] Paramount Iteration,1,281,69.0143749714,0.22945189476
[MO833] Paramount Iteration,0,281,69.0305149555,0.229452848434
282 -- 6.340482215367885 --- TKE: 0.9999999999998652 
[MO833] Paramount Iteration,1,282,69.2425999641,0.228224992752
[MO833] Paramount Iteration,0,282,69.2587399483,0.228224992752
283 -- 6.362966195967469 --- TKE: 0.999999999999865 
[MO833] Paramount Iteration,1,283,69.4704020023,0.227802038193
[MO833] Paramount Iteration,0,283,69.4865419865,0.227802038193
284 -- 6.385450176567063 --- TKE: 0.9999999999998641 
[MO833] Paramount Iteration,1,284,69.6982390881,0.227837085724
[MO833] Paramount Iteration,0,284,69.7143800259,0.227838039398
285 -- 6.407934156703588 --- TKE: 0.9999999999998639 
[MO833] Paramount Iteration,1,285,69.9262290001,0.227989912033
[MO833] Paramount Iteration,0,285,69.9423689842,0.227988958359
286 -- 6.430418136611803 --- TKE: 0.9999999999998632 
[MO833] Paramount Iteration,1,286,70.1541700363,0.227941036224
[MO833] Paramount Iteration,0,286,70.1703109741,0.227941989899
287 -- 6.452902116551987 --- TKE: 0.9999999999998628 
[MO833] Paramount Iteration,1,287,70.3820040226,0.227833986282
[MO833] Paramount Iteration,0,287,70.3981440067,0.227833032608
288 -- 6.475386096761695 --- TKE: 0.9999999999998623 
[MO833] Paramount Iteration,0,288,70.6293649673,0.231220960617
[MO833] Paramount Iteration,1,288,70.6132481098,0.231244087219
289 -- 6.4978700773612585 --- TKE: 0.9999999999998619 
[MO833] Paramount Iteration,1,289,70.8412120342,0.227963924408
[MO833] Paramount Iteration,0,289,70.9651470184,0.335782051086
290 -- 6.520354057960824 --- TKE: 0.9999999999998614 
[MO833] Paramount Iteration,1,290,71.1802799702,0.339067935944
[MO833] Paramount Iteration,0,290,71.1964190006,0.231271982193
291 -- 6.542838038560398 --- TKE: 0.999999999999861 
[MO833] Paramount Iteration,1,291,71.409637928,0.22935795784
[MO833] Paramount Iteration,0,291,71.4257781506,0.229359149933
292 -- 6.565322019159983 --- TKE: 0.9999999999998606 
[MO833] Paramount Iteration,1,292,71.6390340328,0.229396104813
[MO833] Paramount Iteration,0,292,71.655174017,0.229395866394
293 -- 6.58780599962019 --- TKE: 0.9999999999998601 
[MO833] Paramount Iteration,1,293,71.8683969975,0.22936296463
[MO833] Paramount Iteration,0,293,71.8845379353,0.229363918304
294 -- 6.6102899795412995 --- TKE: 0.9999999999998597 
[MO833] Paramount Iteration,1,294,72.0977940559,0.229397058487
[MO833] Paramount Iteration,0,294,72.1139349937,0.229397058487
295 -- 6.632773959209342 --- TKE: 0.999999999999859 
[MO833] Paramount Iteration,1,295,72.3271269798,0.229332923889
[MO833] Paramount Iteration,0,295,72.343266964,0.229331970215
296 -- 6.65525793889645 --- TKE: 0.9999999999998586 
[MO833] Paramount Iteration,1,296,72.5571141243,0.22998714447
[MO833] Paramount Iteration,0,296,72.5732719898,0.230005025864
297 -- 6.677741918854701 --- TKE: 0.9999999999998581 
[MO833] Paramount Iteration,1,297,72.7864809036,0.229366779327
[MO833] Paramount Iteration,0,297,72.8026211262,0.229349136353
298 -- 6.700225899311414 --- TKE: 0.9999999999998577 
[MO833] Paramount Iteration,1,298,73.015816927,0.229336023331
[MO833] Paramount Iteration,0,298,73.0319571495,0.229336023331
299 -- 6.7227098799109815 --- TKE: 0.999999999999857 
[MO833] Paramount Iteration,1,299,73.2439780235,0.228161096573
[MO833] Paramount Iteration,0,299,73.3696191311,0.337661981583
300 -- 6.745193860510557 --- TKE: 0.9999999999998566 
[MO833] Paramount Iteration,1,300,73.584813118,0.340835094452
[MO833] Paramount Iteration,0,300,73.6009521484,0.231333017349
301 -- 6.767677841110145 --- TKE: 0.9999999999998561 
[MO833] Paramount Iteration,1,301,73.8142080307,0.22939491272
[MO833] Paramount Iteration,0,301,73.8303489685,0.229396820068
302 -- 6.790161821378288 --- TKE: 0.9999999999998557 
[MO833] Paramount Iteration,1,302,74.0428290367,0.228621006012
[MO833] Paramount Iteration,0,302,74.0589699745,0.228621006012
303 -- 6.8126458010848285 --- TKE: 0.9999999999998552 
[MO833] Paramount Iteration,1,303,74.2705790997,0.227750062943
[MO833] Paramount Iteration,0,303,74.2867200375,0.227750062943
304 -- 6.835129780524743 --- TKE: 0.9999999999998548 
[MO833] Paramount Iteration,1,304,74.4985909462,0.228011846542
[MO833] Paramount Iteration,0,304,74.5147311687,0.228011131287
305 -- 6.85761375998188 --- TKE: 0.9999999999998543 
[MO833] Paramount Iteration,1,305,74.7263729572,0.227782011032
[MO833] Paramount Iteration,0,305,74.7425141335,0.227782964706
306 -- 6.880097739722095 --- TKE: 0.9999999999998539 
[MO833] Paramount Iteration,1,306,74.9542789459,0.227905988693
[MO833] Paramount Iteration,0,306,74.9704191685,0.227905035019
307 -- 6.902581719987626 --- TKE: 0.9999999999998535 
[MO833] Paramount Iteration,1,307,75.1820800304,0.227801084518
[MO833] Paramount Iteration,0,307,75.1982200146,0.2278008461
308 -- 6.925065700587196 --- TKE: 0.999999999999853 
[MO833] Paramount Iteration,1,308,75.4099879265,0.227907896042
[MO833] Paramount Iteration,0,308,75.4261291027,0.227909088135
309 -- 6.947549681186769 --- TKE: 0.9999999999998523 
[MO833] Paramount Iteration,1,309,75.6377630234,0.227775096893
[MO833] Paramount Iteration,0,309,75.761660099,0.335530996323
310 -- 6.970033661786361 --- TKE: 0.9999999999998519 
[MO833] Paramount Iteration,1,310,75.9771809578,0.339417934418
[MO833] Paramount Iteration,0,310,75.9933199883,0.231659889221
311 -- 6.992517641856944 --- TKE: 0.9999999999998515 
[MO833] Paramount Iteration,1,311,76.2064960003,0.229315042496
[MO833] Paramount Iteration,0,311,76.2226359844,0.22931599617
312 -- 7.015001621353901 --- TKE: 0.999999999999851 
[MO833] Paramount Iteration,1,312,76.4359350204,0.229439020157
[MO833] Paramount Iteration,0,312,76.4520750046,0.229439020157
313 -- 7.037485600581394 --- TKE: 0.9999999999998506 
[MO833] Paramount Iteration,1,313,76.6652460098,0.22931098938
[MO833] Paramount Iteration,0,313,76.681385994,0.22931098938
314 -- 7.059969579834643 --- TKE: 0.9999999999998499 
[MO833] Paramount Iteration,1,314,76.8945240974,0.229278087616
[MO833] Paramount Iteration,0,314,76.9106640816,0.229278087616
315 -- 7.082453559392314 --- TKE: 0.9999999999998495 
[MO833] Paramount Iteration,1,315,77.1233680248,0.228843927383
[MO833] Paramount Iteration,0,315,77.139508009,0.228843927383
316 -- 7.104937539510077 --- TKE: 0.999999999999849 
[MO833] Paramount Iteration,1,316,77.3515291214,0.228161096573
[MO833] Paramount Iteration,0,316,77.3676691055,0.228161096573
317 -- 7.12742151990268 --- TKE: 0.9999999999998486 
[MO833] Paramount Iteration,1,317,77.5794100761,0.227880954742
[MO833] Paramount Iteration,0,317,77.5955510139,0.227881908417
318 -- 7.149905500376332 --- TKE: 0.9999999999998481 
[MO833] Paramount Iteration,1,318,77.8072419167,0.227831840515
[MO833] Paramount Iteration,0,318,77.8233821392,0.227831125259
319 -- 7.172389480975922 --- TKE: 0.9999999999998477 
[MO833] Paramount Iteration,1,319,78.0352649689,0.228023052216
[MO833] Paramount Iteration,0,319,78.1593840122,0.336001873016
320 -- 7.194873460847672 --- TKE: 0.9999999999998472 
[MO833] Paramount Iteration,1,320,78.374530077,0.339265108109
[MO833] Paramount Iteration,0,320,78.3906691074,0.231285095215
321 -- 7.217357440143902 --- TKE: 0.9999999999998468 
[MO833] Paramount Iteration,1,321,78.6040449142,0.229514837265
[MO833] Paramount Iteration,0,321,78.6201851368,0.229516029358
322 -- 7.239841419177979 --- TKE: 0.9999999999998461 
[MO833] Paramount Iteration,1,322,78.8334960938,0.229451179504
[MO833] Paramount Iteration,0,322,78.8496351242,0.229449987411
323 -- 7.2623253982559355 --- TKE: 0.9999999999998457 
[MO833] Paramount Iteration,1,323,79.0630269051,0.22953081131
[MO833] Paramount Iteration,0,323,79.0791680813,0.229532957077
324 -- 7.2848093776681315 --- TKE: 0.9999999999998452 
[MO833] Paramount Iteration,1,324,79.2925760746,0.22954916954
[MO833] Paramount Iteration,0,324,79.3087170124,0.229548931122
325 -- 7.307293357682042 --- TKE: 0.9999999999998448 
[MO833] Paramount Iteration,1,325,79.5220041275,0.229428052902
[MO833] Paramount Iteration,0,325,79.5381450653,0.229428052902
326 -- 7.3297773378442965 --- TKE: 0.9999999999998443 
[MO833] Paramount Iteration,1,326,79.7513940334,0.22938990593
[MO833] Paramount Iteration,0,326,79.7675340176,0.229388952255
327 -- 7.352261318108462 --- TKE: 0.9999999999998437 
[MO833] Paramount Iteration,1,327,79.9809770584,0.229583024979
[MO833] Paramount Iteration,0,327,79.9971170425,0.229583024979
328 -- 7.374745298524202 --- TKE: 0.9999999999998432 
[MO833] Paramount Iteration,1,328,80.2104151249,0.229438066483
[MO833] Paramount Iteration,0,328,80.2265560627,0.229439020157
329 -- 7.397229278199905 --- TKE: 0.9999999999998428 
[MO833] Paramount Iteration,1,329,80.4398159981,0.229400873184
[MO833] Paramount Iteration,0,329,80.5686080456,0.34205198288
330 -- 7.41971325730785 --- TKE: 0.9999999999998423 
[MO833] Paramount Iteration,1,330,80.7859520912,0.34613609314
[MO833] Paramount Iteration,0,330,80.802090168,0.233482122421
331 -- 7.442197236170435 --- TKE: 0.9999999999998419 
[MO833] Paramount Iteration,1,331,81.0153939724,0.22944188118
[MO833] Paramount Iteration,0,331,81.0315351486,0.229444980621
332 -- 7.464681215103749 --- TKE: 0.9999999999998415 
[MO833] Paramount Iteration,1,332,81.2434620857,0.228068113327
[MO833] Paramount Iteration,0,332,81.2596030235,0.228067874908
333 -- 7.487165194408604 --- TKE: 0.9999999999998408 
[MO833] Paramount Iteration,1,333,81.4713160992,0.227854013443
[MO833] Paramount Iteration,0,333,81.487457037,0.227854013443
334 -- 7.50964917430941 --- TKE: 0.9999999999998403 
[MO833] Paramount Iteration,1,334,81.6991460323,0.227829933167
[MO833] Paramount Iteration,0,334,81.7152860165,0.227828979492
335 -- 7.532133154279364 --- TKE: 0.9999999999998399 
[MO833] Paramount Iteration,1,335,81.9271769524,0.228030920029
[MO833] Paramount Iteration,0,335,81.9433181286,0.228032112122
336 -- 7.554617134371968 --- TKE: 0.9999999999998392 
[MO833] Paramount Iteration,1,336,82.1549069881,0.227730035782
[MO833] Paramount Iteration,0,336,82.1710469723,0.227728843689
337 -- 7.5771011146377925 --- TKE: 0.999999999999839 
[MO833] Paramount Iteration,1,337,82.3826949596,0.227787971497
[MO833] Paramount Iteration,0,337,82.3988361359,0.227789163589
338 -- 7.599585094124014 --- TKE: 0.9999999999998384 
[MO833] Paramount Iteration,1,338,82.6104969978,0.227802038193
[MO833] Paramount Iteration,0,338,82.6266379356,0.227801799774
339 -- 7.622069073059356 --- TKE: 0.9999999999998379 
[MO833] Paramount Iteration,1,339,82.838176012,0.227679014206
[MO833] Paramount Iteration,0,339,82.9627139568,0.336076021194
340 -- 7.644553051774858 --- TKE: 0.9999999999998375 
[MO833] Paramount Iteration,1,340,83.1778481007,0.339672088623
[MO833] Paramount Iteration,0,340,83.1939871311,0.231273174286
341 -- 7.667037030595781 --- TKE: 0.999999999999837 
[MO833] Paramount Iteration,1,341,83.4073889256,0.22954082489
[MO833] Paramount Iteration,0,341,83.4235291481,0.229542016983
342 -- 7.689521009831995 --- TKE: 0.9999999999998366 
[MO833] Paramount Iteration,1,342,83.6366639137,0.229274988174
[MO833] Paramount Iteration,0,342,83.6528041363,0.229274988174
343 -- 7.712004989557455 --- TKE: 0.9999999999998361 
[MO833] Paramount Iteration,1,343,83.8655281067,0.228864192963
[MO833] Paramount Iteration,0,343,83.8816680908,0.228863954544
344 -- 7.734488969371476 --- TKE: 0.9999999999998357 
[MO833] Paramount Iteration,1,344,84.093378067,0.227849960327
[MO833] Paramount Iteration,0,344,84.1095190048,0.227850914001
345 -- 7.75697294932845 --- TKE: 0.9999999999998352 
[MO833] Paramount Iteration,1,345,84.3210599422,0.227681875229
[MO833] Paramount Iteration,0,345,84.3372001648,0.227681159973
346 -- 7.779456929457478 --- TKE: 0.9999999999998348 
[MO833] Paramount Iteration,1,346,84.5489439964,0.227884054184
[MO833] Paramount Iteration,0,346,84.5650839806,0.227883815765
347 -- 7.8019409087642755 --- TKE: 0.9999999999998344 
[MO833] Paramount Iteration,1,347,84.7766900063,0.227746009827
[MO833] Paramount Iteration,0,347,84.7928299904,0.227746009827
348 -- 7.824424887545566 --- TKE: 0.9999999999998337 
[MO833] Paramount Iteration,1,348,85.004324913,0.227634906769
[MO833] Paramount Iteration,0,348,85.0204660892,0.227636098862
349 -- 7.846908866140471 --- TKE: 0.9999999999998332 
[MO833] Paramount Iteration,1,349,85.2323439121,0.2280189991
[MO833] Paramount Iteration,0,349,85.3562960625,0.335829973221
350 -- 7.8693928448823875 --- TKE: 0.9999999999998328 
[MO833] Paramount Iteration,1,350,85.571377039,0.339033126831
[MO833] Paramount Iteration,0,350,85.5875160694,0.231220006943
351 -- 7.8918768240887776 --- TKE: 0.9999999999998321 
[MO833] Paramount Iteration,0,351,85.8202691078,0.232753038406
[MO833] Paramount Iteration,1,351,85.8041520119,0.232774972916
352 -- 7.914360803673567 --- TKE: 0.9999999999998317 
[MO833] Paramount Iteration,1,352,86.0326249599,0.228472948074
[MO833] Paramount Iteration,0,352,86.0487649441,0.228495836258
353 -- 7.936844783366143 --- TKE: 0.9999999999998312 
[MO833] Paramount Iteration,1,353,86.2604110241,0.227786064148
[MO833] Paramount Iteration,0,353,86.2765519619,0.227787017822
354 -- 7.959328763221277 --- TKE: 0.9999999999998308 
[MO833] Paramount Iteration,1,354,86.4883310795,0.227920055389
[MO833] Paramount Iteration,0,354,86.5044710636,0.227919101715
355 -- 7.981812743154557 --- TKE: 0.9999999999998304 
[MO833] Paramount Iteration,1,355,86.7160720825,0.227741003036
[MO833] Paramount Iteration,0,355,86.732211113,0.227740049362
356 -- 8.004296722295148 --- TKE: 0.9999999999998299 
[MO833] Paramount Iteration,1,356,86.9435811043,0.227509021759
[MO833] Paramount Iteration,0,356,86.9597210884,0.227509975433
357 -- 8.026780700943432 --- TKE: 0.9999999999998295 
[MO833] Paramount Iteration,1,357,87.1712779999,0.227696895599
[MO833] Paramount Iteration,0,357,87.1874189377,0.227697849274
358 -- 8.04926467944588 --- TKE: 0.999999999999829 
[MO833] Paramount Iteration,1,358,87.3989109993,0.22763299942
[MO833] Paramount Iteration,0,358,87.4150519371,0.22763299942
359 -- 8.071748658142873 --- TKE: 0.9999999999998286 
[MO833] Paramount Iteration,1,359,87.6265161037,0.227605104446
[MO833] Paramount Iteration,0,359,87.7509839535,0.335932016373
360 -- 8.09423263735794 --- TKE: 0.9999999999998281 
[MO833] Paramount Iteration,1,360,87.9659609795,0.339444875717
[MO833] Paramount Iteration,0,360,87.9821000099,0.231116056442
361 -- 8.11671661683501 --- TKE: 0.9999999999998275 
[MO833] Paramount Iteration,1,361,88.1951451302,0.229184150696
[MO833] Paramount Iteration,0,361,88.211286068,0.229186058044
362 -- 8.139200596438634 --- TKE: 0.9999999999998272 
[MO833] Paramount Iteration,1,362,88.4244129658,0.229267835617
[MO833] Paramount Iteration,0,362,88.4405529499,0.229266881943
363 -- 8.161684576223479 --- TKE: 0.9999999999998266 
[MO833] Paramount Iteration,1,363,88.654186964,0.22977399826
[MO833] Paramount Iteration,0,363,88.6703481674,0.229795217514
364 -- 8.184168555986533 --- TKE: 0.9999999999998261 
[MO833] Paramount Iteration,1,364,88.8833630085,0.229176044464
[MO833] Paramount Iteration,0,364,88.8995029926,0.229154825211
365 -- 8.20665253497694 --- TKE: 0.9999999999998257 
[MO833] Paramount Iteration,1,365,89.1120650768,0.228702068329
[MO833] Paramount Iteration,0,365,89.1282060146,0.228703022003
366 -- 8.229136513515321 --- TKE: 0.999999999999825 
[MO833] Paramount Iteration,1,366,89.339922905,0.22785782814
[MO833] Paramount Iteration,0,366,89.3560631275,0.227857112885
367 -- 8.251620491954679 --- TKE: 0.9999999999998246 
[MO833] Paramount Iteration,1,367,89.5676829815,0.227760076523
[MO833] Paramount Iteration,0,367,89.5838241577,0.227761030197
368 -- 8.274104470641126 --- TKE: 0.9999999999998241 
[MO833] Paramount Iteration,1,368,89.7953090668,0.227626085281
[MO833] Paramount Iteration,0,368,89.8114490509,0.227624893188
369 -- 8.296588449902655 --- TKE: 0.9999999999998237 
[MO833] Paramount Iteration,1,369,90.0232229233,0.227913856506
[MO833] Paramount Iteration,0,369,90.1484351158,0.336986064911
370 -- 8.319072429303096 --- TKE: 0.9999999999998233 
[MO833] Paramount Iteration,1,370,90.3632121086,0.339989185333
[MO833] Paramount Iteration,0,370,90.379349947,0.230914831161
371 -- 8.341556408848165 --- TKE: 0.9999999999998226 
[MO833] Paramount Iteration,1,371,90.592247963,0.22903585434
[MO833] Paramount Iteration,0,371,90.6083891392,0.2290391922
372 -- 8.364040388591974 --- TKE: 0.9999999999998224 
[MO833] Paramount Iteration,1,372,90.8213589191,0.229110956192
[MO833] Paramount Iteration,0,372,90.8374991417,0.229110002518
373 -- 8.386524368210212 --- TKE: 0.9999999999998219 
[MO833] Paramount Iteration,1,373,91.05032897,0.228970050812
[MO833] Paramount Iteration,0,373,91.0664689541,0.228969812393
374 -- 8.409008347068907 --- TKE: 0.9999999999998213 
[MO833] Paramount Iteration,1,374,91.2794749737,0.229146003723
[MO833] Paramount Iteration,0,374,91.2956161499,0.229147195816
375 -- 8.431492325522207 --- TKE: 0.9999999999998208 
[MO833] Paramount Iteration,1,375,91.5085909367,0.229115962982
[MO833] Paramount Iteration,0,375,91.5247311592,0.229115009308
376 -- 8.45397630392867 --- TKE: 0.9999999999998204 
[MO833] Paramount Iteration,1,376,91.7376170158,0.229026079178
[MO833] Paramount Iteration,0,376,91.753757,0.229025840759
377 -- 8.476460282638822 --- TKE: 0.9999999999998199 
[MO833] Paramount Iteration,1,377,91.9669849873,0.22936797142
[MO833] Paramount Iteration,0,377,91.9831240177,0.229367017746
378 -- 8.498944261887145 --- TKE: 0.9999999999998193 
[MO833] Paramount Iteration,1,378,92.1960320473,0.229047060013
[MO833] Paramount Iteration,0,378,92.2121720314,0.229048013687
379 -- 8.521428241240105 --- TKE: 0.9999999999998188 
[MO833] Paramount Iteration,1,379,92.425194025,0.229161977768
[MO833] Paramount Iteration,0,379,92.5495491028,0.337377071381
380 -- 8.543912220754843 --- TKE: 0.9999999999998184 
[MO833] Paramount Iteration,1,380,92.7645339966,0.339339971542
[MO833] Paramount Iteration,0,380,92.780673027,0.231123924255
381 -- 8.56639620047954 --- TKE: 0.9999999999998179 
[MO833] Paramount Iteration,1,381,92.9935529232,0.22901892662
[MO833] Paramount Iteration,0,381,93.0096940994,0.229021072388
382 -- 8.588880179940121 --- TKE: 0.9999999999998175 
[MO833] Paramount Iteration,1,382,93.2216720581,0.228119134903
[MO833] Paramount Iteration,0,382,93.2378120422,0.22811794281
383 -- 8.61136415868765 --- TKE: 0.999999999999817 
[MO833] Paramount Iteration,1,383,93.4493949413,0.227722883224
[MO833] Paramount Iteration,0,383,93.4655370712,0.227725028992
384 -- 8.633848137081994 --- TKE: 0.9999999999998166 
[MO833] Paramount Iteration,1,384,93.6770629883,0.227668046951
[MO833] Paramount Iteration,0,384,93.6932029724,0.227665901184
385 -- 8.656332115486197 --- TKE: 0.9999999999998161 
[MO833] Paramount Iteration,1,385,93.9049339294,0.227870941162
[MO833] Paramount Iteration,0,385,93.9210751057,0.227872133255
386 -- 8.678816094253841 --- TKE: 0.9999999999998153 
[MO833] Paramount Iteration,1,386,94.1326189041,0.22768497467
[MO833] Paramount Iteration,0,386,94.1487591267,0.227684020996
387 -- 8.701300073464875 --- TKE: 0.9999999999998153 
[MO833] Paramount Iteration,1,387,94.3602030277,0.227584123611
[MO833] Paramount Iteration,0,387,94.3763420582,0.227582931519
388 -- 8.723784052797495 --- TKE: 0.9999999999998148 
[MO833] Paramount Iteration,1,388,94.587790966,0.227587938309
[MO833] Paramount Iteration,0,388,94.6039321423,0.227590084076
389 -- 8.74626803230795 --- TKE: 0.9999999999998141 
[MO833] Paramount Iteration,1,389,94.8155739307,0.227782964706
[MO833] Paramount Iteration,0,389,94.9394309521,0.335498809814
390 -- 8.768752011923242 --- TKE: 0.9999999999998135 
[MO833] Paramount Iteration,1,390,95.1543540955,0.338780164719
[MO833] Paramount Iteration,0,390,95.1704931259,0.231062173843
391 -- 8.791235991242669 --- TKE: 0.999999999999813 
[MO833] Paramount Iteration,1,391,95.3833940029,0.229039907455
[MO833] Paramount Iteration,0,391,95.3995349407,0.229041814804
392 -- 8.8137199699013 --- TKE: 0.9999999999998126 
[MO833] Paramount Iteration,1,392,95.6124050617,0.229011058807
[MO833] Paramount Iteration,0,392,95.6285450459,0.229010105133
393 -- 8.83620394826374 --- TKE: 0.9999999999998122 
[MO833] Paramount Iteration,1,393,95.8415029049,0.22909784317
[MO833] Paramount Iteration,0,393,95.8576440811,0.229099035263
394 -- 8.8586879266964 --- TKE: 0.9999999999998117 
[MO833] Paramount Iteration,1,394,96.0694339275,0.227931022644
[MO833] Paramount Iteration,0,394,96.085572958,0.227928876877
395 -- 8.881171905554517 --- TKE: 0.9999999999998113 
[MO833] Paramount Iteration,1,395,96.2969810963,0.227547168732
[MO833] Paramount Iteration,0,395,96.3131220341,0.22754907608
396 -- 8.903655884754258 --- TKE: 0.9999999999998108 
[MO833] Paramount Iteration,1,396,96.5246450901,0.227663993835
[MO833] Paramount Iteration,0,396,96.5407850742,0.227663040161
397 -- 8.926139864091633 --- TKE: 0.9999999999998104 
[MO833] Paramount Iteration,1,397,96.7522370815,0.227591991425
[MO833] Paramount Iteration,0,397,96.7683780193,0.227592945099
398 -- 8.948623843621656 --- TKE: 0.9999999999998099 
[MO833] Paramount Iteration,1,398,96.9799101353,0.227673053741
[MO833] Paramount Iteration,0,398,96.9960510731,0.227673053741
399 -- 8.971107823150364 --- TKE: 0.9999999999998095 
[MO833] Paramount Iteration,1,399,97.2074840069,0.227573871613
[MO833] Paramount Iteration,0,399,97.3320360184,0.335984945297
400 -- 8.993591802347337 --- TKE: 0.999999999999809 
[MO833] Paramount Iteration,1,400,97.546818018,0.339334011078
[MO833] Paramount Iteration,0,400,97.5629570484,0.230921030045
401 -- 9.016075780940678 --- TKE: 0.9999999999998084 
[MO833] Paramount Iteration,1,401,97.7758190632,0.229001045227
[MO833] Paramount Iteration,0,401,97.791960001,0.229002952576
402 -- 9.038559759298838 --- TKE: 0.9999999999998082 
[MO833] Paramount Iteration,1,402,98.0042710304,0.228451967239
[MO833] Paramount Iteration,0,402,98.0204119682,0.228451967239
403 -- 9.061043737790405 --- TKE: 0.9999999999998075 
[MO833] Paramount Iteration,1,403,98.2320299149,0.22775888443
[MO833] Paramount Iteration,0,403,98.2481701374,0.227758169174
404 -- 9.083527716770863 --- TKE: 0.999999999999807 
[MO833] Paramount Iteration,1,404,98.4628369808,0.230807065964
[MO833] Paramount Iteration,0,404,98.4789860249,0.230815887451
405 -- 9.106011695983423 --- TKE: 0.9999999999998066 
[MO833] Paramount Iteration,1,405,98.6905720234,0.227735042572
[MO833] Paramount Iteration,0,405,98.7067120075,0.227725982666
406 -- 9.128495675348603 --- TKE: 0.9999999999998059 
[MO833] Paramount Iteration,1,406,98.9182670116,0.227694988251
[MO833] Paramount Iteration,0,406,98.9344079494,0.227695941925
407 -- 9.150979654919876 --- TKE: 0.9999999999998055 
[MO833] Paramount Iteration,1,407,99.1458940506,0.227627038956
[MO833] Paramount Iteration,0,407,99.1620349884,0.227627038956
408 -- 9.173463634384333 --- TKE: 0.999999999999805 
[MO833] Paramount Iteration,1,408,99.3734760284,0.227581977844
[MO833] Paramount Iteration,0,408,99.3896160126,0.22758102417
409 -- 9.195947613479227 --- TKE: 0.9999999999998046 
[MO833] Paramount Iteration,1,409,99.6011531353,0.227677106857
[MO833] Paramount Iteration,0,409,99.7289249897,0.339308977127
410 -- 9.2184315920319 --- TKE: 0.9999999999998042 
[MO833] Paramount Iteration,1,410,99.944270134,0.343116998672
[MO833] Paramount Iteration,0,410,99.9604091644,0.231484174728
411 -- 9.240915570413641 --- TKE: 0.9999999999998037 
[MO833] Paramount Iteration,1,411,100.172158003,0.227887868881
[MO833] Paramount Iteration,0,411,100.188298941,0.22788977623
412 -- 9.263399548993997 --- TKE: 0.9999999999998033 
[MO833] Paramount Iteration,1,412,100.399840117,0.227682113647
[MO833] Paramount Iteration,0,412,100.415981054,0.227682113647
413 -- 9.285883528127304 --- TKE: 0.9999999999998026 
[MO833] Paramount Iteration,1,413,100.627696991,0.227856874466
[MO833] Paramount Iteration,0,413,100.643838167,0.227857112885
414 -- 9.308367507374884 --- TKE: 0.9999999999998022 
[MO833] Paramount Iteration,1,414,100.855264902,0.227567911148
[MO833] Paramount Iteration,0,414,100.871406078,0.227567911148
415 -- 9.33085148678887 --- TKE: 0.9999999999998017 
[MO833] Paramount Iteration,1,415,101.082948923,0.227684020996
[MO833] Paramount Iteration,0,415,101.099089146,0.227683067322
416 -- 9.353335466420928 --- TKE: 0.9999999999998013 
[MO833] Paramount Iteration,1,416,101.310629129,0.227680206299
[MO833] Paramount Iteration,0,416,101.326770067,0.227680921555
417 -- 9.375819445842836 --- TKE: 0.9999999999998008 
[MO833] Paramount Iteration,1,417,101.538357019,0.227727890015
[MO833] Paramount Iteration,0,417,101.554497957,0.227727890015
418 -- 9.398303424857403 --- TKE: 0.9999999999998004 
[MO833] Paramount Iteration,1,418,101.765974045,0.227617025375
[MO833] Paramount Iteration,0,418,101.782114983,0.227617025375
419 -- 9.420787403394685 --- TKE: 0.9999999999997997 
[MO833] Paramount Iteration,1,419,101.993619919,0.227645874023
[MO833] Paramount Iteration,0,419,102.146901131,0.364786148071
420 -- 9.443271381827788 --- TKE: 0.9999999999997993 
[MO833] Paramount Iteration,1,420,102.362339973,0.368720054626
[MO833] Paramount Iteration,0,420,102.378479004,0.23157787323
421 -- 9.465755360525957 --- TKE: 0.9999999999997988 
[MO833] Paramount Iteration,1,421,102.592144966,0.229804992676
[MO833] Paramount Iteration,0,421,102.608286142,0.229807138443
422 -- 9.488239339703968 --- TKE: 0.9999999999997984 
[MO833] Paramount Iteration,1,422,102.821630955,0.229485988617
[MO833] Paramount Iteration,0,422,102.837772131,0.229485988617
423 -- 9.51072331900687 --- TKE: 0.9999999999997979 
[MO833] Paramount Iteration,1,423,103.051183939,0.229552984238
[MO833] Paramount Iteration,0,423,103.067325115,0.229552984238
424 -- 9.533207298488648 --- TKE: 0.9999999999997975 
[MO833] Paramount Iteration,1,424,103.280755043,0.22957110405
[MO833] Paramount Iteration,0,424,103.296895027,0.229569911957
425 -- 9.55569127808653 --- TKE: 0.999999999999797 
[MO833] Paramount Iteration,1,425,103.510402918,0.229647874832
[MO833] Paramount Iteration,0,425,103.526541948,0.229646921158
426 -- 9.578175257486851 --- TKE: 0.9999999999997966 
[MO833] Paramount Iteration,1,426,103.739851952,0.229449033737
[MO833] Paramount Iteration,0,426,103.755993128,0.229451179504
427 -- 9.600659236443887 --- TKE: 0.9999999999997962 
[MO833] Paramount Iteration,0,427,103.988929033,0.232935905457
[MO833] Paramount Iteration,1,427,103.972814083,0.2329621315
428 -- 9.623143214991416 --- TKE: 0.9999999999997955 
[MO833] Paramount Iteration,0,428,104.218508959,0.229579925537
[MO833] Paramount Iteration,1,428,104.202387094,0.229573011398
429 -- 9.645627193503268 --- TKE: 0.999999999999795 
[MO833] Paramount Iteration,1,429,104.431922913,0.2295358181
[MO833] Paramount Iteration,0,429,104.555711031,0.337202072144
430 -- 9.668111172347157 --- TKE: 0.9999999999997946 
[MO833] Paramount Iteration,1,430,104.771096945,0.339174032211
[MO833] Paramount Iteration,0,430,104.787235022,0.231523990631
431 -- 9.690595151585851 --- TKE: 0.9999999999997942 
[MO833] Paramount Iteration,1,431,105.000771046,0.229674100876
[MO833] Paramount Iteration,0,431,105.016911983,0.229676961899
432 -- 9.713079130962482 --- TKE: 0.9999999999997937 
[MO833] Paramount Iteration,1,432,105.229039907,0.228268861771
[MO833] Paramount Iteration,0,432,105.24518013,0.228268146515
433 -- 9.735563110529075 --- TKE: 0.9999999999997933 
[MO833] Paramount Iteration,1,433,105.457001925,0.227962017059
[MO833] Paramount Iteration,0,433,105.473142147,0.227962017059
434 -- 9.758047090108159 --- TKE: 0.9999999999997928 
[MO833] Paramount Iteration,1,434,105.68503809,0.228036165237
[MO833] Paramount Iteration,0,434,105.701178074,0.228035926819
435 -- 9.780531069507026 --- TKE: 0.9999999999997922 
[MO833] Paramount Iteration,1,435,105.913031101,0.227993011475
[MO833] Paramount Iteration,0,435,105.929171085,0.227993011475
436 -- 9.80301504843004 --- TKE: 0.9999999999997917 
[MO833] Paramount Iteration,1,436,106.14114809,0.228116989136
[MO833] Paramount Iteration,0,436,106.157289028,0.22811794281
437 -- 9.825499027013505 --- TKE: 0.9999999999997913 
[MO833] Paramount Iteration,1,437,106.369065046,0.227916955948
[MO833] Paramount Iteration,0,437,106.38520503,0.227916002274
438 -- 9.847983005630853 --- TKE: 0.9999999999997908 
[MO833] Paramount Iteration,1,438,106.597002029,0.227936983109
[MO833] Paramount Iteration,0,438,106.613142014,0.227936983109
439 -- 9.870466984647033 --- TKE: 0.9999999999997904 
[MO833] Paramount Iteration,1,439,106.824796915,0.227794885635
[MO833] Paramount Iteration,0,439,106.948404074,0.335262060165
440 -- 9.892950963964234 --- TKE: 0.99999999999979 
[MO833] Paramount Iteration,1,440,107.163677931,0.338881015778
[MO833] Paramount Iteration,0,440,107.179816961,0.231412887573
441 -- 9.915434943431155 --- TKE: 0.9999999999997893 
[MO833] Paramount Iteration,1,441,107.393363953,0.229686021805
[MO833] Paramount Iteration,0,441,107.409505129,0.229688167572
442 -- 9.937918923097648 --- TKE: 0.9999999999997888 
[MO833] Paramount Iteration,1,442,107.622937918,0.229573965073
[MO833] Paramount Iteration,0,442,107.63907814,0.229573011398
443 -- 9.9604029026769 --- TKE: 0.9999999999997884 
[MO833] Paramount Iteration,1,443,107.852337122,0.229399204254
[MO833] Paramount Iteration,0,443,107.86847806,0.22939991951
444 -- 9.98288688209351 --- TKE: 0.9999999999997877 
[MO833] Paramount Iteration,1,444,108.082374096,0.230036973953
[MO833] Paramount Iteration,0,444,108.098533154,0.230055093765
445 -- 10.005370861006455 --- TKE: 0.9999999999997875 
[MO833] PI avg,1,0.239445159676,445
[MO833] Beta,1,1.11877828016e-07
[MO833] PI avg,0,0.239406182257,445
[MO833] Beta,0,0.00127908366415
[MO833] Total time,0,108.464085102
