--------------------------------------------------------------------------
[[61304,1],1]: A high-performance Open MPI point-to-point messaging module
was unable to find any relevant network interfaces:

Module: OpenFabrics (openib)
  Host: node06

Another transport will be used instead, although this may result in
lower performance.

NOTE: You can disable this warning by setting the MCA parameter
btl_base_warn_component_unused to 0.
--------------------------------------------------------------------------
 
                                 _       
                                | |      
 _ __  _   _ _ __ __ _ _ __   __| | __ _ 
| '_ \| | | | '__/ _` | '_ \ / _` |/ _` |
| |_) | |_| | | | (_| | | | | (_| | (_| |
| .__/ \__, |_|  \__,_|_| |_|\__,_|\__,_|
| |     __/ |                            
|_|    |___/                             

Version 1.0

Copyright (c) 2020 Lawrence Livermore National Laboratory (LLNL-CODE-749864)
All rights reserved. 
For details about use and distribution, please read: pyranda/LICENSE

Adding variables: tke
Adding variables: tauxz
Adding variables: tauxy
Adding variables: tauxx
Adding variables: tauzz
Adding variables: cs
Adding variables: vx
Adding variables: vy
Adding variables: vz
Adding variables: tauyy
Adding variables: tauyz
Adding variables: taudia
Adding variables: rhow
Adding variables: rhov
Adding variables: rhou
Adding variables: S
Adding variables: rho
Adding variables: dt
Adding variables: wz
Adding variables: wy
Adding variables: wx
Adding variables: enst
Adding variables: uy
Adding variables: ux
Adding variables: uz
Adding variables: beta
Adding variables: mu
Adding variables: p
Adding variables: u
Adding variables: w
Adding variables: v
Adding variables: Et
Adding variables: div
Adding variables: gamma
Adding equations of motion: 
(1)   ddt(:rho:)  =  -ddx(:rho:*:u:)                  - ddy(:rho:*:v:)                  - ddz(:rho:*:w:)
(2)   ddt(:rhou:) =  -ddx(:rhou:*:u: + :p: - :tauxx:) - ddy(:rhou:*:v: - :tauxy:)       - ddz(:rhou:*:w: - :tauxz:)
(3)   ddt(:rhov:) =  -ddx(:rhov:*:u: - :tauxy:)       - ddy(:rhov:*:v: + :p: - :tauyy:) - ddz(:rhov:*:w: - :tauyz:)
(4)   ddt(:rhow:) =  -ddx(:rhow:*:u: - :tauxz:)       - ddy(:rhow:*:v: - :tauyz:)       - ddz(:rhow:*:w: + :p: - :tauzz:)
(5)   ddt(:Et:)   =  -ddx( (:Et: - :tauxx:)*:u: - :tauxy:*:v: - :tauxz:*:w: ) - ddy( (:Et: - :tauyy:)*:v: -:tauxy:*:u: - :tauyz:*:w:) - ddz( (:Et: - :tauzz:)*:w: - :tauxz:*:u: - :tauyz:*:v: )
(6)   :rho:       =  fbar( :rho:  )
(7)   :rhou:      =  fbar( :rhou: )
(8)   :rhov:      =  fbar( :rhov: )
(9)   :rhow:      =  fbar( :rhow: )
(10)   :Et:        =  fbar( :Et:   )
(11)   :u:         =  :rhou: / :rho:
(12)   :v:         =  :rhov: / :rho:
(13)   :w:         =  :rhow: / :rho:
(14)   :p:         =  ( :Et: - .5*:rho:*(:u:*:u: + :v:*:v: + :w:*:w:) ) * ( :gamma: - 1.0 )
(15)   :ux:        =  ddx(:u:)
(16)   :vy:        =  ddy(:v:)
(17)   :wz:        =  ddz(:w:)
(18)   :div:       =  :ux: + :vy: + :wz:
(19)   :uy:        =  ddy(:u:)
(20)   :uz:        =  ddz(:u:)
(21)   :vx:        =  ddx(:v:)
(22)   :vz:        =  ddz(:v:)
(23)   :wy:        =  ddy(:w:)
(24)   :wx:        =  ddx(:w:)
(25)   :enst:      = sqrt( (:uy:-:vx:)**2 + (:uz: - :wx:)**2 + (:vz:-:wy:)**2 )
(26)   :tke:       = :rho:*(:u:*:u: + :v:*:v: + :w:*:w:)
(27)   :S:         = sqrt( :ux:*:ux: + :vy:*:vy: + :wz:*:wz: + .5*((:uy:+:vx:)**2 + (:uz: + :wx:)**2 + (:vz:+:wy:)**2) )
(28)   :mu:        =  gbar( abs(ring(:S:  )) ) * :rho: * 0.0e-4
(29)   :beta:      =  gbar( abs(ring(:div:)) * :rho: )  * 0.0e-4
(30)   :taudia:    =  (:beta:-2./3.*:mu:) *:div:
(31)   :tauxx:     =  2.0*:mu:*:ux:   + :taudia: - :p:
(32)   :tauyy:     =  2.0*:mu:*:vy:   + :taudia: - :p:
(33)   :tauzz:     =  2.0*:mu:*:wz:   + :taudia: - :p:
(34)   :tauxy:     = :mu:*(:uy:+:vx:) + :taudia:
(35)   :tauxz:     = :mu:*(:uz:+:wx:) + :taudia:
(36)   :tauyz:     = :mu:*(:vz:+:wz:) + :taudia:
(37)   :cs:  = sqrt( :p: / :rho: * :gamma: )
(38)   :dt: = dt.courant(:u:,:v:,:w:,:cs:)*.5
(39)   :dt: = numpy.minimum(:dt:,0.2 * dt.diff(:beta:,:rho:))
(40)   :dt: = numpy.minimum(:dt:,0.2 * dt.diff(:mu:,:rho:))
1 -- 0.022483949488834736 --- TKE: 0.9999999999999996 
[MO833] Paramount Iteration,0,1,1.88033413887,0.235753059387
[MO833] Paramount Iteration,1,1,1.8678882122,0.253049135208
2 -- 0.04496791230634997 --- TKE: 0.9999999999999996 
[MO833] Paramount Iteration,1,2,2.10384702682,0.235958814621
[MO833] Paramount Iteration,0,2,2.11629915237,0.235965013504
3 -- 0.06745186837753886 --- TKE: 0.9999999999999987 
[MO833] Paramount Iteration,1,3,2.33138012886,0.227533102036
[MO833] Paramount Iteration,0,3,2.34382605553,0.227526903152
4 -- 0.08993583542611785 --- TKE: 0.9999999999999984 
[MO833] Paramount Iteration,1,4,2.55871915817,0.227339029312
[MO833] Paramount Iteration,0,4,2.57116603851,0.227339982986
5 -- 0.11241981341752189 --- TKE: 0.9999999999999978 
[MO833] Paramount Iteration,0,5,2.79954099655,0.228374958038
[MO833] Paramount Iteration,1,5,2.78711009026,0.228390932083
6 -- 0.1349037940170563 --- TKE: 0.9999999999999973 
[MO833] Paramount Iteration,1,6,3.01539421082,0.22828412056
[MO833] Paramount Iteration,0,6,3.02785897255,0.228317975998
7 -- 0.15738777056800618 --- TKE: 0.9999999999999969 
[MO833] Paramount Iteration,1,7,3.24278116226,0.227386951447
[MO833] Paramount Iteration,0,7,3.25522708893,0.227368116379
8 -- 0.17987174409631543 --- TKE: 0.9999999999999964 
[MO833] Paramount Iteration,1,8,3.47005105019,0.227269887924
[MO833] Paramount Iteration,0,8,3.48249912262,0.227272033691
9 -- 0.20235571634301402 --- TKE: 0.999999999999996 
[MO833] Paramount Iteration,1,9,3.6973490715,0.227298021317
[MO833] Paramount Iteration,0,9,3.88502502441,0.402525901794
10 -- 0.2248396890879735 --- TKE: 0.9999999999999956 
[MO833] Paramount Iteration,0,10,4.11711096764,0.232085943222
[MO833] Paramount Iteration,1,10,4.10469007492,0.407341003418
11 -- 0.24732366185121496 --- TKE: 0.9999999999999949 
[MO833] Paramount Iteration,1,11,4.33553314209,0.230843067169
[MO833] Paramount Iteration,0,11,4.34798812866,0.230877161026
12 -- 0.26980763521126017 --- TKE: 0.9999999999999947 
[MO833] Paramount Iteration,1,12,4.56305623055,0.227523088455
[MO833] Paramount Iteration,0,12,4.57550215721,0.227514028549
13 -- 0.2922916107764848 --- TKE: 0.999999999999994 
[MO833] Paramount Iteration,1,13,4.79044699669,0.227390766144
[MO833] Paramount Iteration,0,13,4.80289411545,0.227391958237
14 -- 0.31477558792984206 --- TKE: 0.9999999999999936 
[MO833] Paramount Iteration,1,14,5.01790618896,0.227459192276
[MO833] Paramount Iteration,0,14,5.03035306931,0.227458953857
15 -- 0.337259565810547 --- TKE: 0.9999999999999931 
[MO833] Paramount Iteration,1,15,5.24537014961,0.227463960648
[MO833] Paramount Iteration,0,15,5.25781607628,0.227463006973
16 -- 0.35974354420845 --- TKE: 0.9999999999999925 
[MO833] Paramount Iteration,0,16,5.48885011673,0.231034040451
[MO833] Paramount Iteration,1,16,5.47642803192,0.231057882309
17 -- 0.38222752235168034 --- TKE: 0.999999999999992 
[MO833] Paramount Iteration,1,17,5.70483207703,0.228404045105
[MO833] Paramount Iteration,0,17,5.7172961235,0.228446006775
18 -- 0.4047115001610875 --- TKE: 0.9999999999999918 
[MO833] Paramount Iteration,1,18,5.93238806725,0.227555990219
[MO833] Paramount Iteration,0,18,5.94483399391,0.227537870407
19 -- 0.4271954780139235 --- TKE: 0.9999999999999911 
[MO833] Paramount Iteration,1,19,6.15977716446,0.227389097214
[MO833] Paramount Iteration,0,19,6.28245711327,0.337623119354
20 -- 0.4496794560708476 --- TKE: 0.9999999999999907 
[MO833] Paramount Iteration,1,20,6.49975514412,0.33997797966
[MO833] Paramount Iteration,0,20,6.51220107079,0.22974395752
21 -- 0.4721634343200682 --- TKE: 0.9999999999999902 
[MO833] Paramount Iteration,1,21,6.72719812393,0.227442979813
[MO833] Paramount Iteration,0,21,6.73964500427,0.227443933487
22 -- 0.49464741264111056 --- TKE: 0.9999999999999896 
[MO833] Paramount Iteration,1,22,6.95482206345,0.227623939514
[MO833] Paramount Iteration,0,22,6.96726894379,0.227623939514
23 -- 0.5171313908759267 --- TKE: 0.9999999999999893 
[MO833] Paramount Iteration,1,23,7.18223309517,0.227411031723
[MO833] Paramount Iteration,0,23,7.19468092918,0.227411985397
24 -- 0.5396153688962009 --- TKE: 0.9999999999999887 
[MO833] Paramount Iteration,0,24,7.42564606667,0.230965137482
[MO833] Paramount Iteration,1,24,7.41322207451,0.23098897934
25 -- 0.5620993466578701 --- TKE: 0.9999999999999882 
[MO833] Paramount Iteration,1,25,7.64067912102,0.227457046509
[MO833] Paramount Iteration,0,25,7.65312600136,0.227479934692
26 -- 0.5845833242365798 --- TKE: 0.9999999999999878 
[MO833] Paramount Iteration,1,26,7.86820101738,0.227521896362
[MO833] Paramount Iteration,0,26,7.88064694405,0.227520942688
27 -- 0.6070673018410182 --- TKE: 0.9999999999999871 
[MO833] Paramount Iteration,1,27,8.09573507309,0.22753405571
[MO833] Paramount Iteration,0,27,8.10818195343,0.227535009384
28 -- 0.6295512798040269 --- TKE: 0.9999999999999867 
[MO833] Paramount Iteration,1,28,8.3231511116,0.227416038513
[MO833] Paramount Iteration,0,28,8.33559703827,0.227415084839
29 -- 0.6520352574989555 --- TKE: 0.9999999999999862 
[MO833] Paramount Iteration,1,29,8.55058121681,0.227430105209
[MO833] Paramount Iteration,0,29,8.6705019474,0.334904909134
30 -- 0.6745192349135101 --- TKE: 0.9999999999999858 
[MO833] Paramount Iteration,1,30,8.89116406441,0.340582847595
[MO833] Paramount Iteration,0,30,8.90363311768,0.233131170273
31 -- 0.697003212275314 --- TKE: 0.9999999999999853 
[MO833] Paramount Iteration,1,31,9.11867618561,0.227512121201
[MO833] Paramount Iteration,0,31,9.13112211227,0.227488994598
32 -- 0.7194871892340796 --- TKE: 0.9999999999999849 
[MO833] Paramount Iteration,1,32,9.34601402283,0.227337837219
[MO833] Paramount Iteration,0,32,9.35846114159,0.227339029312
33 -- 0.7419711653841895 --- TKE: 0.9999999999999845 
[MO833] Paramount Iteration,1,33,9.57476401329,0.228749990463
[MO833] Paramount Iteration,0,33,9.58716893196,0.228707790375
34 -- 0.7644551401841907 --- TKE: 0.999999999999984 
[MO833] Paramount Iteration,1,34,9.80432200432,0.229557991028
[MO833] Paramount Iteration,0,34,9.81676912308,0.229600191116
35 -- 0.7869391141929123 --- TKE: 0.9999999999999836 
[MO833] Paramount Iteration,1,35,10.031717062,0.227395057678
[MO833] Paramount Iteration,0,35,10.0441629887,0.227393865585
36 -- 0.8094230880509002 --- TKE: 0.9999999999999829 
[MO833] Paramount Iteration,1,36,10.2592082024,0.227491140366
[MO833] Paramount Iteration,0,36,10.271654129,0.227491140366
37 -- 0.8319070624390456 --- TKE: 0.9999999999999827 
[MO833] Paramount Iteration,1,37,10.4871020317,0.227893829346
[MO833] Paramount Iteration,0,37,10.4995510578,0.227896928787
38 -- 0.8543910374431362 --- TKE: 0.999999999999982 
[MO833] Paramount Iteration,1,38,10.7144901752,0.227388143539
[MO833] Paramount Iteration,0,38,10.7269370556,0.227385997772
39 -- 0.8768750128023768 --- TKE: 0.9999999999999818 
[MO833] Paramount Iteration,1,39,10.9418110847,0.2273209095
[MO833] Paramount Iteration,0,39,11.0649249554,0.33798789978
40 -- 0.8993589886869536 --- TKE: 0.9999999999999811 
[MO833] Paramount Iteration,1,40,11.2823581696,0.340547084808
[MO833] Paramount Iteration,0,40,11.2948050499,0.229880094528
41 -- 0.9218429645573731 --- TKE: 0.9999999999999805 
[MO833] Paramount Iteration,1,41,11.5097920895,0.227433919907
[MO833] Paramount Iteration,0,41,11.5222399235,0.227434873581
42 -- 0.9443269400170952 --- TKE: 0.99999999999998 
[MO833] Paramount Iteration,1,42,11.7373611927,0.227569103241
[MO833] Paramount Iteration,0,42,11.749808073,0.227568149567
43 -- 0.9668109152366287 --- TKE: 0.9999999999999796 
[MO833] Paramount Iteration,1,43,11.9649581909,0.227596998215
[MO833] Paramount Iteration,0,43,11.9774150848,0.227607011795
44 -- 0.9892948900220443 --- TKE: 0.9999999999999791 
[MO833] Paramount Iteration,1,44,12.1955871582,0.230628967285
[MO833] Paramount Iteration,0,44,12.2080609798,0.230645895004
45 -- 1.0117788645119201 --- TKE: 0.9999999999999787 
[MO833] Paramount Iteration,0,45,12.4391400814,0.231079101562
[MO833] Paramount Iteration,1,45,12.4267170429,0.23112988472
46 -- 1.034262839419456 --- TKE: 0.9999999999999782 
[MO833] Paramount Iteration,1,46,12.6542720795,0.227555036545
[MO833] Paramount Iteration,0,46,12.6667189598,0.227578878403
47 -- 1.0567468153947581 --- TKE: 0.9999999999999778 
[MO833] Paramount Iteration,1,47,12.8817541599,0.22748208046
[MO833] Paramount Iteration,0,47,12.8942010403,0.22748208046
48 -- 1.0792307919265227 --- TKE: 0.9999999999999771 
[MO833] Paramount Iteration,1,48,13.1091182232,0.227364063263
[MO833] Paramount Iteration,0,48,13.1215641499,0.227363109589
49 -- 1.101714769117001 --- TKE: 0.9999999999999767 
[MO833] Paramount Iteration,1,49,13.3366920948,0.227573871613
[MO833] Paramount Iteration,0,49,13.4597909451,0.338226795197
50 -- 1.124198746406314 --- TKE: 0.999999999999976 
[MO833] Paramount Iteration,1,50,13.6782262325,0.341534137726
[MO833] Paramount Iteration,0,50,13.6906721592,0.230881214142
51 -- 1.146682723570497 --- TKE: 0.9999999999999758 
[MO833] Paramount Iteration,1,51,13.9090321064,0.230805873871
[MO833] Paramount Iteration,0,51,13.9214789867,0.230806827545
52 -- 1.1691667007473263 --- TKE: 0.9999999999999754 
[MO833] Paramount Iteration,1,52,14.1425020695,0.233469963074
[MO833] Paramount Iteration,0,52,14.1549510956,0.233472108841
53 -- 1.1916506780693332 --- TKE: 0.9999999999999747 
[MO833] Paramount Iteration,1,53,14.3737812042,0.23127913475
[MO833] Paramount Iteration,0,53,14.3862290382,0.231277942657
54 -- 1.2141346550201402 --- TKE: 0.9999999999999745 
[MO833] Paramount Iteration,1,54,14.6012601852,0.227478981018
[MO833] Paramount Iteration,0,54,14.6137061119,0.227477073669
55 -- 1.2366186321554993 --- TKE: 0.999999999999974 
[MO833] Paramount Iteration,1,55,14.8286352158,0.227375030518
[MO833] Paramount Iteration,0,55,14.8410820961,0.227375984192
56 -- 1.2591026100219094 --- TKE: 0.9999999999999736 
[MO833] Paramount Iteration,1,56,15.0561220646,0.227486848831
[MO833] Paramount Iteration,0,56,15.0685689449,0.227486848831
57 -- 1.2815865889728413 --- TKE: 0.9999999999999729 
[MO833] Paramount Iteration,1,57,15.2834551334,0.227333068848
[MO833] Paramount Iteration,0,57,15.2959010601,0.227332115173
58 -- 1.3040705684946474 --- TKE: 0.9999999999999725 
[MO833] Paramount Iteration,1,58,15.5109231472,0.227468013763
[MO833] Paramount Iteration,0,58,15.5233700275,0.227468967438
59 -- 1.3265545482098922 --- TKE: 0.999999999999972 
[MO833] Paramount Iteration,1,59,15.7417330742,0.230809926987
[MO833] Paramount Iteration,0,59,15.8621070385,0.338737010956
60 -- 1.349038527994624 --- TKE: 0.9999999999999716 
[MO833] Paramount Iteration,1,60,16.0796642303,0.337931156158
[MO833] Paramount Iteration,0,60,16.092110157,0.230003118515
61 -- 1.3715225079366193 --- TKE: 0.9999999999999711 
[MO833] Paramount Iteration,1,61,16.3074622154,0.227797985077
[MO833] Paramount Iteration,0,61,16.3199090958,0.227798938751
62 -- 1.394006488113146 --- TKE: 0.9999999999999705 
[MO833] Paramount Iteration,1,62,16.5381741524,0.230711936951
[MO833] Paramount Iteration,0,62,16.5506460667,0.230736970901
63 -- 1.4164904680080206 --- TKE: 0.99999999999997 
[MO833] Paramount Iteration,1,63,16.7657871246,0.22761297226
[MO833] Paramount Iteration,0,63,16.7782330513,0.227586984634
64 -- 1.4389744478178719 --- TKE: 0.9999999999999698 
[MO833] Paramount Iteration,1,64,16.9933731556,0.22758603096
[MO833] Paramount Iteration,0,64,17.0058200359,0.227586984634
65 -- 1.461458427935954 --- TKE: 0.9999999999999691 
[MO833] Paramount Iteration,1,65,17.2210710049,0.227697849274
[MO833] Paramount Iteration,0,65,17.2335190773,0.227699041367
66 -- 1.4839424085355122 --- TKE: 0.9999999999999685 
[MO833] Paramount Iteration,1,66,17.4485220909,0.227451086044
[MO833] Paramount Iteration,0,66,17.4609689713,0.227449893951
67 -- 1.5064263891350873 --- TKE: 0.999999999999968 
[MO833] Paramount Iteration,1,67,17.6760640144,0.227541923523
[MO833] Paramount Iteration,0,67,17.6885111332,0.227542161942
68 -- 1.5289103697346496 --- TKE: 0.9999999999999676 
[MO833] Paramount Iteration,1,68,17.9038062096,0.227742195129
[MO833] Paramount Iteration,0,68,17.9162530899,0.227741956711
69 -- 1.5513943503342011 --- TKE: 0.9999999999999671 
[MO833] Paramount Iteration,1,69,18.1313521862,0.227545976639
[MO833] Paramount Iteration,0,69,18.2552230358,0.338969945908
70 -- 1.5738783309337407 --- TKE: 0.9999999999999667 
[MO833] Paramount Iteration,1,70,18.4731311798,0.341778993607
[MO833] Paramount Iteration,0,70,18.4855771065,0.230354070663
71 -- 1.5963623115332803 --- TKE: 0.9999999999999662 
[MO833] Paramount Iteration,1,71,18.700949192,0.227818012238
[MO833] Paramount Iteration,0,71,18.713406086,0.227828979492
72 -- 1.6188462921328224 --- TKE: 0.9999999999999656 
[MO833] Paramount Iteration,1,72,18.9284410477,0.227491855621
[MO833] Paramount Iteration,0,72,18.9408869743,0.227480888367
73 -- 1.6413302727323713 --- TKE: 0.9999999999999654 
[MO833] Paramount Iteration,1,73,19.1560740471,0.22763299942
[MO833] Paramount Iteration,0,73,19.1685199738,0.22763299942
74 -- 1.663814253331933 --- TKE: 0.9999999999999649 
[MO833] Paramount Iteration,1,74,19.3872590065,0.231184959412
[MO833] Paramount Iteration,0,74,19.3997061253,0.231186151505
75 -- 1.6862982339315096 --- TKE: 0.999999999999964 
[MO833] Paramount Iteration,0,75,19.6362791061,0.236572980881
[MO833] Paramount Iteration,1,75,19.6238570213,0.236598014832
76 -- 1.708782214531081 --- TKE: 0.9999999999999638 
[MO833] Paramount Iteration,1,76,19.8569869995,0.23312997818
[MO833] Paramount Iteration,0,76,19.8694341183,0.233155012131
77 -- 1.7312661951306378 --- TKE: 0.9999999999999634 
[MO833] Paramount Iteration,1,77,20.0900070667,0.233020067215
[MO833] Paramount Iteration,0,77,20.1024539471,0.233019828796
78 -- 1.7537501757301812 --- TKE: 0.9999999999999629 
[MO833] Paramount Iteration,1,78,20.3230471611,0.233040094376
[MO833] Paramount Iteration,0,78,20.3354930878,0.233039140701
79 -- 1.7762341563297257 --- TKE: 0.9999999999999623 
[MO833] Paramount Iteration,1,79,20.5560050011,0.232957839966
[MO833] Paramount Iteration,0,79,20.6789360046,0.34344291687
80 -- 1.7987181369292666 --- TKE: 0.9999999999999618 
[MO833] Paramount Iteration,1,80,20.900386095,0.344381093979
[MO833] Paramount Iteration,0,80,20.9128329754,0.233896970749
81 -- 1.8212021175288111 --- TKE: 0.9999999999999614 
[MO833] Paramount Iteration,1,81,21.1336340904,0.233247995377
[MO833] Paramount Iteration,0,81,21.1460809708,0.233247995377
82 -- 1.843686098128366 --- TKE: 0.9999999999999609 
[MO833] Paramount Iteration,1,82,21.3702850342,0.236650943756
[MO833] Paramount Iteration,0,82,21.3827559948,0.236675024033
83 -- 1.8661700787279332 --- TKE: 0.9999999999999605 
[MO833] Paramount Iteration,1,83,21.6035990715,0.233314037323
[MO833] Paramount Iteration,0,83,21.6160471439,0.233291149139
84 -- 1.8886540593275116 --- TKE: 0.99999999999996 
[MO833] Paramount Iteration,1,84,21.8367190361,0.2331199646
[MO833] Paramount Iteration,0,84,21.8491661549,0.233119010925
85 -- 1.9111380399270776 --- TKE: 0.9999999999999596 
[MO833] Paramount Iteration,1,85,22.0700881481,0.233369112015
[MO833] Paramount Iteration,0,85,22.0825350285,0.233368873596
86 -- 1.9336220205266397 --- TKE: 0.9999999999999591 
[MO833] Paramount Iteration,1,86,22.3032112122,0.233123064041
[MO833] Paramount Iteration,0,86,22.3156580925,0.233123064041
87 -- 1.956106001126193 --- TKE: 0.9999999999999587 
[MO833] Paramount Iteration,1,87,22.5320620537,0.228850841522
[MO833] Paramount Iteration,0,87,22.544508934,0.228850841522
88 -- 1.978589981725738 --- TKE: 0.999999999999958 
[MO833] Paramount Iteration,1,88,22.7596271038,0.227565050125
[MO833] Paramount Iteration,0,88,22.7720730305,0.227564096451
89 -- 2.001073962325288 --- TKE: 0.9999999999999576 
[MO833] Paramount Iteration,1,89,22.9873540401,0.22772693634
[MO833] Paramount Iteration,0,89,23.1104340553,0.338361024857
90 -- 2.0235579429248403 --- TKE: 0.9999999999999569 
[MO833] Paramount Iteration,1,90,23.3291552067,0.341801166534
[MO833] Paramount Iteration,0,90,23.3416011333,0.231167078018
91 -- 2.0460419235244016 --- TKE: 0.9999999999999565 
[MO833] Paramount Iteration,1,91,23.5572221279,0.228066921234
[MO833] Paramount Iteration,0,91,23.5696699619,0.228068828583
92 -- 2.068525904123969 --- TKE: 0.999999999999956 
[MO833] Paramount Iteration,1,92,23.7847690582,0.227546930313
[MO833] Paramount Iteration,0,92,23.7972159386,0.227545976639
93 -- 2.091009884723557 --- TKE: 0.9999999999999556 
[MO833] Paramount Iteration,1,93,24.0123391151,0.227570056915
[MO833] Paramount Iteration,0,93,24.0247850418,0.227569103241
94 -- 2.1134938653231377 --- TKE: 0.9999999999999551 
[MO833] Paramount Iteration,1,94,24.2437090874,0.231369972229
[MO833] Paramount Iteration,0,94,24.2561399937,0.231354951859
95 -- 2.1359778459227057 --- TKE: 0.9999999999999547 
[MO833] Paramount Iteration,1,95,24.4712851048,0.22757601738
[MO833] Paramount Iteration,0,95,24.4837319851,0.227591991425
96 -- 2.158461826522268 --- TKE: 0.9999999999999543 
[MO833] Paramount Iteration,1,96,24.6989052296,0.227620124817
[MO833] Paramount Iteration,0,96,24.7113511562,0.227619171143
97 -- 2.1809458071218275 --- TKE: 0.9999999999999538 
[MO833] Paramount Iteration,1,97,24.9264500141,0.227544784546
[MO833] Paramount Iteration,0,97,24.9388971329,0.227545976639
98 -- 2.203429787721387 --- TKE: 0.9999999999999534 
[MO833] Paramount Iteration,1,98,25.1540281773,0.227578163147
[MO833] Paramount Iteration,0,98,25.1664741039,0.227576971054
99 -- 2.2259137683209507 --- TKE: 0.9999999999999529 
[MO833] Paramount Iteration,1,99,25.3814840317,0.227455854416
[MO833] Paramount Iteration,0,99,25.5027401447,0.336266040802
100 -- 2.2483977489205236 --- TKE: 0.9999999999999523 
[MO833] Paramount Iteration,1,100,25.7200551033,0.338571071625
[MO833] Paramount Iteration,0,100,25.73250103,0.229760885239
101 -- 2.270881729520099 --- TKE: 0.9999999999999518 
[MO833] Paramount Iteration,1,101,25.9477221966,0.227667093277
[MO833] Paramount Iteration,0,101,25.9601700306,0.227669000626
102 -- 2.2933657101196916 --- TKE: 0.9999999999999514 
[MO833] Paramount Iteration,1,102,26.1753661633,0.227643966675
[MO833] Paramount Iteration,0,102,26.1878130436,0.227643013
103 -- 2.3158496907192836 --- TKE: 0.9999999999999509 
[MO833] Paramount Iteration,1,103,26.4030840397,0.227717876434
[MO833] Paramount Iteration,0,103,26.4155311584,0.227718114853
104 -- 2.3383336713188645 --- TKE: 0.9999999999999505 
[MO833] Paramount Iteration,1,104,26.630726099,0.227642059326
[MO833] Paramount Iteration,0,104,26.6431720257,0.227640867233
105 -- 2.36081765191844 --- TKE: 0.9999999999999498 
[MO833] Paramount Iteration,1,105,26.858271122,0.227545022964
[MO833] Paramount Iteration,0,105,26.8707170486,0.227545022964
106 -- 2.3833016325180125 --- TKE: 0.9999999999999494 
[MO833] Paramount Iteration,1,106,27.0858030319,0.227531909943
[MO833] Paramount Iteration,0,106,27.0982501507,0.227533102036
107 -- 2.4057856131175903 --- TKE: 0.9999999999999489 
[MO833] Paramount Iteration,1,107,27.3168442249,0.231041193008
[MO833] Paramount Iteration,0,107,27.3293139935,0.231063842773
108 -- 2.428269593717166 --- TKE: 0.9999999999999485 
[MO833] Paramount Iteration,1,108,27.544478178,0.227633953094
[MO833] Paramount Iteration,0,108,27.5569250584,0.227611064911
109 -- 2.4507535743167477 --- TKE: 0.999999999999948 
[MO833] Paramount Iteration,1,109,27.7721190453,0.227640867233
[MO833] Paramount Iteration,0,109,27.8955259323,0.338600873947
110 -- 2.4732375549163343 --- TKE: 0.9999999999999474 
[MO833] Paramount Iteration,1,110,28.1140751839,0.341956138611
[MO833] Paramount Iteration,0,110,28.1265211105,0.230995178223
111 -- 2.4957215355159357 --- TKE: 0.9999999999999469 
[MO833] Paramount Iteration,1,111,28.3425931931,0.228518009186
[MO833] Paramount Iteration,0,111,28.3550410271,0.228519916534
112 -- 2.518205516115538 --- TKE: 0.9999999999999467 
[MO833] Paramount Iteration,1,112,28.5717201233,0.229126930237
[MO833] Paramount Iteration,0,112,28.58416605,0.229125022888
113 -- 2.5406894967151334 --- TKE: 0.999999999999946 
[MO833] Paramount Iteration,1,113,28.8016140461,0.229893922806
[MO833] Paramount Iteration,0,113,28.8140609264,0.22989487648
114 -- 2.5631734773147237 --- TKE: 0.9999999999999456 
[MO833] Paramount Iteration,1,114,29.0298681259,0.228254079819
[MO833] Paramount Iteration,0,114,29.0423150063,0.228254079819
115 -- 2.5856574579143126 --- TKE: 0.9999999999999452 
[MO833] Paramount Iteration,1,115,29.2572951317,0.227427005768
[MO833] Paramount Iteration,0,115,29.269742012,0.227427005768
116 -- 2.608141438513903 --- TKE: 0.9999999999999445 
[MO833] Paramount Iteration,1,116,29.4849910736,0.227695941925
[MO833] Paramount Iteration,0,116,29.4974379539,0.227695941925
117 -- 2.6306254191134935 --- TKE: 0.999999999999944 
[MO833] Paramount Iteration,1,117,29.7150912285,0.230100154877
[MO833] Paramount Iteration,0,117,29.7275149822,0.230077028275
118 -- 2.653109399713088 --- TKE: 0.9999999999999436 
[MO833] Paramount Iteration,1,118,29.9436280727,0.228536844254
[MO833] Paramount Iteration,0,118,29.9560749531,0.228559970856
119 -- 2.6755933803126966 --- TKE: 0.9999999999999432 
[MO833] Paramount Iteration,1,119,30.1710882187,0.22746014595
[MO833] Paramount Iteration,0,119,30.2917349339,0.335659980774
120 -- 2.698077360912307 --- TKE: 0.9999999999999427 
[MO833] Paramount Iteration,1,120,30.5090792179,0.337990999222
[MO833] Paramount Iteration,0,120,30.5215239525,0.229789018631
121 -- 2.7205613415119196 --- TKE: 0.9999999999999423 
[MO833] Paramount Iteration,1,121,30.7369890213,0.227909803391
[MO833] Paramount Iteration,0,121,30.7494440079,0.227920055389
122 -- 2.7430453221115236 --- TKE: 0.9999999999999418 
[MO833] Paramount Iteration,1,122,30.9643950462,0.227406024933
[MO833] Paramount Iteration,0,122,30.9768419266,0.227397918701
123 -- 2.7655293027111263 --- TKE: 0.9999999999999414 
[MO833] Paramount Iteration,1,123,31.1920881271,0.227693080902
[MO833] Paramount Iteration,0,123,31.2045350075,0.227693080902
124 -- 2.7880132833107254 --- TKE: 0.9999999999999409 
[MO833] Paramount Iteration,1,124,31.4195661545,0.227478027344
[MO833] Paramount Iteration,0,124,31.4320130348,0.227478027344
125 -- 2.8104972639103263 --- TKE: 0.9999999999999403 
[MO833] Paramount Iteration,1,125,31.6471371651,0.22757101059
[MO833] Paramount Iteration,0,125,31.6595840454,0.22757101059
126 -- 2.832981244509927 --- TKE: 0.99999999999994 
[MO833] Paramount Iteration,1,126,31.8747410774,0.227603912354
[MO833] Paramount Iteration,0,126,31.8871891499,0.227605104446
127 -- 2.85546522510953 --- TKE: 0.9999999999999396 
[MO833] Paramount Iteration,1,127,32.1023430824,0.227602005005
[MO833] Paramount Iteration,0,127,32.1147911549,0.227602005005
128 -- 2.8779492057091396 --- TKE: 0.9999999999999387 
[MO833] Paramount Iteration,1,128,32.3304011822,0.228058099747
[MO833] Paramount Iteration,0,128,32.3428480625,0.228056907654
129 -- 2.900433186205215 --- TKE: 0.9999999999999383 
[MO833] Paramount Iteration,1,129,32.5587990284,0.228397846222
[MO833] Paramount Iteration,0,129,32.6791701317,0.336322069168
130 -- 2.922917166804828 --- TKE: 0.9999999999999378 
[MO833] Paramount Iteration,1,130,32.8966460228,0.3378469944
[MO833] Paramount Iteration,0,130,32.9090919495,0.22992181778
131 -- 2.945401147404434 --- TKE: 0.9999999999999374 
[MO833] Paramount Iteration,1,131,33.1241140366,0.227468013763
[MO833] Paramount Iteration,0,131,33.136562109,0.227470159531
132 -- 2.9678851280040424 --- TKE: 0.9999999999999369 
[MO833] Paramount Iteration,1,132,33.3516681194,0.22755408287
[MO833] Paramount Iteration,0,132,33.3641140461,0.227551937103
133 -- 2.9903691086036477 --- TKE: 0.9999999999999365 
[MO833] Paramount Iteration,1,133,33.5790359974,0.22736787796
[MO833] Paramount Iteration,0,133,33.5914831161,0.227369070053
134 -- 3.0128530892032566 --- TKE: 0.999999999999936 
[MO833] Paramount Iteration,1,134,33.8098080158,0.230772018433
[MO833] Paramount Iteration,0,134,33.8222551346,0.230772018433
135 -- 3.0353370698028677 --- TKE: 0.9999999999999356 
[MO833] Paramount Iteration,1,135,34.0426959991,0.232887983322
[MO833] Paramount Iteration,0,135,34.0551419258,0.232886791229
136 -- 3.05782105040248 --- TKE: 0.9999999999999349 
[MO833] Paramount Iteration,1,136,34.2721312046,0.22943520546
[MO833] Paramount Iteration,0,136,34.2845790386,0.229437112808
137 -- 3.0803050310020965 --- TKE: 0.9999999999999347 
[MO833] Paramount Iteration,1,137,34.5028300285,0.230698823929
[MO833] Paramount Iteration,0,137,34.5152890682,0.230710029602
138 -- 3.102789011377392 --- TKE: 0.9999999999999343 
[MO833] Paramount Iteration,1,138,34.730325222,0.227495193481
[MO833] Paramount Iteration,0,138,34.7427711487,0.22748208046
139 -- 3.1252729917950037 --- TKE: 0.9999999999999336 
[MO833] Paramount Iteration,1,139,34.9578070641,0.227481842041
[MO833] Paramount Iteration,0,139,35.0819311142,0.339159965515
140 -- 3.1477569723946095 --- TKE: 0.9999999999999332 
[MO833] Paramount Iteration,1,140,35.3000841141,0.342277050018
[MO833] Paramount Iteration,0,140,35.3125300407,0.230598926544
141 -- 3.170240952994216 --- TKE: 0.9999999999999327 
[MO833] Paramount Iteration,1,141,35.5275001526,0.227416038513
[MO833] Paramount Iteration,0,141,35.5399470329,0.227416992188
142 -- 3.1927249335938215 --- TKE: 0.9999999999999323 
[MO833] Paramount Iteration,1,142,35.755010128,0.227509975433
[MO833] Paramount Iteration,0,142,35.7674570084,0.227509975433
143 -- 3.2152089141934312 --- TKE: 0.9999999999999318 
[MO833] Paramount Iteration,1,143,35.9825391769,0.22752904892
[MO833] Paramount Iteration,0,143,35.994987011,0.227530002594
144 -- 3.2376928947930446 --- TKE: 0.9999999999999312 
[MO833] Paramount Iteration,1,144,36.2099750042,0.227435827255
[MO833] Paramount Iteration,0,144,36.222422123,0.227435112
145 -- 3.2601768753926565 --- TKE: 0.9999999999999307 
[MO833] Paramount Iteration,0,145,36.4525580406,0.230135917664
[MO833] Paramount Iteration,1,145,36.4401340485,0.230159044266
146 -- 3.282660855992265 --- TKE: 0.9999999999999303 
[MO833] Paramount Iteration,1,146,36.6684632301,0.228329181671
[MO833] Paramount Iteration,0,146,36.6809101105,0.228352069855
147 -- 3.305144836396841 --- TKE: 0.9999999999999298 
[MO833] Paramount Iteration,1,147,36.8958570957,0.227393865585
[MO833] Paramount Iteration,0,147,36.9083039761,0.227393865585
148 -- 3.3276288167756345 --- TKE: 0.9999999999999294 
[MO833] Paramount Iteration,1,148,37.1233792305,0.227522134781
[MO833] Paramount Iteration,0,148,37.1358261108,0.227522134781
149 -- 3.350112797375234 --- TKE: 0.999999999999929 
[MO833] Paramount Iteration,1,149,37.3509402275,0.227560997009
[MO833] Paramount Iteration,0,149,37.4707260132,0.334899902344
150 -- 3.372596777974834 --- TKE: 0.9999999999999283 
[MO833] Paramount Iteration,1,150,37.6893980503,0.3384578228
[MO833] Paramount Iteration,0,150,37.701843977,0.231117963791
151 -- 3.3950807585744367 --- TKE: 0.9999999999999281 
[MO833] Paramount Iteration,1,151,37.9175341129,0.228136062622
[MO833] Paramount Iteration,0,151,37.9299819469,0.228137969971
152 -- 3.4175647391740407 --- TKE: 0.9999999999999274 
[MO833] Paramount Iteration,1,152,38.1448891163,0.227355003357
[MO833] Paramount Iteration,0,152,38.1573359966,0.227354049683
153 -- 3.4400487197736522 --- TKE: 0.999999999999927 
[MO833] Paramount Iteration,1,153,38.3727591038,0.227869987488
[MO833] Paramount Iteration,0,153,38.3852219582,0.227885961533
154 -- 3.4625327003732593 --- TKE: 0.9999999999999263 
[MO833] Paramount Iteration,1,154,38.6001992226,0.22744011879
[MO833] Paramount Iteration,0,154,38.6126451492,0.227423191071
155 -- 3.4850166809728576 --- TKE: 0.9999999999999261 
[MO833] Paramount Iteration,1,155,38.8274700642,0.227270841599
[MO833] Paramount Iteration,0,155,38.8399169445,0.227271795273
156 -- 3.5075006615140545 --- TKE: 0.9999999999999254 
[MO833] Paramount Iteration,1,156,39.0550820827,0.227612018585
[MO833] Paramount Iteration,0,156,39.0675280094,0.227611064911
157 -- 3.529984641960433 --- TKE: 0.999999999999925 
[MO833] Paramount Iteration,1,157,39.28266716,0.227585077286
[MO833] Paramount Iteration,0,157,39.2951130867,0.227585077286
158 -- 3.5524686225600277 --- TKE: 0.9999999999999245 
[MO833] Paramount Iteration,1,158,39.5101201534,0.227452993393
[MO833] Paramount Iteration,0,158,39.5225679874,0.227454900742
159 -- 3.574952603159619 --- TKE: 0.9999999999999241 
[MO833] Paramount Iteration,1,159,39.73737216,0.227252006531
[MO833] Paramount Iteration,0,159,39.8583590984,0.335791110992
160 -- 3.5974365837592135 --- TKE: 0.9999999999999236 
[MO833] Paramount Iteration,1,160,40.0766150951,0.339242935181
[MO833] Paramount Iteration,0,160,40.0890610218,0.23070192337
161 -- 3.6199205643588184 --- TKE: 0.9999999999999232 
[MO833] Paramount Iteration,1,161,40.3044681549,0.227853059769
[MO833] Paramount Iteration,0,161,40.3169150352,0.227854013443
162 -- 3.6424045449584215 --- TKE: 0.9999999999999227 
[MO833] Paramount Iteration,1,162,40.5318470001,0.227378845215
[MO833] Paramount Iteration,0,162,40.5442929268,0.227377891541
163 -- 3.664888525558017 --- TKE: 0.9999999999999221 
[MO833] Paramount Iteration,1,163,40.7593150139,0.227468013763
[MO833] Paramount Iteration,0,163,40.7717609406,0.227468013763
164 -- 3.6873725061576073 --- TKE: 0.9999999999999218 
[MO833] Paramount Iteration,1,164,40.9868001938,0.227485179901
[MO833] Paramount Iteration,0,164,40.9992480278,0.22748708725
165 -- 3.709856486757193 --- TKE: 0.9999999999999214 
[MO833] Paramount Iteration,1,165,41.2142841816,0.227483987808
[MO833] Paramount Iteration,0,165,41.2267310619,0.227483034134
166 -- 3.7323404673407996 --- TKE: 0.999999999999921 
[MO833] Paramount Iteration,1,166,41.4417591095,0.227474927902
[MO833] Paramount Iteration,0,166,41.4542050362,0.227473974228
167 -- 3.7548244479403867 --- TKE: 0.9999999999999203 
[MO833] Paramount Iteration,1,167,41.6691071987,0.227348089218
[MO833] Paramount Iteration,0,167,41.6815540791,0.227349042892
168 -- 3.7773084285399765 --- TKE: 0.9999999999999196 
[MO833] Paramount Iteration,1,168,41.8964672089,0.227360010147
[MO833] Paramount Iteration,0,168,41.9089131355,0.227359056473
169 -- 3.7997924091395707 --- TKE: 0.9999999999999194 
[MO833] Paramount Iteration,1,169,42.1237871647,0.227319955826
[MO833] Paramount Iteration,0,169,42.2435779572,0.334664821625
170 -- 3.8222763897391707 --- TKE: 0.9999999999999187 
[MO833] Paramount Iteration,1,170,42.4614930153,0.337705850601
[MO833] Paramount Iteration,0,170,42.4739379883,0.230360031128
171 -- 3.844760370338771 --- TKE: 0.9999999999999183 
[MO833] Paramount Iteration,1,171,42.6890001297,0.22750711441
[MO833] Paramount Iteration,0,171,42.7014479637,0.227509975433
172 -- 3.8672443509383587 --- TKE: 0.9999999999999178 
[MO833] Paramount Iteration,1,172,42.9164361954,0.227436065674
[MO833] Paramount Iteration,0,172,42.9288830757,0.227435112
173 -- 3.8897283315379436 --- TKE: 0.9999999999999174 
[MO833] Paramount Iteration,1,173,43.1471340656,0.230697870255
[MO833] Paramount Iteration,0,173,43.159594059,0.230710983276
174 -- 3.912212312137525 --- TKE: 0.999999999999917 
[MO833] Paramount Iteration,1,174,43.3746290207,0.227494955063
[MO833] Paramount Iteration,0,174,43.3870761395,0.22748208046
175 -- 3.934696292737101 --- TKE: 0.9999999999999165 
[MO833] Paramount Iteration,1,175,43.6020522118,0.227423191071
[MO833] Paramount Iteration,0,175,43.6144981384,0.227421998978
176 -- 3.95718027333668 --- TKE: 0.9999999999999161 
[MO833] Paramount Iteration,1,176,43.8296530247,0.227600812912
[MO833] Paramount Iteration,0,176,43.8420989513,0.227600812912
177 -- 3.9796642539362646 --- TKE: 0.9999999999999154 
[MO833] Paramount Iteration,1,177,44.0570530891,0.227400064468
[MO833] Paramount Iteration,0,177,44.0694999695,0.227401018143
178 -- 4.002148234535856 --- TKE: 0.999999999999915 
[MO833] Paramount Iteration,1,178,44.2845041752,0.227451086044
[MO833] Paramount Iteration,0,178,44.2969510555,0.227451086044
179 -- 4.024632215135454 --- TKE: 0.9999999999999145 
[MO833] Paramount Iteration,1,179,44.5148000717,0.23029589653
[MO833] Paramount Iteration,0,179,44.6386649609,0.341713905334
180 -- 4.0471161957350485 --- TKE: 0.9999999999999141 
[MO833] Paramount Iteration,1,180,44.8564121723,0.341612100601
[MO833] Paramount Iteration,0,180,44.868858099,0.230193138123
181 -- 4.069600176334632 --- TKE: 0.9999999999999134 
[MO833] Paramount Iteration,1,181,45.0838420391,0.227429866791
[MO833] Paramount Iteration,0,181,45.0962901115,0.227432012558
182 -- 4.092084156934207 --- TKE: 0.9999999999999132 
[MO833] Paramount Iteration,1,182,45.3112781048,0.227436065674
[MO833] Paramount Iteration,0,182,45.3237240314,0.227433919907
183 -- 4.114568137533776 --- TKE: 0.9999999999999125 
[MO833] Paramount Iteration,1,183,45.5387451649,0.227467060089
[MO833] Paramount Iteration,0,183,45.5511910915,0.227467060089
184 -- 4.137052118133348 --- TKE: 0.9999999999999121 
[MO833] Paramount Iteration,1,184,45.7661092281,0.227364063263
[MO833] Paramount Iteration,0,184,45.7785561085,0.227365016937
185 -- 4.1595360987329215 --- TKE: 0.9999999999999116 
[MO833] Paramount Iteration,1,185,45.9937570095,0.227647781372
[MO833] Paramount Iteration,0,185,46.0062041283,0.227648019791
186 -- 4.182020079332502 --- TKE: 0.9999999999999112 
[MO833] Paramount Iteration,1,186,46.2211420536,0.227385044098
[MO833] Paramount Iteration,0,186,46.2335889339,0.227384805679
187 -- 4.204504059932089 --- TKE: 0.9999999999999107 
[MO833] Paramount Iteration,1,187,46.448592186,0.22745013237
[MO833] Paramount Iteration,0,187,46.4610390663,0.22745013237
188 -- 4.226988040531685 --- TKE: 0.9999999999999103 
[MO833] Paramount Iteration,1,188,46.6760721207,0.227479934692
[MO833] Paramount Iteration,0,188,46.688519001,0.227479934692
189 -- 4.249472021131279 --- TKE: 0.9999999999999096 
[MO833] Paramount Iteration,1,189,46.9035291672,0.227457046509
[MO833] Paramount Iteration,0,189,47.0237519741,0.335232973099
190 -- 4.2719560017308575 --- TKE: 0.999999999999909 
[MO833] Paramount Iteration,1,190,47.2421782017,0.3386490345
[MO833] Paramount Iteration,0,190,47.2546241283,0.230872154236
191 -- 4.294439982330431 --- TKE: 0.9999999999999087 
[MO833] Paramount Iteration,1,191,47.4710040092,0.228825807571
[MO833] Paramount Iteration,0,191,47.483451128,0.228826999664
192 -- 4.316923962930004 --- TKE: 0.9999999999999083 
[MO833] Paramount Iteration,1,192,47.6983311176,0.227327108383
[MO833] Paramount Iteration,0,192,47.7107770443,0.22732591629
193 -- 4.339407943529572 --- TKE: 0.9999999999999076 
[MO833] Paramount Iteration,1,193,47.9261820316,0.227850914001
[MO833] Paramount Iteration,0,193,47.9386451244,0.227868080139
194 -- 4.361891924129147 --- TKE: 0.9999999999999072 
[MO833] Paramount Iteration,1,194,48.1535561085,0.227374076843
[MO833] Paramount Iteration,0,194,48.1660029888,0.22735786438
195 -- 4.384375904728726 --- TKE: 0.9999999999999067 
[MO833] Paramount Iteration,1,195,48.3807961941,0.227240085602
[MO833] Paramount Iteration,0,195,48.3932421207,0.227239131927
196 -- 4.4068598853283145 --- TKE: 0.9999999999999063 
[MO833] Paramount Iteration,1,196,48.6081540585,0.22735786438
[MO833] Paramount Iteration,0,196,48.6206009388,0.227358818054
197 -- 4.42934386592791 --- TKE: 0.9999999999999059 
[MO833] Paramount Iteration,1,197,48.8354420662,0.227288007736
[MO833] Paramount Iteration,0,197,48.8478889465,0.227288007736
198 -- 4.451827846527496 --- TKE: 0.9999999999999054 
[MO833] Paramount Iteration,1,198,49.0627961159,0.227354049683
[MO833] Paramount Iteration,0,198,49.0752420425,0.227353096008
199 -- 4.474311827127072 --- TKE: 0.999999999999905 
[MO833] Paramount Iteration,1,199,49.2902450562,0.227448940277
[MO833] Paramount Iteration,0,199,49.4380099773,0.362767934799
200 -- 4.496795807726643 --- TKE: 0.9999999999999045 
[MO833] Paramount Iteration,1,200,49.6568241119,0.366579055786
[MO833] Paramount Iteration,0,200,49.6692690849,0.23125910759
201 -- 4.519279788326208 --- TKE: 0.9999999999999041 
[MO833] Paramount Iteration,1,201,49.8853561878,0.228532075882
[MO833] Paramount Iteration,0,201,49.8978030682,0.228533983231
202 -- 4.541763768925774 --- TKE: 0.9999999999999034 
[MO833] Paramount Iteration,1,202,50.1129472256,0.22759103775
[MO833] Paramount Iteration,0,202,50.1253931522,0.227590084076
203 -- 4.564247749525343 --- TKE: 0.9999999999999032 
[MO833] Paramount Iteration,1,203,50.3405492306,0.227602005005
[MO833] Paramount Iteration,0,203,50.3529961109,0.227602958679
204 -- 4.58673173012492 --- TKE: 0.9999999999999023 
[MO833] Paramount Iteration,1,204,50.5682561398,0.22770690918
[MO833] Paramount Iteration,0,204,50.5807030201,0.22770690918
205 -- 4.609215710724505 --- TKE: 0.9999999999999019 
[MO833] Paramount Iteration,1,205,50.7959342003,0.227678060532
[MO833] Paramount Iteration,0,205,50.8083810806,0.227678060532
206 -- 4.631699691324103 --- TKE: 0.9999999999999014 
[MO833] Paramount Iteration,1,206,51.0233740807,0.227439880371
[MO833] Paramount Iteration,0,206,51.035820961,0.227439880371
207 -- 4.654183671923689 --- TKE: 0.999999999999901 
[MO833] Paramount Iteration,1,207,51.2510991096,0.227725028992
[MO833] Paramount Iteration,0,207,51.26354599,0.227725028992
208 -- 4.676667652523267 --- TKE: 0.9999999999999005 
[MO833] Paramount Iteration,1,208,51.4786911011,0.227591991425
[MO833] Paramount Iteration,0,208,51.4911379814,0.227591991425
209 -- 4.699151633122833 --- TKE: 0.9999999999999001 
[MO833] Paramount Iteration,1,209,51.7063081264,0.227617025375
[MO833] Paramount Iteration,0,209,51.8257789612,0.334640979767
210 -- 4.721635613722397 --- TKE: 0.9999999999998996 
[MO833] Paramount Iteration,1,210,52.0445291996,0.338221073151
[MO833] Paramount Iteration,0,210,52.0569751263,0.231196165085
211 -- 4.744119594321963 --- TKE: 0.9999999999998992 
[MO833] Paramount Iteration,1,211,52.2735261917,0.228996992111
[MO833] Paramount Iteration,0,211,52.2859730721,0.228997945786
212 -- 4.766603574921529 --- TKE: 0.9999999999998987 
[MO833] Paramount Iteration,1,212,52.5011610985,0.227634906769
[MO833] Paramount Iteration,0,212,52.5136079788,0.227634906769
213 -- 4.789087555521107 --- TKE: 0.9999999999998983 
[MO833] Paramount Iteration,1,213,52.7286570072,0.227495908737
[MO833] Paramount Iteration,0,213,52.741104126,0.227496147156
214 -- 4.811571536120699 --- TKE: 0.9999999999998979 
[MO833] Paramount Iteration,1,214,52.9562010765,0.22754406929
[MO833] Paramount Iteration,0,214,52.9686479568,0.227543830872
215 -- 4.8340555167203005 --- TKE: 0.9999999999998974 
[MO833] Paramount Iteration,1,215,53.1837770939,0.22757601738
[MO833] Paramount Iteration,0,215,53.1962239742,0.22757601738
216 -- 4.856539497319888 --- TKE: 0.999999999999897 
[MO833] Paramount Iteration,1,216,53.4146230221,0.230845928192
[MO833] Paramount Iteration,0,216,53.4270820618,0.23085808754
217 -- 4.879023477919465 --- TKE: 0.9999999999998965 
[MO833] Paramount Iteration,1,217,53.6422600746,0.227637052536
[MO833] Paramount Iteration,0,217,53.6547060013,0.227623939514
218 -- 4.901507458519036 --- TKE: 0.9999999999998959 
[MO833] Paramount Iteration,1,218,53.870016098,0.227756023407
[MO833] Paramount Iteration,0,218,53.8824629784,0.227756977081
219 -- 4.9239914391186 --- TKE: 0.9999999999998956 
[MO833] Paramount Iteration,1,219,54.097577095,0.227560997009
[MO833] Paramount Iteration,0,219,54.2207300663,0.338267087936
220 -- 4.946475419718166 --- TKE: 0.999999999999895 
[MO833] Paramount Iteration,0,220,54.4539699554,0.233239889145
[MO833] Paramount Iteration,1,220,54.4415490627,0.343971967697
221 -- 4.968959400317736 --- TKE: 0.9999999999998945 
[MO833] Paramount Iteration,1,221,54.6692759991,0.22772693634
[MO833] Paramount Iteration,0,221,54.6817231178,0.227753162384
222 -- 4.991443380917313 --- TKE: 0.9999999999998939 
[MO833] Paramount Iteration,1,222,54.8967831135,0.22750711441
[MO833] Paramount Iteration,0,222,54.9092299938,0.227506875992
223 -- 5.013927361516902 --- TKE: 0.9999999999998934 
[MO833] Paramount Iteration,1,223,55.1244471073,0.227663993835
[MO833] Paramount Iteration,0,223,55.1368949413,0.22766494751
224 -- 5.036411342116496 --- TKE: 0.999999999999893 
[MO833] Paramount Iteration,1,224,55.3520600796,0.22761297226
[MO833] Paramount Iteration,0,224,55.3645069599,0.227612018585
225 -- 5.058895322716081 --- TKE: 0.9999999999998925 
[MO833] Paramount Iteration,1,225,55.5797190666,0.227658987045
[MO833] Paramount Iteration,0,225,55.592165947,0.227658987045
226 -- 5.081379303315652 --- TKE: 0.9999999999998921 
[MO833] Paramount Iteration,1,226,55.8074331284,0.227714061737
[MO833] Paramount Iteration,0,226,55.8198809624,0.227715015411
227 -- 5.103863283915223 --- TKE: 0.9999999999998916 
[MO833] Paramount Iteration,1,227,56.0350790024,0.227645874023
[MO833] Paramount Iteration,0,227,56.0475261211,0.227645158768
228 -- 5.126347264514789 --- TKE: 0.999999999999891 
[MO833] Paramount Iteration,1,228,56.2627511024,0.227672100067
[MO833] Paramount Iteration,0,228,56.2751979828,0.227671861649
229 -- 5.148831245114358 --- TKE: 0.9999999999998908 
[MO833] Paramount Iteration,1,229,56.4903590679,0.227607965469
[MO833] Paramount Iteration,0,229,56.6110761166,0.335878133774
230 -- 5.1713152257139265 --- TKE: 0.9999999999998903 
[MO833] Paramount Iteration,1,230,56.8290061951,0.338647127151
[MO833] Paramount Iteration,0,230,56.8414521217,0.230376005173
231 -- 5.193799206313509 --- TKE: 0.9999999999998896 
[MO833] Paramount Iteration,1,231,57.056592226,0.22758603096
[MO833] Paramount Iteration,0,231,57.06904006,0.227587938309
232 -- 5.216283186913109 --- TKE: 0.9999999999998892 
[MO833] Paramount Iteration,1,232,57.2844760418,0.227883815765
[MO833] Paramount Iteration,0,232,57.2969231606,0.22788310051
233 -- 5.238767167512705 --- TKE: 0.9999999999998885 
[MO833] Paramount Iteration,1,233,57.5120601654,0.227584123611
[MO833] Paramount Iteration,0,233,57.5245070457,0.227583885193
234 -- 5.2612511481122874 --- TKE: 0.9999999999998881 
[MO833] Paramount Iteration,1,234,57.7396600246,0.227599859238
[MO833] Paramount Iteration,0,234,57.7521071434,0.227600097656
235 -- 5.283735128711861 --- TKE: 0.9999999999998879 
[MO833] Paramount Iteration,1,235,57.9673140049,0.227653980255
[MO833] Paramount Iteration,0,235,57.9797599316,0.227652788162
236 -- 5.306219109311428 --- TKE: 0.9999999999998872 
[MO833] Paramount Iteration,1,236,58.1949682236,0.227654218674
[MO833] Paramount Iteration,0,236,58.2074151039,0.227655172348
237 -- 5.328703089910997 --- TKE: 0.9999999999998868 
[MO833] Paramount Iteration,1,237,58.4226100445,0.227641820908
[MO833] Paramount Iteration,0,237,58.4350559711,0.227640867233
238 -- 5.351187070510567 --- TKE: 0.9999999999998863 
[MO833] Paramount Iteration,1,238,58.6502101421,0.227600097656
[MO833] Paramount Iteration,0,238,58.6626570225,0.227601051331
239 -- 5.3736710511101435 --- TKE: 0.9999999999998859 
[MO833] Paramount Iteration,1,239,58.8795721531,0.229362010956
[MO833] Paramount Iteration,0,239,58.9990401268,0.336383104324
240 -- 5.39615503170973 --- TKE: 0.9999999999998854 
[MO833] Paramount Iteration,1,240,59.2183101177,0.33873796463
[MO833] Paramount Iteration,0,240,59.2307710648,0.231730937958
241 -- 5.418639012309329 --- TKE: 0.9999999999998848 
[MO833] Paramount Iteration,1,241,59.446816206,0.228506088257
[MO833] Paramount Iteration,0,241,59.4592630863,0.228492021561
242 -- 5.441122992908923 --- TKE: 0.9999999999998845 
[MO833] Paramount Iteration,1,242,59.6743531227,0.227536916733
[MO833] Paramount Iteration,0,242,59.6868000031,0.227536916733
243 -- 5.463606973508504 --- TKE: 0.9999999999998841 
[MO833] Paramount Iteration,1,243,59.9020161629,0.227663040161
[MO833] Paramount Iteration,0,243,59.9144630432,0.227663040161
244 -- 5.486090954108075 --- TKE: 0.9999999999998834 
[MO833] Paramount Iteration,1,244,60.1296150684,0.227598905563
[MO833] Paramount Iteration,0,244,60.1420619488,0.227598905563
245 -- 5.508574934707642 --- TKE: 0.999999999999883 
[MO833] Paramount Iteration,1,245,60.3570771217,0.227462053299
[MO833] Paramount Iteration,0,245,60.3695240021,0.227462053299
246 -- 5.531058915307213 --- TKE: 0.9999999999998825 
[MO833] Paramount Iteration,1,246,60.5846090317,0.227531909943
[MO833] Paramount Iteration,0,246,60.5970561504,0.227532148361
247 -- 5.5535428959067845 --- TKE: 0.9999999999998821 
[MO833] Paramount Iteration,1,247,60.8122022152,0.227593183517
[MO833] Paramount Iteration,0,247,60.8246490955,0.227592945099
248 -- 5.576026876506363 --- TKE: 0.9999999999998814 
[MO833] Paramount Iteration,1,248,61.0398771763,0.22767496109
[MO833] Paramount Iteration,0,248,61.0523250103,0.227675914764
249 -- 5.59851085710595 --- TKE: 0.999999999999881 
[MO833] Paramount Iteration,1,249,61.2673380375,0.227460861206
[MO833] Paramount Iteration,0,249,61.3891420364,0.336817026138
250 -- 5.620994837705554 --- TKE: 0.9999999999998805 
[MO833] Paramount Iteration,1,250,61.6075470448,0.340209007263
[MO833] Paramount Iteration,0,250,61.6199939251,0.230851888657
251 -- 5.6434788183051445 --- TKE: 0.9999999999998801 
[MO833] Paramount Iteration,1,251,61.8351700306,0.22762298584
[MO833] Paramount Iteration,0,251,61.8476171494,0.227623224258
252 -- 5.6659627989047205 --- TKE: 0.9999999999998797 
[MO833] Paramount Iteration,1,252,62.0628499985,0.22767996788
[MO833] Paramount Iteration,0,252,62.0752971172,0.22767996788
253 -- 5.688446779504294 --- TKE: 0.9999999999998792 
[MO833] Paramount Iteration,1,253,62.2904651165,0.227615118027
[MO833] Paramount Iteration,0,253,62.3029119968,0.227614879608
254 -- 5.710930760103862 --- TKE: 0.9999999999998788 
[MO833] Paramount Iteration,1,254,62.5180082321,0.227543115616
[MO833] Paramount Iteration,0,254,62.5304551125,0.227543115616
255 -- 5.733414740703433 --- TKE: 0.9999999999998783 
[MO833] Paramount Iteration,1,255,62.7455282211,0.227519989014
[MO833] Paramount Iteration,0,255,62.7579741478,0.227519035339
256 -- 5.755898721303008 --- TKE: 0.9999999999998777 
[MO833] Paramount Iteration,1,256,62.9730131626,0.227484941483
[MO833] Paramount Iteration,0,256,62.9854609966,0.227486848831
257 -- 5.778382701902587 --- TKE: 0.9999999999998772 
[MO833] Paramount Iteration,1,257,63.2004201412,0.227406978607
[MO833] Paramount Iteration,0,257,63.2128679752,0.227406978607
258 -- 5.800866682502184 --- TKE: 0.9999999999998768 
[MO833] Paramount Iteration,1,258,63.4280951023,0.22767496109
[MO833] Paramount Iteration,0,258,63.4405429363,0.22767496109
259 -- 5.8233506631017855 --- TKE: 0.9999999999998765 
[MO833] Paramount Iteration,1,259,63.6556470394,0.227551937103
[MO833] Paramount Iteration,0,259,63.7749919891,0.334449052811
260 -- 5.845834643701368 --- TKE: 0.9999999999998757 
[MO833] Paramount Iteration,1,260,63.9924800396,0.336833000183
[MO833] Paramount Iteration,0,260,64.0049259663,0.229933977127
261 -- 5.868318624300941 --- TKE: 0.9999999999998754 
[MO833] Paramount Iteration,1,261,64.2200911045,0.227611064911
[MO833] Paramount Iteration,0,261,64.2325370312,0.227611064911
262 -- 5.890802604900512 --- TKE: 0.999999999999875 
[MO833] Paramount Iteration,1,262,64.4485471249,0.228456020355
[MO833] Paramount Iteration,0,262,64.4609949589,0.228457927704
263 -- 5.913286585500081 --- TKE: 0.9999999999998743 
[MO833] Paramount Iteration,1,263,64.6768660545,0.228318929672
[MO833] Paramount Iteration,0,263,64.689314127,0.228319168091
264 -- 5.9357705660996505 --- TKE: 0.9999999999998741 
[MO833] Paramount Iteration,1,264,64.9043090343,0.227442979813
[MO833] Paramount Iteration,0,264,64.916754961,0.227440834045
265 -- 5.958254546699222 --- TKE: 0.9999999999998734 
[MO833] Paramount Iteration,1,265,65.1317842007,0.227475166321
[MO833] Paramount Iteration,0,265,65.1442320347,0.227477073669
266 -- 5.980738527298808 --- TKE: 0.999999999999873 
[MO833] Paramount Iteration,1,266,65.3593771458,0.227592945099
[MO833] Paramount Iteration,0,266,65.3718240261,0.227591991425
267 -- 6.003222507851475 --- TKE: 0.9999999999998725 
[MO833] Paramount Iteration,1,267,65.5868890285,0.227511882782
[MO833] Paramount Iteration,0,267,65.599337101,0.227513074875
268 -- 6.025706488260105 --- TKE: 0.9999999999998721 
[MO833] Paramount Iteration,1,268,65.8204751015,0.233586072922
[MO833] Paramount Iteration,0,268,65.832914114,0.233577013016
269 -- 6.0481904687618115 --- TKE: 0.9999999999998714 
[MO833] Paramount Iteration,1,269,66.0487451553,0.228270053864
[MO833] Paramount Iteration,0,269,66.1734149456,0.340500831604
270 -- 6.070674449361386 --- TKE: 0.9999999999998712 
[MO833] Paramount Iteration,1,270,66.3919100761,0.343164920807
[MO833] Paramount Iteration,0,270,66.4043560028,0.230941057205
271 -- 6.093158429960954 --- TKE: 0.9999999999998705 
[MO833] Paramount Iteration,1,271,66.619464159,0.22755408287
[MO833] Paramount Iteration,0,271,66.631911993,0.227555990219
272 -- 6.1156424105605245 --- TKE: 0.9999999999998701 
[MO833] Paramount Iteration,1,272,66.8471112251,0.227647066116
[MO833] Paramount Iteration,0,272,66.8595581055,0.227646112442
273 -- 6.138126391160097 --- TKE: 0.9999999999998697 
[MO833] Paramount Iteration,1,273,67.074819088,0.227707862854
[MO833] Paramount Iteration,0,273,67.0872659683,0.227707862854
274 -- 6.160610371759676 --- TKE: 0.999999999999869 
[MO833] Paramount Iteration,1,274,67.3024320602,0.22761297226
[MO833] Paramount Iteration,0,274,67.3148789406,0.22761297226
275 -- 6.183094352359266 --- TKE: 0.9999999999998685 
[MO833] Paramount Iteration,1,275,67.5301241875,0.227692127228
[MO833] Paramount Iteration,0,275,67.5425720215,0.227693080902
276 -- 6.20557833270777 --- TKE: 0.9999999999998681 
[MO833] Paramount Iteration,1,276,67.7577300072,0.227605819702
[MO833] Paramount Iteration,0,276,67.7701771259,0.227605104446
277 -- 6.228062312864244 --- TKE: 0.9999999999998677 
[MO833] Paramount Iteration,1,277,67.9855921268,0.227862119675
[MO833] Paramount Iteration,0,277,67.9980390072,0.227861881256
278 -- 6.250546293077216 --- TKE: 0.9999999999998672 
[MO833] Paramount Iteration,1,278,68.2131299973,0.227537870407
[MO833] Paramount Iteration,0,278,68.225577116,0.227538108826
279 -- 6.273030273569177 --- TKE: 0.9999999999998668 
[MO833] Paramount Iteration,1,279,68.4406552315,0.227525234222
[MO833] Paramount Iteration,0,279,68.5601029396,0.334525823593
280 -- 6.295514254168745 --- TKE: 0.9999999999998663 
[MO833] Paramount Iteration,1,280,68.7772531509,0.336597919464
[MO833] Paramount Iteration,0,280,68.7896990776,0.229596138
281 -- 6.3179982347683135 --- TKE: 0.9999999999998659 
[MO833] Paramount Iteration,1,281,69.0048770905,0.227623939514
[MO833] Paramount Iteration,0,281,69.0173249245,0.227625846863
282 -- 6.340482215367885 --- TKE: 0.9999999999998652 
[MO833] Paramount Iteration,1,282,69.2323281765,0.227451086044
[MO833] Paramount Iteration,0,282,69.2447750568,0.22745013237
283 -- 6.362966195967469 --- TKE: 0.999999999999865 
[MO833] Paramount Iteration,1,283,69.4598481655,0.227519989014
[MO833] Paramount Iteration,0,283,69.4722950459,0.227519989014
284 -- 6.385450176567063 --- TKE: 0.9999999999998641 
[MO833] Paramount Iteration,1,284,69.687567234,0.227719068527
[MO833] Paramount Iteration,0,284,69.7000141144,0.227719068527
285 -- 6.407934156703588 --- TKE: 0.9999999999998639 
[MO833] Paramount Iteration,1,285,69.9150052071,0.227437973022
[MO833] Paramount Iteration,0,285,69.9274520874,0.227437973022
286 -- 6.430418136611803 --- TKE: 0.9999999999998632 
[MO833] Paramount Iteration,1,286,70.142676115,0.227670907974
[MO833] Paramount Iteration,0,286,70.1551220417,0.2276699543
287 -- 6.452902116551987 --- TKE: 0.9999999999998628 
[MO833] Paramount Iteration,1,287,70.3701992035,0.227523088455
[MO833] Paramount Iteration,0,287,70.3826470375,0.227524995804
288 -- 6.475386096761695 --- TKE: 0.9999999999998623 
[MO833] Paramount Iteration,1,288,70.5978591442,0.22765994072
[MO833] Paramount Iteration,0,288,70.6103050709,0.227658033371
289 -- 6.4978700773612585 --- TKE: 0.9999999999998619 
[MO833] Paramount Iteration,1,289,70.8253240585,0.227464914322
[MO833] Paramount Iteration,0,289,70.9461100101,0.33580493927
290 -- 6.520354057960824 --- TKE: 0.9999999999998614 
[MO833] Paramount Iteration,1,290,71.1646420956,0.339318037033
[MO833] Paramount Iteration,0,290,71.1770880222,0.230978012085
291 -- 6.542838038560398 --- TKE: 0.999999999999861 
[MO833] Paramount Iteration,1,291,71.3920872211,0.22744512558
[MO833] Paramount Iteration,0,291,71.4045350552,0.227447032928
292 -- 6.565322019159983 --- TKE: 0.9999999999998606 
[MO833] Paramount Iteration,1,292,71.6195731163,0.227485895157
[MO833] Paramount Iteration,0,292,71.6320199966,0.227484941483
293 -- 6.58780599962019 --- TKE: 0.9999999999998601 
[MO833] Paramount Iteration,1,293,71.8473341465,0.227761030197
[MO833] Paramount Iteration,0,293,71.8597810268,0.227761030197
294 -- 6.6102899795412995 --- TKE: 0.9999999999998597 
[MO833] Paramount Iteration,1,294,72.0748231411,0.227488994598
[MO833] Paramount Iteration,0,294,72.0872709751,0.227489948273
295 -- 6.632773959209342 --- TKE: 0.999999999999859 
[MO833] Paramount Iteration,1,295,72.3023571968,0.22753405571
[MO833] Paramount Iteration,0,295,72.3148040771,0.227533102036
296 -- 6.65525793889645 --- TKE: 0.9999999999998586 
[MO833] Paramount Iteration,1,296,72.530351162,0.227993965149
[MO833] Paramount Iteration,0,296,72.5428140163,0.228009939194
297 -- 6.677741918854701 --- TKE: 0.9999999999998581 
[MO833] Paramount Iteration,1,297,72.7578680515,0.227516889572
[MO833] Paramount Iteration,0,297,72.770316124,0.22750210762
298 -- 6.700225899311414 --- TKE: 0.9999999999998577 
[MO833] Paramount Iteration,1,298,72.9853601456,0.22749209404
[MO833] Paramount Iteration,0,298,72.9978070259,0.227490901947
299 -- 6.7227098799109815 --- TKE: 0.999999999999857 
[MO833] Paramount Iteration,1,299,73.2127940655,0.227433919907
[MO833] Paramount Iteration,0,299,73.3333890438,0.335582017899
300 -- 6.745193860510557 --- TKE: 0.9999999999998566 
[MO833] Paramount Iteration,1,300,73.5519330502,0.33913898468
[MO833] Paramount Iteration,0,300,73.5643789768,0.230989933014
301 -- 6.767677841110145 --- TKE: 0.9999999999998561 
[MO833] Paramount Iteration,1,301,73.7810461521,0.229113101959
[MO833] Paramount Iteration,0,301,73.7934930325,0.229114055634
302 -- 6.790161821378288 --- TKE: 0.9999999999998557 
[MO833] Paramount Iteration,1,302,74.0083301067,0.22728395462
[MO833] Paramount Iteration,0,302,74.0207779408,0.227284908295
303 -- 6.8126458010848285 --- TKE: 0.9999999999998552 
[MO833] Paramount Iteration,1,303,74.2357420921,0.227411985397
[MO833] Paramount Iteration,0,303,74.2481889725,0.227411031723
304 -- 6.835129780524743 --- TKE: 0.9999999999998548 
[MO833] Paramount Iteration,1,304,74.4633560181,0.227613925934
[MO833] Paramount Iteration,0,304,74.4758031368,0.227614164352
305 -- 6.85761375998188 --- TKE: 0.9999999999998543 
[MO833] Paramount Iteration,1,305,74.6907122135,0.22735619545
[MO833] Paramount Iteration,0,305,74.7031581402,0.227355003357
306 -- 6.880097739722095 --- TKE: 0.9999999999998539 
[MO833] Paramount Iteration,1,306,74.9182300568,0.227517843246
[MO833] Paramount Iteration,0,306,74.9306781292,0.227519989014
307 -- 6.902581719987626 --- TKE: 0.9999999999998535 
[MO833] Paramount Iteration,1,307,75.1457641125,0.22753405571
[MO833] Paramount Iteration,0,307,75.1582109928,0.227532863617
308 -- 6.925065700587196 --- TKE: 0.999999999999853 
[MO833] Paramount Iteration,1,308,75.3731300831,0.227365970612
[MO833] Paramount Iteration,0,308,75.3855769634,0.227365970612
309 -- 6.947549681186769 --- TKE: 0.9999999999998523 
[MO833] Paramount Iteration,1,309,75.600605011,0.227474927902
[MO833] Paramount Iteration,0,309,75.7215709686,0.335994005203
310 -- 6.970033661786361 --- TKE: 0.9999999999998519 
[MO833] Paramount Iteration,1,310,75.9391601086,0.33855509758
[MO833] Paramount Iteration,0,310,75.9516060352,0.230035066605
311 -- 6.992517641856944 --- TKE: 0.9999999999998515 
[MO833] Paramount Iteration,1,311,76.1665711403,0.227411031723
[MO833] Paramount Iteration,0,311,76.179019928,0.227413892746
312 -- 7.015001621353901 --- TKE: 0.999999999999851 
[MO833] Paramount Iteration,1,312,76.3938510418,0.227279901505
[MO833] Paramount Iteration,0,312,76.4062981606,0.227278232574
313 -- 7.037485600581394 --- TKE: 0.9999999999998506 
[MO833] Paramount Iteration,1,313,76.621325016,0.227473974228
[MO833] Paramount Iteration,0,313,76.6337721348,0.227473974228
314 -- 7.059969579834643 --- TKE: 0.9999999999998499 
[MO833] Paramount Iteration,1,314,76.8487520218,0.227427005768
[MO833] Paramount Iteration,0,314,76.8611991405,0.227427005768
315 -- 7.082453559392314 --- TKE: 0.9999999999998495 
[MO833] Paramount Iteration,1,315,77.0761020184,0.227349996567
[MO833] Paramount Iteration,0,315,77.0885500908,0.227350950241
316 -- 7.104937539510077 --- TKE: 0.999999999999849 
[MO833] Paramount Iteration,1,316,77.303576231,0.227474212646
[MO833] Paramount Iteration,0,316,77.316024065,0.227473974228
317 -- 7.12742151990268 --- TKE: 0.9999999999998486 
[MO833] Paramount Iteration,1,317,77.5310490131,0.227472782135
[MO833] Paramount Iteration,0,317,77.5434970856,0.227473020554
318 -- 7.149905500376332 --- TKE: 0.9999999999998481 
[MO833] Paramount Iteration,1,318,77.7584052086,0.22735619545
[MO833] Paramount Iteration,0,318,77.7708511353,0.227354049683
319 -- 7.172389480975922 --- TKE: 0.9999999999998477 
[MO833] Paramount Iteration,1,319,77.9858341217,0.227428913116
[MO833] Paramount Iteration,0,319,78.1051430702,0.334291934967
320 -- 7.194873460847672 --- TKE: 0.9999999999998472 
[MO833] Paramount Iteration,1,320,78.3234930038,0.337658882141
[MO833] Paramount Iteration,0,320,78.3359389305,0.230795860291
321 -- 7.217357440143902 --- TKE: 0.9999999999998468 
[MO833] Paramount Iteration,1,321,78.551071167,0.227578163147
[MO833] Paramount Iteration,0,321,78.5635180473,0.227579116821
322 -- 7.239841419177979 --- TKE: 0.9999999999998461 
[MO833] Paramount Iteration,1,322,78.7784671783,0.227396011353
[MO833] Paramount Iteration,0,322,78.7909140587,0.227396011353
323 -- 7.2623253982559355 --- TKE: 0.9999999999998457 
[MO833] Paramount Iteration,1,323,79.0059361458,0.227468967438
[MO833] Paramount Iteration,0,323,79.0183830261,0.227468967438
324 -- 7.2848093776681315 --- TKE: 0.9999999999998452 
[MO833] Paramount Iteration,1,324,79.233300209,0.227364063263
[MO833] Paramount Iteration,0,324,79.2457470894,0.227364063263
325 -- 7.307293357682042 --- TKE: 0.9999999999998448 
[MO833] Paramount Iteration,1,325,79.4607861042,0.227485895157
[MO833] Paramount Iteration,0,325,79.4732329845,0.227485895157
326 -- 7.3297773378442965 --- TKE: 0.9999999999998443 
[MO833] Paramount Iteration,1,326,79.6883392334,0.227553129196
[MO833] Paramount Iteration,0,326,79.7007861137,0.227553129196
327 -- 7.352261318108462 --- TKE: 0.9999999999998437 
[MO833] Paramount Iteration,0,327,79.9319159985,0.23112988472
[MO833] Paramount Iteration,1,327,79.9194931984,0.231153964996
328 -- 7.374745298524202 --- TKE: 0.9999999999998432 
[MO833] Paramount Iteration,1,328,80.1469070911,0.227413892746
[MO833] Paramount Iteration,0,328,80.1593539715,0.227437973022
329 -- 7.397229278199905 --- TKE: 0.9999999999998428 
[MO833] Paramount Iteration,1,329,80.3744242191,0.227517127991
[MO833] Paramount Iteration,0,329,80.4952299595,0.335875988007
330 -- 7.41971325730785 --- TKE: 0.9999999999998423 
[MO833] Paramount Iteration,1,330,80.7168610096,0.342436790466
[MO833] Paramount Iteration,0,330,80.7293169498,0.234086990356
331 -- 7.442197236170435 --- TKE: 0.9999999999998419 
[MO833] Paramount Iteration,1,331,80.944466114,0.227605104446
[MO833] Paramount Iteration,0,331,80.9569160938,0.227599143982
332 -- 7.464681215103749 --- TKE: 0.9999999999998415 
[MO833] Paramount Iteration,1,332,81.1718142033,0.227348089218
[MO833] Paramount Iteration,0,332,81.1842620373,0.227345943451
333 -- 7.487165194408604 --- TKE: 0.9999999999998408 
[MO833] Paramount Iteration,1,333,81.3993461132,0.227531909943
[MO833] Paramount Iteration,0,333,81.4117929935,0.227530956268
334 -- 7.50964917430941 --- TKE: 0.9999999999998403 
[MO833] Paramount Iteration,1,334,81.6266222,0.227276086807
[MO833] Paramount Iteration,0,334,81.6390690804,0.227276086807
335 -- 7.532133154279364 --- TKE: 0.9999999999998399 
[MO833] Paramount Iteration,1,335,81.8541531563,0.227530956268
[MO833] Paramount Iteration,0,335,81.8666000366,0.227530956268
336 -- 7.554617134371968 --- TKE: 0.9999999999998392 
[MO833] Paramount Iteration,1,336,82.0815060139,0.22735285759
[MO833] Paramount Iteration,0,336,82.0939531326,0.227353096008
337 -- 7.5771011146377925 --- TKE: 0.999999999999839 
[MO833] Paramount Iteration,1,337,82.30885005,0.227344036102
[MO833] Paramount Iteration,0,337,82.3212969303,0.227343797684
338 -- 7.599585094124014 --- TKE: 0.9999999999998384 
[MO833] Paramount Iteration,1,338,82.5362491608,0.227399110794
[MO833] Paramount Iteration,0,338,82.5486969948,0.227400064468
339 -- 7.622069073059356 --- TKE: 0.9999999999998379 
[MO833] Paramount Iteration,1,339,82.7635600567,0.22731089592
[MO833] Paramount Iteration,0,339,82.886963129,0.338266134262
340 -- 7.644553051774858 --- TKE: 0.9999999999998375 
[MO833] Paramount Iteration,1,340,83.1040081978,0.340448141098
[MO833] Paramount Iteration,0,340,83.1164541245,0.229490995407
341 -- 7.667037030595781 --- TKE: 0.999999999999837 
[MO833] Paramount Iteration,1,341,83.3313481808,0.227339982986
[MO833] Paramount Iteration,0,341,83.3437941074,0.227339982986
342 -- 7.689521009831995 --- TKE: 0.9999999999998366 
[MO833] Paramount Iteration,1,342,83.5586490631,0.227300882339
[MO833] Paramount Iteration,0,342,83.5710949898,0.227300882339
343 -- 7.712004989557455 --- TKE: 0.9999999999998361 
[MO833] Paramount Iteration,1,343,83.7859840393,0.227334976196
[MO833] Paramount Iteration,0,343,83.7984321117,0.227337121964
344 -- 7.734488969371476 --- TKE: 0.9999999999998357 
[MO833] Paramount Iteration,1,344,84.0134000778,0.227416038513
[MO833] Paramount Iteration,0,344,84.0258469582,0.22741484642
345 -- 7.75697294932845 --- TKE: 0.9999999999998352 
[MO833] Paramount Iteration,1,345,84.2408881187,0.227488040924
[MO833] Paramount Iteration,0,345,84.2533340454,0.22748708725
346 -- 7.779456929457478 --- TKE: 0.9999999999998348 
[MO833] Paramount Iteration,1,346,84.4682080746,0.227319955826
[MO833] Paramount Iteration,0,346,84.4806540012,0.227319955826
347 -- 7.8019409087642755 --- TKE: 0.9999999999998344 
[MO833] Paramount Iteration,1,347,84.6957640648,0.227555990219
[MO833] Paramount Iteration,0,347,84.7082109451,0.227556943893
348 -- 7.824424887545566 --- TKE: 0.9999999999998337 
[MO833] Paramount Iteration,1,348,84.9232211113,0.227457046509
[MO833] Paramount Iteration,0,348,84.9356679916,0.227457046509
349 -- 7.846908866140471 --- TKE: 0.9999999999998332 
[MO833] Paramount Iteration,1,349,85.150698185,0.227477073669
[MO833] Paramount Iteration,0,349,85.2717211246,0.336053133011
350 -- 7.8693928448823875 --- TKE: 0.9999999999998328 
[MO833] Paramount Iteration,1,350,85.4901051521,0.339406967163
[MO833] Paramount Iteration,0,350,85.5025520325,0.230830907822
351 -- 7.8918768240887776 --- TKE: 0.9999999999998321 
[MO833] Paramount Iteration,1,351,85.718930006,0.228824853897
[MO833] Paramount Iteration,0,351,85.7313780785,0.22882604599
352 -- 7.914360803673567 --- TKE: 0.9999999999998317 
[MO833] Paramount Iteration,1,352,85.9463691711,0.227439165115
[MO833] Paramount Iteration,0,352,85.9588160515,0.227437973022
353 -- 7.936844783366143 --- TKE: 0.9999999999998312 
[MO833] Paramount Iteration,1,353,86.1738390923,0.227469921112
[MO833] Paramount Iteration,0,353,86.1862859726,0.227469921112
354 -- 7.959328763221277 --- TKE: 0.9999999999998308 
[MO833] Paramount Iteration,1,354,86.4012680054,0.227428913116
[MO833] Paramount Iteration,0,354,86.4137160778,0.227430105209
355 -- 7.981812743154557 --- TKE: 0.9999999999998304 
[MO833] Paramount Iteration,1,355,86.628619194,0.22735118866
[MO833] Paramount Iteration,0,355,86.6410651207,0.227349042892
356 -- 8.004296722295148 --- TKE: 0.9999999999998299 
[MO833] Paramount Iteration,1,356,86.8559892178,0.227370023727
[MO833] Paramount Iteration,0,356,86.8684370518,0.227371931076
357 -- 8.026780700943432 --- TKE: 0.9999999999998295 
[MO833] Paramount Iteration,1,357,87.0832750797,0.227285861969
[MO833] Paramount Iteration,0,357,87.0957219601,0.227284908295
358 -- 8.04926467944588 --- TKE: 0.999999999999829 
[MO833] Paramount Iteration,1,358,87.310762167,0.22748708725
[MO833] Paramount Iteration,0,358,87.323210001,0.227488040924
359 -- 8.071748658142873 --- TKE: 0.9999999999998286 
[MO833] Paramount Iteration,1,359,87.5381081104,0.227345943451
[MO833] Paramount Iteration,0,359,87.6576349735,0.334424972534
360 -- 8.09423263735794 --- TKE: 0.9999999999998281 
[MO833] Paramount Iteration,1,360,87.874972105,0.336863994598
[MO833] Paramount Iteration,0,360,87.8874180317,0.229783058167
361 -- 8.11671661683501 --- TKE: 0.9999999999998275 
[MO833] Paramount Iteration,1,361,88.1024260521,0.227453947067
[MO833] Paramount Iteration,0,361,88.1148741245,0.227456092834
362 -- 8.139200596438634 --- TKE: 0.9999999999998272 
[MO833] Paramount Iteration,1,362,88.3300061226,0.227580070496
[MO833] Paramount Iteration,0,362,88.3424530029,0.227578878403
363 -- 8.161684576223479 --- TKE: 0.9999999999998266 
[MO833] Paramount Iteration,1,363,88.5573740005,0.22736787796
[MO833] Paramount Iteration,0,363,88.5698199272,0.227366924286
364 -- 8.184168555986533 --- TKE: 0.9999999999998261 
[MO833] Paramount Iteration,1,364,88.7851450443,0.227771043777
[MO833] Paramount Iteration,0,364,88.797606945,0.227787017822
365 -- 8.20665253497694 --- TKE: 0.9999999999998257 
[MO833] Paramount Iteration,1,365,89.012512207,0.227367162704
[MO833] Paramount Iteration,0,365,89.0249590874,0.227352142334
366 -- 8.229136513515321 --- TKE: 0.999999999999825 
[MO833] Paramount Iteration,1,366,89.2397692204,0.227257013321
[MO833] Paramount Iteration,0,366,89.2522170544,0.227257966995
367 -- 8.251620491954679 --- TKE: 0.9999999999998246 
[MO833] Paramount Iteration,1,367,89.4673490524,0.227579832077
[MO833] Paramount Iteration,0,367,89.4797949791,0.227577924728
368 -- 8.274104470641126 --- TKE: 0.9999999999998241 
[MO833] Paramount Iteration,1,368,89.6946790218,0.227329969406
[MO833] Paramount Iteration,0,368,89.7071261406,0.227331161499
369 -- 8.296588449902655 --- TKE: 0.9999999999998237 
[MO833] Paramount Iteration,1,369,89.9220941067,0.227415084839
[MO833] Paramount Iteration,0,369,90.0453569889,0.338230848312
370 -- 8.319072429303096 --- TKE: 0.9999999999998233 
[MO833] Paramount Iteration,1,370,90.263903141,0.341809034348
[MO833] Paramount Iteration,0,370,90.2763490677,0.230992078781
371 -- 8.341556408848165 --- TKE: 0.9999999999998226 
[MO833] Paramount Iteration,1,371,90.4919681549,0.228065013885
[MO833] Paramount Iteration,0,371,90.5044150352,0.22806596756
372 -- 8.364040388591974 --- TKE: 0.9999999999998224 
[MO833] Paramount Iteration,1,372,90.7193291187,0.227360963821
[MO833] Paramount Iteration,0,372,90.7317759991,0.227360963821
373 -- 8.386524368210212 --- TKE: 0.9999999999998219 
[MO833] Paramount Iteration,1,373,90.9466781616,0.227349042892
[MO833] Paramount Iteration,0,373,90.9591259956,0.227349996567
374 -- 8.409008347068907 --- TKE: 0.9999999999998213 
[MO833] Paramount Iteration,1,374,91.1739780903,0.227299928665
[MO833] Paramount Iteration,0,374,91.1864249706,0.227298974991
375 -- 8.431492325522207 --- TKE: 0.9999999999998208 
[MO833] Paramount Iteration,1,375,91.4012200832,0.22724199295
[MO833] Paramount Iteration,0,375,91.4136669636,0.22724199295
376 -- 8.45397630392867 --- TKE: 0.9999999999998204 
[MO833] Paramount Iteration,1,376,91.6285951138,0.227375030518
[MO833] Paramount Iteration,0,376,91.6410429478,0.227375984192
377 -- 8.476460282638822 --- TKE: 0.9999999999998199 
[MO833] Paramount Iteration,1,377,91.8560841084,0.227488994598
[MO833] Paramount Iteration,0,377,91.8685309887,0.227488040924
378 -- 8.498944261887145 --- TKE: 0.9999999999998193 
[MO833] Paramount Iteration,1,378,92.0834181309,0.227334022522
[MO833] Paramount Iteration,0,378,92.095867157,0.227336168289
379 -- 8.521428241240105 --- TKE: 0.9999999999998188 
[MO833] Paramount Iteration,1,379,92.3109140396,0.227495908737
[MO833] Paramount Iteration,0,379,92.4304521084,0.334584951401
380 -- 8.543912220754843 --- TKE: 0.9999999999998184 
[MO833] Paramount Iteration,1,380,92.6478271484,0.336913108826
[MO833] Paramount Iteration,0,380,92.6602721214,0.229820013046
381 -- 8.56639620047954 --- TKE: 0.9999999999998179 
[MO833] Paramount Iteration,1,381,92.8752260208,0.227398872375
[MO833] Paramount Iteration,0,381,92.8876740932,0.227401971817
382 -- 8.588880179940121 --- TKE: 0.9999999999998175 
[MO833] Paramount Iteration,1,382,93.1027781963,0.227552175522
[MO833] Paramount Iteration,0,382,93.115224123,0.227550029755
383 -- 8.61136415868765 --- TKE: 0.999999999999817 
[MO833] Paramount Iteration,1,383,93.3302600384,0.227481842041
[MO833] Paramount Iteration,0,383,93.3427071571,0.227483034134
384 -- 8.633848137081994 --- TKE: 0.9999999999998166 
[MO833] Paramount Iteration,1,384,93.5574932098,0.227233171463
[MO833] Paramount Iteration,0,384,93.5699400902,0.227232933044
385 -- 8.656332115486197 --- TKE: 0.9999999999998161 
[MO833] Paramount Iteration,1,385,93.7849161625,0.227422952652
[MO833] Paramount Iteration,0,385,93.7973630428,0.227422952652
386 -- 8.678816094253841 --- TKE: 0.9999999999998153 
[MO833] Paramount Iteration,1,386,94.0122840405,0.22736787796
[MO833] Paramount Iteration,0,386,94.0247311592,0.227368116379
387 -- 8.701300073464875 --- TKE: 0.9999999999998153 
[MO833] Paramount Iteration,1,387,94.2399132252,0.227629184723
[MO833] Paramount Iteration,0,387,94.2523601055,0.227628946304
388 -- 8.723784052797495 --- TKE: 0.9999999999998148 
[MO833] Paramount Iteration,1,388,94.4671781063,0.227264881134
[MO833] Paramount Iteration,0,388,94.4796249866,0.227264881134
389 -- 8.74626803230795 --- TKE: 0.9999999999998141 
[MO833] Paramount Iteration,1,389,94.6945400238,0.227361917496
[MO833] Paramount Iteration,0,389,94.8155400753,0.335915088654
390 -- 8.768752011923242 --- TKE: 0.9999999999998135 
[MO833] Paramount Iteration,1,390,95.0327830315,0.33824300766
[MO833] Paramount Iteration,0,390,95.0452280045,0.229687929153
391 -- 8.791235991242669 --- TKE: 0.999999999999813 
[MO833] Paramount Iteration,1,391,95.2603170872,0.22753405571
[MO833] Paramount Iteration,0,391,95.2727651596,0.227537155151
392 -- 8.8137199699013 --- TKE: 0.9999999999998126 
[MO833] Paramount Iteration,1,392,95.4879422188,0.227625131607
[MO833] Paramount Iteration,0,392,95.5003900528,0.227624893188
393 -- 8.83620394826374 --- TKE: 0.9999999999998122 
[MO833] Paramount Iteration,1,393,95.7154221535,0.227479934692
[MO833] Paramount Iteration,0,393,95.7278699875,0.227479934692
394 -- 8.8586879266964 --- TKE: 0.9999999999998117 
[MO833] Paramount Iteration,1,394,95.9429671764,0.227545022964
[MO833] Paramount Iteration,0,394,95.9554140568,0.22754406929
395 -- 8.881171905554517 --- TKE: 0.9999999999998113 
[MO833] Paramount Iteration,1,395,96.1704511642,0.227483987808
[MO833] Paramount Iteration,0,395,96.1828989983,0.227484941483
396 -- 8.903655884754258 --- TKE: 0.9999999999998108 
[MO833] Paramount Iteration,1,396,96.3979771137,0.227525949478
[MO833] Paramount Iteration,0,396,96.4104249477,0.227525949478
397 -- 8.926139864091633 --- TKE: 0.9999999999998104 
[MO833] Paramount Iteration,0,397,96.641313076,0.230888128281
[MO833] Paramount Iteration,1,397,96.6288900375,0.230912923813
398 -- 8.948623843621656 --- TKE: 0.9999999999998099 
[MO833] Paramount Iteration,1,398,96.8565571308,0.227667093277
[MO833] Paramount Iteration,0,398,96.8690040112,0.227690935135
399 -- 8.971107823150364 --- TKE: 0.9999999999998095 
[MO833] Paramount Iteration,1,399,97.0841450691,0.227587938309
[MO833] Paramount Iteration,0,399,97.2038290501,0.33482503891
400 -- 8.993591802347337 --- TKE: 0.999999999999809 
[MO833] Paramount Iteration,1,400,97.4209821224,0.336837053299
[MO833] Paramount Iteration,0,400,97.4334280491,0.229598999023
401 -- 9.016075780940678 --- TKE: 0.9999999999998084 
[MO833] Paramount Iteration,1,401,97.6483252048,0.227343082428
[MO833] Paramount Iteration,0,401,97.6607730389,0.227344989777
402 -- 9.038559759298838 --- TKE: 0.9999999999998082 
[MO833] Paramount Iteration,1,402,97.8759050369,0.227579832077
[MO833] Paramount Iteration,0,402,97.8883521557,0.227579116821
403 -- 9.061043737790405 --- TKE: 0.9999999999998075 
[MO833] Paramount Iteration,1,403,98.1032881737,0.227383136749
[MO833] Paramount Iteration,0,403,98.1157360077,0.227383852005
404 -- 9.083527716770863 --- TKE: 0.999999999999807 
[MO833] Paramount Iteration,1,404,98.3306560516,0.22736787796
[MO833] Paramount Iteration,0,404,98.3431050777,0.227369070053
405 -- 9.106011695983423 --- TKE: 0.9999999999998066 
[MO833] Paramount Iteration,1,405,98.5612530708,0.230597019196
[MO833] Paramount Iteration,0,405,98.5737149715,0.230609893799
406 -- 9.128495675348603 --- TKE: 0.9999999999998059 
[MO833] Paramount Iteration,1,406,98.7887060642,0.227452993393
[MO833] Paramount Iteration,0,406,98.8011541367,0.227439165115
407 -- 9.150979654919876 --- TKE: 0.9999999999998055 
[MO833] Paramount Iteration,1,407,99.0161921978,0.227486133575
[MO833] Paramount Iteration,0,407,99.0286390781,0.227484941483
408 -- 9.173463634384333 --- TKE: 0.999999999999805 
[MO833] Paramount Iteration,1,408,99.2437140942,0.227521896362
[MO833] Paramount Iteration,0,408,99.2561609745,0.227521896362
409 -- 9.195947613479227 --- TKE: 0.9999999999998046 
[MO833] Paramount Iteration,1,409,99.4712049961,0.227490901947
[MO833] Paramount Iteration,0,409,99.5961940289,0.340033054352
410 -- 9.2184315920319 --- TKE: 0.9999999999998042 
[MO833] Paramount Iteration,1,410,99.8148961067,0.343691110611
[MO833] Paramount Iteration,0,410,99.8273410797,0.231147050858
411 -- 9.240915570413641 --- TKE: 0.9999999999998037 
[MO833] Paramount Iteration,1,411,100.042315006,0.227418899536
[MO833] Paramount Iteration,0,411,100.054762125,0.227421045303
412 -- 9.263399548993997 --- TKE: 0.9999999999998033 
[MO833] Paramount Iteration,1,412,100.271623135,0.229308128357
[MO833] Paramount Iteration,0,412,100.284070015,0.229307889938
413 -- 9.285883528127304 --- TKE: 0.9999999999998026 
[MO833] Paramount Iteration,1,413,100.498966217,0.227343082428
[MO833] Paramount Iteration,0,413,100.511413097,0.227343082428
414 -- 9.308367507374884 --- TKE: 0.9999999999998022 
[MO833] Paramount Iteration,1,414,100.726425171,0.227458953857
[MO833] Paramount Iteration,0,414,100.738873005,0.227459907532
415 -- 9.33085148678887 --- TKE: 0.9999999999998017 
[MO833] Paramount Iteration,1,415,100.953667164,0.22724199295
[MO833] Paramount Iteration,0,415,100.966114044,0.227241039276
416 -- 9.353335466420928 --- TKE: 0.9999999999998013 
[MO833] Paramount Iteration,1,416,101.181047201,0.227380037308
[MO833] Paramount Iteration,0,416,101.193495035,0.227380990982
417 -- 9.375819445842836 --- TKE: 0.9999999999998008 
[MO833] Paramount Iteration,1,417,101.408321142,0.22727394104
[MO833] Paramount Iteration,0,417,101.420768976,0.22727394104
418 -- 9.398303424857403 --- TKE: 0.9999999999998004 
[MO833] Paramount Iteration,1,418,101.635637045,0.22731590271
[MO833] Paramount Iteration,0,418,101.648082972,0.227313995361
419 -- 9.420787403394685 --- TKE: 0.9999999999997997 
[MO833] Paramount Iteration,1,419,101.863032103,0.227395057678
[MO833] Paramount Iteration,0,419,102.011698008,0.363615036011
420 -- 9.443271381827788 --- TKE: 0.9999999999997993 
[MO833] Paramount Iteration,1,420,102.229511023,0.366478919983
[MO833] Paramount Iteration,0,420,102.241956949,0.23025894165
421 -- 9.465755360525957 --- TKE: 0.9999999999997988 
[MO833] Paramount Iteration,1,421,102.457137108,0.227626085281
[MO833] Paramount Iteration,0,421,102.469583988,0.227627038956
422 -- 9.488239339703968 --- TKE: 0.9999999999997984 
[MO833] Paramount Iteration,1,422,102.684631109,0.227494001389
[MO833] Paramount Iteration,0,422,102.69707799,0.227494001389
423 -- 9.51072331900687 --- TKE: 0.9999999999997979 
[MO833] Paramount Iteration,1,423,102.912089109,0.227458000183
[MO833] Paramount Iteration,0,423,102.92453599,0.227458000183
424 -- 9.533207298488648 --- TKE: 0.9999999999997975 
[MO833] Paramount Iteration,1,424,103.139535189,0.227446079254
[MO833] Paramount Iteration,0,424,103.151981115,0.22744512558
425 -- 9.55569127808653 --- TKE: 0.999999999999797 
[MO833] Paramount Iteration,1,425,103.367045164,0.227509975433
[MO833] Paramount Iteration,0,425,103.379492044,0.227510929108
426 -- 9.578175257486851 --- TKE: 0.9999999999997966 
[MO833] Paramount Iteration,1,426,103.594572067,0.227526903152
[MO833] Paramount Iteration,0,426,103.607018948,0.227526903152
427 -- 9.600659236443887 --- TKE: 0.9999999999997962 
[MO833] Paramount Iteration,1,427,103.822202206,0.227630138397
[MO833] Paramount Iteration,0,427,103.834649086,0.227630138397
428 -- 9.623143214991416 --- TKE: 0.9999999999997955 
[MO833] Paramount Iteration,0,428,104.062178135,0.22752904892
[MO833] Paramount Iteration,1,428,104.049751043,0.227548837662
429 -- 9.645627193503268 --- TKE: 0.999999999999795 
[MO833] Paramount Iteration,1,429,104.277257204,0.227506160736
[MO833] Paramount Iteration,0,429,104.397239923,0.335061788559
430 -- 9.668111172347157 --- TKE: 0.9999999999997946 
[MO833] Paramount Iteration,1,430,104.614523172,0.337265968323
[MO833] Paramount Iteration,0,430,104.626969099,0.229729175568
431 -- 9.690595151585851 --- TKE: 0.9999999999997942 
[MO833] Paramount Iteration,1,431,104.842028141,0.227504968643
[MO833] Paramount Iteration,0,431,104.854475975,0.227506875992
432 -- 9.713079130962482 --- TKE: 0.9999999999997937 
[MO833] Paramount Iteration,1,432,105.069681168,0.227653026581
[MO833] Paramount Iteration,0,432,105.082128048,0.227652072906
433 -- 9.735563110529075 --- TKE: 0.9999999999997933 
[MO833] Paramount Iteration,1,433,105.320776224,0.251095056534
[MO833] Paramount Iteration,0,433,105.333224058,0.251096010208
434 -- 9.758047090108159 --- TKE: 0.9999999999997928 
[MO833] Paramount Iteration,1,434,105.548356056,0.227579832077
[MO833] Paramount Iteration,0,434,105.560802937,0.227578878403
435 -- 9.780531069507026 --- TKE: 0.9999999999997922 
[MO833] Paramount Iteration,1,435,105.775866032,0.227509975433
[MO833] Paramount Iteration,0,435,105.788311958,0.227509021759
436 -- 9.80301504843004 --- TKE: 0.9999999999997917 
[MO833] Paramount Iteration,1,436,106.003592014,0.227725982666
[MO833] Paramount Iteration,0,436,106.016039133,0.227727174759
437 -- 9.825499027013505 --- TKE: 0.9999999999997913 
[MO833] Paramount Iteration,1,437,106.231154203,0.227562189102
[MO833] Paramount Iteration,0,437,106.243601084,0.227561950684
438 -- 9.847983005630853 --- TKE: 0.9999999999997908 
[MO833] Paramount Iteration,1,438,106.458806038,0.227651834488
[MO833] Paramount Iteration,0,438,106.471253157,0.227652072906
439 -- 9.870466984647033 --- TKE: 0.9999999999997904 
[MO833] Paramount Iteration,1,439,106.686323166,0.227517127991
[MO833] Paramount Iteration,0,439,106.805679083,0.334425926208
440 -- 9.892950963964234 --- TKE: 0.99999999999979 
[MO833] Paramount Iteration,1,440,107.023612022,0.337288856506
[MO833] Paramount Iteration,0,440,107.036057949,0.230378866196
441 -- 9.915434943431155 --- TKE: 0.9999999999997893 
[MO833] Paramount Iteration,1,441,107.251274109,0.227662086487
[MO833] Paramount Iteration,0,441,107.263720989,0.227663040161
442 -- 9.937918923097648 --- TKE: 0.9999999999997888 
[MO833] Paramount Iteration,1,442,107.478776217,0.22750210762
[MO833] Paramount Iteration,0,442,107.491223097,0.22750210762
443 -- 9.9604029026769 --- TKE: 0.9999999999997884 
[MO833] Paramount Iteration,1,443,107.706344128,0.227567911148
[MO833] Paramount Iteration,0,443,107.718791008,0.227567911148
444 -- 9.98288688209351 --- TKE: 0.9999999999997877 
[MO833] Paramount Iteration,1,444,107.933780193,0.227436065674
[MO833] Paramount Iteration,0,444,107.946227074,0.227436065674
445 -- 10.005370861006455 --- TKE: 0.9999999999997875 
[MO833] PI avg,1,0.238918968801,445
[MO833] Beta,1,1.23336648323e-07
[MO833] PI avg,0,0.238880103358,445
[MO833] Beta,0,0.00127531554822
[MO833] Total time,108.309255123
