--------------------------------------------------------------------------
[[56049,1],1]: A high-performance Open MPI point-to-point messaging module
was unable to find any relevant network interfaces:

Module: OpenFabrics (openib)
  Host: node06

Another transport will be used instead, although this may result in
lower performance.

NOTE: You can disable this warning by setting the MCA parameter
btl_base_warn_component_unused to 0.
--------------------------------------------------------------------------
 
                                 _       
                                | |      
 _ __  _   _ _ __ __ _ _ __   __| | __ _ 
| '_ \| | | | '__/ _` | '_ \ / _` |/ _` |
| |_) | |_| | | | (_| | | | | (_| | (_| |
| .__/ \__, |_|  \__,_|_| |_|\__,_|\__,_|
| |     __/ |                            
|_|    |___/                             

Version 1.0

Copyright (c) 2020 Lawrence Livermore National Laboratory (LLNL-CODE-749864)
All rights reserved. 
For details about use and distribution, please read: pyranda/LICENSE

Adding variables: tke
Adding variables: tauxz
Adding variables: tauxy
Adding variables: tauxx
Adding variables: tauzz
Adding variables: cs
Adding variables: vx
Adding variables: vy
Adding variables: vz
Adding variables: tauyy
Adding variables: tauyz
Adding variables: taudia
Adding variables: rhow
Adding variables: rhov
Adding variables: rhou
Adding variables: S
Adding variables: rho
Adding variables: dt
Adding variables: wz
Adding variables: wy
Adding variables: wx
Adding variables: enst
Adding variables: uy
Adding variables: ux
Adding variables: uz
Adding variables: beta
Adding variables: mu
Adding variables: p
Adding variables: u
Adding variables: w
Adding variables: v
Adding variables: Et
Adding variables: div
Adding variables: gamma
Adding equations of motion: 
(1)   ddt(:rho:)  =  -ddx(:rho:*:u:)                  - ddy(:rho:*:v:)                  - ddz(:rho:*:w:)
(2)   ddt(:rhou:) =  -ddx(:rhou:*:u: + :p: - :tauxx:) - ddy(:rhou:*:v: - :tauxy:)       - ddz(:rhou:*:w: - :tauxz:)
(3)   ddt(:rhov:) =  -ddx(:rhov:*:u: - :tauxy:)       - ddy(:rhov:*:v: + :p: - :tauyy:) - ddz(:rhov:*:w: - :tauyz:)
(4)   ddt(:rhow:) =  -ddx(:rhow:*:u: - :tauxz:)       - ddy(:rhow:*:v: - :tauyz:)       - ddz(:rhow:*:w: + :p: - :tauzz:)
(5)   ddt(:Et:)   =  -ddx( (:Et: - :tauxx:)*:u: - :tauxy:*:v: - :tauxz:*:w: ) - ddy( (:Et: - :tauyy:)*:v: -:tauxy:*:u: - :tauyz:*:w:) - ddz( (:Et: - :tauzz:)*:w: - :tauxz:*:u: - :tauyz:*:v: )
(6)   :rho:       =  fbar( :rho:  )
(7)   :rhou:      =  fbar( :rhou: )
(8)   :rhov:      =  fbar( :rhov: )
(9)   :rhow:      =  fbar( :rhow: )
(10)   :Et:        =  fbar( :Et:   )
(11)   :u:         =  :rhou: / :rho:
(12)   :v:         =  :rhov: / :rho:
(13)   :w:         =  :rhow: / :rho:
(14)   :p:         =  ( :Et: - .5*:rho:*(:u:*:u: + :v:*:v: + :w:*:w:) ) * ( :gamma: - 1.0 )
(15)   :ux:        =  ddx(:u:)
(16)   :vy:        =  ddy(:v:)
(17)   :wz:        =  ddz(:w:)
(18)   :div:       =  :ux: + :vy: + :wz:
(19)   :uy:        =  ddy(:u:)
(20)   :uz:        =  ddz(:u:)
(21)   :vx:        =  ddx(:v:)
(22)   :vz:        =  ddz(:v:)
(23)   :wy:        =  ddy(:w:)
(24)   :wx:        =  ddx(:w:)
(25)   :enst:      = sqrt( (:uy:-:vx:)**2 + (:uz: - :wx:)**2 + (:vz:-:wy:)**2 )
(26)   :tke:       = :rho:*(:u:*:u: + :v:*:v: + :w:*:w:)
(27)   :S:         = sqrt( :ux:*:ux: + :vy:*:vy: + :wz:*:wz: + .5*((:uy:+:vx:)**2 + (:uz: + :wx:)**2 + (:vz:+:wy:)**2) )
(28)   :mu:        =  gbar( abs(ring(:S:  )) ) * :rho: * 0.0e-4
(29)   :beta:      =  gbar( abs(ring(:div:)) * :rho: )  * 0.0e-4
(30)   :taudia:    =  (:beta:-2./3.*:mu:) *:div:
(31)   :tauxx:     =  2.0*:mu:*:ux:   + :taudia: - :p:
(32)   :tauyy:     =  2.0*:mu:*:vy:   + :taudia: - :p:
(33)   :tauzz:     =  2.0*:mu:*:wz:   + :taudia: - :p:
(34)   :tauxy:     = :mu:*(:uy:+:vx:) + :taudia:
(35)   :tauxz:     = :mu:*(:uz:+:wx:) + :taudia:
(36)   :tauyz:     = :mu:*(:vz:+:wz:) + :taudia:
(37)   :cs:  = sqrt( :p: / :rho: * :gamma: )
(38)   :dt: = dt.courant(:u:,:v:,:w:,:cs:)*.5
(39)   :dt: = numpy.minimum(:dt:,0.2 * dt.diff(:beta:,:rho:))
(40)   :dt: = numpy.minimum(:dt:,0.2 * dt.diff(:mu:,:rho:))
1 -- 0.022483949488834736 --- TKE: 0.9999999999999996 
[MO833] Paramount Iteration,1,1,2.12606811523,0.445281982422
[MO833] Paramount Iteration,0,1,2.13814902306,0.420912981033
2 -- 0.04496791230634997 --- TKE: 0.9999999999999996 
[MO833] Paramount Iteration,1,2,2.54213404655,0.41606593132
[MO833] Paramount Iteration,0,2,2.55420398712,0.416054964066
3 -- 0.06745186837753886 --- TKE: 0.9999999999999987 
[MO833] Paramount Iteration,1,3,2.95792508125,0.415791034698
[MO833] Paramount Iteration,0,3,2.97000098228,0.415796995163
4 -- 0.08993583542611785 --- TKE: 0.9999999999999984 
[MO833] Paramount Iteration,1,4,3.37384915352,0.415924072266
[MO833] Paramount Iteration,0,4,3.38592004776,0.415919065475
5 -- 0.11241981341752189 --- TKE: 0.9999999999999978 
[MO833] Paramount Iteration,1,5,3.65204715729,0.278198003769
[MO833] Paramount Iteration,0,5,3.66411614418,0.27819609642
6 -- 0.1349037940170563 --- TKE: 0.9999999999999973 
[MO833] Paramount Iteration,1,6,3.91508412361,0.263036966324
[MO833] Paramount Iteration,0,6,3.92712807655,0.263011932373
7 -- 0.15738777056800618 --- TKE: 0.9999999999999969 
[MO833] Paramount Iteration,1,7,4.17562103271,0.260536909103
[MO833] Paramount Iteration,0,7,4.18768906593,0.26056098938
8 -- 0.17987174409631543 --- TKE: 0.9999999999999964 
[MO833] Paramount Iteration,1,8,4.42345714569,0.247836112976
[MO833] Paramount Iteration,0,8,4.43555402756,0.247864961624
9 -- 0.20235571634301402 --- TKE: 0.999999999999996 
[MO833] Paramount Iteration,1,9,4.6508910656,0.227433919907
[MO833] Paramount Iteration,0,9,4.80202007294,0.36646604538
10 -- 0.2248396890879735 --- TKE: 0.9999999999999956 
[MO833] Paramount Iteration,1,10,5.03438997269,0.383498907089
[MO833] Paramount Iteration,0,10,5.04645800591,0.244437932968
11 -- 0.24732366185121496 --- TKE: 0.9999999999999949 
[MO833] Paramount Iteration,1,11,5.26196408272,0.227574110031
[MO833] Paramount Iteration,0,11,5.27403306961,0.227575063705
12 -- 0.26980763521126017 --- TKE: 0.9999999999999947 
[MO833] Paramount Iteration,0,12,5.50496602058,0.230932950974
[MO833] Paramount Iteration,1,12,5.49292016029,0.230956077576
13 -- 0.2922916107764848 --- TKE: 0.999999999999994 
[MO833] Paramount Iteration,1,13,5.72041511536,0.227494955063
[MO833] Paramount Iteration,0,13,5.73248410225,0.227518081665
14 -- 0.31477558792984206 --- TKE: 0.9999999999999936 
[MO833] Paramount Iteration,1,14,5.95063495636,0.230219841003
[MO833] Paramount Iteration,0,14,5.96271109581,0.230226993561
15 -- 0.337259565810547 --- TKE: 0.9999999999999931 
[MO833] Paramount Iteration,1,15,6.17814397812,0.227509021759
[MO833] Paramount Iteration,0,15,6.19021201134,0.227500915527
16 -- 0.35974354420845 --- TKE: 0.9999999999999925 
[MO833] Paramount Iteration,1,16,6.40561509132,0.227471113205
[MO833] Paramount Iteration,0,16,6.41768312454,0.227471113205
17 -- 0.38222752235168034 --- TKE: 0.999999999999992 
[MO833] Paramount Iteration,1,17,6.63317894936,0.227563858032
[MO833] Paramount Iteration,0,17,6.64524912834,0.227566003799
18 -- 0.4047115001610875 --- TKE: 0.9999999999999918 
[MO833] Paramount Iteration,1,18,6.86067199707,0.227493047714
[MO833] Paramount Iteration,0,18,6.87274003029,0.227490901947
19 -- 0.4271954780139235 --- TKE: 0.9999999999999911 
[MO833] Paramount Iteration,1,19,7.08811903,0.227447032928
[MO833] Paramount Iteration,0,19,7.20675516129,0.334015130997
20 -- 0.4496794560708476 --- TKE: 0.9999999999999907 
[MO833] Paramount Iteration,1,20,7.43004012108,0.34192109108
[MO833] Paramount Iteration,0,20,7.44210600853,0.235350847244
21 -- 0.4721634343200682 --- TKE: 0.9999999999999902 
[MO833] Paramount Iteration,1,21,7.65760493279,0.227564811707
[MO833] Paramount Iteration,0,21,7.6696741581,0.227568149567
22 -- 0.49464741264111056 --- TKE: 0.9999999999999896 
[MO833] Paramount Iteration,1,22,7.88507509232,0.227470159531
[MO833] Paramount Iteration,0,22,7.89714407921,0.227469921112
23 -- 0.5171313908759267 --- TKE: 0.9999999999999893 
[MO833] Paramount Iteration,1,23,8.11255502701,0.227479934692
[MO833] Paramount Iteration,0,23,8.1246240139,0.227479934692
24 -- 0.5396153688962009 --- TKE: 0.9999999999999887 
[MO833] Paramount Iteration,1,24,8.33999705315,0.227442026138
[MO833] Paramount Iteration,0,24,8.35206604004,0.227442026138
25 -- 0.5620993466578701 --- TKE: 0.9999999999999882 
[MO833] Paramount Iteration,1,25,8.56743001938,0.227432966232
[MO833] Paramount Iteration,0,25,8.57949900627,0.227432966232
26 -- 0.5845833242365798 --- TKE: 0.9999999999999878 
[MO833] Paramount Iteration,1,26,8.79496908188,0.2275390625
[MO833] Paramount Iteration,0,26,8.80703806877,0.2275390625
27 -- 0.6070673018410182 --- TKE: 0.9999999999999871 
[MO833] Paramount Iteration,1,27,9.02243804932,0.227468967438
[MO833] Paramount Iteration,0,27,9.03450703621,0.227468967438
28 -- 0.6295512798040269 --- TKE: 0.9999999999999867 
[MO833] Paramount Iteration,1,28,9.24976706505,0.227329015732
[MO833] Paramount Iteration,0,28,9.26183605194,0.227329015732
29 -- 0.6520352574989555 --- TKE: 0.9999999999999862 
[MO833] Paramount Iteration,1,29,9.48053312302,0.230766057968
[MO833] Paramount Iteration,0,29,9.60309505463,0.341259002686
30 -- 0.6745192349135101 --- TKE: 0.9999999999999858 
[MO833] Paramount Iteration,1,30,9.82509708405,0.344563961029
[MO833] Paramount Iteration,0,30,9.83714199066,0.234046936035
31 -- 0.697003212275314 --- TKE: 0.9999999999999853 
[MO833] Paramount Iteration,1,31,10.0540299416,0.228932857513
[MO833] Paramount Iteration,0,31,10.0660991669,0.228957176208
32 -- 0.7194871892340796 --- TKE: 0.9999999999999849 
[MO833] Paramount Iteration,1,32,10.2828991413,0.228869199753
[MO833] Paramount Iteration,0,32,10.2949690819,0.228869915009
33 -- 0.7419711653841895 --- TKE: 0.9999999999999845 
[MO833] Paramount Iteration,1,33,10.5117640495,0.228864908218
[MO833] Paramount Iteration,0,33,10.5238339901,0.228864908218
34 -- 0.7644551401841907 --- TKE: 0.999999999999984 
[MO833] Paramount Iteration,1,34,10.7406930923,0.228929042816
[MO833] Paramount Iteration,0,34,10.7527620792,0.228928089142
35 -- 0.7869391141929123 --- TKE: 0.9999999999999836 
[MO833] Paramount Iteration,1,35,10.9696681499,0.228975057602
[MO833] Paramount Iteration,0,35,10.9817371368,0.228975057602
36 -- 0.8094230880509002 --- TKE: 0.9999999999999829 
[MO833] Paramount Iteration,1,36,11.1988909245,0.229222774506
[MO833] Paramount Iteration,0,36,11.2109630108,0.229225873947
37 -- 0.8319070624390456 --- TKE: 0.9999999999999827 
[MO833] Paramount Iteration,1,37,11.4278099537,0.228919029236
[MO833] Paramount Iteration,0,37,11.4398801327,0.228917121887
38 -- 0.8543910374431362 --- TKE: 0.999999999999982 
[MO833] Paramount Iteration,1,38,11.6552491188,0.227439165115
[MO833] Paramount Iteration,0,38,11.6673190594,0.227438926697
39 -- 0.8768750128023768 --- TKE: 0.9999999999999818 
[MO833] Paramount Iteration,1,39,11.8826711178,0.227421998978
[MO833] Paramount Iteration,0,39,12.0010101795,0.333691120148
40 -- 0.8993589886869536 --- TKE: 0.9999999999999811 
[MO833] Paramount Iteration,1,40,12.219866991,0.33719587326
[MO833] Paramount Iteration,0,40,12.2319340706,0.230923891068
41 -- 0.9218429645573731 --- TKE: 0.9999999999999805 
[MO833] Paramount Iteration,1,41,12.4481649399,0.228297948837
[MO833] Paramount Iteration,0,41,12.4602351189,0.228301048279
42 -- 0.9443269400170952 --- TKE: 0.99999999999998 
[MO833] Paramount Iteration,0,42,12.6911160946,0.230880975723
[MO833] Paramount Iteration,1,42,12.6790699959,0.230905056
43 -- 0.9668109152366287 --- TKE: 0.9999999999999796 
[MO833] Paramount Iteration,1,43,12.9065029621,0.227432966232
[MO833] Paramount Iteration,0,43,12.9185709953,0.227454900742
44 -- 0.9892948900220443 --- TKE: 0.9999999999999791 
[MO833] Paramount Iteration,1,44,13.1337299347,0.22722697258
[MO833] Paramount Iteration,0,44,13.1457979679,0.22722697258
45 -- 1.0117788645119201 --- TKE: 0.9999999999999787 
[MO833] Paramount Iteration,1,45,13.3636059761,0.229876041412
[MO833] Paramount Iteration,0,45,13.375674963,0.229876995087
46 -- 1.034262839419456 --- TKE: 0.9999999999999782 
[MO833] Paramount Iteration,1,46,13.5942370892,0.230631113052
[MO833] Paramount Iteration,0,46,13.6063351631,0.230660200119
47 -- 1.0567468153947581 --- TKE: 0.9999999999999778 
[MO833] Paramount Iteration,1,47,13.8216061592,0.227369070053
[MO833] Paramount Iteration,0,47,13.8336751461,0.227339982986
48 -- 1.0792307919265227 --- TKE: 0.9999999999999771 
[MO833] Paramount Iteration,1,48,14.0489499569,0.227343797684
[MO833] Paramount Iteration,0,48,14.0610191822,0.227344036102
49 -- 1.101714769117001 --- TKE: 0.9999999999999767 
[MO833] Paramount Iteration,1,49,14.2764260769,0.227476119995
[MO833] Paramount Iteration,0,49,14.3983571529,0.337337970734
50 -- 1.124198746406314 --- TKE: 0.999999999999976 
[MO833] Paramount Iteration,1,50,14.6170930862,0.340667009354
[MO833] Paramount Iteration,0,50,14.6291601658,0.230803012848
51 -- 1.146682723570497 --- TKE: 0.9999999999999758 
[MO833] Paramount Iteration,1,51,14.8458819389,0.228788852692
[MO833] Paramount Iteration,0,51,14.8579521179,0.228791952133
52 -- 1.1691667007473263 --- TKE: 0.9999999999999754 
[MO833] Paramount Iteration,1,52,15.0731630325,0.227281093597
[MO833] Paramount Iteration,0,52,15.0852320194,0.227279901505
53 -- 1.1916506780693332 --- TKE: 0.9999999999999747 
[MO833] Paramount Iteration,1,53,15.3005270958,0.227364063263
[MO833] Paramount Iteration,0,53,15.3125960827,0.227364063263
54 -- 1.2141346550201402 --- TKE: 0.9999999999999745 
[MO833] Paramount Iteration,1,54,15.5279920101,0.227464914322
[MO833] Paramount Iteration,0,54,15.540060997,0.227464914322
55 -- 1.2366186321554993 --- TKE: 0.999999999999974 
[MO833] Paramount Iteration,1,55,15.7558090687,0.227817058563
[MO833] Paramount Iteration,0,55,15.7678799629,0.227818965912
56 -- 1.2591026100219094 --- TKE: 0.9999999999999736 
[MO833] Paramount Iteration,1,56,15.9832780361,0.227468967438
[MO833] Paramount Iteration,0,56,15.995347023,0.227467060089
57 -- 1.2815865889728413 --- TKE: 0.9999999999999729 
[MO833] Paramount Iteration,0,57,16.2262351513,0.230888128281
[MO833] Paramount Iteration,1,57,16.2141871452,0.230909109116
58 -- 1.3040705684946474 --- TKE: 0.9999999999999725 
[MO833] Paramount Iteration,1,58,16.4415860176,0.227398872375
[MO833] Paramount Iteration,0,58,16.4536559582,0.227420806885
59 -- 1.3265545482098922 --- TKE: 0.999999999999972 
[MO833] Paramount Iteration,1,59,16.6689219475,0.227335929871
[MO833] Paramount Iteration,0,59,16.7877941132,0.334138154984
60 -- 1.349038527994624 --- TKE: 0.9999999999999716 
[MO833] Paramount Iteration,1,60,17.0068340302,0.337912082672
[MO833] Paramount Iteration,0,60,17.0189011097,0.231106996536
61 -- 1.3715225079366193 --- TKE: 0.9999999999999711 
[MO833] Paramount Iteration,1,61,17.2356979847,0.228863954544
[MO833] Paramount Iteration,0,61,17.2477669716,0.228865861893
62 -- 1.394006488113146 --- TKE: 0.9999999999999705 
[MO833] Paramount Iteration,1,62,17.4646830559,0.228985071182
[MO833] Paramount Iteration,0,62,17.4767520428,0.228985071182
63 -- 1.4164904680080206 --- TKE: 0.99999999999997 
[MO833] Paramount Iteration,1,63,17.6935369968,0.228853940964
[MO833] Paramount Iteration,0,63,17.7056059837,0.228853940964
64 -- 1.4389744478178719 --- TKE: 0.9999999999999698 
[MO833] Paramount Iteration,1,64,17.9223999977,0.22886300087
[MO833] Paramount Iteration,0,64,17.9344689846,0.22886300087
65 -- 1.461458427935954 --- TKE: 0.9999999999999691 
[MO833] Paramount Iteration,1,65,18.1512849331,0.228884935379
[MO833] Paramount Iteration,0,65,18.1633551121,0.228886127472
66 -- 1.4839424085355122 --- TKE: 0.9999999999999685 
[MO833] Paramount Iteration,1,66,18.3803730011,0.229088068008
[MO833] Paramount Iteration,0,66,18.392441988,0.229086875916
67 -- 1.5064263891350873 --- TKE: 0.999999999999968 
[MO833] Paramount Iteration,1,67,18.6127331257,0.232360124588
[MO833] Paramount Iteration,0,67,18.6248300076,0.232388019562
68 -- 1.5289103697346496 --- TKE: 0.9999999999999676 
[MO833] Paramount Iteration,1,68,18.8417930603,0.229059934616
[MO833] Paramount Iteration,0,68,18.8538620472,0.229032039642
69 -- 1.5513943503342011 --- TKE: 0.9999999999999671 
[MO833] Paramount Iteration,1,69,19.0707120895,0.228919029236
[MO833] Paramount Iteration,0,69,19.193365097,0.33950304985
70 -- 1.5738783309337407 --- TKE: 0.9999999999999667 
[MO833] Paramount Iteration,1,70,19.4124250412,0.34171295166
[MO833] Paramount Iteration,0,70,19.4244921207,0.231127023697
71 -- 1.5963623115332803 --- TKE: 0.9999999999999662 
[MO833] Paramount Iteration,1,71,19.6399049759,0.227479934692
[MO833] Paramount Iteration,0,71,19.6519751549,0.227483034134
72 -- 1.6188462921328224 --- TKE: 0.9999999999999656 
[MO833] Paramount Iteration,1,72,19.8673529625,0.227447986603
[MO833] Paramount Iteration,0,72,19.8794221878,0.227447032928
73 -- 1.6413302727323713 --- TKE: 0.9999999999999654 
[MO833] Paramount Iteration,1,73,20.094769001,0.227416038513
[MO833] Paramount Iteration,0,73,20.1068370342,0.22741484642
74 -- 1.663814253331933 --- TKE: 0.9999999999999649 
[MO833] Paramount Iteration,0,74,20.3378031254,0.230966091156
[MO833] Paramount Iteration,1,74,20.325756073,0.230987071991
75 -- 1.6862982339315096 --- TKE: 0.999999999999964 
[MO833] Paramount Iteration,1,75,20.5573611259,0.231605052948
[MO833] Paramount Iteration,0,75,20.5694301128,0.231626987457
76 -- 1.708782214531081 --- TKE: 0.9999999999999638 
[MO833] Paramount Iteration,1,76,20.7902801037,0.232918977737
[MO833] Paramount Iteration,0,76,20.8023490906,0.232918977737
77 -- 1.7312661951306378 --- TKE: 0.9999999999999634 
[MO833] Paramount Iteration,1,77,21.0202901363,0.230010032654
[MO833] Paramount Iteration,0,77,21.0323591232,0.230010032654
78 -- 1.7537501757301812 --- TKE: 0.9999999999999629 
[MO833] Paramount Iteration,1,78,21.2502031326,0.229912996292
[MO833] Paramount Iteration,0,78,21.2622740269,0.229914903641
79 -- 1.7762341563297257 --- TKE: 0.9999999999999623 
[MO833] Paramount Iteration,1,79,21.479571104,0.22936797142
[MO833] Paramount Iteration,0,79,21.6013729572,0.339098930359
80 -- 1.7987181369292666 --- TKE: 0.9999999999999618 
[MO833] Paramount Iteration,1,80,21.8203649521,0.340793848038
[MO833] Paramount Iteration,0,80,21.8324329853,0.231060028076
81 -- 1.8212021175288111 --- TKE: 0.9999999999999614 
[MO833] Paramount Iteration,1,81,22.0493011475,0.228936195374
[MO833] Paramount Iteration,0,81,22.061371088,0.228938102722
82 -- 1.843686098128366 --- TKE: 0.9999999999999609 
[MO833] Paramount Iteration,1,82,22.2770979404,0.227796792984
[MO833] Paramount Iteration,0,82,22.2891681194,0.227797031403
83 -- 1.8661700787279332 --- TKE: 0.9999999999999605 
[MO833] Paramount Iteration,1,83,22.5045311451,0.227433204651
[MO833] Paramount Iteration,0,83,22.5166010857,0.227432966232
84 -- 1.8886540593275116 --- TKE: 0.99999999999996 
[MO833] Paramount Iteration,1,84,22.7319750786,0.227443933487
[MO833] Paramount Iteration,0,84,22.7440450191,0.227443933487
85 -- 1.9111380399270776 --- TKE: 0.9999999999999596 
[MO833] Paramount Iteration,1,85,22.9595971107,0.227622032166
[MO833] Paramount Iteration,0,85,22.9716670513,0.227622032166
86 -- 1.9336220205266397 --- TKE: 0.9999999999999591 
[MO833] Paramount Iteration,1,86,23.1871979237,0.227600812912
[MO833] Paramount Iteration,0,86,23.1992681026,0.227601051331
87 -- 1.956106001126193 --- TKE: 0.9999999999999587 
[MO833] Paramount Iteration,1,87,23.4147040844,0.227506160736
[MO833] Paramount Iteration,0,87,23.4267730713,0.227504968643
88 -- 1.978589981725738 --- TKE: 0.999999999999958 
[MO833] Paramount Iteration,1,88,23.6421301365,0.227426052094
[MO833] Paramount Iteration,0,88,23.6541991234,0.227426052094
89 -- 2.001073962325288 --- TKE: 0.9999999999999576 
[MO833] Paramount Iteration,1,89,23.8696551323,0.227524995804
[MO833] Paramount Iteration,0,89,23.9878849983,0.333685874939
90 -- 2.0235579429248403 --- TKE: 0.9999999999999569 
[MO833] Paramount Iteration,1,90,24.2067930698,0.337137937546
[MO833] Paramount Iteration,0,90,24.2188611031,0.230976104736
91 -- 2.0460419235244016 --- TKE: 0.9999999999999565 
[MO833] Paramount Iteration,1,91,24.4381680489,0.231374979019
[MO833] Paramount Iteration,0,91,24.4502630234,0.231401920319
92 -- 2.068525904123969 --- TKE: 0.999999999999956 
[MO833] Paramount Iteration,1,92,24.6657519341,0.227583885193
[MO833] Paramount Iteration,0,92,24.6778211594,0.227558135986
93 -- 2.091009884723557 --- TKE: 0.9999999999999556 
[MO833] Paramount Iteration,1,93,24.8931119442,0.227360010147
[MO833] Paramount Iteration,0,93,24.9051811695,0.227360010147
94 -- 2.1134938653231377 --- TKE: 0.9999999999999551 
[MO833] Paramount Iteration,1,94,25.1206729412,0.227560997009
[MO833] Paramount Iteration,0,94,25.1327421665,0.227560997009
95 -- 2.1359778459227057 --- TKE: 0.9999999999999547 
[MO833] Paramount Iteration,1,95,25.3510029316,0.230329990387
[MO833] Paramount Iteration,0,95,25.363049984,0.230307817459
96 -- 2.158461826522268 --- TKE: 0.9999999999999543 
[MO833] Paramount Iteration,1,96,25.5792779922,0.228275060654
[MO833] Paramount Iteration,0,96,25.5913469791,0.228296995163
97 -- 2.1809458071218275 --- TKE: 0.9999999999999538 
[MO833] Paramount Iteration,1,97,25.8068261147,0.227548122406
[MO833] Paramount Iteration,0,97,25.8188951015,0.227548122406
98 -- 2.203429787721387 --- TKE: 0.9999999999999534 
[MO833] Paramount Iteration,1,98,26.0344541073,0.22762799263
[MO833] Paramount Iteration,0,98,26.0465221405,0.227627038956
99 -- 2.2259137683209507 --- TKE: 0.9999999999999529 
[MO833] Paramount Iteration,1,99,26.2617800236,0.22732591629
[MO833] Paramount Iteration,0,99,26.3848969936,0.338374853134
100 -- 2.2483977489205236 --- TKE: 0.9999999999999523 
[MO833] Paramount Iteration,1,100,26.6037371159,0.341957092285
[MO833] Paramount Iteration,0,100,26.615803957,0.230906963348
101 -- 2.270881729520099 --- TKE: 0.9999999999999518 
[MO833] Paramount Iteration,1,101,26.8328230381,0.229085922241
[MO833] Paramount Iteration,0,101,26.8448941708,0.229090213776
102 -- 2.2933657101196916 --- TKE: 0.9999999999999514 
[MO833] Paramount Iteration,1,102,27.0619621277,0.229139089584
[MO833] Paramount Iteration,0,102,27.0740311146,0.229136943817
103 -- 2.3158496907192836 --- TKE: 0.9999999999999509 
[MO833] Paramount Iteration,1,103,27.2910070419,0.229044914246
[MO833] Paramount Iteration,0,103,27.3030769825,0.22904586792
104 -- 2.3383336713188645 --- TKE: 0.9999999999999505 
[MO833] Paramount Iteration,1,104,27.5194749832,0.228467941284
[MO833] Paramount Iteration,0,104,27.5315439701,0.22846698761
105 -- 2.36081765191844 --- TKE: 0.9999999999999498 
[MO833] Paramount Iteration,1,105,27.7473289967,0.227854013443
[MO833] Paramount Iteration,0,105,27.7594060898,0.227862119675
106 -- 2.3833016325180125 --- TKE: 0.9999999999999494 
[MO833] Paramount Iteration,1,106,27.9748699665,0.227540969849
[MO833] Paramount Iteration,0,106,27.9869391918,0.227533102036
107 -- 2.4057856131175903 --- TKE: 0.9999999999999489 
[MO833] Paramount Iteration,1,107,28.2025649548,0.227694988251
[MO833] Paramount Iteration,0,107,28.214632988,0.227693796158
108 -- 2.428269593717166 --- TKE: 0.9999999999999485 
[MO833] Paramount Iteration,1,108,28.430024147,0.227459192276
[MO833] Paramount Iteration,0,108,28.4420931339,0.22746014595
109 -- 2.4507535743167477 --- TKE: 0.999999999999948 
[MO833] Paramount Iteration,1,109,28.6573939323,0.227369785309
[MO833] Paramount Iteration,0,109,28.7762181759,0.334125041962
110 -- 2.4732375549163343 --- TKE: 0.9999999999999474 
[MO833] Paramount Iteration,1,110,28.9951219559,0.337728023529
[MO833] Paramount Iteration,0,110,29.0071899891,0.230971813202
111 -- 2.4957215355159357 --- TKE: 0.9999999999999469 
[MO833] Paramount Iteration,1,111,29.2240660191,0.228944063187
[MO833] Paramount Iteration,0,111,29.236135006,0.228945016861
112 -- 2.518205516115538 --- TKE: 0.9999999999999467 
[MO833] Paramount Iteration,1,112,29.4517259598,0.22765994072
[MO833] Paramount Iteration,0,112,29.4637951851,0.227660179138
113 -- 2.5406894967151334 --- TKE: 0.999999999999946 
[MO833] Paramount Iteration,1,113,29.6790869236,0.227360963821
[MO833] Paramount Iteration,0,113,29.6911571026,0.227361917496
114 -- 2.5631734773147237 --- TKE: 0.9999999999999456 
[MO833] Paramount Iteration,1,114,29.9066109657,0.22752404213
[MO833] Paramount Iteration,0,114,29.9186789989,0.227521896362
115 -- 2.5856574579143126 --- TKE: 0.9999999999999452 
[MO833] Paramount Iteration,1,115,30.1340041161,0.22739315033
[MO833] Paramount Iteration,0,115,30.146073103,0.227394104004
116 -- 2.608141438513903 --- TKE: 0.9999999999999445 
[MO833] Paramount Iteration,1,116,30.3613779545,0.227373838425
[MO833] Paramount Iteration,0,116,30.3734481335,0.227375030518
117 -- 2.6306254191134935 --- TKE: 0.999999999999944 
[MO833] Paramount Iteration,1,117,30.5888659954,0.227488040924
[MO833] Paramount Iteration,0,117,30.6009361744,0.227488040924
118 -- 2.653109399713088 --- TKE: 0.9999999999999436 
[MO833] Paramount Iteration,1,118,30.8162801266,0.227414131165
[MO833] Paramount Iteration,0,118,30.8283481598,0.227411985397
119 -- 2.6755933803126966 --- TKE: 0.9999999999999432 
[MO833] Paramount Iteration,1,119,31.0435769558,0.227296829224
[MO833] Paramount Iteration,0,119,31.1629331112,0.334584951401
120 -- 2.698077360912307 --- TKE: 0.9999999999999427 
[MO833] Paramount Iteration,1,120,31.3816480637,0.338071107864
[MO833] Paramount Iteration,0,120,31.3937160969,0.230782985687
121 -- 2.7205613415119196 --- TKE: 0.9999999999999423 
[MO833] Paramount Iteration,1,121,31.6159529686,0.234304904938
[MO833] Paramount Iteration,0,121,31.6280181408,0.234302043915
122 -- 2.7430453221115236 --- TKE: 0.9999999999999418 
[MO833] Paramount Iteration,1,122,31.8434109688,0.227458000183
[MO833] Paramount Iteration,0,122,31.8554801941,0.227462053299
123 -- 2.7655293027111263 --- TKE: 0.9999999999999414 
[MO833] Paramount Iteration,1,123,32.0709381104,0.227527141571
[MO833] Paramount Iteration,0,123,32.0830080509,0.227527856827
124 -- 2.7880132833107254 --- TKE: 0.9999999999999409 
[MO833] Paramount Iteration,1,124,32.2982890606,0.227350950241
[MO833] Paramount Iteration,0,124,32.3103580475,0.227349996567
125 -- 2.8104972639103263 --- TKE: 0.9999999999999403 
[MO833] Paramount Iteration,1,125,32.5256400108,0.227350950241
[MO833] Paramount Iteration,0,125,32.5377101898,0.227352142334
126 -- 2.832981244509927 --- TKE: 0.99999999999994 
[MO833] Paramount Iteration,1,126,32.7529699802,0.227329969406
[MO833] Paramount Iteration,0,126,32.7650389671,0.227328777313
127 -- 2.85546522510953 --- TKE: 0.9999999999999396 
[MO833] Paramount Iteration,1,127,32.980410099,0.22744011879
[MO833] Paramount Iteration,0,127,32.9924800396,0.227441072464
128 -- 2.8779492057091396 --- TKE: 0.9999999999999387 
[MO833] Paramount Iteration,1,128,33.2078170776,0.227406978607
[MO833] Paramount Iteration,0,128,33.2198870182,0.227406978607
129 -- 2.900433186205215 --- TKE: 0.9999999999999383 
[MO833] Paramount Iteration,1,129,33.4352209568,0.227403879166
[MO833] Paramount Iteration,0,129,33.557418108,0.337531089783
130 -- 2.922917166804828 --- TKE: 0.9999999999999378 
[MO833] Paramount Iteration,1,130,33.7789411545,0.343720197678
[MO833] Paramount Iteration,0,130,33.7910079956,0.233589887619
131 -- 2.945401147404434 --- TKE: 0.9999999999999374 
[MO833] Paramount Iteration,1,131,34.0077750683,0.228833913803
[MO833] Paramount Iteration,0,131,34.0198440552,0.22883605957
132 -- 2.9678851280040424 --- TKE: 0.9999999999999369 
[MO833] Paramount Iteration,1,132,34.2367501259,0.228975057602
[MO833] Paramount Iteration,0,132,34.2488181591,0.228974103928
133 -- 2.9903691086036477 --- TKE: 0.9999999999999365 
[MO833] Paramount Iteration,1,133,34.46570611,0.228955984116
[MO833] Paramount Iteration,0,133,34.4777760506,0.228957891464
134 -- 3.0128530892032566 --- TKE: 0.999999999999936 
[MO833] Paramount Iteration,1,134,34.6945850849,0.228878974915
[MO833] Paramount Iteration,0,134,34.7066540718,0.22887802124
135 -- 3.0353370698028677 --- TKE: 0.9999999999999356 
[MO833] Paramount Iteration,1,135,34.9234671593,0.228882074356
[MO833] Paramount Iteration,0,135,34.9355361462,0.228882074356
136 -- 3.05782105040248 --- TKE: 0.9999999999999349 
[MO833] Paramount Iteration,1,136,35.1523430347,0.228875875473
[MO833] Paramount Iteration,0,136,35.1644120216,0.228875875473
137 -- 3.0803050310020965 --- TKE: 0.9999999999999347 
[MO833] Paramount Iteration,1,137,35.381221056,0.22887802124
[MO833] Paramount Iteration,0,137,35.3932909966,0.228878974915
138 -- 3.102789011377392 --- TKE: 0.9999999999999343 
[MO833] Paramount Iteration,1,138,35.6095180511,0.228296995163
[MO833] Paramount Iteration,0,138,35.6216039658,0.228312969208
139 -- 3.1252729917950037 --- TKE: 0.9999999999999336 
[MO833] Paramount Iteration,1,139,35.8369729519,0.227454900742
[MO833] Paramount Iteration,0,139,35.9571771622,0.335573196411
140 -- 3.1477569723946095 --- TKE: 0.9999999999999332 
[MO833] Paramount Iteration,1,140,36.1761391163,0.339166164398
[MO833] Paramount Iteration,0,140,36.1882059574,0.231028795242
141 -- 3.170240952994216 --- TKE: 0.9999999999999327 
[MO833] Paramount Iteration,1,141,36.4043979645,0.22825884819
[MO833] Paramount Iteration,0,141,36.4164681435,0.22826218605
142 -- 3.1927249335938215 --- TKE: 0.9999999999999323 
[MO833] Paramount Iteration,1,142,36.6318490505,0.227451086044
[MO833] Paramount Iteration,0,142,36.6439189911,0.227450847626
143 -- 3.2152089141934312 --- TKE: 0.9999999999999318 
[MO833] Paramount Iteration,1,143,36.8592121601,0.227363109589
[MO833] Paramount Iteration,0,143,36.871281147,0.227362155914
144 -- 3.2376928947930446 --- TKE: 0.9999999999999312 
[MO833] Paramount Iteration,1,144,37.0867109299,0.22749876976
[MO833] Paramount Iteration,0,144,37.0987801552,0.227499008179
145 -- 3.2601768753926565 --- TKE: 0.9999999999999307 
[MO833] Paramount Iteration,1,145,37.3139810562,0.227270126343
[MO833] Paramount Iteration,0,145,37.3260500431,0.227269887924
146 -- 3.282660855992265 --- TKE: 0.9999999999999303 
[MO833] Paramount Iteration,1,146,37.5413601398,0.227379083633
[MO833] Paramount Iteration,0,146,37.5534291267,0.227379083633
147 -- 3.305144836396841 --- TKE: 0.9999999999999298 
[MO833] Paramount Iteration,1,147,37.7687430382,0.227382898331
[MO833] Paramount Iteration,0,147,37.7808120251,0.227382898331
148 -- 3.3276288167756345 --- TKE: 0.9999999999999294 
[MO833] Paramount Iteration,1,148,37.9961590767,0.227416038513
[MO833] Paramount Iteration,0,148,38.0082280636,0.227416038513
149 -- 3.350112797375234 --- TKE: 0.999999999999929 
[MO833] Paramount Iteration,1,149,38.2235779762,0.227418899536
[MO833] Paramount Iteration,0,149,38.3420891762,0.333861112595
150 -- 3.372596777974834 --- TKE: 0.9999999999999283 
[MO833] Paramount Iteration,1,150,38.5611190796,0.337541103363
[MO833] Paramount Iteration,0,150,38.5731871128,0.23109793663
151 -- 3.3950807585744367 --- TKE: 0.9999999999999281 
[MO833] Paramount Iteration,1,151,38.7932300568,0.232110977173
[MO833] Paramount Iteration,0,151,38.8052771091,0.232089996338
152 -- 3.4175647391740407 --- TKE: 0.9999999999999274 
[MO833] Paramount Iteration,1,152,39.0224609375,0.229230880737
[MO833] Paramount Iteration,0,152,39.0345289707,0.229251861572
153 -- 3.4400487197736522 --- TKE: 0.999999999999927 
[MO833] Paramount Iteration,1,153,39.2513771057,0.228916168213
[MO833] Paramount Iteration,0,153,39.2634470463,0.228918075562
154 -- 3.4625327003732593 --- TKE: 0.9999999999999263 
[MO833] Paramount Iteration,1,154,39.4800701141,0.228693008423
[MO833] Paramount Iteration,0,154,39.492139101,0.228692054749
155 -- 3.4850166809728576 --- TKE: 0.9999999999999261 
[MO833] Paramount Iteration,1,155,39.7075190544,0.227448940277
[MO833] Paramount Iteration,0,155,39.7195880413,0.227448940277
156 -- 3.5075006615140545 --- TKE: 0.9999999999999254 
[MO833] Paramount Iteration,1,156,39.9348859787,0.227366924286
[MO833] Paramount Iteration,0,156,39.9469549656,0.227366924286
157 -- 3.529984641960433 --- TKE: 0.999999999999925 
[MO833] Paramount Iteration,1,157,40.1623809338,0.227494955063
[MO833] Paramount Iteration,0,157,40.1744511127,0.227496147156
158 -- 3.5524686225600277 --- TKE: 0.9999999999999245 
[MO833] Paramount Iteration,1,158,40.3931701183,0.23078918457
[MO833] Paramount Iteration,0,158,40.4052519798,0.230800867081
159 -- 3.574952603159619 --- TKE: 0.9999999999999241 
[MO833] Paramount Iteration,1,159,40.6207809448,0.227610826492
[MO833] Paramount Iteration,0,159,40.7434670925,0.338215112686
160 -- 3.5974365837592135 --- TKE: 0.9999999999999236 
[MO833] Paramount Iteration,1,160,40.9624159336,0.341634988785
[MO833] Paramount Iteration,0,160,40.9744839668,0.231016874313
161 -- 3.6199205643588184 --- TKE: 0.9999999999999232 
[MO833] Paramount Iteration,1,161,41.1914060116,0.228990077972
[MO833] Paramount Iteration,0,161,41.2034761906,0.22899222374
162 -- 3.6424045449584215 --- TKE: 0.9999999999999227 
[MO833] Paramount Iteration,1,162,41.4195361137,0.228130102158
[MO833] Paramount Iteration,0,162,41.4316051006,0.228128910065
163 -- 3.664888525558017 --- TKE: 0.9999999999999221 
[MO833] Paramount Iteration,1,163,41.6469140053,0.227377891541
[MO833] Paramount Iteration,0,163,41.6589829922,0.227377891541
164 -- 3.6873725061576073 --- TKE: 0.9999999999999218 
[MO833] Paramount Iteration,1,164,41.8746390343,0.227725028992
[MO833] Paramount Iteration,0,164,41.8867089748,0.227725982666
165 -- 3.709856486757193 --- TKE: 0.9999999999999214 
[MO833] Paramount Iteration,1,165,42.1020181179,0.227379083633
[MO833] Paramount Iteration,0,165,42.1140871048,0.227378129959
166 -- 3.7323404673407996 --- TKE: 0.999999999999921 
[MO833] Paramount Iteration,1,166,42.3295869827,0.227568864822
[MO833] Paramount Iteration,0,166,42.3416559696,0.227568864822
167 -- 3.7548244479403867 --- TKE: 0.9999999999999203 
[MO833] Paramount Iteration,1,167,42.5570130348,0.227426052094
[MO833] Paramount Iteration,0,167,42.5690829754,0.227427005768
168 -- 3.7773084285399765 --- TKE: 0.9999999999999196 
[MO833] Paramount Iteration,1,168,42.7844369411,0.227423906326
[MO833] Paramount Iteration,0,168,42.7965061665,0.227423191071
169 -- 3.7997924091395707 --- TKE: 0.9999999999999194 
[MO833] Paramount Iteration,1,169,43.0118670464,0.227430105209
[MO833] Paramount Iteration,0,169,43.1304090023,0.333902835846
170 -- 3.8222763897391707 --- TKE: 0.9999999999999187 
[MO833] Paramount Iteration,1,170,43.3495190144,0.337651968002
[MO833] Paramount Iteration,0,170,43.3615870476,0.231178045273
171 -- 3.844760370338771 --- TKE: 0.9999999999999183 
[MO833] Paramount Iteration,1,171,43.577368021,0.227849006653
[MO833] Paramount Iteration,0,171,43.5894391537,0.227852106094
172 -- 3.8672443509383587 --- TKE: 0.9999999999999178 
[MO833] Paramount Iteration,1,172,43.8048801422,0.227512121201
[MO833] Paramount Iteration,0,172,43.8169491291,0.227509975433
173 -- 3.8897283315379436 --- TKE: 0.9999999999999174 
[MO833] Paramount Iteration,1,173,44.0350539684,0.230173826218
[MO833] Paramount Iteration,0,173,44.0471241474,0.230175018311
174 -- 3.912212312137525 --- TKE: 0.999999999999917 
[MO833] Paramount Iteration,1,174,44.2625379562,0.227483987808
[MO833] Paramount Iteration,0,174,44.2746071815,0.227483034134
175 -- 3.934696292737101 --- TKE: 0.9999999999999165 
[MO833] Paramount Iteration,1,175,44.4898929596,0.227355003357
[MO833] Paramount Iteration,0,175,44.5019609928,0.227353811264
176 -- 3.95718027333668 --- TKE: 0.9999999999999161 
[MO833] Paramount Iteration,1,176,44.7170131207,0.227120161057
[MO833] Paramount Iteration,0,176,44.7290811539,0.227120161057
177 -- 3.9796642539362646 --- TKE: 0.9999999999999154 
[MO833] Paramount Iteration,1,177,44.944879055,0.227865934372
[MO833] Paramount Iteration,0,177,44.9569661617,0.227885007858
178 -- 4.002148234535856 --- TKE: 0.999999999999915 
[MO833] Paramount Iteration,1,178,45.1721179485,0.227238893509
[MO833] Paramount Iteration,0,178,45.1841871738,0.227221012115
179 -- 4.024632215135454 --- TKE: 0.9999999999999145 
[MO833] Paramount Iteration,1,179,45.3994791508,0.22736120224
[MO833] Paramount Iteration,0,179,45.5195071697,0.33531999588
180 -- 4.0471161957350485 --- TKE: 0.9999999999999141 
[MO833] Paramount Iteration,1,180,45.7382929325,0.338813781738
[MO833] Paramount Iteration,0,180,45.7503609657,0.230853796005
181 -- 4.069600176334632 --- TKE: 0.9999999999999134 
[MO833] Paramount Iteration,1,181,45.9672720432,0.228979110718
[MO833] Paramount Iteration,0,181,45.9793419838,0.228981018066
182 -- 4.092084156934207 --- TKE: 0.9999999999999132 
[MO833] Paramount Iteration,1,182,46.1961450577,0.22887301445
[MO833] Paramount Iteration,0,182,46.2082140446,0.228872060776
183 -- 4.114568137533776 --- TKE: 0.9999999999999125 
[MO833] Paramount Iteration,1,183,46.4251289368,0.228983879089
[MO833] Paramount Iteration,0,183,46.4371981621,0.228984117508
184 -- 4.137052118133348 --- TKE: 0.9999999999999121 
[MO833] Paramount Iteration,1,184,46.654061079,0.228932142258
[MO833] Paramount Iteration,0,184,46.6661310196,0.228932857513
185 -- 4.1595360987329215 --- TKE: 0.9999999999999116 
[MO833] Paramount Iteration,1,185,46.8830449581,0.228983879089
[MO833] Paramount Iteration,0,185,46.8951141834,0.228983163834
186 -- 4.182020079332502 --- TKE: 0.9999999999999112 
[MO833] Paramount Iteration,1,186,47.111921072,0.228876113892
[MO833] Paramount Iteration,0,186,47.1239910126,0.228876829147
187 -- 4.204504059932089 --- TKE: 0.9999999999999107 
[MO833] Paramount Iteration,1,187,47.3409340382,0.229012966156
[MO833] Paramount Iteration,0,187,47.3530039787,0.229012966156
188 -- 4.226988040531685 --- TKE: 0.9999999999999103 
[MO833] Paramount Iteration,1,188,47.5725021362,0.231568098068
[MO833] Paramount Iteration,0,188,47.5845479965,0.231544017792
189 -- 4.249472021131279 --- TKE: 0.9999999999999096 
[MO833] Paramount Iteration,1,189,47.8000290394,0.227526903152
[MO833] Paramount Iteration,0,189,47.9186489582,0.334100961685
190 -- 4.2719560017308575 --- TKE: 0.999999999999909 
[MO833] Paramount Iteration,1,190,48.1375470161,0.337517976761
[MO833] Paramount Iteration,0,190,48.1496150494,0.230966091156
191 -- 4.294439982330431 --- TKE: 0.9999999999999087 
[MO833] Paramount Iteration,1,191,48.3660941124,0.228547096252
[MO833] Paramount Iteration,0,191,48.3781630993,0.228548049927
192 -- 4.316923962930004 --- TKE: 0.9999999999999083 
[MO833] Paramount Iteration,1,192,48.593419075,0.227324962616
[MO833] Paramount Iteration,0,192,48.6054880619,0.227324962616
193 -- 4.339407943529572 --- TKE: 0.9999999999999076 
[MO833] Paramount Iteration,1,193,48.8208150864,0.227396011353
[MO833] Paramount Iteration,0,193,48.8328840733,0.227396011353
194 -- 4.361891924129147 --- TKE: 0.9999999999999072 
[MO833] Paramount Iteration,1,194,49.04829216,0.227477073669
[MO833] Paramount Iteration,0,194,49.0603611469,0.227477073669
195 -- 4.384375904728726 --- TKE: 0.9999999999999067 
[MO833] Paramount Iteration,1,195,49.2758319378,0.227539777756
[MO833] Paramount Iteration,0,195,49.2879011631,0.227540016174
196 -- 4.4068598853283145 --- TKE: 0.9999999999999063 
[MO833] Paramount Iteration,1,196,49.5032939911,0.227462053299
[MO833] Paramount Iteration,0,196,49.515362978,0.22746181488
197 -- 4.42934386592791 --- TKE: 0.9999999999999059 
[MO833] Paramount Iteration,1,197,49.7308371067,0.227543115616
[MO833] Paramount Iteration,0,197,49.7429070473,0.22754406929
198 -- 4.451827846527496 --- TKE: 0.9999999999999054 
[MO833] Paramount Iteration,1,198,49.9582300186,0.227392911911
[MO833] Paramount Iteration,0,198,49.9702990055,0.227391958237
199 -- 4.474311827127072 --- TKE: 0.999999999999905 
[MO833] Paramount Iteration,1,199,50.185683012,0.227452993393
[MO833] Paramount Iteration,0,199,50.3313629627,0.361063957214
200 -- 4.496795807726643 --- TKE: 0.9999999999999045 
[MO833] Paramount Iteration,1,200,50.5541830063,0.368499994278
[MO833] Paramount Iteration,0,200,50.5662591457,0.234896183014
201 -- 4.519279788326208 --- TKE: 0.9999999999999041 
[MO833] Paramount Iteration,1,201,50.7837121487,0.22952914238
[MO833] Paramount Iteration,0,201,50.7957811356,0.229521989822
202 -- 4.541763768925774 --- TKE: 0.9999999999999034 
[MO833] Paramount Iteration,1,202,51.013035059,0.229322910309
[MO833] Paramount Iteration,0,202,51.0251040459,0.229322910309
203 -- 4.564247749525343 --- TKE: 0.9999999999999032 
[MO833] Paramount Iteration,1,203,51.2422571182,0.22922205925
[MO833] Paramount Iteration,0,203,51.2543261051,0.22922205925
204 -- 4.58673173012492 --- TKE: 0.9999999999999023 
[MO833] Paramount Iteration,1,204,51.4713180065,0.22906088829
[MO833] Paramount Iteration,0,204,51.4833869934,0.22906088829
205 -- 4.609215710724505 --- TKE: 0.9999999999999019 
[MO833] Paramount Iteration,1,205,51.6990361214,0.227718114853
[MO833] Paramount Iteration,0,205,51.7111041546,0.227717161179
206 -- 4.631699691324103 --- TKE: 0.9999999999999014 
[MO833] Paramount Iteration,1,206,51.9267959595,0.227759838104
[MO833] Paramount Iteration,0,206,51.9388651848,0.227761030197
207 -- 4.654183671923689 --- TKE: 0.999999999999901 
[MO833] Paramount Iteration,1,207,52.1544611454,0.227665185928
[MO833] Paramount Iteration,0,207,52.1665301323,0.22766494751
208 -- 4.676667652523267 --- TKE: 0.9999999999999005 
[MO833] Paramount Iteration,1,208,52.3821640015,0.227702856064
[MO833] Paramount Iteration,0,208,52.3942320347,0.22770190239
209 -- 4.699151633122833 --- TKE: 0.9999999999999001 
[MO833] Paramount Iteration,1,209,52.6099140644,0.227750062943
[MO833] Paramount Iteration,0,209,52.7311341763,0.336902141571
210 -- 4.721635613722397 --- TKE: 0.9999999999998996 
[MO833] Paramount Iteration,1,210,52.9502420425,0.340327978134
[MO833] Paramount Iteration,0,210,52.9623100758,0.231175899506
211 -- 4.744119594321963 --- TKE: 0.9999999999998992 
[MO833] Paramount Iteration,1,211,53.1795179844,0.229275941849
[MO833] Paramount Iteration,0,211,53.1915869713,0.229276895523
212 -- 4.766603574921529 --- TKE: 0.9999999999998987 
[MO833] Paramount Iteration,1,212,53.4077589512,0.228240966797
[MO833] Paramount Iteration,0,212,53.4198281765,0.228241205215
213 -- 4.789087555521107 --- TKE: 0.9999999999998983 
[MO833] Paramount Iteration,1,213,53.6354720592,0.227713108063
[MO833] Paramount Iteration,0,213,53.6475419998,0.227713823318
214 -- 4.811571536120699 --- TKE: 0.9999999999998979 
[MO833] Paramount Iteration,1,214,53.8631250858,0.227653026581
[MO833] Paramount Iteration,0,214,53.8751940727,0.227652072906
215 -- 4.8340555167203005 --- TKE: 0.9999999999998974 
[MO833] Paramount Iteration,1,215,54.0908010006,0.227675914764
[MO833] Paramount Iteration,0,215,54.1028699875,0.227675914764
216 -- 4.856539497319888 --- TKE: 0.999999999999897 
[MO833] Paramount Iteration,1,216,54.3223791122,0.231578111649
[MO833] Paramount Iteration,0,216,54.3344480991,0.231578111649
217 -- 4.879023477919465 --- TKE: 0.9999999999998965 
[MO833] Paramount Iteration,1,217,54.5536570549,0.231277942657
[MO833] Paramount Iteration,0,217,54.5657260418,0.231277942657
218 -- 4.901507458519036 --- TKE: 0.9999999999998959 
[MO833] Paramount Iteration,1,218,54.7812850475,0.22762799263
[MO833] Paramount Iteration,0,218,54.7933530807,0.227627038956
219 -- 4.9239914391186 --- TKE: 0.9999999999998956 
[MO833] Paramount Iteration,1,219,55.0090010166,0.227715969086
[MO833] Paramount Iteration,0,219,55.1278781891,0.334525108337
220 -- 4.946475419718166 --- TKE: 0.999999999999895 
[MO833] Paramount Iteration,1,220,55.3470180035,0.338016986847
[MO833] Paramount Iteration,0,220,55.3590860367,0.231207847595
221 -- 4.968959400317736 --- TKE: 0.9999999999998945 
[MO833] Paramount Iteration,1,221,55.5756130219,0.228595018387
[MO833] Paramount Iteration,0,221,55.5876820087,0.228595972061
222 -- 4.991443380917313 --- TKE: 0.9999999999998939 
[MO833] Paramount Iteration,1,222,55.8036279678,0.228014945984
[MO833] Paramount Iteration,0,222,55.8156971931,0.228015184402
223 -- 5.013927361516902 --- TKE: 0.9999999999998934 
[MO833] Paramount Iteration,1,223,56.0316841602,0.228056192398
[MO833] Paramount Iteration,0,223,56.0437521935,0.228055000305
224 -- 5.036411342116496 --- TKE: 0.999999999999893 
[MO833] Paramount Iteration,1,224,56.2604191303,0.228734970093
[MO833] Paramount Iteration,0,224,56.2725071907,0.228754997253
225 -- 5.058895322716081 --- TKE: 0.9999999999998925 
[MO833] Paramount Iteration,1,225,56.4884729385,0.228053808212
[MO833] Paramount Iteration,0,225,56.5005421638,0.228034973145
226 -- 5.081379303315652 --- TKE: 0.9999999999998921 
[MO833] Paramount Iteration,1,226,56.7165210247,0.228048086166
[MO833] Paramount Iteration,0,226,56.7285909653,0.228048801422
227 -- 5.103863283915223 --- TKE: 0.9999999999998916 
[MO833] Paramount Iteration,1,227,56.9445569515,0.228035926819
[MO833] Paramount Iteration,0,227,56.9566271305,0.228036165237
228 -- 5.126347264514789 --- TKE: 0.999999999999891 
[MO833] Paramount Iteration,1,228,57.1726269722,0.228070020676
[MO833] Paramount Iteration,0,228,57.1846959591,0.228068828583
229 -- 5.148831245114358 --- TKE: 0.9999999999998908 
[MO833] Paramount Iteration,1,229,57.400496006,0.227869033813
[MO833] Paramount Iteration,0,229,57.5214161873,0.336720228195
230 -- 5.1713152257139265 --- TKE: 0.9999999999998903 
[MO833] Paramount Iteration,1,230,57.7406871319,0.34019112587
[MO833] Paramount Iteration,0,230,57.7527551651,0.231338977814
231 -- 5.193799206313509 --- TKE: 0.9999999999998896 
[MO833] Paramount Iteration,0,231,57.9856841564,0.232928991318
[MO833] Paramount Iteration,1,231,57.973637104,0.232949972153
232 -- 5.216283186913109 --- TKE: 0.9999999999998892 
[MO833] Paramount Iteration,1,232,58.2030990124,0.22946190834
[MO833] Paramount Iteration,0,232,58.2151679993,0.22948384285
233 -- 5.238767167512705 --- TKE: 0.9999999999998885 
[MO833] Paramount Iteration,1,233,58.4325859547,0.229486942291
[MO833] Paramount Iteration,0,233,58.44465518,0.22948718071
234 -- 5.2612511481122874 --- TKE: 0.9999999999998881 
[MO833] Paramount Iteration,1,234,58.6619651318,0.229379177094
[MO833] Paramount Iteration,0,234,58.6740341187,0.229378938675
235 -- 5.283735128711861 --- TKE: 0.9999999999998879 
[MO833] Paramount Iteration,1,235,58.8913099766,0.229344844818
[MO833] Paramount Iteration,0,235,58.9033789635,0.229344844818
236 -- 5.306219109311428 --- TKE: 0.9999999999998872 
[MO833] Paramount Iteration,1,236,59.1207079887,0.229398012161
[MO833] Paramount Iteration,0,236,59.1327769756,0.229398012161
237 -- 5.328703089910997 --- TKE: 0.9999999999998868 
[MO833] Paramount Iteration,1,237,59.3501081467,0.229400157928
[MO833] Paramount Iteration,0,237,59.3621771336,0.229400157928
238 -- 5.351187070510567 --- TKE: 0.9999999999998863 
[MO833] Paramount Iteration,1,238,59.5784981251,0.228389978409
[MO833] Paramount Iteration,0,238,59.590567112,0.228389978409
239 -- 5.3736710511101435 --- TKE: 0.9999999999998859 
[MO833] Paramount Iteration,1,239,59.806440115,0.227941989899
[MO833] Paramount Iteration,0,239,59.9247419834,0.334174871445
240 -- 5.39615503170973 --- TKE: 0.9999999999998854 
[MO833] Paramount Iteration,1,240,60.1440269947,0.33758687973
[MO833] Paramount Iteration,0,240,60.1560950279,0.23135304451
241 -- 5.418639012309329 --- TKE: 0.9999999999998848 
[MO833] Paramount Iteration,1,241,60.3728780746,0.228851079941
[MO833] Paramount Iteration,0,241,60.3849470615,0.228852033615
242 -- 5.441122992908923 --- TKE: 0.9999999999998845 
[MO833] Paramount Iteration,1,242,60.600536108,0.227658033371
[MO833] Paramount Iteration,0,242,60.6126050949,0.227658033371
243 -- 5.463606973508504 --- TKE: 0.9999999999998841 
[MO833] Paramount Iteration,1,243,60.8284440041,0.227907896042
[MO833] Paramount Iteration,0,243,60.840514183,0.227909088135
244 -- 5.486090954108075 --- TKE: 0.9999999999998834 
[MO833] Paramount Iteration,1,244,61.056194067,0.227750062943
[MO833] Paramount Iteration,0,244,61.0682640076,0.227749824524
245 -- 5.508574934707642 --- TKE: 0.999999999999883 
[MO833] Paramount Iteration,1,245,61.2838740349,0.22767996788
[MO833] Paramount Iteration,0,245,61.2959439754,0.22767996788
246 -- 5.531058915307213 --- TKE: 0.9999999999998825 
[MO833] Paramount Iteration,1,246,61.5114850998,0.227611064911
[MO833] Paramount Iteration,0,246,61.5235540867,0.227610111237
247 -- 5.5535428959067845 --- TKE: 0.9999999999998821 
[MO833] Paramount Iteration,1,247,61.7391209602,0.227635860443
[MO833] Paramount Iteration,0,247,61.7511901855,0.227636098862
248 -- 5.576026876506363 --- TKE: 0.9999999999998814 
[MO833] Paramount Iteration,1,248,61.966989994,0.227869033813
[MO833] Paramount Iteration,0,248,61.9790589809,0.227868795395
249 -- 5.59851085710595 --- TKE: 0.999999999999881 
[MO833] Paramount Iteration,1,249,62.1946101189,0.227620124817
[MO833] Paramount Iteration,0,249,62.3143010139,0.335242033005
250 -- 5.620994837705554 --- TKE: 0.9999999999998805 
[MO833] Paramount Iteration,1,250,62.537471056,0.342860937119
[MO833] Paramount Iteration,0,250,62.5495390892,0.235238075256
251 -- 5.6434788183051445 --- TKE: 0.9999999999998801 
[MO833] Paramount Iteration,1,251,62.7668280602,0.229357004166
[MO833] Paramount Iteration,0,251,62.778897047,0.22935795784
252 -- 5.6659627989047205 --- TKE: 0.9999999999998797 
[MO833] Paramount Iteration,1,252,62.999694109,0.232866048813
[MO833] Paramount Iteration,0,252,63.011783123,0.232886075974
253 -- 5.688446779504294 --- TKE: 0.9999999999998792 
[MO833] Paramount Iteration,1,253,63.2291109562,0.229416847229
[MO833] Paramount Iteration,0,253,63.2411801815,0.229397058487
254 -- 5.710930760103862 --- TKE: 0.9999999999998788 
[MO833] Paramount Iteration,1,254,63.4582550526,0.229144096375
[MO833] Paramount Iteration,0,254,63.4703240395,0.229143857956
255 -- 5.733414740703433 --- TKE: 0.9999999999998783 
[MO833] Paramount Iteration,1,255,63.685958147,0.227703094482
[MO833] Paramount Iteration,0,255,63.6980271339,0.227703094482
256 -- 5.755898721303008 --- TKE: 0.9999999999998777 
[MO833] Paramount Iteration,1,256,63.9137480259,0.227789878845
[MO833] Paramount Iteration,0,256,63.9258191586,0.227792024612
257 -- 5.778382701902587 --- TKE: 0.9999999999998772 
[MO833] Paramount Iteration,1,257,64.1414151192,0.227667093277
[MO833] Paramount Iteration,0,257,64.1534860134,0.227666854858
258 -- 5.800866682502184 --- TKE: 0.9999999999998768 
[MO833] Paramount Iteration,1,258,64.3692121506,0.227797031403
[MO833] Paramount Iteration,0,258,64.3812811375,0.227795124054
259 -- 5.8233506631017855 --- TKE: 0.9999999999998765 
[MO833] Paramount Iteration,1,259,64.5969281197,0.227715969086
[MO833] Paramount Iteration,0,259,64.7184619904,0.33718085289
260 -- 5.845834643701368 --- TKE: 0.9999999999998757 
[MO833] Paramount Iteration,1,260,64.9376780987,0.340749979019
[MO833] Paramount Iteration,0,260,64.9497461319,0.231284141541
261 -- 5.868318624300941 --- TKE: 0.9999999999998754 
[MO833] Paramount Iteration,1,261,65.1669781208,0.229300022125
[MO833] Paramount Iteration,0,261,65.1790471077,0.2293009758
262 -- 5.890802604900512 --- TKE: 0.999999999999875 
[MO833] Paramount Iteration,1,262,65.3952670097,0.228288888931
[MO833] Paramount Iteration,0,262,65.4073359966,0.228288888931
263 -- 5.913286585500081 --- TKE: 0.9999999999998743 
[MO833] Paramount Iteration,1,263,65.6229960918,0.227729082108
[MO833] Paramount Iteration,0,263,65.6350660324,0.227730035782
264 -- 5.9357705660996505 --- TKE: 0.9999999999998741 
[MO833] Paramount Iteration,1,264,65.8507249355,0.227728843689
[MO833] Paramount Iteration,0,264,65.8627941608,0.227728128433
265 -- 5.958254546699222 --- TKE: 0.9999999999998734 
[MO833] Paramount Iteration,1,265,66.078453064,0.227728128433
[MO833] Paramount Iteration,0,265,66.0905230045,0.227728843689
266 -- 5.980738527298808 --- TKE: 0.999999999999873 
[MO833] Paramount Iteration,1,266,66.3061130047,0.22765994072
[MO833] Paramount Iteration,0,266,66.3181819916,0.227658987045
267 -- 6.003222507851475 --- TKE: 0.9999999999998725 
[MO833] Paramount Iteration,1,267,66.5337049961,0.227591991425
[MO833] Paramount Iteration,0,267,66.545773983,0.227591991425
268 -- 6.025706488260105 --- TKE: 0.9999999999998721 
[MO833] Paramount Iteration,1,268,66.7613861561,0.227681159973
[MO833] Paramount Iteration,0,268,66.773455143,0.227681159973
269 -- 6.0481904687618115 --- TKE: 0.9999999999998714 
[MO833] Paramount Iteration,1,269,66.9892110825,0.227824926376
[MO833] Paramount Iteration,0,269,67.1093671322,0.335911989212
270 -- 6.070674449361386 --- TKE: 0.9999999999998712 
[MO833] Paramount Iteration,1,270,67.3285329342,0.33932185173
[MO833] Paramount Iteration,0,270,67.3406000137,0.231232881546
271 -- 6.093158429960954 --- TKE: 0.9999999999998705 
[MO833] Paramount Iteration,1,271,67.5569319725,0.228399038315
[MO833] Paramount Iteration,0,271,67.5690021515,0.228402137756
272 -- 6.1156424105605245 --- TKE: 0.9999999999998701 
[MO833] Paramount Iteration,1,272,67.7845239639,0.227591991425
[MO833] Paramount Iteration,0,272,67.7965941429,0.227591991425
273 -- 6.138126391160097 --- TKE: 0.9999999999998697 
[MO833] Paramount Iteration,1,273,68.0124001503,0.227876186371
[MO833] Paramount Iteration,0,273,68.0244700909,0.227875947952
274 -- 6.160610371759676 --- TKE: 0.999999999999869 
[MO833] Paramount Iteration,1,274,68.2400300503,0.227629899979
[MO833] Paramount Iteration,0,274,68.2520990372,0.227628946304
275 -- 6.183094352359266 --- TKE: 0.9999999999998685 
[MO833] Paramount Iteration,1,275,68.4678750038,0.227844953537
[MO833] Paramount Iteration,0,275,68.4799439907,0.227844953537
276 -- 6.20557833270777 --- TKE: 0.9999999999998681 
[MO833] Paramount Iteration,1,276,68.6955220699,0.227647066116
[MO833] Paramount Iteration,0,276,68.7075910568,0.227647066116
277 -- 6.228062312864244 --- TKE: 0.9999999999998677 
[MO833] Paramount Iteration,1,277,68.9259140491,0.230391979218
[MO833] Paramount Iteration,0,277,68.937983036,0.230391979218
278 -- 6.250546293077216 --- TKE: 0.9999999999998672 
[MO833] Paramount Iteration,1,278,69.1592299938,0.233315944672
[MO833] Paramount Iteration,0,278,69.1712989807,0.233315944672
279 -- 6.273030273569177 --- TKE: 0.9999999999998668 
[MO833] Paramount Iteration,1,279,69.3924689293,0.233238935471
[MO833] Paramount Iteration,0,279,69.5125069618,0.34120798111
280 -- 6.295514254168745 --- TKE: 0.9999999999998663 
[MO833] Paramount Iteration,1,280,69.7362749577,0.343806028366
[MO833] Paramount Iteration,0,280,69.7483589649,0.235852003098
281 -- 6.3179982347683135 --- TKE: 0.9999999999998659 
[MO833] Paramount Iteration,1,281,69.971157074,0.234882116318
[MO833] Paramount Iteration,0,281,69.9832260609,0.234867095947
282 -- 6.340482215367885 --- TKE: 0.9999999999998652 
[MO833] Paramount Iteration,1,282,70.2060451508,0.234888076782
[MO833] Paramount Iteration,0,282,70.2181141376,0.234888076782
283 -- 6.362966195967469 --- TKE: 0.999999999999865 
[MO833] Paramount Iteration,1,283,70.4411580563,0.235112905502
[MO833] Paramount Iteration,0,283,70.4532270432,0.235112905502
284 -- 6.385450176567063 --- TKE: 0.9999999999998641 
[MO833] Paramount Iteration,0,284,70.6913721561,0.238145112991
[MO833] Paramount Iteration,1,284,70.6793241501,0.238166093826
285 -- 6.407934156703588 --- TKE: 0.9999999999998639 
[MO833] Paramount Iteration,1,285,70.9143431187,0.235018968582
[MO833] Paramount Iteration,0,285,70.9264121056,0.235039949417
286 -- 6.430418136611803 --- TKE: 0.9999999999998632 
[MO833] Paramount Iteration,1,286,71.1492440701,0.234900951385
[MO833] Paramount Iteration,0,286,71.1613140106,0.23490190506
287 -- 6.452902116551987 --- TKE: 0.9999999999998628 
[MO833] Paramount Iteration,1,287,71.3826389313,0.233394861221
[MO833] Paramount Iteration,0,287,71.3947081566,0.233394145966
288 -- 6.475386096761695 --- TKE: 0.9999999999998623 
[MO833] Paramount Iteration,1,288,71.610585928,0.227946996689
[MO833] Paramount Iteration,0,288,71.6226551533,0.227946996689
289 -- 6.4978700773612585 --- TKE: 0.9999999999998619 
[MO833] Paramount Iteration,1,289,71.8383710384,0.227785110474
[MO833] Paramount Iteration,0,289,71.9592320919,0.336576938629
290 -- 6.520354057960824 --- TKE: 0.9999999999998614 
[MO833] Paramount Iteration,1,290,72.1784601212,0.340089082718
[MO833] Paramount Iteration,0,290,72.1905281544,0.231296062469
291 -- 6.542838038560398 --- TKE: 0.999999999999861 
[MO833] Paramount Iteration,1,291,72.4070320129,0.228571891785
[MO833] Paramount Iteration,0,291,72.4191031456,0.228574991226
292 -- 6.565322019159983 --- TKE: 0.9999999999998606 
[MO833] Paramount Iteration,1,292,72.6345620155,0.227530002594
[MO833] Paramount Iteration,0,292,72.6466310024,0.227527856827
293 -- 6.58780599962019 --- TKE: 0.9999999999998601 
[MO833] Paramount Iteration,1,293,72.8622329235,0.227670907974
[MO833] Paramount Iteration,0,293,72.8743031025,0.227672100067
294 -- 6.6102899795412995 --- TKE: 0.9999999999998597 
[MO833] Paramount Iteration,1,294,73.0899269581,0.227694034576
[MO833] Paramount Iteration,0,294,73.1019961834,0.227693080902
295 -- 6.632773959209342 --- TKE: 0.999999999999859 
[MO833] Paramount Iteration,1,295,73.3175110817,0.227584123611
[MO833] Paramount Iteration,0,295,73.3295791149,0.227582931519
296 -- 6.65525793889645 --- TKE: 0.9999999999998586 
[MO833] Paramount Iteration,1,296,73.5450980663,0.227586984634
[MO833] Paramount Iteration,0,296,73.5571670532,0.227587938309
297 -- 6.677741918854701 --- TKE: 0.9999999999998581 
[MO833] Paramount Iteration,1,297,73.7729151249,0.227817058563
[MO833] Paramount Iteration,0,297,73.7849841118,0.227817058563
298 -- 6.700225899311414 --- TKE: 0.9999999999998577 
[MO833] Paramount Iteration,1,298,74.0006511211,0.227735996246
[MO833] Paramount Iteration,0,298,74.012720108,0.227735996246
299 -- 6.7227098799109815 --- TKE: 0.999999999999857 
[MO833] Paramount Iteration,1,299,74.228249073,0.227597951889
[MO833] Paramount Iteration,0,299,74.3463749886,0.333654880524
300 -- 6.745193860510557 --- TKE: 0.9999999999998566 
[MO833] Paramount Iteration,1,300,74.5654160976,0.337167024612
[MO833] Paramount Iteration,0,300,74.5774831772,0.231108188629
301 -- 6.767677841110145 --- TKE: 0.9999999999998561 
[MO833] Paramount Iteration,1,301,74.7946009636,0.229184865952
[MO833] Paramount Iteration,0,301,74.8066711426,0.229187965393
302 -- 6.790161821378288 --- TKE: 0.9999999999998557 
[MO833] Paramount Iteration,1,302,75.0238029957,0.229202032089
[MO833] Paramount Iteration,0,302,75.0358719826,0.229200839996
303 -- 6.8126458010848285 --- TKE: 0.9999999999998552 
[MO833] Paramount Iteration,1,303,75.2530169487,0.229213953018
[MO833] Paramount Iteration,0,303,75.265086174,0.229214191437
304 -- 6.835129780524743 --- TKE: 0.9999999999998548 
[MO833] Paramount Iteration,1,304,75.4818210602,0.228804111481
[MO833] Paramount Iteration,0,304,75.4938900471,0.228803873062
305 -- 6.85761375998188 --- TKE: 0.9999999999998543 
[MO833] Paramount Iteration,1,305,75.7093341351,0.227513074875
[MO833] Paramount Iteration,0,305,75.7214031219,0.227513074875
306 -- 6.880097739722095 --- TKE: 0.9999999999998539 
[MO833] Paramount Iteration,1,306,75.9369659424,0.227631807327
[MO833] Paramount Iteration,0,306,75.9490351677,0.227632045746
307 -- 6.902581719987626 --- TKE: 0.9999999999998535 
[MO833] Paramount Iteration,1,307,76.1646101475,0.227644205093
[MO833] Paramount Iteration,0,307,76.176680088,0.227644920349
308 -- 6.925065700587196 --- TKE: 0.999999999999853 
[MO833] Paramount Iteration,1,308,76.3921060562,0.227495908737
[MO833] Paramount Iteration,0,308,76.4041750431,0.227494955063
309 -- 6.947549681186769 --- TKE: 0.9999999999998523 
[MO833] Paramount Iteration,1,309,76.6197669506,0.227660894394
[MO833] Paramount Iteration,0,309,76.7393000126,0.335124969482
310 -- 6.970033661786361 --- TKE: 0.9999999999998519 
[MO833] Paramount Iteration,1,310,76.9584741592,0.338707208633
[MO833] Paramount Iteration,0,310,76.9705410004,0.231240987778
311 -- 6.992517641856944 --- TKE: 0.9999999999998515 
[MO833] Paramount Iteration,1,311,77.1877670288,0.229292869568
[MO833] Paramount Iteration,0,311,77.1998369694,0.229295969009
312 -- 7.015001621353901 --- TKE: 0.999999999999851 
[MO833] Paramount Iteration,1,312,77.4158041477,0.228037118912
[MO833] Paramount Iteration,0,312,77.4278731346,0.228036165237
313 -- 7.037485600581394 --- TKE: 0.9999999999998506 
[MO833] Paramount Iteration,1,313,77.643445015,0.227640867233
[MO833] Paramount Iteration,0,313,77.6555151939,0.227642059326
314 -- 7.059969579834643 --- TKE: 0.9999999999998499 
[MO833] Paramount Iteration,1,314,77.8745181561,0.231073141098
[MO833] Paramount Iteration,0,314,77.886603117,0.23108792305
315 -- 7.082453559392314 --- TKE: 0.9999999999998495 
[MO833] Paramount Iteration,1,315,78.1021699905,0.227651834488
[MO833] Paramount Iteration,0,315,78.1142401695,0.227637052536
316 -- 7.104937539510077 --- TKE: 0.999999999999849 
[MO833] Paramount Iteration,1,316,78.3298220634,0.227652072906
[MO833] Paramount Iteration,0,316,78.3418910503,0.227650880814
317 -- 7.12742151990268 --- TKE: 0.9999999999998486 
[MO833] Paramount Iteration,1,317,78.5574769974,0.227654933929
[MO833] Paramount Iteration,0,317,78.5695471764,0.227656126022
318 -- 7.149905500376332 --- TKE: 0.9999999999998481 
[MO833] Paramount Iteration,1,318,78.7850310802,0.22755408287
[MO833] Paramount Iteration,0,318,78.7971000671,0.227552890778
319 -- 7.172389480975922 --- TKE: 0.9999999999998477 
[MO833] Paramount Iteration,1,319,79.0127151012,0.227684020996
[MO833] Paramount Iteration,0,319,79.1346950531,0.337594985962
320 -- 7.194873460847672 --- TKE: 0.9999999999998472 
[MO833] Paramount Iteration,1,320,79.3537881374,0.341073036194
[MO833] Paramount Iteration,0,320,79.3658561707,0.231161117554
321 -- 7.217357440143902 --- TKE: 0.9999999999998468 
[MO833] Paramount Iteration,1,321,79.5821750164,0.228386878967
[MO833] Paramount Iteration,0,321,79.5942440033,0.228387832642
322 -- 7.239841419177979 --- TKE: 0.9999999999998461 
[MO833] Paramount Iteration,1,322,79.8101530075,0.227977991104
[MO833] Paramount Iteration,0,322,79.8222231865,0.227979183197
323 -- 7.2623253982559355 --- TKE: 0.9999999999998457 
[MO833] Paramount Iteration,1,323,80.0380499363,0.227896928787
[MO833] Paramount Iteration,0,323,80.0501191616,0.227895975113
324 -- 7.2848093776681315 --- TKE: 0.9999999999998452 
[MO833] Paramount Iteration,1,324,80.265955925,0.227905988693
[MO833] Paramount Iteration,0,324,80.278026104,0.227906942368
325 -- 7.307293357682042 --- TKE: 0.9999999999998448 
[MO833] Paramount Iteration,1,325,80.4939041138,0.227948188782
[MO833] Paramount Iteration,0,325,80.5059740543,0.227947950363
326 -- 7.3297773378442965 --- TKE: 0.9999999999998443 
[MO833] Paramount Iteration,1,326,80.7220771313,0.228173017502
[MO833] Paramount Iteration,0,326,80.7341461182,0.228172063828
327 -- 7.352261318108462 --- TKE: 0.9999999999998437 
[MO833] Paramount Iteration,1,327,80.9500041008,0.227926969528
[MO833] Paramount Iteration,0,327,80.9620730877,0.227926969528
328 -- 7.374745298524202 --- TKE: 0.9999999999998432 
[MO833] Paramount Iteration,1,328,81.1780650616,0.22806096077
[MO833] Paramount Iteration,0,328,81.1901340485,0.22806096077
329 -- 7.397229278199905 --- TKE: 0.9999999999998428 
[MO833] Paramount Iteration,1,329,81.4057681561,0.227703094482
[MO833] Paramount Iteration,0,329,81.5254001617,0.335266113281
330 -- 7.41971325730785 --- TKE: 0.9999999999998423 
[MO833] Paramount Iteration,1,330,81.7444150448,0.338646888733
[MO833] Paramount Iteration,0,330,81.756483078,0.23108291626
331 -- 7.442197236170435 --- TKE: 0.9999999999998419 
[MO833] Paramount Iteration,1,331,81.9736931324,0.229278087616
[MO833] Paramount Iteration,0,331,81.9857621193,0.22927904129
332 -- 7.464681215103749 --- TKE: 0.9999999999998415 
[MO833] Paramount Iteration,1,332,82.2029309273,0.229237794876
[MO833] Paramount Iteration,0,332,82.2150001526,0.229238033295
333 -- 7.487165194408604 --- TKE: 0.9999999999998408 
[MO833] Paramount Iteration,1,333,82.4320571423,0.229126214981
[MO833] Paramount Iteration,0,333,82.4441261292,0.229125976562
334 -- 7.50964917430941 --- TKE: 0.9999999999998403 
[MO833] Paramount Iteration,1,334,82.6610910892,0.229033946991
[MO833] Paramount Iteration,0,334,82.6731610298,0.229034900665
335 -- 7.532133154279364 --- TKE: 0.9999999999998399 
[MO833] Paramount Iteration,1,335,82.8901910782,0.229099988937
[MO833] Paramount Iteration,0,335,82.9022610188,0.229099988937
336 -- 7.554617134371968 --- TKE: 0.9999999999998392 
[MO833] Paramount Iteration,1,336,83.1192510128,0.229059934616
[MO833] Paramount Iteration,0,336,83.1313199997,0.229058980942
337 -- 7.5771011146377925 --- TKE: 0.999999999999839 
[MO833] Paramount Iteration,1,337,83.3484539986,0.229202985764
[MO833] Paramount Iteration,0,337,83.3605229855,0.229202985764
338 -- 7.599585094124014 --- TKE: 0.9999999999998384 
[MO833] Paramount Iteration,1,338,83.57655406,0.228100061417
[MO833] Paramount Iteration,0,338,83.5886230469,0.228100061417
339 -- 7.622069073059356 --- TKE: 0.9999999999998379 
[MO833] Paramount Iteration,1,339,83.8041369915,0.227582931519
[MO833] Paramount Iteration,0,339,83.922342062,0.333719015121
340 -- 7.644553051774858 --- TKE: 0.9999999999998375 
[MO833] Paramount Iteration,1,340,84.1415190697,0.337382078171
[MO833] Paramount Iteration,0,340,84.1535861492,0.231244087219
341 -- 7.667037030595781 --- TKE: 0.999999999999837 
[MO833] Paramount Iteration,1,341,84.3703460693,0.228826999664
[MO833] Paramount Iteration,0,341,84.3824160099,0.228829860687
342 -- 7.689521009831995 --- TKE: 0.9999999999998366 
[MO833] Paramount Iteration,1,342,84.5978989601,0.227552890778
[MO833] Paramount Iteration,0,342,84.6099669933,0.227550983429
343 -- 7.712004989557455 --- TKE: 0.9999999999998361 
[MO833] Paramount Iteration,1,343,84.8254411221,0.227542161942
[MO833] Paramount Iteration,0,343,84.8375101089,0.227543115616
344 -- 7.734488969371476 --- TKE: 0.9999999999998357 
[MO833] Paramount Iteration,1,344,85.0531039238,0.227662801743
[MO833] Paramount Iteration,0,344,85.0651741028,0.227663993835
345 -- 7.75697294932845 --- TKE: 0.9999999999998352 
[MO833] Paramount Iteration,1,345,85.2843470573,0.231243133545
[MO833] Paramount Iteration,0,345,85.2964160442,0.231241941452
346 -- 7.779456929457478 --- TKE: 0.9999999999998348 
[MO833] Paramount Iteration,1,346,85.5119819641,0.227634906769
[MO833] Paramount Iteration,0,346,85.5240511894,0.227635145187
347 -- 7.8019409087642755 --- TKE: 0.9999999999998344 
[MO833] Paramount Iteration,1,347,85.7430310249,0.231049060822
[MO833] Paramount Iteration,0,347,85.7550780773,0.231026887894
348 -- 7.824424887545566 --- TKE: 0.9999999999998337 
[MO833] Paramount Iteration,1,348,85.9713969231,0.228365898132
[MO833] Paramount Iteration,0,348,85.9834840298,0.228405952454
349 -- 7.846908866140471 --- TKE: 0.9999999999998332 
[MO833] Paramount Iteration,1,349,86.1989560127,0.227559089661
[MO833] Paramount Iteration,0,349,86.319945097,0.3364610672
350 -- 7.8693928448823875 --- TKE: 0.9999999999998328 
[MO833] Paramount Iteration,1,350,86.5391111374,0.340155124664
[MO833] Paramount Iteration,0,350,86.5511779785,0.231232881546
351 -- 7.8918768240887776 --- TKE: 0.9999999999998321 
[MO833] Paramount Iteration,1,351,86.7683291435,0.229218006134
[MO833] Paramount Iteration,0,351,86.7803981304,0.229220151901
352 -- 7.914360803673567 --- TKE: 0.9999999999998317 
[MO833] Paramount Iteration,1,352,86.9976270199,0.229297876358
[MO833] Paramount Iteration,0,352,87.0096960068,0.229297876358
353 -- 7.936844783366143 --- TKE: 0.9999999999998312 
[MO833] Paramount Iteration,1,353,87.2268731594,0.229246139526
[MO833] Paramount Iteration,0,353,87.2389421463,0.229246139526
354 -- 7.959328763221277 --- TKE: 0.9999999999998308 
[MO833] Paramount Iteration,1,354,87.4560921192,0.229218959808
[MO833] Paramount Iteration,0,354,87.4681620598,0.229219913483
355 -- 7.981812743154557 --- TKE: 0.9999999999998304 
[MO833] Paramount Iteration,1,355,87.6836800575,0.227587938309
[MO833] Paramount Iteration,0,355,87.6957490444,0.227586984634
356 -- 8.004296722295148 --- TKE: 0.9999999999998299 
[MO833] Paramount Iteration,1,356,87.9112370014,0.227556943893
[MO833] Paramount Iteration,0,356,87.9233071804,0.227558135986
357 -- 8.026780700943432 --- TKE: 0.9999999999998295 
[MO833] Paramount Iteration,1,357,88.1388731003,0.227636098862
[MO833] Paramount Iteration,0,357,88.1509420872,0.227634906769
358 -- 8.04926467944588 --- TKE: 0.999999999999829 
[MO833] Paramount Iteration,1,358,88.3664369583,0.227563858032
[MO833] Paramount Iteration,0,358,88.3785061836,0.227564096451
359 -- 8.071748658142873 --- TKE: 0.9999999999998286 
[MO833] Paramount Iteration,1,359,88.5939750671,0.227538108826
[MO833] Paramount Iteration,0,359,88.7122700214,0.333763837814
360 -- 8.09423263735794 --- TKE: 0.9999999999998281 
[MO833] Paramount Iteration,1,360,88.9313130379,0.337337970734
[MO833] Paramount Iteration,0,360,88.9433810711,0.231111049652
361 -- 8.11671661683501 --- TKE: 0.9999999999998275 
[MO833] Paramount Iteration,1,361,89.1605780125,0.229264974594
[MO833] Paramount Iteration,0,361,89.1726469994,0.229265928268
362 -- 8.139200596438634 --- TKE: 0.9999999999998272 
[MO833] Paramount Iteration,1,362,89.3888320923,0.228254079819
[MO833] Paramount Iteration,0,362,89.4009010792,0.228254079819
363 -- 8.161684576223479 --- TKE: 0.9999999999998266 
[MO833] Paramount Iteration,1,363,89.6164960861,0.227663993835
[MO833] Paramount Iteration,0,363,89.628565073,0.227663993835
364 -- 8.184168555986533 --- TKE: 0.9999999999998261 
[MO833] Paramount Iteration,1,364,89.8441369534,0.227640867233
[MO833] Paramount Iteration,0,364,89.8562071323,0.227642059326
365 -- 8.20665253497694 --- TKE: 0.9999999999998257 
[MO833] Paramount Iteration,1,365,90.0716919899,0.227555036545
[MO833] Paramount Iteration,0,365,90.0837609768,0.227553844452
366 -- 8.229136513515321 --- TKE: 0.999999999999825 
[MO833] Paramount Iteration,1,366,90.2992501259,0.227558135986
[MO833] Paramount Iteration,0,366,90.3113200665,0.227559089661
367 -- 8.251620491954679 --- TKE: 0.9999999999998246 
[MO833] Paramount Iteration,1,367,90.5268731117,0.22762298584
[MO833] Paramount Iteration,0,367,90.5389420986,0.227622032166
368 -- 8.274104470641126 --- TKE: 0.9999999999998241 
[MO833] Paramount Iteration,1,368,90.7544429302,0.227569818497
[MO833] Paramount Iteration,0,368,90.7665131092,0.22757101059
369 -- 8.296588449902655 --- TKE: 0.9999999999998237 
[MO833] Paramount Iteration,1,369,90.9819319248,0.227488994598
[MO833] Paramount Iteration,0,369,91.101842165,0.335329055786
370 -- 8.319072429303096 --- TKE: 0.9999999999998233 
[MO833] Paramount Iteration,1,370,91.321171999,0.339240074158
[MO833] Paramount Iteration,0,370,91.3332400322,0.231397867203
371 -- 8.341556408848165 --- TKE: 0.9999999999998226 
[MO833] Paramount Iteration,1,371,91.5496280193,0.228456020355
[MO833] Paramount Iteration,0,371,91.5616979599,0.228457927704
372 -- 8.364040388591974 --- TKE: 0.9999999999998224 
[MO833] Paramount Iteration,1,372,91.7772531509,0.227625131607
[MO833] Paramount Iteration,0,372,91.7893221378,0.227624177933
373 -- 8.386524368210212 --- TKE: 0.9999999999998219 
[MO833] Paramount Iteration,1,373,92.0048260689,0.227572917938
[MO833] Paramount Iteration,0,373,92.0168950558,0.227572917938
374 -- 8.409008347068907 --- TKE: 0.9999999999998213 
[MO833] Paramount Iteration,1,374,92.2324280739,0.227602005005
[MO833] Paramount Iteration,0,374,92.2444970608,0.227602005005
375 -- 8.431492325522207 --- TKE: 0.9999999999998208 
[MO833] Paramount Iteration,1,375,92.4600920677,0.227663993835
[MO833] Paramount Iteration,0,375,92.4721610546,0.227663993835
376 -- 8.45397630392867 --- TKE: 0.9999999999998204 
[MO833] Paramount Iteration,1,376,92.6876780987,0.22758603096
[MO833] Paramount Iteration,0,376,92.6997480392,0.227586984634
377 -- 8.476460282638822 --- TKE: 0.9999999999998199 
[MO833] Paramount Iteration,1,377,92.9152901173,0.227612018585
[MO833] Paramount Iteration,0,377,92.9273600578,0.227612018585
378 -- 8.498944261887145 --- TKE: 0.9999999999998193 
[MO833] Paramount Iteration,1,378,93.1428921223,0.227602005005
[MO833] Paramount Iteration,0,378,93.1549620628,0.227602005005
379 -- 8.521428241240105 --- TKE: 0.9999999999998188 
[MO833] Paramount Iteration,1,379,93.3705909252,0.227698802948
[MO833] Paramount Iteration,0,379,93.4888441563,0.33388209343
380 -- 8.543912220754843 --- TKE: 0.9999999999998184 
[MO833] Paramount Iteration,1,380,93.7078771591,0.337286233902
[MO833] Paramount Iteration,0,380,93.7199451923,0.231101036072
381 -- 8.56639620047954 --- TKE: 0.9999999999998179 
[MO833] Paramount Iteration,1,381,93.9369380474,0.22906088829
[MO833] Paramount Iteration,0,381,93.9490070343,0.229061841965
382 -- 8.588880179940121 --- TKE: 0.9999999999998175 
[MO833] Paramount Iteration,1,382,94.1660809517,0.229142904282
[MO833] Paramount Iteration,0,382,94.178150177,0.2291431427
383 -- 8.61136415868765 --- TKE: 0.999999999999817 
[MO833] Paramount Iteration,1,383,94.3951029778,0.229022026062
[MO833] Paramount Iteration,0,383,94.4071731567,0.229022979736
384 -- 8.633848137081994 --- TKE: 0.9999999999998166 
[MO833] Paramount Iteration,1,384,94.6241819859,0.229079008102
[MO833] Paramount Iteration,0,384,94.6362509727,0.22907781601
385 -- 8.656332115486197 --- TKE: 0.9999999999998161 
[MO833] Paramount Iteration,1,385,94.8531310558,0.228949069977
[MO833] Paramount Iteration,0,385,94.8652009964,0.228950023651
386 -- 8.678816094253841 --- TKE: 0.9999999999998153 
[MO833] Paramount Iteration,1,386,95.0823800564,0.229249000549
[MO833] Paramount Iteration,0,386,95.0944499969,0.229249000549
387 -- 8.701300073464875 --- TKE: 0.9999999999998153 
[MO833] Paramount Iteration,1,387,95.3115749359,0.229194879532
[MO833] Paramount Iteration,0,387,95.3236441612,0.229194164276
388 -- 8.723784052797495 --- TKE: 0.9999999999998148 
[MO833] Paramount Iteration,1,388,95.5400841236,0.228509187698
[MO833] Paramount Iteration,0,388,95.5521531105,0.22850894928
389 -- 8.74626803230795 --- TKE: 0.9999999999998141 
[MO833] Paramount Iteration,1,389,95.7709050179,0.230820894241
[MO833] Paramount Iteration,0,389,95.894258976,0.342105865479
390 -- 8.768752011923242 --- TKE: 0.9999999999998135 
[MO833] Paramount Iteration,1,390,96.1136131287,0.342708110809
[MO833] Paramount Iteration,0,390,96.1256799698,0.231420993805
391 -- 8.791235991242669 --- TKE: 0.999999999999813 
[MO833] Paramount Iteration,1,391,96.3427479267,0.22913479805
[MO833] Paramount Iteration,0,391,96.354817152,0.229137182236
392 -- 8.8137199699013 --- TKE: 0.9999999999998126 
[MO833] Paramount Iteration,1,392,96.5703990459,0.227651119232
[MO833] Paramount Iteration,0,392,96.5824680328,0.227650880814
393 -- 8.83620394826374 --- TKE: 0.9999999999998122 
[MO833] Paramount Iteration,1,393,96.7979991436,0.227600097656
[MO833] Paramount Iteration,0,393,96.8100690842,0.227601051331
394 -- 8.8586879266964 --- TKE: 0.9999999999998117 
[MO833] Paramount Iteration,1,394,97.0257411003,0.227741956711
[MO833] Paramount Iteration,0,394,97.0378100872,0.227741003036
395 -- 8.881171905554517 --- TKE: 0.9999999999998113 
[MO833] Paramount Iteration,1,395,97.2532930374,0.227551937103
[MO833] Paramount Iteration,0,395,97.265362978,0.227552890778
396 -- 8.903655884754258 --- TKE: 0.9999999999998108 
[MO833] Paramount Iteration,1,396,97.4809100628,0.227617025375
[MO833] Paramount Iteration,0,396,97.4929790497,0.227616071701
397 -- 8.926139864091633 --- TKE: 0.9999999999998104 
[MO833] Paramount Iteration,1,397,97.7085421085,0.227632045746
[MO833] Paramount Iteration,0,397,97.7206110954,0.227632045746
398 -- 8.948623843621656 --- TKE: 0.9999999999998099 
[MO833] Paramount Iteration,1,398,97.9362659454,0.227723836899
[MO833] Paramount Iteration,0,398,97.9483361244,0.227725028992
399 -- 8.971107823150364 --- TKE: 0.9999999999998095 
[MO833] Paramount Iteration,1,399,98.1639170647,0.227651119232
[MO833] Paramount Iteration,0,399,98.2834320068,0.335095882416
400 -- 8.993591802347337 --- TKE: 0.999999999999809 
[MO833] Paramount Iteration,1,400,98.5024671555,0.33855009079
[MO833] Paramount Iteration,0,400,98.5145339966,0.231101989746
401 -- 9.016075780940678 --- TKE: 0.9999999999998084 
[MO833] Paramount Iteration,1,401,98.7316420078,0.229174852371
[MO833] Paramount Iteration,0,401,98.7437109947,0.229176998138
402 -- 9.038559759298838 --- TKE: 0.9999999999998082 
[MO833] Paramount Iteration,1,402,98.9607980251,0.229156017303
[MO833] Paramount Iteration,0,402,98.972867012,0.229156017303
403 -- 9.061043737790405 --- TKE: 0.9999999999998075 
[MO833] Paramount Iteration,1,403,99.1899421215,0.229144096375
[MO833] Paramount Iteration,0,403,99.2020120621,0.229145050049
404 -- 9.083527716770863 --- TKE: 0.999999999999807 
[MO833] Paramount Iteration,1,404,99.4190590382,0.229116916656
[MO833] Paramount Iteration,0,404,99.4311280251,0.229115962982
405 -- 9.106011695983423 --- TKE: 0.9999999999998066 
[MO833] Paramount Iteration,1,405,99.6466710567,0.227612018585
[MO833] Paramount Iteration,0,405,99.65873909,0.227611064911
406 -- 9.128495675348603 --- TKE: 0.9999999999998059 
[MO833] Paramount Iteration,1,406,99.8743350506,0.227663993835
[MO833] Paramount Iteration,0,406,99.8864030838,0.227663993835
407 -- 9.150979654919876 --- TKE: 0.9999999999998055 
[MO833] Paramount Iteration,1,407,100.10196805,0.22763299942
[MO833] Paramount Iteration,0,407,100.114037037,0.227633953094
408 -- 9.173463634384333 --- TKE: 0.999999999999805 
[MO833] Paramount Iteration,1,408,100.329419136,0.227451086044
[MO833] Paramount Iteration,0,408,100.341488123,0.227451086044
409 -- 9.195947613479227 --- TKE: 0.9999999999998046 
[MO833] Paramount Iteration,1,409,100.556937933,0.227518796921
[MO833] Paramount Iteration,0,409,100.676799059,0.335310935974
410 -- 9.2184315920319 --- TKE: 0.9999999999998042 
[MO833] Paramount Iteration,1,410,100.895931959,0.338994026184
[MO833] Paramount Iteration,0,410,100.907999039,0.231199979782
411 -- 9.240915570413641 --- TKE: 0.9999999999998037 
[MO833] Paramount Iteration,1,411,101.125143051,0.229211091995
[MO833] Paramount Iteration,0,411,101.137212038,0.229212999344
412 -- 9.263399548993997 --- TKE: 0.9999999999998033 
[MO833] Paramount Iteration,1,412,101.353608131,0.228465080261
[MO833] Paramount Iteration,0,412,101.365678072,0.228466033936
413 -- 9.285883528127304 --- TKE: 0.9999999999998026 
[MO833] Paramount Iteration,1,413,101.581026077,0.227417945862
[MO833] Paramount Iteration,0,413,101.593095064,0.227416992188
414 -- 9.308367507374884 --- TKE: 0.9999999999998022 
[MO833] Paramount Iteration,1,414,101.808584929,0.227558851242
[MO833] Paramount Iteration,0,414,101.820654154,0.227559089661
415 -- 9.33085148678887 --- TKE: 0.9999999999998017 
[MO833] Paramount Iteration,1,415,102.035928011,0.227343082428
[MO833] Paramount Iteration,0,415,102.04799819,0.227344036102
416 -- 9.353335466420928 --- TKE: 0.9999999999998013 
[MO833] Paramount Iteration,1,416,102.263442993,0.227514982224
[MO833] Paramount Iteration,0,416,102.275511026,0.227512836456
417 -- 9.375819445842836 --- TKE: 0.9999999999998008 
[MO833] Paramount Iteration,1,417,102.490813971,0.227370977402
[MO833] Paramount Iteration,0,417,102.502882957,0.227371931076
418 -- 9.398303424857403 --- TKE: 0.9999999999998004 
[MO833] Paramount Iteration,1,418,102.718279123,0.22746515274
[MO833] Paramount Iteration,0,418,102.730347157,0.227464199066
419 -- 9.420787403394685 --- TKE: 0.9999999999997997 
[MO833] Paramount Iteration,1,419,102.945657015,0.227377891541
[MO833] Paramount Iteration,0,419,103.092879057,0.362531900406
420 -- 9.443271381827788 --- TKE: 0.9999999999997993 
[MO833] Paramount Iteration,1,420,103.312325001,0.366667985916
[MO833] Paramount Iteration,0,420,103.324393034,0.231513977051
421 -- 9.465755360525957 --- TKE: 0.9999999999997988 
[MO833] Paramount Iteration,1,421,103.540868044,0.228543043137
[MO833] Paramount Iteration,0,421,103.552937984,0.228544950485
422 -- 9.488239339703968 --- TKE: 0.9999999999997984 
[MO833] Paramount Iteration,1,422,103.771114111,0.230246067047
[MO833] Paramount Iteration,0,422,103.783159971,0.230221986771
423 -- 9.51072331900687 --- TKE: 0.9999999999997979 
[MO833] Paramount Iteration,1,423,103.999933958,0.228819847107
[MO833] Paramount Iteration,0,423,104.012004137,0.228844165802
424 -- 9.533207298488648 --- TKE: 0.9999999999997975 
[MO833] Paramount Iteration,1,424,104.227610111,0.227676153183
[MO833] Paramount Iteration,0,424,104.239679098,0.22767496109
425 -- 9.55569127808653 --- TKE: 0.999999999999797 
[MO833] Paramount Iteration,1,425,104.455297947,0.227687835693
[MO833] Paramount Iteration,0,425,104.467367172,0.227688074112
426 -- 9.578175257486851 --- TKE: 0.9999999999997966 
[MO833] Paramount Iteration,1,426,104.683108091,0.227810144424
[MO833] Paramount Iteration,0,426,104.695177078,0.227809906006
427 -- 9.600659236443887 --- TKE: 0.9999999999997962 
[MO833] Paramount Iteration,1,427,104.910779953,0.227671861649
[MO833] Paramount Iteration,0,427,104.922849178,0.227672100067
428 -- 9.623143214991416 --- TKE: 0.9999999999997955 
[MO833] Paramount Iteration,0,428,105.150602102,0.227752923965
[MO833] Paramount Iteration,1,428,105.138550997,0.227771043777
429 -- 9.645627193503268 --- TKE: 0.999999999999795 
[MO833] Paramount Iteration,1,429,105.366919994,0.228368997574
[MO833] Paramount Iteration,0,429,105.487329006,0.336726903915
430 -- 9.668111172347157 --- TKE: 0.9999999999997946 
[MO833] Paramount Iteration,1,430,105.706583977,0.339663982391
[MO833] Paramount Iteration,0,430,105.718651056,0.231322050095
431 -- 9.690595151585851 --- TKE: 0.9999999999997942 
[MO833] Paramount Iteration,1,431,105.935992002,0.229408025742
[MO833] Paramount Iteration,0,431,105.948062181,0.229411125183
432 -- 9.713079130962482 --- TKE: 0.9999999999997937 
[MO833] Paramount Iteration,1,432,106.165429115,0.229437112808
[MO833] Paramount Iteration,0,432,106.177498102,0.229435920715
433 -- 9.735563110529075 --- TKE: 0.9999999999997933 
[MO833] Paramount Iteration,1,433,106.39478898,0.229359865189
[MO833] Paramount Iteration,0,433,106.406857967,0.229359865189
434 -- 9.758047090108159 --- TKE: 0.9999999999997928 
[MO833] Paramount Iteration,1,434,106.624066114,0.229277133942
[MO833] Paramount Iteration,0,434,106.636135101,0.229277133942
435 -- 9.780531069507026 --- TKE: 0.9999999999997922 
[MO833] Paramount Iteration,1,435,106.853381157,0.229315042496
[MO833] Paramount Iteration,0,435,106.86544919,0.229314088821
436 -- 9.80301504843004 --- TKE: 0.9999999999997917 
[MO833] Paramount Iteration,1,436,107.082873106,0.229491949081
[MO833] Paramount Iteration,0,436,107.094942093,0.229492902756
437 -- 9.825499027013505 --- TKE: 0.9999999999997913 
[MO833] Paramount Iteration,1,437,107.312242031,0.229368925095
[MO833] Paramount Iteration,0,437,107.324311018,0.229368925095
438 -- 9.847983005630853 --- TKE: 0.9999999999997908 
[MO833] Paramount Iteration,1,438,107.540684938,0.228442907333
[MO833] Paramount Iteration,0,438,107.552752972,0.228441953659
439 -- 9.870466984647033 --- TKE: 0.9999999999997904 
[MO833] Paramount Iteration,1,439,107.768367052,0.227682113647
[MO833] Paramount Iteration,0,439,107.88679409,0.334041118622
440 -- 9.892950963964234 --- TKE: 0.99999999999979 
[MO833] Paramount Iteration,1,440,108.10593915,0.337572097778
[MO833] Paramount Iteration,0,440,108.118007183,0.231213092804
441 -- 9.915434943431155 --- TKE: 0.9999999999997893 
[MO833] Paramount Iteration,1,441,108.335152149,0.229212999344
[MO833] Paramount Iteration,0,441,108.34722209,0.229214906693
442 -- 9.937918923097648 --- TKE: 0.9999999999997888 
[MO833] Paramount Iteration,1,442,108.562871933,0.227719783783
[MO833] Paramount Iteration,0,442,108.574941158,0.227719068527
443 -- 9.9604029026769 --- TKE: 0.9999999999997884 
[MO833] Paramount Iteration,1,443,108.790600061,0.227728128433
[MO833] Paramount Iteration,0,443,108.802669048,0.227727890015
444 -- 9.98288688209351 --- TKE: 0.9999999999997877 
[MO833] Paramount Iteration,1,444,109.018208027,0.227607965469
[MO833] Paramount Iteration,0,444,109.030277014,0.227607965469
445 -- 10.005370861006455 --- TKE: 0.9999999999997875 
[MO833] PI avg,1,0.24120768965,445
[MO833] Beta,1,1.28829976944e-07
[MO833] PI avg,0,0.24115290106,445
[MO833] Beta,0,0.00124794625855
[MO833] Total time,0,109.392071009
