--------------------------------------------------------------------------
[[61403,1],0]: A high-performance Open MPI point-to-point messaging module
was unable to find any relevant network interfaces:

Module: OpenFabrics (openib)
  Host: node06

Another transport will be used instead, although this may result in
lower performance.

NOTE: You can disable this warning by setting the MCA parameter
btl_base_warn_component_unused to 0.
--------------------------------------------------------------------------
 
                                 _       
                                | |      
 _ __  _   _ _ __ __ _ _ __   __| | __ _ 
| '_ \| | | | '__/ _` | '_ \ / _` |/ _` |
| |_) | |_| | | | (_| | | | | (_| | (_| |
| .__/ \__, |_|  \__,_|_| |_|\__,_|\__,_|
| |     __/ |                            
|_|    |___/                             

Version 1.0

Copyright (c) 2020 Lawrence Livermore National Laboratory (LLNL-CODE-749864)
All rights reserved. 
For details about use and distribution, please read: pyranda/LICENSE

Adding variables: tke
Adding variables: tauxz
Adding variables: tauxy
Adding variables: tauxx
Adding variables: tauzz
Adding variables: cs
Adding variables: vx
Adding variables: vy
Adding variables: vz
Adding variables: tauyy
Adding variables: tauyz
Adding variables: taudia
Adding variables: rhow
Adding variables: rhov
Adding variables: rhou
Adding variables: S
Adding variables: rho
Adding variables: dt
Adding variables: wz
Adding variables: wy
Adding variables: wx
Adding variables: enst
Adding variables: uy
Adding variables: ux
Adding variables: uz
Adding variables: beta
Adding variables: mu
Adding variables: p
Adding variables: u
Adding variables: w
Adding variables: v
Adding variables: Et
Adding variables: div
Adding variables: gamma
Adding equations of motion: 
(1)   ddt(:rho:)  =  -ddx(:rho:*:u:)                  - ddy(:rho:*:v:)                  - ddz(:rho:*:w:)
(2)   ddt(:rhou:) =  -ddx(:rhou:*:u: + :p: - :tauxx:) - ddy(:rhou:*:v: - :tauxy:)       - ddz(:rhou:*:w: - :tauxz:)
(3)   ddt(:rhov:) =  -ddx(:rhov:*:u: - :tauxy:)       - ddy(:rhov:*:v: + :p: - :tauyy:) - ddz(:rhov:*:w: - :tauyz:)
(4)   ddt(:rhow:) =  -ddx(:rhow:*:u: - :tauxz:)       - ddy(:rhow:*:v: - :tauyz:)       - ddz(:rhow:*:w: + :p: - :tauzz:)
(5)   ddt(:Et:)   =  -ddx( (:Et: - :tauxx:)*:u: - :tauxy:*:v: - :tauxz:*:w: ) - ddy( (:Et: - :tauyy:)*:v: -:tauxy:*:u: - :tauyz:*:w:) - ddz( (:Et: - :tauzz:)*:w: - :tauxz:*:u: - :tauyz:*:v: )
(6)   :rho:       =  fbar( :rho:  )
(7)   :rhou:      =  fbar( :rhou: )
(8)   :rhov:      =  fbar( :rhov: )
(9)   :rhow:      =  fbar( :rhow: )
(10)   :Et:        =  fbar( :Et:   )
(11)   :u:         =  :rhou: / :rho:
(12)   :v:         =  :rhov: / :rho:
(13)   :w:         =  :rhow: / :rho:
(14)   :p:         =  ( :Et: - .5*:rho:*(:u:*:u: + :v:*:v: + :w:*:w:) ) * ( :gamma: - 1.0 )
(15)   :ux:        =  ddx(:u:)
(16)   :vy:        =  ddy(:v:)
(17)   :wz:        =  ddz(:w:)
(18)   :div:       =  :ux: + :vy: + :wz:
(19)   :uy:        =  ddy(:u:)
(20)   :uz:        =  ddz(:u:)
(21)   :vx:        =  ddx(:v:)
(22)   :vz:        =  ddz(:v:)
(23)   :wy:        =  ddy(:w:)
(24)   :wx:        =  ddx(:w:)
(25)   :enst:      = sqrt( (:uy:-:vx:)**2 + (:uz: - :wx:)**2 + (:vz:-:wy:)**2 )
(26)   :tke:       = :rho:*(:u:*:u: + :v:*:v: + :w:*:w:)
(27)   :S:         = sqrt( :ux:*:ux: + :vy:*:vy: + :wz:*:wz: + .5*((:uy:+:vx:)**2 + (:uz: + :wx:)**2 + (:vz:+:wy:)**2) )
(28)   :mu:        =  gbar( abs(ring(:S:  )) ) * :rho: * 0.0e-4
(29)   :beta:      =  gbar( abs(ring(:div:)) * :rho: )  * 0.0e-4
(30)   :taudia:    =  (:beta:-2./3.*:mu:) *:div:
(31)   :tauxx:     =  2.0*:mu:*:ux:   + :taudia: - :p:
(32)   :tauyy:     =  2.0*:mu:*:vy:   + :taudia: - :p:
(33)   :tauzz:     =  2.0*:mu:*:wz:   + :taudia: - :p:
(34)   :tauxy:     = :mu:*(:uy:+:vx:) + :taudia:
(35)   :tauxz:     = :mu:*(:uz:+:wx:) + :taudia:
(36)   :tauyz:     = :mu:*(:vz:+:wz:) + :taudia:
(37)   :cs:  = sqrt( :p: / :rho: * :gamma: )
(38)   :dt: = dt.courant(:u:,:v:,:w:,:cs:)*.5
(39)   :dt: = numpy.minimum(:dt:,0.2 * dt.diff(:beta:,:rho:))
(40)   :dt: = numpy.minimum(:dt:,0.2 * dt.diff(:mu:,:rho:))
1 -- 0.02248394948883534 --- TKE: 0.9999999999999996 
[MO833] Paramount Iteration,0,1,2.47821497917,0.44268989563
2 -- 0.04496791230635282 --- TKE: 0.9999999999999991 
[MO833] Paramount Iteration,0,2,2.88526010513,0.407045125961
3 -- 0.06745186837754023 --- TKE: 0.9999999999999987 
[MO833] Paramount Iteration,0,3,3.27871918678,0.39345908165
4 -- 0.08993583542611668 --- TKE: 0.9999999999999982 
[MO833] Paramount Iteration,0,4,3.67238616943,0.393666982651
5 -- 0.11241981341752164 --- TKE: 0.999999999999998 
[MO833] Paramount Iteration,0,5,4.07208514214,0.399698972702
6 -- 0.13490379401705727 --- TKE: 0.9999999999999973 
[MO833] Paramount Iteration,0,6,4.4661359787,0.394050836563
7 -- 0.15738777056800624 --- TKE: 0.9999999999999971 
[MO833] Paramount Iteration,0,7,4.85994505882,0.393809080124
8 -- 0.17987174409631773 --- TKE: 0.9999999999999964 
[MO833] Paramount Iteration,0,8,5.25101017952,0.391065120697
9 -- 0.20235571634301688 --- TKE: 0.9999999999999962 
[MO833] Paramount Iteration,0,9,5.78145813942,0.5304479599
10 -- 0.22483968908797633 --- TKE: 0.9999999999999956 
[MO833] Paramount Iteration,0,10,6.18407201767,0.40261387825
11 -- 0.24732366185121737 --- TKE: 0.9999999999999951 
[MO833] Paramount Iteration,0,11,6.58057117462,0.396499156952
12 -- 0.26980763521126494 --- TKE: 0.9999999999999947 
[MO833] Paramount Iteration,0,12,6.97014212608,0.389570951462
13 -- 0.2922916107764899 --- TKE: 0.9999999999999944 
[MO833] Paramount Iteration,0,13,7.35980916023,0.389667034149
14 -- 0.31477558792984833 --- TKE: 0.999999999999994 
[MO833] Paramount Iteration,0,14,7.75779509544,0.397985935211
15 -- 0.33725956581054994 --- TKE: 0.9999999999999933 
[MO833] Paramount Iteration,0,15,8.16025400162,0.402458906174
16 -- 0.35974354420844984 --- TKE: 0.9999999999999931 
[MO833] Paramount Iteration,0,16,8.56374716759,0.40349316597
17 -- 0.38222752235167984 --- TKE: 0.9999999999999927 
[MO833] Paramount Iteration,0,17,8.96740603447,0.403658866882
18 -- 0.40471150016108964 --- TKE: 0.9999999999999922 
[MO833] Paramount Iteration,0,18,9.37083005905,0.403424024582
19 -- 0.4271954780139281 --- TKE: 0.9999999999999916 
[MO833] Paramount Iteration,0,19,9.88984203339,0.519011974335
20 -- 0.44967945607085197 --- TKE: 0.9999999999999911 
[MO833] Paramount Iteration,0,20,10.299612999,0.409770965576
21 -- 0.4721634343200721 --- TKE: 0.9999999999999909 
[MO833] Paramount Iteration,0,21,10.7053751945,0.405762195587
22 -- 0.49464741264111356 --- TKE: 0.9999999999999905 
[MO833] Paramount Iteration,0,22,11.1114401817,0.406064987183
23 -- 0.5171313908759285 --- TKE: 0.9999999999999898 
[MO833] Paramount Iteration,0,23,11.5169479847,0.405507802963
24 -- 0.5396153688962037 --- TKE: 0.9999999999999893 
[MO833] Paramount Iteration,0,24,11.9227612019,0.405813217163
25 -- 0.5620993466578728 --- TKE: 0.9999999999999889 
[MO833] Paramount Iteration,0,25,12.3286271095,0.405865907669
26 -- 0.5845833242365814 --- TKE: 0.9999999999999885 
[MO833] Paramount Iteration,0,26,12.7345840931,0.405956983566
27 -- 0.6070673018410178 --- TKE: 0.999999999999988 
[MO833] Paramount Iteration,0,27,13.1334381104,0.398854017258
28 -- 0.6295512798040238 --- TKE: 0.9999999999999876 
[MO833] Paramount Iteration,0,28,13.5229170322,0.38947892189
29 -- 0.652035257498954 --- TKE: 0.9999999999999873 
[MO833] Paramount Iteration,0,29,14.0268120766,0.503895044327
30 -- 0.6745192349135056 --- TKE: 0.9999999999999867 
[MO833] Paramount Iteration,0,30,14.424683094,0.397871017456
31 -- 0.697003212275309 --- TKE: 0.9999999999999862 
[MO833] Paramount Iteration,0,31,14.8175561428,0.392873048782
32 -- 0.7194871892340751 --- TKE: 0.9999999999999858 
[MO833] Paramount Iteration,0,32,15.2106261253,0.393069982529
33 -- 0.741971165384183 --- TKE: 0.9999999999999856 
[MO833] Paramount Iteration,0,33,15.6034259796,0.392799854279
34 -- 0.7644551401841853 --- TKE: 0.9999999999999849 
[MO833] Paramount Iteration,0,34,16.0011591911,0.397733211517
35 -- 0.7869391141929066 --- TKE: 0.9999999999999847 
[MO833] Paramount Iteration,0,35,16.4070789814,0.405919790268
36 -- 0.8094230880508954 --- TKE: 0.9999999999999842 
[MO833] Paramount Iteration,0,36,16.8398070335,0.432728052139
37 -- 0.831907062439042 --- TKE: 0.9999999999999836 
[MO833] Paramount Iteration,0,37,17.3048930168,0.465085983276
38 -- 0.8543910374431298 --- TKE: 0.9999999999999833 
[MO833] Paramount Iteration,0,38,17.768723011,0.463829994202
39 -- 0.8768750128023721 --- TKE: 0.9999999999999827 
[MO833] Paramount Iteration,0,39,18.2979390621,0.529216051102
40 -- 0.8993589886869491 --- TKE: 0.9999999999999822 
[MO833] Paramount Iteration,0,40,18.6962471008,0.398308038712
41 -- 0.9218429645573665 --- TKE: 0.9999999999999818 
[MO833] Paramount Iteration,0,41,19.0955350399,0.399287939072
42 -- 0.9443269400170909 --- TKE: 0.9999999999999816 
[MO833] Paramount Iteration,0,42,19.4884531498,0.392918109894
43 -- 0.9668109152366252 --- TKE: 0.9999999999999809 
[MO833] Paramount Iteration,0,43,19.8812031746,0.392750024796
44 -- 0.9892948900220438 --- TKE: 0.9999999999999802 
[MO833] Paramount Iteration,0,44,20.2736999989,0.392496824265
45 -- 1.0117788645119175 --- TKE: 0.99999999999998 
[MO833] Paramount Iteration,0,45,20.6666901112,0.392990112305
46 -- 1.0342628394194517 --- TKE: 0.9999999999999796 
[MO833] Paramount Iteration,0,46,21.059262991,0.392572879791
47 -- 1.0567468153947515 --- TKE: 0.9999999999999791 
[MO833] Paramount Iteration,0,47,21.4487051964,0.389442205429
48 -- 1.079230791926517 --- TKE: 0.9999999999999787 
[MO833] Paramount Iteration,0,48,21.8381631374,0.389457941055
49 -- 1.1017147691169928 --- TKE: 0.9999999999999785 
[MO833] Paramount Iteration,0,49,22.3367061615,0.498543024063
50 -- 1.1241987464063088 --- TKE: 0.9999999999999778 
[MO833] Paramount Iteration,0,50,22.7345921993,0.397886037827
51 -- 1.1466827235704906 --- TKE: 0.9999999999999776 
[MO833] Paramount Iteration,0,51,23.12738204,0.392789840698
52 -- 1.1691667007473199 --- TKE: 0.9999999999999767 
[MO833] Paramount Iteration,0,52,23.5162670612,0.38888502121
53 -- 1.1916506780693243 --- TKE: 0.9999999999999765 
[MO833] Paramount Iteration,0,53,23.9058361053,0.389569044113
54 -- 1.2141346550201348 --- TKE: 0.999999999999976 
[MO833] Paramount Iteration,0,54,24.2950921059,0.389256000519
55 -- 1.2366186321554948 --- TKE: 0.9999999999999754 
[MO833] Paramount Iteration,0,55,24.6843922138,0.389300107956
56 -- 1.2591026100219054 --- TKE: 0.9999999999999749 
[MO833] Paramount Iteration,0,56,25.0740511417,0.389658927917
57 -- 1.2815865889728366 --- TKE: 0.9999999999999747 
[MO833] Paramount Iteration,0,57,25.4632081985,0.389157056808
58 -- 1.3040705684946423 --- TKE: 0.9999999999999745 
[MO833] Paramount Iteration,0,58,25.8581709862,0.394962787628
59 -- 1.3265545482098886 --- TKE: 0.9999999999999736 
[MO833] Paramount Iteration,0,59,26.355987072,0.497816085815
60 -- 1.3490385279946209 --- TKE: 0.9999999999999734 
[MO833] Paramount Iteration,0,60,26.7538731098,0.397886037827
61 -- 1.371522507936614 --- TKE: 0.9999999999999729 
[MO833] Paramount Iteration,0,61,27.147010088,0.393136978149
62 -- 1.3940064881131407 --- TKE: 0.9999999999999727 
[MO833] Paramount Iteration,0,62,27.5467050076,0.399694919586
63 -- 1.4164904680080184 --- TKE: 0.999999999999972 
[MO833] Paramount Iteration,0,63,27.9524641037,0.405759096146
64 -- 1.438974447817866 --- TKE: 0.9999999999999714 
[MO833] Paramount Iteration,0,64,28.3926160336,0.440151929855
65 -- 1.4614584279359546 --- TKE: 0.9999999999999711 
[MO833] Paramount Iteration,0,65,28.8606681824,0.468052148819
66 -- 1.4839424085355155 --- TKE: 0.9999999999999705 
[MO833] Paramount Iteration,0,66,29.3254671097,0.464798927307
67 -- 1.5064263891350915 --- TKE: 0.9999999999999705 
[MO833] Paramount Iteration,0,67,29.7891941071,0.463726997375
68 -- 1.5289103697346547 --- TKE: 0.9999999999999698 
[MO833] Paramount Iteration,0,68,30.2132999897,0.424105882645
69 -- 1.5513943503342058 --- TKE: 0.9999999999999694 
[MO833] Paramount Iteration,0,69,30.7076671124,0.49436712265
70 -- 1.573878330933748 --- TKE: 0.9999999999999691 
[MO833] Paramount Iteration,0,70,31.1061990261,0.398531913757
71 -- 1.5963623115332832 --- TKE: 0.9999999999999685 
[MO833] Paramount Iteration,0,71,31.4994380474,0.393239021301
72 -- 1.6188462921328246 --- TKE: 0.999999999999968 
[MO833] Paramount Iteration,0,72,31.8927350044,0.393296957016
73 -- 1.6413302727323715 --- TKE: 0.9999999999999676 
[MO833] Paramount Iteration,0,73,32.2858572006,0.393122196198
74 -- 1.6638142533319324 --- TKE: 0.9999999999999671 
[MO833] Paramount Iteration,0,74,32.6791419983,0.393284797668
75 -- 1.6862982339315096 --- TKE: 0.9999999999999667 
[MO833] Paramount Iteration,0,75,33.0716731548,0.39253115654
76 -- 1.7087822145310758 --- TKE: 0.9999999999999662 
[MO833] Paramount Iteration,0,76,33.4621341228,0.390460968018
77 -- 1.7312661951306325 --- TKE: 0.9999999999999656 
[MO833] Paramount Iteration,0,77,33.8521180153,0.389983892441
78 -- 1.7537501757301825 --- TKE: 0.9999999999999654 
[MO833] Paramount Iteration,0,78,34.2417831421,0.389665126801
79 -- 1.7762341563297257 --- TKE: 0.9999999999999649 
[MO833] Paramount Iteration,0,79,34.7420170307,0.500233888626
80 -- 1.7987181369292657 --- TKE: 0.9999999999999643 
[MO833] Paramount Iteration,0,80,35.1445121765,0.402495145798
81 -- 1.821202117528811 --- TKE: 0.999999999999964 
[MO833] Paramount Iteration,0,81,35.537386179,0.392874002457
82 -- 1.843686098128367 --- TKE: 0.9999999999999638 
[MO833] Paramount Iteration,0,82,35.9306440353,0.393257856369
83 -- 1.8661700787279318 --- TKE: 0.9999999999999629 
[MO833] Paramount Iteration,0,83,36.3242640495,0.393620014191
84 -- 1.8886540593275125 --- TKE: 0.9999999999999627 
[MO833] Paramount Iteration,0,84,36.7172751427,0.39301109314
85 -- 1.9111380399270799 --- TKE: 0.999999999999962 
[MO833] Paramount Iteration,0,85,37.1090610027,0.391785860062
86 -- 1.9336220205266375 --- TKE: 0.9999999999999618 
[MO833] Paramount Iteration,0,86,37.498385191,0.389324188232
87 -- 1.9561060011261877 --- TKE: 0.9999999999999614 
[MO833] Paramount Iteration,0,87,37.8877751827,0.38938999176
88 -- 1.9785899817257362 --- TKE: 0.9999999999999611 
[MO833] Paramount Iteration,0,88,38.2768042088,0.389029026031
89 -- 2.0010739623252847 --- TKE: 0.9999999999999605 
[MO833] Paramount Iteration,0,89,38.7711660862,0.494361877441
90 -- 2.023557942924837 --- TKE: 0.99999999999996 
[MO833] Paramount Iteration,0,90,39.1659359932,0.394769906998
91 -- 2.0460419235244 --- TKE: 0.9999999999999594 
[MO833] Paramount Iteration,0,91,39.5548861027,0.388950109482
92 -- 2.0685259041239688 --- TKE: 0.9999999999999591 
[MO833] Paramount Iteration,0,92,39.9440100193,0.389123916626
93 -- 2.0910098847235514 --- TKE: 0.9999999999999587 
[MO833] Paramount Iteration,0,93,40.3333380222,0.38932800293
94 -- 2.1134938653231283 --- TKE: 0.9999999999999583 
[MO833] Paramount Iteration,0,94,40.7227480412,0.389410018921
95 -- 2.1359778459226977 --- TKE: 0.999999999999958 
[MO833] Paramount Iteration,0,95,41.1123402119,0.389592170715
96 -- 2.158461826522259 --- TKE: 0.9999999999999571 
[MO833] Paramount Iteration,0,96,41.5015351772,0.389194965363
97 -- 2.1809458071218164 --- TKE: 0.9999999999999569 
[MO833] Paramount Iteration,0,97,41.8909101486,0.38937497139
98 -- 2.2034297877213715 --- TKE: 0.9999999999999563 
[MO833] Paramount Iteration,0,98,42.2801530361,0.389242887497
99 -- 2.2259137683209325 --- TKE: 0.999999999999956 
[MO833] Paramount Iteration,0,99,42.7749590874,0.494806051254
100 -- 2.2483977489205 --- TKE: 0.9999999999999558 
[MO833] Paramount Iteration,0,100,43.1723220348,0.397362947464
101 -- 2.270881729520079 --- TKE: 0.9999999999999551 
[MO833] Paramount Iteration,0,101,43.565210104,0.392888069153
102 -- 2.293365710119669 --- TKE: 0.9999999999999547 
[MO833] Paramount Iteration,0,102,43.9585750103,0.393364906311
103 -- 2.3158496907192587 --- TKE: 0.999999999999954 
[MO833] Paramount Iteration,0,103,44.3521962166,0.393621206284
104 -- 2.338333671318844 --- TKE: 0.9999999999999538 
[MO833] Paramount Iteration,0,104,44.7448251247,0.392628908157
105 -- 2.3608176519184227 --- TKE: 0.9999999999999531 
[MO833] Paramount Iteration,0,105,45.1363711357,0.391546010971
106 -- 2.383301632517996 --- TKE: 0.9999999999999529 
[MO833] Paramount Iteration,0,106,45.5253310204,0.388959884644
107 -- 2.4057856131175708 --- TKE: 0.9999999999999525 
[MO833] Paramount Iteration,0,107,45.9143180847,0.388987064362
108 -- 2.428269593717144 --- TKE: 0.9999999999999518 
[MO833] Paramount Iteration,0,108,46.3033940792,0.389075994492
109 -- 2.450753574316726 --- TKE: 0.9999999999999516 
[MO833] Paramount Iteration,0,109,46.8069810867,0.503587007523
110 -- 2.473237554916315 --- TKE: 0.9999999999999512 
[MO833] Paramount Iteration,0,110,47.2049031258,0.397922039032
111 -- 2.495721535515917 --- TKE: 0.9999999999999509 
[MO833] Paramount Iteration,0,111,47.5976221561,0.39271903038
112 -- 2.5182055161155197 --- TKE: 0.99999999999995 
[MO833] Paramount Iteration,0,112,47.9904031754,0.392781019211
113 -- 2.5406894967151143 --- TKE: 0.9999999999999498 
[MO833] Paramount Iteration,0,113,48.3830370903,0.392633914948
114 -- 2.563173477314707 --- TKE: 0.9999999999999494 
[MO833] Paramount Iteration,0,114,48.7761490345,0.393111944199
115 -- 2.5856574579142957 --- TKE: 0.9999999999999489 
[MO833] Paramount Iteration,0,115,49.1681861877,0.392037153244
116 -- 2.6081414385138806 --- TKE: 0.9999999999999485 
[MO833] Paramount Iteration,0,116,49.5574190617,0.389232873917
117 -- 2.630625419113471 --- TKE: 0.999999999999948 
[MO833] Paramount Iteration,0,117,49.9468820095,0.389462947845
118 -- 2.6531093997130686 --- TKE: 0.9999999999999476 
[MO833] Paramount Iteration,0,118,50.335875988,0.3889939785
119 -- 2.67559338031267 --- TKE: 0.9999999999999469 
[MO833] Paramount Iteration,0,119,50.8304851055,0.494609117508
120 -- 2.6980773609122832 --- TKE: 0.9999999999999467 
[MO833] Paramount Iteration,0,120,51.2281491756,0.397664070129
121 -- 2.7205613415118917 --- TKE: 0.9999999999999463 
[MO833] Paramount Iteration,0,121,51.6208481789,0.39269900322
122 -- 2.743045322111495 --- TKE: 0.9999999999999458 
[MO833] Paramount Iteration,0,122,52.0136520863,0.392803907394
123 -- 2.7655293027110934 --- TKE: 0.9999999999999454 
[MO833] Paramount Iteration,0,123,52.4063551426,0.392703056335
124 -- 2.7880132833106908 --- TKE: 0.9999999999999452 
[MO833] Paramount Iteration,0,124,52.7989740372,0.392618894577
125 -- 2.8104972639102925 --- TKE: 0.9999999999999447 
[MO833] Paramount Iteration,0,125,53.1901011467,0.391127109528
126 -- 2.8329812445098965 --- TKE: 0.999999999999944 
[MO833] Paramount Iteration,0,126,53.5792222023,0.389121055603
127 -- 2.8554652251095027 --- TKE: 0.9999999999999436 
[MO833] Paramount Iteration,0,127,53.9690890312,0.389866828918
128 -- 2.8779492057091125 --- TKE: 0.9999999999999434 
[MO833] Paramount Iteration,0,128,54.3582761288,0.389187097549
129 -- 2.9004331862051895 --- TKE: 0.9999999999999427 
[MO833] Paramount Iteration,0,129,54.8518621922,0.493586063385
130 -- 2.922917166804799 --- TKE: 0.9999999999999423 
[MO833] Paramount Iteration,0,130,55.2498261929,0.397964000702
131 -- 2.9454011474044077 --- TKE: 0.9999999999999418 
[MO833] Paramount Iteration,0,131,55.6428260803,0.392999887466
132 -- 2.9678851280040153 --- TKE: 0.9999999999999412 
[MO833] Paramount Iteration,0,132,56.0360071659,0.393181085587
133 -- 2.990369108603619 --- TKE: 0.9999999999999409 
[MO833] Paramount Iteration,0,133,56.4287960529,0.392788887024
134 -- 3.012853089203225 --- TKE: 0.9999999999999405 
[MO833] Paramount Iteration,0,134,56.8211541176,0.392358064651
135 -- 3.035337069802835 --- TKE: 0.9999999999999398 
[MO833] Paramount Iteration,0,135,57.2117130756,0.390558958054
136 -- 3.057821050402447 --- TKE: 0.9999999999999398 
[MO833] Paramount Iteration,0,136,57.6008880138,0.389174938202
137 -- 3.080305031002058 --- TKE: 0.9999999999999392 
[MO833] Paramount Iteration,0,137,57.9899032116,0.389015197754
138 -- 3.1027890113773555 --- TKE: 0.9999999999999387 
[MO833] Paramount Iteration,0,138,58.3790001869,0.389096975327
139 -- 3.125272991794968 --- TKE: 0.999999999999938 
[MO833] Paramount Iteration,0,139,58.874243021,0.495242834091
140 -- 3.147756972394573 --- TKE: 0.9999999999999376 
[MO833] Paramount Iteration,0,140,59.2719659805,0.397722959518
141 -- 3.1702409529941784 --- TKE: 0.9999999999999372 
[MO833] Paramount Iteration,0,141,59.6645941734,0.392628192902
142 -- 3.1927249335937846 --- TKE: 0.9999999999999367 
[MO833] Paramount Iteration,0,142,60.0575261116,0.392931938171
143 -- 3.215208914193392 --- TKE: 0.9999999999999365 
[MO833] Paramount Iteration,0,143,60.4503340721,0.39280796051
144 -- 3.237692894793 --- TKE: 0.999999999999936 
[MO833] Paramount Iteration,0,144,60.8433032036,0.39296913147
145 -- 3.2601768753926135 --- TKE: 0.9999999999999356 
[MO833] Paramount Iteration,0,145,61.2333440781,0.390040874481
146 -- 3.2826608559922197 --- TKE: 0.9999999999999352 
[MO833] Paramount Iteration,0,146,61.6285700798,0.39522600174
147 -- 3.305144836396795 --- TKE: 0.9999999999999349 
[MO833] Paramount Iteration,0,147,62.0180640221,0.389493942261
148 -- 3.3276288167755883 --- TKE: 0.999999999999934 
[MO833] Paramount Iteration,0,148,62.4070150852,0.388951063156
149 -- 3.350112797375189 --- TKE: 0.9999999999999338 
[MO833] Paramount Iteration,0,149,62.905711174,0.498696088791
150 -- 3.3725967779747896 --- TKE: 0.9999999999999332 
[MO833] Paramount Iteration,0,150,63.3034200668,0.397708892822
151 -- 3.3950807585743927 --- TKE: 0.9999999999999332 
[MO833] Paramount Iteration,0,151,63.6959149837,0.392494916916
152 -- 3.417564739174003 --- TKE: 0.9999999999999325 
[MO833] Paramount Iteration,0,152,64.0888540745,0.392939090729
153 -- 3.440048719773613 --- TKE: 0.999999999999932 
[MO833] Paramount Iteration,0,153,64.4816172123,0.392763137817
154 -- 3.462532700373216 --- TKE: 0.9999999999999314 
[MO833] Paramount Iteration,0,154,64.8744351864,0.392817974091
155 -- 3.485016680972813 --- TKE: 0.9999999999999312 
[MO833] Paramount Iteration,0,155,65.2643430233,0.389907836914
156 -- 3.5075006615140083 --- TKE: 0.9999999999999307 
[MO833] Paramount Iteration,0,156,65.6533122063,0.388969182968
157 -- 3.5299846419603895 --- TKE: 0.9999999999999303 
[MO833] Paramount Iteration,0,157,66.0423262119,0.389014005661
158 -- 3.552468622559983 --- TKE: 0.9999999999999301 
[MO833] Paramount Iteration,0,158,66.4313240051,0.388997793198
159 -- 3.574952603159577 --- TKE: 0.9999999999999296 
[MO833] Paramount Iteration,0,159,66.9261891842,0.494865179062
160 -- 3.597436583759178 --- TKE: 0.999999999999929 
[MO833] Paramount Iteration,0,160,67.3236351013,0.39744591713
161 -- 3.6199205643587824 --- TKE: 0.9999999999999285 
[MO833] Paramount Iteration,0,161,67.7162861824,0.392651081085
162 -- 3.6424045449583855 --- TKE: 0.9999999999999281 
[MO833] Paramount Iteration,0,162,68.1093511581,0.393064975739
163 -- 3.664888525557982 --- TKE: 0.9999999999999278 
[MO833] Paramount Iteration,0,163,68.5021162033,0.392765045166
164 -- 3.6873725061575726 --- TKE: 0.9999999999999274 
[MO833] Paramount Iteration,0,164,68.8948771954,0.39276099205
165 -- 3.709856486757158 --- TKE: 0.9999999999999267 
[MO833] Paramount Iteration,0,165,69.2848742008,0.389997005463
166 -- 3.732340467340761 --- TKE: 0.9999999999999263 
[MO833] Paramount Iteration,0,166,69.6743080616,0.389433860779
167 -- 3.7548244479403468 --- TKE: 0.9999999999999258 
[MO833] Paramount Iteration,0,167,70.063655138,0.389347076416
168 -- 3.7773084285399374 --- TKE: 0.9999999999999254 
[MO833] Paramount Iteration,0,168,70.4529561996,0.38930106163
169 -- 3.79979240913953 --- TKE: 0.9999999999999252 
[MO833] Paramount Iteration,0,169,70.9468140602,0.493857860565
170 -- 3.822276389739134 --- TKE: 0.9999999999999243 
[MO833] Paramount Iteration,0,170,71.3443980217,0.397583961487
171 -- 3.8447603703387334 --- TKE: 0.9999999999999241 
[MO833] Paramount Iteration,0,171,71.7370460033,0.392647981644
172 -- 3.867244350938323 --- TKE: 0.9999999999999236 
[MO833] Paramount Iteration,0,172,72.129543066,0.392497062683
173 -- 3.8897283315379036 --- TKE: 0.9999999999999234 
[MO833] Paramount Iteration,0,173,72.5222361088,0.392693042755
174 -- 3.9122123121374837 --- TKE: 0.999999999999923 
[MO833] Paramount Iteration,0,174,72.9152731895,0.393037080765
175 -- 3.9346962927370615 --- TKE: 0.9999999999999225 
[MO833] Paramount Iteration,0,175,73.3047251701,0.389451980591
176 -- 3.9571802733366406 --- TKE: 0.9999999999999218 
[MO833] Paramount Iteration,0,176,73.6937160492,0.388990879059
177 -- 3.9796642539362255 --- TKE: 0.9999999999999214 
[MO833] Paramount Iteration,0,177,74.0829031467,0.389187097549
178 -- 4.002148234535818 --- TKE: 0.999999999999921 
[MO833] Paramount Iteration,0,178,74.4719049931,0.389001846313
179 -- 4.024632215135417 --- TKE: 0.9999999999999207 
[MO833] Paramount Iteration,0,179,74.9669530392,0.495048046112
180 -- 4.0471161957350095 --- TKE: 0.9999999999999201 
[MO833] Paramount Iteration,0,180,75.364896059,0.397943019867
181 -- 4.06960017633459 --- TKE: 0.9999999999999196 
[MO833] Paramount Iteration,0,181,75.7574892044,0.39259314537
182 -- 4.092084156934162 --- TKE: 0.9999999999999194 
[MO833] Paramount Iteration,0,182,76.1596682072,0.402179002762
183 -- 4.114568137533732 --- TKE: 0.9999999999999187 
[MO833] Paramount Iteration,0,183,76.5917990208,0.432130813599
184 -- 4.137052118133306 --- TKE: 0.9999999999999185 
[MO833] Paramount Iteration,0,184,77.0583641529,0.466565132141
185 -- 4.159536098732883 --- TKE: 0.9999999999999178 
[MO833] Paramount Iteration,0,185,77.5220541954,0.463690042496
186 -- 4.182020079332465 --- TKE: 0.9999999999999174 
[MO833] Paramount Iteration,0,186,77.9854750633,0.46342086792
187 -- 4.2045040599320505 --- TKE: 0.9999999999999172 
[MO833] Paramount Iteration,0,187,78.3765740395,0.391098976135
188 -- 4.226988040531646 --- TKE: 0.9999999999999165 
[MO833] Paramount Iteration,0,188,78.7654850483,0.388911008835
189 -- 4.249472021131237 --- TKE: 0.9999999999999163 
[MO833] Paramount Iteration,0,189,79.2592940331,0.493808984756
190 -- 4.271956001730815 --- TKE: 0.9999999999999158 
[MO833] Paramount Iteration,0,190,79.6575469971,0.39825296402
191 -- 4.294439982330389 --- TKE: 0.9999999999999154 
[MO833] Paramount Iteration,0,191,80.0506520271,0.39310503006
192 -- 4.316923962929958 --- TKE: 0.999999999999915 
[MO833] Paramount Iteration,0,192,80.4436671734,0.393015146255
193 -- 4.339407943529525 --- TKE: 0.9999999999999141 
[MO833] Paramount Iteration,0,193,80.8368530273,0.393185853958
194 -- 4.361891924129091 --- TKE: 0.9999999999999138 
[MO833] Paramount Iteration,0,194,81.2340340614,0.397181034088
195 -- 4.384375904728668 --- TKE: 0.9999999999999136 
[MO833] Paramount Iteration,0,195,81.6237461567,0.389712095261
196 -- 4.4068598853282515 --- TKE: 0.999999999999913 
[MO833] Paramount Iteration,0,196,82.0132601261,0.389513969421
197 -- 4.429343865927849 --- TKE: 0.9999999999999127 
[MO833] Paramount Iteration,0,197,82.4030191898,0.389759063721
198 -- 4.451827846527435 --- TKE: 0.9999999999999123 
[MO833] Paramount Iteration,0,198,82.7926101685,0.389590978622
199 -- 4.47431182712701 --- TKE: 0.9999999999999116 
[MO833] Paramount Iteration,0,199,83.3210000992,0.528389930725
200 -- 4.496795807726582 --- TKE: 0.9999999999999114 
[MO833] Paramount Iteration,0,200,83.7169001102,0.395900011063
201 -- 4.519279788326149 --- TKE: 0.999999999999911 
[MO833] Paramount Iteration,0,201,84.1109759808,0.394075870514
202 -- 4.541763768925718 --- TKE: 0.9999999999999103 
[MO833] Paramount Iteration,0,202,84.5038239956,0.392848014832
203 -- 4.564247749525288 --- TKE: 0.9999999999999101 
[MO833] Paramount Iteration,0,203,84.8971061707,0.393282175064
204 -- 4.5867317301248605 --- TKE: 0.9999999999999096 
[MO833] Paramount Iteration,0,204,85.2873601913,0.390254020691
205 -- 4.6092157107244445 --- TKE: 0.999999999999909 
[MO833] Paramount Iteration,0,205,85.6769061089,0.389545917511
206 -- 4.631699691324042 --- TKE: 0.9999999999999085 
[MO833] Paramount Iteration,0,206,86.0662751198,0.389369010925
207 -- 4.654183671923629 --- TKE: 0.9999999999999083 
[MO833] Paramount Iteration,0,207,86.4559512138,0.389676094055
208 -- 4.6766676525232045 --- TKE: 0.9999999999999076 
[MO833] Paramount Iteration,0,208,86.8453490734,0.389397859573
209 -- 4.699151633122772 --- TKE: 0.9999999999999072 
[MO833] Paramount Iteration,0,209,87.3394920826,0.494143009186
210 -- 4.721635613722336 --- TKE: 0.999999999999907 
[MO833] Paramount Iteration,0,210,87.748262167,0.408770084381
211 -- 4.744119594321905 --- TKE: 0.9999999999999065 
[MO833] Paramount Iteration,0,211,88.154291153,0.406028985977
212 -- 4.766603574921476 --- TKE: 0.9999999999999059 
[MO833] Paramount Iteration,0,212,88.61581707,0.461525917053
213 -- 4.7890875555210535 --- TKE: 0.9999999999999054 
[MO833] Paramount Iteration,0,213,89.08299613,0.467179059982
214 -- 4.811571536120641 --- TKE: 0.9999999999999052 
[MO833] Paramount Iteration,0,214,89.5466921329,0.46369600296
215 -- 4.834055516720242 --- TKE: 0.9999999999999045 
[MO833] Paramount Iteration,0,215,90.0091040134,0.462411880493
216 -- 4.856539497319829 --- TKE: 0.9999999999999043 
[MO833] Paramount Iteration,0,216,90.3984529972,0.389348983765
217 -- 4.879023477919403 --- TKE: 0.9999999999999036 
[MO833] Paramount Iteration,0,217,90.7878811359,0.389428138733
218 -- 4.901507458518969 --- TKE: 0.9999999999999034 
[MO833] Paramount Iteration,0,218,91.1772511005,0.3893699646
219 -- 4.923991439118538 --- TKE: 0.999999999999903 
[MO833] Paramount Iteration,0,219,91.672013998,0.494762897491
220 -- 4.946475419718104 --- TKE: 0.9999999999999023 
[MO833] Paramount Iteration,0,220,92.0699870586,0.397973060608
221 -- 4.968959400317676 --- TKE: 0.9999999999999019 
[MO833] Paramount Iteration,0,221,92.4629590511,0.392971992493
222 -- 4.9914433809172545 --- TKE: 0.9999999999999014 
[MO833] Paramount Iteration,0,222,92.8561341763,0.393175125122
223 -- 5.0139273615168465 --- TKE: 0.9999999999999012 
[MO833] Paramount Iteration,0,223,93.2468020916,0.390667915344
224 -- 5.036411342116443 --- TKE: 0.9999999999999007 
[MO833] Paramount Iteration,0,224,93.6363182068,0.389516115189
225 -- 5.058895322716024 --- TKE: 0.9999999999999003 
[MO833] Paramount Iteration,0,225,94.0263741016,0.390055894852
226 -- 5.081379303315596 --- TKE: 0.9999999999998999 
[MO833] Paramount Iteration,0,226,94.4163200855,0.389945983887
227 -- 5.103863283915162 --- TKE: 0.9999999999998994 
[MO833] Paramount Iteration,0,227,94.8060860634,0.389765977859
228 -- 5.126347264514731 --- TKE: 0.999999999999899 
[MO833] Paramount Iteration,0,228,95.1957740784,0.389688014984
229 -- 5.1488312451143 --- TKE: 0.9999999999998985 
[MO833] Paramount Iteration,0,229,95.6895370483,0.493762969971
230 -- 5.171315225713873 --- TKE: 0.9999999999998981 
[MO833] Paramount Iteration,0,230,96.0873310566,0.397794008255
231 -- 5.193799206313457 --- TKE: 0.9999999999998974 
[MO833] Paramount Iteration,0,231,96.4800670147,0.392735958099
232 -- 5.216283186913051 --- TKE: 0.999999999999897 
[MO833] Paramount Iteration,0,232,96.8730630875,0.392996072769
233 -- 5.238767167512646 --- TKE: 0.9999999999998965 
[MO833] Paramount Iteration,0,233,97.2631812096,0.390118122101
234 -- 5.261251148112229 --- TKE: 0.9999999999998963 
[MO833] Paramount Iteration,0,234,97.6526529789,0.389471769333
235 -- 5.283735128711802 --- TKE: 0.9999999999998956 
[MO833] Paramount Iteration,0,235,98.0422561169,0.38960313797
236 -- 5.30621910931137 --- TKE: 0.9999999999998952 
[MO833] Paramount Iteration,0,236,98.4317190647,0.389462947845
237 -- 5.328703089910934 --- TKE: 0.999999999999895 
[MO833] Paramount Iteration,0,237,98.8212471008,0.389528036118
238 -- 5.351187070510504 --- TKE: 0.9999999999998943 
[MO833] Paramount Iteration,0,238,99.2106440067,0.389396905899
239 -- 5.37367105111008 --- TKE: 0.9999999999998941 
[MO833] Paramount Iteration,0,239,99.705368042,0.494724035263
240 -- 5.396155031709665 --- TKE: 0.9999999999998934 
[MO833] Paramount Iteration,0,240,100.104186058,0.398818016052
241 -- 5.4186390123092645 --- TKE: 0.9999999999998932 
[MO833] Paramount Iteration,0,241,100.497682095,0.39349603653
242 -- 5.441122992908854 --- TKE: 0.9999999999998928 
[MO833] Paramount Iteration,0,242,100.891368151,0.393686056137
243 -- 5.463606973508429 --- TKE: 0.9999999999998923 
[MO833] Paramount Iteration,0,243,101.282103062,0.390734910965
244 -- 5.486090954107996 --- TKE: 0.9999999999998916 
[MO833] Paramount Iteration,0,244,101.671999216,0.389896154404
245 -- 5.508574934707564 --- TKE: 0.9999999999998914 
[MO833] Paramount Iteration,0,245,102.061949015,0.389949798584
246 -- 5.531058915307137 --- TKE: 0.999999999999891 
[MO833] Paramount Iteration,0,246,102.45194912,0.390000104904
247 -- 5.55354289590671 --- TKE: 0.9999999999998905 
[MO833] Paramount Iteration,0,247,102.841948032,0.389998912811
248 -- 5.57602687650629 --- TKE: 0.9999999999998901 
[MO833] Paramount Iteration,0,248,103.231959105,0.390011072159
249 -- 5.598510857105882 --- TKE: 0.9999999999998894 
[MO833] Paramount Iteration,0,249,103.726310015,0.494350910187
250 -- 5.620994837705482 --- TKE: 0.9999999999998892 
[MO833] Paramount Iteration,0,250,104.124122143,0.397812128067
251 -- 5.643478818305072 --- TKE: 0.9999999999998888 
[MO833] Paramount Iteration,0,251,104.517104149,0.392982006073
252 -- 5.665962798904651 --- TKE: 0.9999999999998883 
[MO833] Paramount Iteration,0,252,104.910149097,0.393044948578
253 -- 5.688446779504222 --- TKE: 0.9999999999998879 
[MO833] Paramount Iteration,0,253,105.300230026,0.390080928802
254 -- 5.71093076010379 --- TKE: 0.9999999999998874 
[MO833] Paramount Iteration,0,254,105.689684153,0.389454126358
255 -- 5.733414740703363 --- TKE: 0.9999999999998868 
[MO833] Paramount Iteration,0,255,106.079550982,0.389866828918
256 -- 5.755898721302941 --- TKE: 0.9999999999998865 
[MO833] Paramount Iteration,0,256,106.468588114,0.389037132263
257 -- 5.778382701902523 --- TKE: 0.9999999999998861 
[MO833] Paramount Iteration,0,257,106.864502192,0.395914077759
258 -- 5.80086668250212 --- TKE: 0.9999999999998856 
[MO833] Paramount Iteration,0,258,107.254053116,0.389550924301
259 -- 5.823350663101718 --- TKE: 0.9999999999998852 
[MO833] Paramount Iteration,0,259,107.753480196,0.499427080154
260 -- 5.8458346437013 --- TKE: 0.9999999999998845 
[MO833] Paramount Iteration,0,260,108.151462078,0.397981882095
261 -- 5.868318624300874 --- TKE: 0.9999999999998843 
[MO833] Paramount Iteration,0,261,108.544303179,0.392841100693
262 -- 5.8908026049004425 --- TKE: 0.9999999999998839 
[MO833] Paramount Iteration,0,262,108.937644005,0.393340826035
263 -- 5.91328658550001 --- TKE: 0.9999999999998834 
[MO833] Paramount Iteration,0,263,109.327510118,0.389866113663
264 -- 5.935770566099579 --- TKE: 0.9999999999998828 
[MO833] Paramount Iteration,0,264,109.716663122,0.389153003693
265 -- 5.958254546699155 --- TKE: 0.9999999999998825 
[MO833] Paramount Iteration,0,265,110.276380062,0.559716939926
266 -- 5.9807385272987394 --- TKE: 0.9999999999998821 
[MO833] Paramount Iteration,0,266,110.966392994,0.690012931824
267 -- 6.003222507851411 --- TKE: 0.9999999999998817 
[MO833] Paramount Iteration,0,267,111.718730211,0.752337217331
268 -- 6.02570648826004 --- TKE: 0.999999999999881 
[MO833] Paramount Iteration,0,268,112.475064993,0.756334781647
269 -- 6.048190468761748 --- TKE: 0.9999999999998808 
[MO833] Paramount Iteration,0,269,113.244106054,0.769041061401
270 -- 6.070674449361319 --- TKE: 0.9999999999998803 
[MO833] Paramount Iteration,0,270,113.712700129,0.468594074249
271 -- 6.093158429960892 --- TKE: 0.9999999999998799 
[MO833] Paramount Iteration,0,271,114.181016207,0.468316078186
272 -- 6.115642410560457 --- TKE: 0.9999999999998794 
[MO833] Paramount Iteration,0,272,114.6007092,0.419692993164
273 -- 6.138126391160034 --- TKE: 0.999999999999879 
[MO833] Paramount Iteration,0,273,114.994463205,0.393754005432
274 -- 6.160610371759611 --- TKE: 0.9999999999998785 
[MO833] Paramount Iteration,0,274,115.387233019,0.392769813538
275 -- 6.1830943523592 --- TKE: 0.9999999999998781 
[MO833] Paramount Iteration,0,275,115.780369997,0.393136978149
276 -- 6.205578332707704 --- TKE: 0.9999999999998777 
[MO833] Paramount Iteration,0,276,116.173352003,0.392982006073
277 -- 6.228062312864179 --- TKE: 0.999999999999877 
[MO833] Paramount Iteration,0,277,116.574177027,0.400825023651
278 -- 6.250546293077153 --- TKE: 0.9999999999998768 
[MO833] Paramount Iteration,0,278,116.975891113,0.401714086533
279 -- 6.273030273569113 --- TKE: 0.9999999999998763 
[MO833] Paramount Iteration,0,279,117.470900059,0.495008945465
280 -- 6.29551425416868 --- TKE: 0.9999999999998759 
[MO833] Paramount Iteration,0,280,117.869183064,0.398283004761
281 -- 6.317998234768246 --- TKE: 0.9999999999998752 
[MO833] Paramount Iteration,0,281,118.262283087,0.39310002327
282 -- 6.340482215367815 --- TKE: 0.9999999999998748 
[MO833] Paramount Iteration,0,282,118.655137062,0.392853975296
283 -- 6.362966195967393 --- TKE: 0.9999999999998743 
[MO833] Paramount Iteration,0,283,119.047592163,0.392455101013
284 -- 6.385450176566988 --- TKE: 0.9999999999998739 
[MO833] Paramount Iteration,0,284,119.440146208,0.392554044724
285 -- 6.407934156703515 --- TKE: 0.9999999999998734 
[MO833] Paramount Iteration,0,285,119.832741022,0.392594814301
286 -- 6.43041813661173 --- TKE: 0.999999999999873 
[MO833] Paramount Iteration,0,286,120.225481987,0.39274096489
287 -- 6.452902116551915 --- TKE: 0.9999999999998723 
[MO833] Paramount Iteration,0,287,120.618238211,0.392756223679
288 -- 6.47538609676162 --- TKE: 0.9999999999998721 
[MO833] Paramount Iteration,0,288,121.011332989,0.393094778061
289 -- 6.497870077361186 --- TKE: 0.9999999999998719 
[MO833] Paramount Iteration,0,289,121.506156206,0.494823217392
290 -- 6.5203540579607555 --- TKE: 0.9999999999998712 
[MO833] Paramount Iteration,0,290,121.903767109,0.397610902786
291 -- 6.542838038560331 --- TKE: 0.9999999999998708 
[MO833] Paramount Iteration,0,291,122.293120146,0.38935303688
292 -- 6.56532201915991 --- TKE: 0.9999999999998705 
[MO833] Paramount Iteration,0,292,122.69363308,0.400512933731
293 -- 6.587805999620115 --- TKE: 0.9999999999998699 
[MO833] Paramount Iteration,0,293,123.096392155,0.402759075165
294 -- 6.610289979541222 --- TKE: 0.9999999999998697 
[MO833] Paramount Iteration,0,294,123.551902056,0.455509901047
295 -- 6.632773959209267 --- TKE: 0.999999999999869 
[MO833] Paramount Iteration,0,295,124.016170025,0.464267969131
296 -- 6.655257938896379 --- TKE: 0.9999999999998685 
[MO833] Paramount Iteration,0,296,124.479917049,0.463747024536
297 -- 6.677741918854632 --- TKE: 0.9999999999998683 
[MO833] Paramount Iteration,0,297,124.925369024,0.445451974869
298 -- 6.700225899311348 --- TKE: 0.9999999999998677 
[MO833] Paramount Iteration,0,298,125.315168142,0.389799118042
299 -- 6.722709879910917 --- TKE: 0.9999999999998672 
[MO833] Paramount Iteration,0,299,125.810775042,0.495606899261
300 -- 6.74519386051049 --- TKE: 0.999999999999867 
[MO833] Paramount Iteration,0,300,126.208630085,0.397855043411
301 -- 6.7676778411100775 --- TKE: 0.9999999999998666 
[MO833] Paramount Iteration,0,301,126.601516008,0.392885923386
302 -- 6.790161821378222 --- TKE: 0.9999999999998661 
[MO833] Paramount Iteration,0,302,126.994314194,0.392798185349
303 -- 6.812645801084757 --- TKE: 0.9999999999998654 
[MO833] Paramount Iteration,0,303,127.386906147,0.392591953278
304 -- 6.835129780524674 --- TKE: 0.999999999999865 
[MO833] Paramount Iteration,0,304,127.779607058,0.392700910568
305 -- 6.857613759981813 --- TKE: 0.9999999999998648 
[MO833] Paramount Iteration,0,305,128.172444105,0.392837047577
306 -- 6.880097739722027 --- TKE: 0.9999999999998643 
[MO833] Paramount Iteration,0,306,128.565574169,0.393130064011
307 -- 6.902581719987556 --- TKE: 0.9999999999998639 
[MO833] Paramount Iteration,0,307,128.958847046,0.39327287674
308 -- 6.92506570058712 --- TKE: 0.9999999999998632 
[MO833] Paramount Iteration,0,308,129.348209143,0.389362096786
309 -- 6.947549681186694 --- TKE: 0.999999999999863 
[MO833] Paramount Iteration,0,309,129.842086077,0.493876934052
310 -- 6.970033661786286 --- TKE: 0.9999999999998626 
[MO833] Paramount Iteration,0,310,130.239714146,0.397628068924
311 -- 6.992517641856869 --- TKE: 0.9999999999998621 
[MO833] Paramount Iteration,0,311,130.632754087,0.393039941788
312 -- 7.015001621353826 --- TKE: 0.9999999999998614 
[MO833] Paramount Iteration,0,312,131.025430202,0.392676115036
313 -- 7.037485600581318 --- TKE: 0.999999999999861 
[MO833] Paramount Iteration,0,313,131.418150187,0.392719984055
314 -- 7.059969579834569 --- TKE: 0.9999999999998608 
[MO833] Paramount Iteration,0,314,131.810774088,0.392623901367
315 -- 7.082453559392238 --- TKE: 0.9999999999998603 
[MO833] Paramount Iteration,0,315,132.20441699,0.393642902374
316 -- 7.104937539510004 --- TKE: 0.9999999999998597 
[MO833] Paramount Iteration,0,316,132.597097158,0.392680168152
317 -- 7.12742151990261 --- TKE: 0.9999999999998594 
[MO833] Paramount Iteration,0,317,132.989856005,0.392758846283
318 -- 7.149905500376262 --- TKE: 0.999999999999859 
[MO833] Paramount Iteration,0,318,133.37907815,0.389222145081
319 -- 7.172389480975853 --- TKE: 0.9999999999998586 
[MO833] Paramount Iteration,0,319,133.873888016,0.494809865952
320 -- 7.194873460847606 --- TKE: 0.9999999999998581 
[MO833] Paramount Iteration,0,320,134.27259016,0.398702144623
321 -- 7.217357440143832 --- TKE: 0.9999999999998577 
[MO833] Paramount Iteration,0,321,134.665556192,0.392966032028
322 -- 7.239841419177911 --- TKE: 0.9999999999998572 
[MO833] Paramount Iteration,0,322,135.064730167,0.399173974991
323 -- 7.26232539825587 --- TKE: 0.9999999999998568 
[MO833] Paramount Iteration,0,323,135.470178127,0.4054479599
324 -- 7.284809377668069 --- TKE: 0.9999999999998563 
[MO833] Paramount Iteration,0,324,135.908377171,0.438199043274
325 -- 7.307293357681979 --- TKE: 0.9999999999998559 
[MO833] Paramount Iteration,0,325,136.376984119,0.468606948853
326 -- 7.329777337844236 --- TKE: 0.9999999999998554 
[MO833] Paramount Iteration,0,326,136.844799042,0.467814922333
327 -- 7.352261318108402 --- TKE: 0.999999999999855 
[MO833] Paramount Iteration,0,327,137.310312033,0.465512990952
328 -- 7.374745298524144 --- TKE: 0.9999999999998546 
[MO833] Paramount Iteration,0,328,137.77394104,0.463629007339
329 -- 7.397229278199844 --- TKE: 0.9999999999998539 
[MO833] Paramount Iteration,0,329,138.307547092,0.533606052399
330 -- 7.41971325730779 --- TKE: 0.9999999999998535 
[MO833] Paramount Iteration,0,330,138.705257177,0.397710084915
331 -- 7.442197236170372 --- TKE: 0.999999999999853 
[MO833] Paramount Iteration,0,331,139.098073006,0.392815828323
332 -- 7.46468121510369 --- TKE: 0.9999999999998528 
[MO833] Paramount Iteration,0,332,139.490972042,0.392899036407
333 -- 7.4871651944085444 --- TKE: 0.9999999999998519 
[MO833] Paramount Iteration,0,333,139.888306141,0.397334098816
334 -- 7.509649174309351 --- TKE: 0.9999999999998517 
[MO833] Paramount Iteration,0,334,140.282512188,0.394206047058
335 -- 7.532133154279306 --- TKE: 0.9999999999998515 
[MO833] Paramount Iteration,0,335,140.675480127,0.392967939377
336 -- 7.554617134371907 --- TKE: 0.9999999999998506 
[MO833] Paramount Iteration,0,336,141.067738056,0.392257928848
337 -- 7.57710111463773 --- TKE: 0.9999999999998506 
[MO833] Paramount Iteration,0,337,141.457017183,0.389279127121
338 -- 7.599585094123956 --- TKE: 0.9999999999998501 
[MO833] Paramount Iteration,0,338,141.84646821,0.389451026917
339 -- 7.6220690730593015 --- TKE: 0.9999999999998497 
[MO833] Paramount Iteration,0,339,142.345697165,0.499228954315
340 -- 7.644553051774802 --- TKE: 0.999999999999849 
[MO833] Paramount Iteration,0,340,142.74366498,0.397967815399
341 -- 7.667037030595726 --- TKE: 0.9999999999998486 
[MO833] Paramount Iteration,0,341,143.136327982,0.392663002014
342 -- 7.689521009831939 --- TKE: 0.9999999999998483 
[MO833] Paramount Iteration,0,342,143.529241085,0.392913103104
343 -- 7.712004989557396 --- TKE: 0.9999999999998479 
[MO833] Paramount Iteration,0,343,143.92249608,0.393254995346
344 -- 7.734488969371415 --- TKE: 0.9999999999998472 
[MO833] Paramount Iteration,0,344,144.315278053,0.392781972885
345 -- 7.756972949328389 --- TKE: 0.9999999999998468 
[MO833] Paramount Iteration,0,345,144.708285093,0.393007040024
346 -- 7.779456929457417 --- TKE: 0.9999999999998466 
[MO833] Paramount Iteration,0,346,145.100378036,0.392092943192
347 -- 7.801940908764215 --- TKE: 0.9999999999998459 
[MO833] Paramount Iteration,0,347,145.48941803,0.389039993286
348 -- 7.8244248875455105 --- TKE: 0.9999999999998457 
[MO833] Paramount Iteration,0,348,145.878867149,0.389449119568
349 -- 7.846908866140421 --- TKE: 0.9999999999998452 
[MO833] Paramount Iteration,0,349,146.372812986,0.493945837021
350 -- 7.869392844882339 --- TKE: 0.9999999999998448 
[MO833] Paramount Iteration,0,350,146.770753145,0.397940158844
351 -- 7.891876824088729 --- TKE: 0.9999999999998441 
[MO833] Paramount Iteration,0,351,147.163674116,0.392920970917
352 -- 7.914360803673517 --- TKE: 0.9999999999998437 
[MO833] Paramount Iteration,0,352,147.556480169,0.392806053162
353 -- 7.936844783366091 --- TKE: 0.9999999999998435 
[MO833] Paramount Iteration,0,353,147.952647209,0.396167039871
354 -- 7.959328763221222 --- TKE: 0.999999999999843 
[MO833] Paramount Iteration,0,354,148.359166145,0.406518936157
355 -- 7.981812743154502 --- TKE: 0.9999999999998426 
[MO833] Paramount Iteration,0,355,148.822641134,0.463474988937
356 -- 8.004296722295088 --- TKE: 0.9999999999998421 
[MO833] Paramount Iteration,0,356,149.288132191,0.465491056442
357 -- 8.026780700943364 --- TKE: 0.9999999999998417 
[MO833] Paramount Iteration,0,357,149.751677036,0.463544845581
358 -- 8.04926467944581 --- TKE: 0.999999999999841 
[MO833] Paramount Iteration,0,358,150.181343079,0.429666042328
359 -- 8.071748658142809 --- TKE: 0.9999999999998406 
[MO833] Paramount Iteration,0,359,150.676210165,0.494867086411
360 -- 8.094232637357875 --- TKE: 0.9999999999998403 
[MO833] Paramount Iteration,0,360,151.074154139,0.397943973541
361 -- 8.116716616834942 --- TKE: 0.9999999999998397 
[MO833] Paramount Iteration,0,361,151.466741085,0.392586946487
362 -- 8.139200596438569 --- TKE: 0.9999999999998395 
[MO833] Paramount Iteration,0,362,151.859458208,0.392717123032
363 -- 8.161684576223415 --- TKE: 0.9999999999998388 
[MO833] Paramount Iteration,0,363,152.252132177,0.392673969269
364 -- 8.18416855598647 --- TKE: 0.9999999999998384 
[MO833] Paramount Iteration,0,364,152.644762039,0.392629861832
365 -- 8.206652534976879 --- TKE: 0.9999999999998381 
[MO833] Paramount Iteration,0,365,153.037207127,0.392445087433
366 -- 8.229136513515263 --- TKE: 0.9999999999998375 
[MO833] Paramount Iteration,0,366,153.426444054,0.389236927032
367 -- 8.251620491954622 --- TKE: 0.999999999999837 
[MO833] Paramount Iteration,0,367,153.815876007,0.38943195343
368 -- 8.274104470641069 --- TKE: 0.9999999999998368 
[MO833] Paramount Iteration,0,368,154.205128193,0.389252185822
369 -- 8.296588449902597 --- TKE: 0.9999999999998361 
[MO833] Paramount Iteration,0,369,154.699201107,0.494072914124
370 -- 8.319072429303034 --- TKE: 0.9999999999998359 
[MO833] Paramount Iteration,0,370,155.096996069,0.397794961929
371 -- 8.341556408848101 --- TKE: 0.9999999999998355 
[MO833] Paramount Iteration,0,371,155.489497185,0.392501115799
372 -- 8.364040388591913 --- TKE: 0.9999999999998346 
[MO833] Paramount Iteration,0,372,155.882261992,0.392764806747
373 -- 8.386524368210152 --- TKE: 0.9999999999998344 
[MO833] Paramount Iteration,0,373,156.275030136,0.392768144608
374 -- 8.409008347068848 --- TKE: 0.9999999999998339 
[MO833] Paramount Iteration,0,374,156.66801405,0.392983913422
375 -- 8.431492325522147 --- TKE: 0.9999999999998335 
[MO833] Paramount Iteration,0,375,157.061258078,0.393244028091
376 -- 8.453976303928611 --- TKE: 0.999999999999833 
[MO833] Paramount Iteration,0,376,157.450564146,0.38930606842
377 -- 8.476460282638763 --- TKE: 0.9999999999998328 
[MO833] Paramount Iteration,0,377,157.839971066,0.389406919479
378 -- 8.49894426188708 --- TKE: 0.9999999999998321 
[MO833] Paramount Iteration,0,378,158.229149103,0.389178037643
379 -- 8.521428241240042 --- TKE: 0.9999999999998317 
[MO833] Paramount Iteration,0,379,158.723859072,0.494709968567
380 -- 8.543912220754779 --- TKE: 0.9999999999998312 
[MO833] Paramount Iteration,0,380,159.119663,0.395803928375
381 -- 8.56639620047948 --- TKE: 0.999999999999831 
[MO833] Paramount Iteration,0,381,159.514533043,0.394870042801
382 -- 8.588880179940057 --- TKE: 0.9999999999998304 
[MO833] Paramount Iteration,0,382,159.916563034,0.40202999115
383 -- 8.611364158687588 --- TKE: 0.9999999999998299 
[MO833] Paramount Iteration,0,383,160.344700098,0.42813706398
384 -- 8.633848137081928 --- TKE: 0.9999999999998295 
[MO833] Paramount Iteration,0,384,160.808523178,0.463823080063
385 -- 8.65633211548613 --- TKE: 0.9999999999998292 
[MO833] Paramount Iteration,0,385,161.272484064,0.463960886002
386 -- 8.678816094253776 --- TKE: 0.9999999999998286 
[MO833] Paramount Iteration,0,386,161.736027002,0.463542938232
387 -- 8.701300073464806 --- TKE: 0.9999999999998281 
[MO833] Paramount Iteration,0,387,162.170436144,0.434409141541
388 -- 8.723784052797425 --- TKE: 0.9999999999998277 
[MO833] Paramount Iteration,0,388,162.559720039,0.389283895493
389 -- 8.746268032307881 --- TKE: 0.9999999999998272 
[MO833] Paramount Iteration,0,389,163.053595066,0.493875026703
390 -- 8.768752011923175 --- TKE: 0.9999999999998268 
[MO833] Paramount Iteration,0,390,163.451183081,0.397588014603
391 -- 8.791235991242607 --- TKE: 0.9999999999998264 
[MO833] Paramount Iteration,0,391,163.844069004,0.392885923386
392 -- 8.813719969901241 --- TKE: 0.9999999999998259 
[MO833] Paramount Iteration,0,392,164.236630201,0.392561197281
393 -- 8.83620394826368 --- TKE: 0.9999999999998255 
[MO833] Paramount Iteration,0,393,164.629137039,0.392506837845
394 -- 8.858687926696339 --- TKE: 0.999999999999825 
[MO833] Paramount Iteration,0,394,165.021566153,0.392429113388
395 -- 8.881171905554456 --- TKE: 0.9999999999998246 
[MO833] Paramount Iteration,0,395,165.410706043,0.389139890671
396 -- 8.903655884754198 --- TKE: 0.9999999999998241 
[MO833] Paramount Iteration,0,396,165.799992085,0.38928604126
397 -- 8.926139864091574 --- TKE: 0.9999999999998237 
[MO833] Paramount Iteration,0,397,166.188980103,0.388988018036
398 -- 8.948623843621597 --- TKE: 0.9999999999998233 
[MO833] Paramount Iteration,0,398,166.578271151,0.38929104805
399 -- 8.971107823150307 --- TKE: 0.9999999999998228 
[MO833] Paramount Iteration,0,399,167.072818995,0.494547843933
400 -- 8.993591802347279 --- TKE: 0.9999999999998221 
[MO833] Paramount Iteration,0,400,167.470593214,0.397774219513
401 -- 9.016075780940621 --- TKE: 0.9999999999998221 
[MO833] Paramount Iteration,0,401,167.86325407,0.392660856247
402 -- 9.038559759298787 --- TKE: 0.9999999999998217 
[MO833] Paramount Iteration,0,402,168.255784988,0.392530918121
403 -- 9.061043737790357 --- TKE: 0.9999999999998213 
[MO833] Paramount Iteration,0,403,168.648439169,0.392654180527
404 -- 9.083527716770822 --- TKE: 0.9999999999998208 
[MO833] Paramount Iteration,0,404,169.040872097,0.392432928085
405 -- 9.106011695983382 --- TKE: 0.9999999999998201 
[MO833] Paramount Iteration,0,405,169.430356979,0.389484882355
406 -- 9.12849567534856 --- TKE: 0.9999999999998199 
[MO833] Paramount Iteration,0,406,169.819804192,0.389447212219
407 -- 9.15097965491983 --- TKE: 0.9999999999998193 
[MO833] Paramount Iteration,0,407,170.208848,0.389043807983
408 -- 9.173463634384289 --- TKE: 0.9999999999998188 
[MO833] Paramount Iteration,0,408,170.597979069,0.389131069183
409 -- 9.195947613479182 --- TKE: 0.9999999999998186 
[MO833] Paramount Iteration,0,409,171.091468096,0.493489027023
410 -- 9.218431592031854 --- TKE: 0.9999999999998181 
[MO833] Paramount Iteration,0,410,171.489420176,0.397952079773
411 -- 9.2409155704136 --- TKE: 0.9999999999998177 
[MO833] Paramount Iteration,0,411,171.882338047,0.392917871475
412 -- 9.263399548993958 --- TKE: 0.9999999999998173 
[MO833] Paramount Iteration,0,412,172.275611162,0.393273115158
413 -- 9.285883528127261 --- TKE: 0.9999999999998168 
[MO833] Paramount Iteration,0,413,172.669227123,0.393615961075
414 -- 9.308367507374845 --- TKE: 0.9999999999998161 
[MO833] Paramount Iteration,0,414,173.062676191,0.393449068069
415 -- 9.33085148678883 --- TKE: 0.9999999999998159 
[MO833] Paramount Iteration,0,415,173.453145981,0.390469789505
416 -- 9.353335466420889 --- TKE: 0.9999999999998155 
[MO833] Paramount Iteration,0,416,173.844004154,0.39085817337
417 -- 9.3758194458428 --- TKE: 0.999999999999815 
[MO833] Paramount Iteration,0,417,174.23468399,0.390679836273
418 -- 9.398303424857371 --- TKE: 0.9999999999998144 
[MO833] Paramount Iteration,0,418,174.625145197,0.390461206436
419 -- 9.420787403394653 --- TKE: 0.9999999999998141 
[MO833] Paramount Iteration,0,419,175.150568008,0.525422811508
420 -- 9.443271381827756 --- TKE: 0.9999999999998135 
[MO833] Paramount Iteration,0,420,175.547643185,0.397075176239
421 -- 9.465755360525923 --- TKE: 0.9999999999998133 
[MO833] Paramount Iteration,0,421,175.941757202,0.394114017487
422 -- 9.488239339703938 --- TKE: 0.9999999999998126 
[MO833] Paramount Iteration,0,422,176.335970163,0.394212961197
423 -- 9.51072331900684 --- TKE: 0.9999999999998124 
[MO833] Paramount Iteration,0,423,176.742518187,0.406548023224
424 -- 9.53320729848862 --- TKE: 0.9999999999998117 
[MO833] Paramount Iteration,0,424,177.138240099,0.395721912384
425 -- 9.555691278086503 --- TKE: 0.9999999999998113 
[MO833] Paramount Iteration,0,425,177.528564215,0.390324115753
426 -- 9.578175257486826 --- TKE: 0.9999999999998108 
[MO833] Paramount Iteration,0,426,177.918226004,0.38966178894
427 -- 9.600659236443862 --- TKE: 0.9999999999998106 
[MO833] Paramount Iteration,0,427,178.30746913,0.389243125916
428 -- 9.623143214991387 --- TKE: 0.9999999999998102 
[MO833] Paramount Iteration,0,428,178.696909189,0.389440059662
429 -- 9.645627193503241 --- TKE: 0.9999999999998097 
[MO833] Paramount Iteration,0,429,179.190795183,0.493885993958
430 -- 9.668111172347134 --- TKE: 0.9999999999998093 
[MO833] Paramount Iteration,0,430,179.589172125,0.398376941681
431 -- 9.69059515158583 --- TKE: 0.9999999999998088 
[MO833] Paramount Iteration,0,431,179.982702017,0.393529891968
432 -- 9.713079130962461 --- TKE: 0.9999999999998084 
[MO833] Paramount Iteration,0,432,180.376087189,0.39338517189
433 -- 9.735563110529052 --- TKE: 0.9999999999998079 
[MO833] Paramount Iteration,0,433,180.769470215,0.393383026123
434 -- 9.758047090108136 --- TKE: 0.9999999999998075 
[MO833] Paramount Iteration,0,434,181.161501169,0.392030954361
435 -- 9.780531069507003 --- TKE: 0.999999999999807 
[MO833] Paramount Iteration,0,435,181.551208019,0.389706850052
436 -- 9.803015048430016 --- TKE: 0.9999999999998064 
[MO833] Paramount Iteration,0,436,181.941377163,0.390169143677
437 -- 9.825499027013477 --- TKE: 0.9999999999998062 
[MO833] Paramount Iteration,0,437,182.331339121,0.389961957932
438 -- 9.847983005630825 --- TKE: 0.9999999999998057 
[MO833] Paramount Iteration,0,438,182.721284151,0.389945030212
439 -- 9.870466984647004 --- TKE: 0.9999999999998053 
[MO833] Paramount Iteration,0,439,183.226718187,0.505434036255
440 -- 9.892950963964203 --- TKE: 0.9999999999998046 
[MO833] Paramount Iteration,0,440,183.624874115,0.398155927658
441 -- 9.915434943431126 --- TKE: 0.9999999999998044 
[MO833] Paramount Iteration,0,441,184.018261194,0.393387079239
442 -- 9.93791892309762 --- TKE: 0.9999999999998039 
[MO833] Paramount Iteration,0,442,184.415580988,0.397319793701
443 -- 9.960402902676872 --- TKE: 0.9999999999998035 
[MO833] Paramount Iteration,0,443,184.808020115,0.392439126968
444 -- 9.982886882093483 --- TKE: 0.999999999999803 
[MO833] Paramount Iteration,0,444,185.204861164,0.396841049194
445 -- 10.005370861006428 --- TKE: 0.9999999999998026 
[MO833] PI avg,0,0.411616485574,445
[MO833] Beta,0,0.000814628617319
[MO833] Total time,185.745984077
