--------------------------------------------------------------------------
[[63701,1],0]: A high-performance Open MPI point-to-point messaging module
was unable to find any relevant network interfaces:

Module: OpenFabrics (openib)
  Host: node06

Another transport will be used instead, although this may result in
lower performance.

NOTE: You can disable this warning by setting the MCA parameter
btl_base_warn_component_unused to 0.
--------------------------------------------------------------------------
 
                                 _       
                                | |      
 _ __  _   _ _ __ __ _ _ __   __| | __ _ 
| '_ \| | | | '__/ _` | '_ \ / _` |/ _` |
| |_) | |_| | | | (_| | | | | (_| | (_| |
| .__/ \__, |_|  \__,_|_| |_|\__,_|\__,_|
| |     __/ |                            
|_|    |___/                             

Version 1.0

Copyright (c) 2020 Lawrence Livermore National Laboratory (LLNL-CODE-749864)
All rights reserved. 
For details about use and distribution, please read: pyranda/LICENSE

 
                                 _       
                                | |      
 _ __  _   _ _ __ __ _ _ __   __| | __ _ 
| '_ \| | | | '__/ _` | '_ \ / _` |/ _` |
| |_) | |_| | | | (_| | | | | (_| | (_| |
| .__/ \__, |_|  \__,_|_| |_|\__,_|\__,_|
| |     __/ |                            
|_|    |___/                             

Version 1.0

Copyright (c) 2020 Lawrence Livermore National Laboratory (LLNL-CODE-749864)
All rights reserved. 
For details about use and distribution, please read: pyranda/LICENSE

Adding variables: tke
Adding variables: tauxz
Adding variables: tauxy
Adding variables: tauxx
Adding variables: tauzz
Adding variables: cs
Adding variables: vx
Adding variables: vy
Adding variables: vz
Adding variables: tauyy
Adding variables: tauyz
Adding variables: taudia
Adding variables: rhow
Adding variables: rhov
Adding variables: rhou
Adding variables: S
Adding variables: rho
Adding variables: dt
Adding variables: wz
Adding variables: wy
Adding variables: wx
Adding variables: enst
Adding variables: uy
Adding variables: ux
Adding variables: uz
Adding variables: beta
Adding variables: mu
Adding variables: p
Adding variables: u
Adding variables: w
Adding variables: v
Adding variables: Et
Adding variables: div
Adding variables: gamma
Adding equations of motion: 
(1)   ddt(:rho:)  =  -ddx(:rho:*:u:)            - ddy(:rho:*:v:)               - ddz(:rho:*:w:)
(2)   ddt(:rhou:) =  -ddx(:rhou:*:u: - :tauxx:) - ddy(:rhou:*:v: - :tauxy:)    - ddz(:rhou:*:w: - :tauxz:)
(3)   ddt(:rhov:) =  -ddx(:rhov:*:u: - :tauxy:) - ddy(:rhov:*:v: - :tauyy:)    - ddz(:rhov:*:w: - :tauyz:)
(4)   ddt(:rhow:) =  -ddx(:rhow:*:u: - :tauxz:) - ddy(:rhow:*:v: - :tauyz:)    - ddz(:rhow:*:w: - :tauzz:)
(5)   ddt(:Et:)   =  -ddx( (:Et: - :tauxx:)*:u: - :tauxy:*:v: - :tauxz:*:w: )  - ddy( (:Et: - :tauyy:)*:v: -:tauxy:*:u: - :tauyz:*:w:) - ddz( (:Et: - :tauzz:)*:w: - :tauxz:*:u: - :tauyz:*:v: )
(6)   :rho:       =  fbar( :rho:  )
(7)   :rhou:      =  fbar( :rhou: )
(8)   :rhov:      =  fbar( :rhov: )
(9)   :rhow:      =  fbar( :rhow: )
(10)   :Et:        =  fbar( :Et:   )
(11)   :u:         =  :rhou: / :rho:
(12)   :v:         =  :rhov: / :rho:
(13)   :w:         =  :rhow: / :rho:
(14)   :p:         =  ( :Et: - .5*:rho:*(:u:*:u: + :v:*:v: + :w:*:w:) ) * ( :gamma: - 1.0 )
(15)   :ux:        =  ddx(:u:)
(16)   :vy:        =  ddy(:v:)
(17)   :wz:        =  ddz(:w:)
(18)   :div:       =  :ux: + :vy: + :wz:
(19)   :uy:        =  ddy(:u:)
(20)   :uz:        =  ddz(:u:)
(21)   :vx:        =  ddx(:v:)
(22)   :vz:        =  ddz(:v:)
(23)   :wy:        =  ddy(:w:)
(24)   :wx:        =  ddx(:w:)
(25)   :enst:      = sqrt( (:uy:-:vx:)**2 + (:uz: - :wx:)**2 + (:vz:-:wy:)**2 )
(26)   :tke:       = :rho:*(:u:*:u: + :v:*:v: + :w:*:w:)
(27)   :S:         = sqrt( :ux:*:ux: + :vy:*:vy: + :wz:*:wz: + .5*((:uy:+:vx:)**2 + (:uz: + :wx:)**2 + (:vz:+:wy:)**2) )
(28)   :mu:        =  gbar( abs(ring(:S:  )) ) * :rho: * 1.0e-4
(29)   :beta:      =  gbar( abs(ring(:div:)) * :rho: )  * 7.0e-3
(30)   :taudia:    =  (:beta:-2./3.*:mu:) *:div: - :p:
(31)   :tauxx:     =  2.0*:mu:*:ux:   + :taudia:
(32)   :tauyy:     =  2.0*:mu:*:vy:   + :taudia:
(33)   :tauzz:     =  2.0*:mu:*:wz:   + :taudia:
(34)   :tauxy:     = :mu:*(:uy:+:vx:)
(35)   :tauxz:     = :mu:*(:uz:+:wx:)
(36)   :tauyz:     = :mu:*(:vz:+:wz:)
(37)   :cs:  = sqrt( :p: / :rho: * :gamma: )
(38)   :dt: = dt.courant(:u:,:v:,:w:,:cs:)*1.0
(39)   :dt: = numpy.minimum(:dt:,0.2 * dt.diff(:beta:,:rho:))
(40)   :dt: = numpy.minimum(:dt:,0.2 * dt.diff(:mu:,:rho:))
1 -- 0.007655094827138687 --- TKE: 0.9999993646363983 
[MO833] Paramount Iteration,0,1,4.2610180378,0.435574054718
2 -- 0.015310142199370035 --- TKE: 0.9999987436296094 
[MO833] Paramount Iteration,0,2,4.64751005173,0.386492013931
3 -- 0.022965147451105818 --- TKE: 0.999998142182557 
[MO833] Paramount Iteration,0,3,5.03440999985,0.38689994812
4 -- 0.03062009695306167 --- TKE: 0.9999975662694899 
[MO833] Paramount Iteration,0,4,5.42659091949,0.392180919647
5 -- 0.03827498948310154 --- TKE: 0.9999970196181794 
[MO833] Paramount Iteration,0,5,5.81364202499,0.387051105499
6 -- 0.04592982891724169 --- TKE: 0.999996501572642 
[MO833] Paramount Iteration,0,6,6.19975399971,0.386111974716
7 -- 0.05358462392791921 --- TKE: 0.9999960064164093 
[MO833] Paramount Iteration,0,7,6.58534884453,0.385594844818
8 -- 0.06123938717768451 --- TKE: 0.9999955244578077 
[MO833] Paramount Iteration,0,8,6.97102308273,0.385674238205
9 -- 0.06889413415363653 --- TKE: 0.9999950452713846 
[MO833] Paramount Iteration,0,9,7.35777902603,0.386755943298
10 -- 0.07654888179872434 --- TKE: 0.9999945610579938 
[MO833] Paramount Iteration,0,10,7.74451589584,0.386736869812
11 -- 0.08420364711032441 --- TKE: 0.9999940694148606 
[MO833] Paramount Iteration,0,11,8.13655400276,0.392038106918
12 -- 0.09185844586135589 --- TKE: 0.99999357467485 
[MO833] Paramount Iteration,0,12,8.5237839222,0.387229919434
13 -- 0.09951329156975568 --- TKE: 0.9999930874211388 
[MO833] Paramount Iteration,0,13,8.91054701805,0.386763095856
14 -- 0.10716819479715875 --- TKE: 0.9999926222602618 
[MO833] Paramount Iteration,0,14,9.29765105247,0.387104034424
15 -- 0.11482316280474249 --- TKE: 0.9999921946937712 
[MO833] Paramount Iteration,0,15,9.68459701538,0.386945962906
16 -- 0.12247818301828323 --- TKE: 0.9999918180567695 
[MO833] Paramount Iteration,0,16,10.071449995,0.38685297966
17 -- 0.1301332095690768 --- TKE: 0.9999915012634171 
[MO833] Paramount Iteration,0,17,10.4579410553,0.386491060257
18 -- 0.13778824508292592 --- TKE: 0.9999912480599149 
[MO833] Paramount Iteration,0,18,10.8479130268,0.389971971512
19 -- 0.14544329426107566 --- TKE: 0.9999910577277968 
[MO833] Paramount Iteration,0,19,11.7158339024,0.867920875549
20 -- 0.15309836364021684 --- TKE: 0.9999909269114463 
[MO833] Paramount Iteration,0,20,12.1090819836,0.393248081207
21 -- 0.16075346111028938 --- TKE: 0.9999908517625622 
[MO833] Paramount Iteration,0,21,12.4959690571,0.386887073517
22 -- 0.16840859527466437 --- TKE: 0.9999908296111769 
[MO833] Paramount Iteration,0,22,12.8814380169,0.385468959808
23 -- 0.17606377475096815 --- TKE: 0.999990859557921 
[MO833] Paramount Iteration,0,23,13.2678880692,0.386450052261
24 -- 0.1837190075079059 --- TKE: 0.9999909418598745 
[MO833] Paramount Iteration,0,24,13.6544859409,0.38659787178
25 -- 0.1913743003199567 --- TKE: 0.9999910761907672 
[MO833] Paramount Iteration,0,25,14.0408558846,0.386369943619
26 -- 0.1990296584017747 --- TKE: 0.9999912593360339 
[MO833] Paramount Iteration,0,26,14.4276008606,0.386744976044
27 -- 0.2066850852575417 --- TKE: 0.9999914832485163 
[MO833] Paramount Iteration,0,27,14.8136999607,0.386099100113
28 -- 0.21434058274763151 --- TKE: 0.9999917343732561 
[MO833] Paramount Iteration,0,28,15.2048668861,0.39116692543
29 -- 0.2219961513406338 --- TKE: 0.9999919948904525 
[MO833] Paramount Iteration,0,29,15.5911550522,0.386288166046
30 -- 0.22965179049226778 --- TKE: 0.9999922455899856 
[MO833] Paramount Iteration,0,30,15.9775378704,0.386382818222
31 -- 0.2373074990814909 --- TKE: 0.9999924692303267 
[MO833] Paramount Iteration,0,31,16.3642399311,0.386702060699
32 -- 0.2449632758406288 --- TKE: 0.9999926539577196 
[MO833] Paramount Iteration,0,32,16.7505869865,0.386347055435
33 -- 0.2526191197337146 --- TKE: 0.9999927953292786 
[MO833] Paramount Iteration,0,33,17.1367440224,0.386157035828
34 -- 0.260275030255462 --- TKE: 0.9999928967510316 
[MO833] Paramount Iteration,0,34,17.5223550797,0.385611057281
35 -- 0.26793100763640165 --- TKE: 0.9999929677621537 
[MO833] Paramount Iteration,0,35,17.9086899757,0.386334896088
36 -- 0.27558705294776303 --- TKE: 0.9999930212436436 
[MO833] Paramount Iteration,0,36,18.2950909138,0.386400938034
37 -- 0.2832431681077688 --- TKE: 0.9999930704087794 
[MO833] Paramount Iteration,0,37,18.6813628674,0.386271953583
38 -- 0.2908993558013121 --- TKE: 0.9999931263538184 
[MO833] Paramount Iteration,0,38,19.0676689148,0.38630604744
39 -- 0.29855561933547275 --- TKE: 0.9999931974496923 
[MO833] Paramount Iteration,0,39,19.906498909,0.838829994202
40 -- 0.30621196245927007 --- TKE: 0.9999932898899051 
[MO833] Paramount Iteration,0,40,20.2982158661,0.391716957092
41 -- 0.3138683891761755 --- TKE: 0.9999934091378376 
[MO833] Paramount Iteration,0,41,20.6845018864,0.386286020279
42 -- 0.3215249035744343 --- TKE: 0.9999935619083471 
[MO833] Paramount Iteration,0,42,21.0710029602,0.386501073837
43 -- 0.3291815096963826 --- TKE: 0.9999937560903216 
[MO833] Paramount Iteration,0,43,21.4574580193,0.386455059052
44 -- 0.3368382114624965 --- TKE: 0.999994000483468 
[MO833] Paramount Iteration,0,44,21.8442120552,0.38675403595
45 -- 0.3444950126548862 --- TKE: 0.9999943032422577 
[MO833] Paramount Iteration,0,45,22.2306330204,0.386420965195
46 -- 0.35215191694620457 --- TKE: 0.9999946691354477 
[MO833] Paramount Iteration,0,46,22.6170179844,0.386384963989
47 -- 0.3598089279389015 --- TKE: 0.9999950977793176 
[MO833] Paramount Iteration,0,47,23.0030460358,0.386028051376
48 -- 0.3674660491673564 --- TKE: 0.9999955822928644 
[MO833] Paramount Iteration,0,48,23.3885390759,0.385493040085
49 -- 0.37512328402214923 --- TKE: 0.9999961096147537 
[MO833] Paramount Iteration,0,49,23.7750718594,0.386532783508
50 -- 0.3827806355835622 --- TKE: 0.9999966620466066 
[MO833] Paramount Iteration,0,50,24.1618340015,0.386762142181
51 -- 0.390438106390099 --- TKE: 0.9999972200767625 
[MO833] Paramount Iteration,0,51,24.5486018658,0.386767864227
52 -- 0.3980956982004782 --- TKE: 0.9999977655572603 
[MO833] Paramount Iteration,0,52,24.93511796,0.386516094208
53 -- 0.40575341181851654 --- TKE: 0.9999982846400931 
[MO833] Paramount Iteration,0,53,25.3215050697,0.386387109756
54 -- 0.4134112470363601 --- TKE: 0.999998769856652 
[MO833] Paramount Iteration,0,54,25.7125999928,0.391094923019
55 -- 0.4210692027215245 --- TKE: 0.9999992210378917 
[MO833] Paramount Iteration,0,55,26.0984699726,0.385869979858
56 -- 0.4287272770423806 --- TKE: 0.9999996446637053 
[MO833] Paramount Iteration,0,56,26.4851078987,0.386637926102
57 -- 0.4363854678066573 --- TKE: 1.0000000519761822 
[MO833] Paramount Iteration,0,57,26.8704950809,0.385387182236
58 -- 0.4440437728774161 --- TKE: 1.0000004563643645 
[MO833] Paramount Iteration,0,58,27.2562019825,0.38570690155
59 -- 0.4517021906245824 --- TKE: 1.0000008708419041 
[MO833] Paramount Iteration,0,59,28.081799984,0.82559800148
60 -- 0.4593607203594438 --- TKE: 1.0000013064414535 
[MO833] Paramount Iteration,0,60,28.4718589783,0.390058994293
61 -- 0.4670193626902375 --- TKE: 1.0000017717482252 
[MO833] Paramount Iteration,0,61,28.8583929539,0.386533975601
62 -- 0.47467811973133867 --- TKE: 1.000002273469099 
[MO833] Paramount Iteration,0,62,29.2452809811,0.386888027191
63 -- 0.4823369951116914 --- TKE: 1.0000028174577895 
[MO833] Paramount Iteration,0,63,29.6319508553,0.386669874191
64 -- 0.4899959937602324 --- TKE: 1.0000034093624117 
[MO833] Paramount Iteration,0,64,30.0187909603,0.386840105057
65 -- 0.4976551214895298 --- TKE: 1.0000040545711038 
[MO833] Paramount Iteration,0,65,30.4054570198,0.386666059494
66 -- 0.5053143844398271 --- TKE: 1.0000047568713206 
[MO833] Paramount Iteration,0,66,30.7923049927,0.38684797287
67 -- 0.5129737884735585 --- TKE: 1.000005516355422 
[MO833] Paramount Iteration,0,67,31.1789679527,0.386662960052
68 -- 0.520633338620666 --- TKE: 1.0000063270619222 
[MO833] Paramount Iteration,0,68,31.5667059422,0.387737989426
69 -- 0.5282930386618219 --- TKE: 1.0000071754137794 
[MO833] Paramount Iteration,0,69,31.9536168575,0.386910915375
70 -- 0.535952890902107 --- TKE: 1.000008040597652 
[MO833] Paramount Iteration,0,70,32.3409669399,0.387350082397
71 -- 0.5436128961522144 --- TKE: 1.0000088970901502 
[MO833] Paramount Iteration,0,71,32.733191967,0.392225027084
72 -- 0.5512730538987884 --- TKE: 1.0000097185006405 
[MO833] Paramount Iteration,0,72,33.1201109886,0.386919021606
73 -- 0.5589333626230004 --- TKE: 1.0000104817207025 
[MO833] Paramount Iteration,0,73,33.506816864,0.386705875397
74 -- 0.5665938202227727 --- TKE: 1.000011170897242 
[MO833] Paramount Iteration,0,74,33.8936078548,0.386790990829
75 -- 0.5742544244785539 --- TKE: 1.0000117795783965 
[MO833] Paramount Iteration,0,75,34.2801420689,0.38653421402
76 -- 0.5819151735041622 --- TKE: 1.0000123105273282 
[MO833] Paramount Iteration,0,76,34.6668930054,0.386750936508
77 -- 0.5895760661259181 --- TKE: 1.0000127740700542 
[MO833] Paramount Iteration,0,77,35.0532228947,0.386329889297
78 -- 0.5972371021367343 --- TKE: 1.0000131852839655 
[MO833] Paramount Iteration,0,78,35.4398329258,0.386610031128
79 -- 0.6048982823989374 --- TKE: 1.0000135614842653 
[MO833] Paramount Iteration,0,79,36.2672200203,0.827387094498
80 -- 0.6125596087886839 --- TKE: 1.0000139202386094 
[MO833] Paramount Iteration,0,80,36.6622819901,0.395061969757
81 -- 0.6202210840046859 --- TKE: 1.0000142784511528 
[MO833] Paramount Iteration,0,81,37.0642540455,0.401972055435
82 -- 0.6278827112847449 --- TKE: 1.000014652582222 
[MO833] Paramount Iteration,0,82,37.4738669395,0.409612894058
83 -- 0.6355444940740148 --- TKE: 1.0000150590833605 
[MO833] Paramount Iteration,0,83,37.9339449406,0.460078001022
84 -- 0.6432064357272924 --- TKE: 1.000015514589244 
[MO833] Paramount Iteration,0,84,38.3931200504,0.459175109863
85 -- 0.6508685392601582 --- TKE: 1.0000160354274013 
[MO833] Paramount Iteration,0,85,38.8521709442,0.459050893784
86 -- 0.6585308071883881 --- TKE: 1.0000166363861496 
[MO833] Paramount Iteration,0,86,39.3112509251,0.45907998085
87 -- 0.6661932414704932 --- TKE: 1.0000173287117973 
[MO833] Paramount Iteration,0,87,39.7704019547,0.459151029587
88 -- 0.6738558435462713 --- TKE: 1.0000181176934186 
[MO833] Paramount Iteration,0,88,40.2296099663,0.459208011627
89 -- 0.6815186144544468 --- TKE: 1.0000190006347995 
[MO833] Paramount Iteration,0,89,40.6886520386,0.459042072296
90 -- 0.6891815549995128 --- TKE: 1.0000199659064046 
[MO833] Paramount Iteration,0,90,41.1478340626,0.459182024002
91 -- 0.6968446659315092 --- TKE: 1.0000209936469446 
[MO833] Paramount Iteration,0,91,41.5557348728,0.407900810242
92 -- 0.7045079481002389 --- TKE: 1.0000220579023882 
[MO833] Paramount Iteration,0,92,41.9412469864,0.385512113571
93 -- 0.7121714025547511 --- TKE: 1.000023130189865 
[MO833] Paramount Iteration,0,93,42.3263409138,0.385093927383
94 -- 0.7198350305690525 --- TKE: 1.0000241834580852 
[MO833] Paramount Iteration,0,94,42.7115049362,0.385164022446
95 -- 0.727498833593993 --- TKE: 1.0000251956159454 
[MO833] Paramount Iteration,0,95,43.0967879295,0.385282993317
96 -- 0.7351628131539345 --- TKE: 1.0000261516477056 
[MO833] Paramount Iteration,0,96,43.4820139408,0.385226011276
97 -- 0.7428269707211733 --- TKE: 1.0000270439380987 
[MO833] Paramount Iteration,0,97,43.8675498962,0.385535955429
98 -- 0.7504913076057391 --- TKE: 1.0000278710337402 
[MO833] Paramount Iteration,0,98,44.2532279491,0.385678052902
99 -- 0.7581558248915101 --- TKE: 1.0000286353539336 
[MO833] Paramount Iteration,0,99,45.0928149223,0.83958697319
100 -- 0.7658205234344616 --- TKE: 1.0000293409572762 
[MO833] Paramount Iteration,0,100,45.4929320812,0.40011715889
101 -- 0.7734854039230438 --- TKE: 1.0000299922819158 
[MO833] Paramount Iteration,0,101,45.8849790096,0.392046928406
102 -- 0.7811504669903929 --- TKE: 1.0000305943214287 
[MO833] Paramount Iteration,0,102,46.2702848911,0.3853058815
103 -- 0.7888157133659546 --- TKE: 1.0000311540840734 
[MO833] Paramount Iteration,0,103,46.6555850506,0.385300159454
104 -- 0.7964811440561178 --- TKE: 1.0000316823668627 
[MO833] Paramount Iteration,0,104,47.0407850742,0.385200023651
105 -- 0.8041467605421357 --- TKE: 1.0000321948567714 
[MO833] Paramount Iteration,0,105,47.426142931,0.38535785675
106 -- 0.8118125649732693 --- TKE: 1.000032711791886 
[MO833] Paramount Iteration,0,106,47.8115580082,0.385415077209
107 -- 0.8194784640840608 --- TKE: 1.0000332558498994 
[MO833] Paramount Iteration,0,107,48.1972339153,0.385675907135
108 -- 0.8271442629934372 --- TKE: 1.0000338487242537 
[MO833] Paramount Iteration,0,108,48.5823960304,0.385162115097
109 -- 0.8348099524394451 --- TKE: 1.0000345074428187 
[MO833] Paramount Iteration,0,109,48.9675848484,0.385188817978
110 -- 0.8424755256924517 --- TKE: 1.0000352412544888 
[MO833] Paramount Iteration,0,110,49.3527879715,0.385203123093
111 -- 0.8501409789293554 --- TKE: 1.0000360500705665 
[MO833] Paramount Iteration,0,111,49.7380950451,0.385307073593
112 -- 0.8578063113362983 --- TKE: 1.0000369248083105 
[MO833] Paramount Iteration,0,112,50.1236710548,0.38557600975
113 -- 0.8654715249244009 --- TKE: 1.0000378493997009 
[MO833] Paramount Iteration,0,113,50.508852005,0.385180950165
114 -- 0.8731366240783556 --- TKE: 1.000038803838814 
[MO833] Paramount Iteration,0,114,50.8942430019,0.385390996933
115 -- 0.8808016148924925 --- TKE: 1.0000397673981327 
[MO833] Paramount Iteration,0,115,51.279957056,0.385714054108
116 -- 0.8884665043744832 --- TKE: 1.0000407213623328 
[MO833] Paramount Iteration,0,116,51.6651239395,0.385166883469
117 -- 0.896131299607492 --- TKE: 1.0000416507957668 
[MO833] Paramount Iteration,0,117,52.050440073,0.385316133499
118 -- 0.903796006957181 --- TKE: 1.0000425452049333 
[MO833] Paramount Iteration,0,118,52.4359679222,0.385527849197
119 -- 0.9114606313936896 --- TKE: 1.0000433983033536 
[MO833] Paramount Iteration,0,119,53.2613990307,0.825431108475
120 -- 0.9191251759764386 --- TKE: 1.00004420726279 
[MO833] Paramount Iteration,0,120,53.658356905,0.396957874298
121 -- 0.9267896415260743 --- TKE: 1.0000449720178446 
[MO833] Paramount Iteration,0,121,54.0482690334,0.389912128448
122 -- 0.9344540264862023 --- TKE: 1.000045695042551 
[MO833] Paramount Iteration,0,122,54.4375479221,0.389278888702
123 -- 0.942118326961838 --- TKE: 1.0000463816965295 
[MO833] Paramount Iteration,0,123,54.8276028633,0.390054941177
124 -- 0.949782536912866 --- TKE: 1.0000470410670121 
[MO833] Paramount Iteration,0,124,55.218100071,0.390497207642
125 -- 0.9574466484788268 --- TKE: 1.0000476868260404 
[MO833] Paramount Iteration,0,125,55.6080129147,0.389912843704
126 -- 0.9651106524131889 --- TKE: 1.0000483373043172 
[MO833] Paramount Iteration,0,126,55.9975619316,0.389549016953
127 -- 0.9727745386068839 --- TKE: 1.0000490143654257 
[MO833] Paramount Iteration,0,127,56.3862018585,0.38863992691
128 -- 0.9804382966788552 --- TKE: 1.0000497407872533 
[MO833] Paramount Iteration,0,128,56.7732610703,0.387059211731
129 -- 0.9881019166041571 --- TKE: 1.000050536464835 
[MO833] Paramount Iteration,0,129,57.1603338718,0.38707280159
130 -- 0.9957653893392031 --- TKE: 1.0000514145435648 
[MO833] Paramount Iteration,0,130,57.5472888947,0.386955022812
131 -- 1.0034287073929504 --- TKE: 1.0000523783681756 
[MO833] Paramount Iteration,0,131,57.9340369701,0.386748075485
132 -- 1.0110918652879437 --- TKE: 1.0000534200345366 
[MO833] Paramount Iteration,0,132,58.3208329678,0.38679599762
133 -- 1.018754859860625 --- TKE: 1.0000545213875887 
[MO833] Paramount Iteration,0,133,58.7073230743,0.386490106583
134 -- 1.026417690367352 --- TKE: 1.0000556573120531 
[MO833] Paramount Iteration,0,134,59.0944950581,0.387171983719
135 -- 1.0340803583869387 --- TKE: 1.000056799849747 
[MO833] Paramount Iteration,0,135,59.4810068607,0.386511802673
136 -- 1.0417428675346705 --- TKE: 1.0000579223733792 
[MO833] Paramount Iteration,0,136,59.8668999672,0.385893106461
137 -- 1.0494052230193596 --- TKE: 1.0000590028966707 
[MO833] Paramount Iteration,0,137,60.2539498806,0.387049913406
138 -- 1.0570674310817938 --- TKE: 1.0000600259431127 
[MO833] Paramount Iteration,0,138,60.6404950619,0.386545181274
139 -- 1.0647294983533335 --- TKE: 1.0000609822926916 
[MO833] Paramount Iteration,0,139,61.4823188782,0.841823816299
140 -- 1.0723914311739327 --- TKE: 1.000061867688236 
[MO833] Paramount Iteration,0,140,61.8716239929,0.389305114746
141 -- 1.0800532349138157 --- TKE: 1.000062681986826 
[MO833] Paramount Iteration,0,141,62.2570650578,0.385441064835
142 -- 1.0877149133515067 --- TKE: 1.000063428584923 
[MO833] Paramount Iteration,0,142,62.6454279423,0.388362884521
143 -- 1.095376468167232 --- TKE: 1.0000641138762694 
[MO833] Paramount Iteration,0,143,63.0436079502,0.398180007935
144 -- 1.1030378986086227 --- TKE: 1.0000647468915043 
[MO833] Paramount Iteration,0,144,63.4566719532,0.413064002991
145 -- 1.1106992013724533 --- TKE: 1.0000653392958772 
[MO833] Paramount Iteration,0,145,63.9156689644,0.458997011185
146 -- 1.1183603707236884 --- TKE: 1.0000659047862623 
[MO833] Paramount Iteration,0,146,64.3746418953,0.458972930908
147 -- 1.126021398846418 --- TKE: 1.0000664588045813 
[MO833] Paramount Iteration,0,147,64.8335790634,0.458937168121
148 -- 1.133682276395747 --- TKE: 1.0000670171416832 
[MO833] Paramount Iteration,0,148,65.2822458744,0.448666810989
149 -- 1.1413429931992511 --- TKE: 1.0000675945028659 
[MO833] Paramount Iteration,0,149,65.6676449776,0.385399103165
150 -- 1.1490035390428022 --- TKE: 1.0000682027478323 
[MO833] Paramount Iteration,0,150,66.0528478622,0.385202884674
151 -- 1.156663904469184 --- TKE: 1.0000688493968934 
[MO833] Paramount Iteration,0,151,66.438024044,0.385176181793
152 -- 1.164324081517779 --- TKE: 1.0000695366863452 
[MO833] Paramount Iteration,0,152,66.8230919838,0.385067939758
153 -- 1.1719840643398416 --- TKE: 1.0000702619407296 
[MO833] Paramount Iteration,0,153,67.2130038738,0.38991189003
154 -- 1.17964384963417 --- TKE: 1.0000710182056756 
[MO833] Paramount Iteration,0,154,67.5983798504,0.385375976562
155 -- 1.1873034368618283 --- TKE: 1.000071795414637 
[MO833] Paramount Iteration,0,155,67.983823061,0.385443210602
156 -- 1.1949628282156393 --- TKE: 1.000072582243592 
[MO833] Paramount Iteration,0,156,68.3752419949,0.391418933868
157 -- 1.202622028340166 --- TKE: 1.0000733677601872 
[MO833] Paramount Iteration,0,157,68.7608990669,0.385657072067
158 -- 1.2102810438214682 --- TKE: 1.0000741430940798 
[MO833] Paramount Iteration,0,158,69.1460239887,0.385124921799
159 -- 1.2179398824902403 --- TKE: 1.0000749022184117 
[MO833] Paramount Iteration,0,159,69.9849529266,0.838928937912
160 -- 1.2255985526048625 --- TKE: 1.0000756416751073 
[MO833] Paramount Iteration,0,160,70.3769140244,0.391961097717
161 -- 1.2332570619971326 --- TKE: 1.000076359653176 
[MO833] Paramount Iteration,0,161,70.7657120228,0.388797998428
162 -- 1.2409154172685313 --- TKE: 1.0000770546225013 
[MO833] Paramount Iteration,0,162,71.1544389725,0.388726949692
163 -- 1.24857362311809 --- TKE: 1.000077724240075 
[MO833] Paramount Iteration,0,163,71.5434238911,0.388984918594
164 -- 1.256231681865112 --- TKE: 1.000078364778969 
[MO833] Paramount Iteration,0,164,71.9326548576,0.389230966568
165 -- 1.2638895932061749 --- TKE: 1.0000789714962366 
[MO833] Paramount Iteration,0,165,72.3205258846,0.387871026993
166 -- 1.2715473542214455 --- TKE: 1.0000795394963364 
[MO833] Paramount Iteration,0,166,72.7056879997,0.385162115097
167 -- 1.2792049596231057 --- TKE: 1.0000800650225836 
[MO833] Paramount Iteration,0,167,73.0921499729,0.38646197319
168 -- 1.2868624022181587 --- TKE: 1.0000805463956268 
[MO833] Paramount Iteration,0,168,73.4900238514,0.397873878479
169 -- 1.294519673540699 --- TKE: 1.0000809845938285 
[MO833] Paramount Iteration,0,169,73.8973810673,0.407357215881
170 -- 1.302176764594511 --- TKE: 1.0000813830460797 
[MO833] Paramount Iteration,0,170,74.3563020229,0.458920955658
171 -- 1.3098336666380106 --- TKE: 1.000081746708409 
[MO833] Paramount Iteration,0,171,74.8150279522,0.45872592926
172 -- 1.3174903719419797 --- TKE: 1.0000820808455368 
[MO833] Paramount Iteration,0,172,75.274116993,0.459089040756
173 -- 1.3251468744554777 --- TKE: 1.0000823898469573 
[MO833] Paramount Iteration,0,173,75.7330269814,0.458909988403
174 -- 1.3328031703276497 --- TKE: 1.000082676391642 
[MO833] Paramount Iteration,0,174,76.1919908524,0.458963871002
175 -- 1.340459258246177 --- TKE: 1.0000829409600185 
[MO833] Paramount Iteration,0,175,76.6508510113,0.45886015892
176 -- 1.348115139566416 --- TKE: 1.0000831818230387 
[MO833] Paramount Iteration,0,176,77.1095359325,0.458684921265
177 -- 1.3557708182188095 --- TKE: 1.000083395492089 
[MO833] Paramount Iteration,0,177,77.5178279877,0.40829205513
178 -- 1.3634263003942766 --- TKE: 1.0000835771910002 
[MO833] Paramount Iteration,0,178,77.9137408733,0.395912885666
179 -- 1.3710815940267873 --- TKE: 1.0000837215452882 
[MO833] Paramount Iteration,0,179,78.7495410442,0.835800170898
180 -- 1.378736708112986 --- TKE: 1.0000838231908218 
[MO833] Paramount Iteration,0,180,79.1415550709,0.392014026642
181 -- 1.3863916519283837 --- TKE: 1.0000838770328346 
[MO833] Paramount Iteration,0,181,79.5303690434,0.388813972473
182 -- 1.3940464342165788 --- TKE: 1.0000838784084407 
[MO833] Paramount Iteration,0,182,79.9193310738,0.388962030411
183 -- 1.4017010624344397 --- TKE: 1.0000838230812763 
[MO833] Paramount Iteration,0,183,80.3072500229,0.387918949127
184 -- 1.4093555421306068 --- TKE: 1.0000837070861344 
[MO833] Paramount Iteration,0,184,80.6945848465,0.387334823608
185 -- 1.417009876520022 --- TKE: 1.0000835267606876 
[MO833] Paramount Iteration,0,185,81.0926480293,0.398063182831
186 -- 1.4246640662896628 --- TKE: 1.000083279224194 
[MO833] Paramount Iteration,0,186,81.5024828911,0.409834861755
187 -- 1.4323181096446025 --- TKE: 1.000082963215262 
[MO833] Paramount Iteration,0,187,81.9614970684,0.459014177322
188 -- 1.4399720025789453 --- TKE: 1.0000825803295577 
[MO833] Paramount Iteration,0,188,82.4206259251,0.459128856659
189 -- 1.447625739335212 --- TKE: 1.0000821359591345 
[MO833] Paramount Iteration,0,189,82.8404040337,0.419778108597
190 -- 1.4552793130091262 --- TKE: 1.000081639459868 
[MO833] Paramount Iteration,0,190,83.2261469364,0.385742902756
191 -- 1.4629324949354088 --- TKE: 1.000081103485503 
[MO833] Paramount Iteration,0,191,83.6113140583,0.385167121887
192 -- 1.470585227551587 --- TKE: 1.0000805425599804 
[MO833] Paramount Iteration,0,192,83.9968850613,0.38557100296
193 -- 1.4782375107777261 --- TKE: 1.000079970858216 
[MO833] Paramount Iteration,0,193,84.3826889992,0.385803937912
194 -- 1.4858893458195157 --- TKE: 1.000079399562593 
[MO833] Paramount Iteration,0,194,84.7682459354,0.385556936264
195 -- 1.4935407353173888 --- TKE: 1.0000788347541292 
[MO833] Paramount Iteration,0,195,85.1538908482,0.38564491272
196 -- 1.5011916833763583 --- TKE: 1.0000782760979097 
[MO833] Paramount Iteration,0,196,85.5394120216,0.385521173477
197 -- 1.50884219547037 --- TKE: 1.0000777163462615 
[MO833] Paramount Iteration,0,197,85.9249918461,0.385579824448
198 -- 1.5164922782287023 --- TKE: 1.00007714187403 
[MO833] Paramount Iteration,0,198,86.3105390072,0.385547161102
199 -- 1.5241419391237798 --- TKE: 1.000076533906327 
[MO833] Paramount Iteration,0,199,87.1460700035,0.835530996323
200 -- 1.531791186088924 --- TKE: 1.000075870077651 
[MO833] Paramount Iteration,0,200,87.5382540226,0.392184019089
201 -- 1.5394400270999622 --- TKE: 1.0000751262565013 
[MO833] Paramount Iteration,0,201,87.9283699989,0.390115976334
202 -- 1.5470884697548668 --- TKE: 1.0000742785172105 
[MO833] Paramount Iteration,0,202,88.3229389191,0.394568920135
203 -- 1.5547365208821522 --- TKE: 1.0000733049810384 
[MO833] Paramount Iteration,0,203,88.7091889381,0.386250019073
204 -- 1.5623841862037844 --- TKE: 1.000072187463331 
[MO833] Paramount Iteration,0,204,89.0954918861,0.386302947998
205 -- 1.570031470074623 --- TKE: 1.0000709128756162 
[MO833] Paramount Iteration,0,205,89.4817230701,0.386231184006
206 -- 1.5776783753197474 --- TKE: 1.0000694743179532 
[MO833] Paramount Iteration,0,206,89.8679258823,0.386202812195
207 -- 1.5853249031920351 --- TKE: 1.0000678714676206 
[MO833] Paramount Iteration,0,207,90.2542140484,0.386288166046
208 -- 1.5929710534712596 --- TKE: 1.0000661104614315 
[MO833] Paramount Iteration,0,208,90.640709877,0.386495828629
209 -- 1.600616824718342 --- TKE: 1.0000642034299656 
[MO833] Paramount Iteration,0,209,91.0267529488,0.386043071747
210 -- 1.6082622146822405 --- TKE: 1.0000621675815229 
[MO833] Paramount Iteration,0,210,91.4132950306,0.386542081833
211 -- 1.6159072208351357 --- TKE: 1.000060023926432 
[MO833] Paramount Iteration,0,211,91.7995388508,0.38624382019
212 -- 1.6235518409887932 --- TKE: 1.0000577956234762 
[MO833] Paramount Iteration,0,212,92.186259985,0.386721134186
213 -- 1.6311960739273983 --- TKE: 1.000055505961091 
[MO833] Paramount Iteration,0,213,92.5724990368,0.386239051819
214 -- 1.6388399199841621 --- TKE: 1.0000531757516018 
[MO833] Paramount Iteration,0,214,92.9589459896,0.38644695282
215 -- 1.6464833814913327 --- TKE: 1.0000508206726202 
[MO833] Paramount Iteration,0,215,93.345443964,0.386497974396
216 -- 1.6541264630450663 --- TKE: 1.0000484487095405 
[MO833] Paramount Iteration,0,216,93.7320399284,0.386595964432
217 -- 1.6617691715455853 --- TKE: 1.0000460587845796 
[MO833] Paramount Iteration,0,217,94.1184039116,0.386363983154
218 -- 1.6694115159972656 --- TKE: 1.0000436400792223 
[MO833] Paramount Iteration,0,218,94.5048789978,0.386475086212
219 -- 1.6770535070804289 --- TKE: 1.0000411728690615 
[MO833] Paramount Iteration,0,219,95.3963630199,0.891484022141
220 -- 1.6846951565341481 --- TKE: 1.0000386305885927 
[MO833] Paramount Iteration,0,220,95.7885680199,0.392204999924
221 -- 1.6923364764143678 --- TKE: 1.0000359827885223 
[MO833] Paramount Iteration,0,221,96.1789438725,0.390375852585
222 -- 1.6999774783102464 --- TKE: 1.0000331984117685 
[MO833] Paramount Iteration,0,222,96.5650758743,0.386132001877
223 -- 1.7076181726110355 --- TKE: 1.000030248567257 
[MO833] Paramount Iteration,0,223,96.9510030746,0.385927200317
224 -- 1.715258374553969 --- TKE: 1.0000271087519306 
[MO833] Paramount Iteration,0,224,97.3369078636,0.385904788971
225 -- 1.722897928895807 --- TKE: 1.0000237604617421 
[MO833] Paramount Iteration,0,225,97.7230100632,0.386102199554
226 -- 1.7305368380523092 --- TKE: 1.0000201919625564 
[MO833] Paramount Iteration,0,226,98.1089320183,0.385921955109
227 -- 1.738175100930647 --- TKE: 1.0000163991237785 
[MO833] Paramount Iteration,0,227,98.4948499203,0.385917901993
228 -- 1.7458127132877617 --- TKE: 1.0000123850922333 
[MO833] Paramount Iteration,0,228,98.8816409111,0.386790990829
229 -- 1.753449668402527 --- TKE: 1.0000081602424018 
[MO833] Paramount Iteration,0,229,99.2685010433,0.386860132217
230 -- 1.7610859579734848 --- TKE: 1.0000037415096854 
[MO833] Paramount Iteration,0,230,99.655823946,0.387322902679
231 -- 1.7687215731322172 --- TKE: 0.9999991511068833 
[MO833] Paramount Iteration,0,231,100.042965889,0.387141942978
232 -- 1.7763565054595365 --- TKE: 0.9999944149382711 
[MO833] Paramount Iteration,0,232,100.430305958,0.387340068817
233 -- 1.7839907479040953 --- TKE: 0.9999895603191109 
[MO833] Paramount Iteration,0,233,100.817440987,0.387135028839
234 -- 1.7916242955271315 --- TKE: 0.9999846131368658 
[MO833] Paramount Iteration,0,234,101.204479933,0.387038946152
235 -- 1.7992571460263183 --- TKE: 0.9999795949320135 
[MO833] Paramount Iteration,0,235,101.591603041,0.38712310791
236 -- 1.8068893000198616 --- TKE: 0.9999745196244318 
[MO833] Paramount Iteration,0,236,101.979259014,0.387655973434
237 -- 1.814520761095386 --- TKE: 0.9999693914159815 
[MO833] Paramount Iteration,0,237,102.36627388,0.387014865875
238 -- 1.8221515356451514 --- TKE: 0.9999642028530986 
[MO833] Paramount Iteration,0,238,102.752817869,0.386543989182
239 -- 1.8297816325203162 --- TKE: 0.9999589339903353 
[MO833] Paramount Iteration,0,239,103.585500002,0.832682132721
240 -- 1.8374110625434363 --- TKE: 0.9999535541041309 
[MO833] Paramount Iteration,0,240,103.977123022,0.391623020172
241 -- 1.8450398379223723 --- TKE: 0.9999480247045381 
[MO833] Paramount Iteration,0,241,104.364939928,0.387816905975
242 -- 1.8526676388153869 --- TKE: 0.9999423032211331 
[MO833] Paramount Iteration,0,242,104.750534058,0.385594129562
243 -- 1.8602944424697885 --- TKE: 0.999936346923012 
[MO833] Paramount Iteration,0,243,105.139284849,0.38875079155
244 -- 1.8679202592439026 --- TKE: 0.9999301174585965 
[MO833] Paramount Iteration,0,244,105.53015995,0.390875101089
245 -- 1.875545097855815 --- TKE: 0.9999235839245829 
[MO833] Paramount Iteration,0,245,105.91634798,0.386188030243
246 -- 1.8831689648366363 --- TKE: 0.9999167246433519 
[MO833] Paramount Iteration,0,246,106.302042007,0.385694026947
247 -- 1.89079186416555 --- TKE: 0.9999095282394967 
[MO833] Paramount Iteration,0,247,106.687835932,0.385793924332
248 -- 1.898413797116633 --- TKE: 0.9999019929808475 
[MO833] Paramount Iteration,0,248,107.073651075,0.385815143585
249 -- 1.9060347623299483 --- TKE: 0.9998941254982283 
[MO833] Paramount Iteration,0,249,107.459570885,0.385919809341
250 -- 1.913654756103923 --- TKE: 0.9998859400125162 
[MO833] Paramount Iteration,0,250,107.845542908,0.38597202301
251 -- 1.921273772888905 --- TKE: 0.9998774572064684 
[MO833] Paramount Iteration,0,251,108.231874943,0.386332035065
252 -- 1.9288918059454707 --- TKE: 0.999868703115407 
[MO833] Paramount Iteration,0,252,108.617634058,0.385759115219
253 -- 1.9365088481178776 --- TKE: 0.9998597076911483 
[MO833] Paramount Iteration,0,253,109.003448009,0.385813951492
254 -- 1.9441248926620731 --- TKE: 0.9998505027598623 
[MO833] Paramount Iteration,0,254,109.389395952,0.385947942734
255 -- 1.9517399340618946 --- TKE: 0.9998411195824481 
[MO833] Paramount Iteration,0,255,109.775376081,0.385980129242
256 -- 1.959353968766671 --- TKE: 0.9998315858137949 
[MO833] Paramount Iteration,0,256,110.161206007,0.385829925537
257 -- 1.9669669957895708 --- TKE: 0.999821922352653 
[MO833] Paramount Iteration,0,257,110.547191858,0.385985851288
258 -- 1.9745790171160689 --- TKE: 0.9998121402818706 
[MO833] Paramount Iteration,0,258,110.933104038,0.385912179947
259 -- 1.9821900378889283 --- TKE: 0.999802238865785 
[MO833] Paramount Iteration,0,259,111.768586874,0.83548283577
260 -- 1.9898000663535642 --- TKE: 0.9997922050329303 
[MO833] Paramount Iteration,0,260,112.160655975,0.392069101334
261 -- 1.9974091135660803 --- TKE: 0.9997820142138857 
[MO833] Paramount Iteration,0,261,112.547031879,0.386375904083
262 -- 2.005017192883581 --- TKE: 0.999771632662933 
[MO833] Paramount Iteration,0,262,112.932797909,0.385766029358
263 -- 2.012624319271121 --- TKE: 0.9997610209034877 
[MO833] Paramount Iteration,0,263,113.318664074,0.385866165161
264 -- 2.0202305084723267 --- TKE: 0.9997501378945461 
[MO833] Paramount Iteration,0,264,113.720816851,0.402152776718
265 -- 2.0278357761022052 --- TKE: 0.9997389447822056 
[MO833] Paramount Iteration,0,265,114.112257957,0.391441106796
266 -- 2.0354401367303128 --- TKE: 0.9997274076892223 
[MO833] Paramount Iteration,0,266,114.49802804,0.385770082474
267 -- 2.0430436030305112 --- TKE: 0.9997154998245505 
[MO833] Paramount Iteration,0,267,114.883719921,0.38569188118
268 -- 2.050646185075345 --- TKE: 0.9997032021136435 
[MO833] Paramount Iteration,0,268,115.269677877,0.385957956314
269 -- 2.058247889847206 --- TKE: 0.9996905024045951 
[MO833] Paramount Iteration,0,269,115.655664921,0.385987043381
270 -- 2.065848721024432 --- TKE: 0.9996773947888102 
[MO833] Paramount Iteration,0,270,116.041332006,0.385667085648
271 -- 2.07344867907934 --- TKE: 0.9996638791062943 
[MO833] Paramount Iteration,0,271,116.427598953,0.386266946793
272 -- 2.0810477616979774 --- TKE: 0.9996499605408038 
[MO833] Paramount Iteration,0,272,116.813626051,0.386027097702
273 -- 2.0886459645010413 --- TKE: 0.9996356501127059 
[MO833] Paramount Iteration,0,273,117.199492931,0.385866880417
274 -- 2.0962432820123134 --- TKE: 0.9996209652345277 
[MO833] Paramount Iteration,0,274,117.585350037,0.385857105255
275 -- 2.103839708788392 --- TKE: 0.999605929790279 
[MO833] Paramount Iteration,0,275,117.971271992,0.385921955109
276 -- 2.1114352405964616 --- TKE: 0.9995905725389824 
[MO833] Paramount Iteration,0,276,118.357024908,0.385752916336
277 -- 2.119029875511764 --- TKE: 0.9995749237396394 
[MO833] Paramount Iteration,0,277,118.742750883,0.385725975037
278 -- 2.1266236148087416 --- TKE: 0.9995590106432429 
[MO833] Paramount Iteration,0,278,119.128494978,0.385744094849
279 -- 2.134216463541347 --- TKE: 0.9995428534385122 
[MO833] Paramount Iteration,0,279,119.96946907,0.840974092484
280 -- 2.14180843074606 --- TKE: 0.9995264608524049 
[MO833] Paramount Iteration,0,280,120.360569,0.39109992981
281 -- 2.149399529248557 --- TKE: 0.9995098284775948 
[MO833] Paramount Iteration,0,281,120.747334957,0.386765956879
282 -- 2.1569897751040714 --- TKE: 0.9994929387624568 
[MO833] Paramount Iteration,0,282,121.133483887,0.386148929596
283 -- 2.164579186743764 --- TKE: 0.9994757629429967 
[MO833] Paramount Iteration,0,283,121.519326925,0.385843038559
284 -- 2.1721677839289577 --- TKE: 0.9994582650268502 
[MO833] Paramount Iteration,0,284,121.905187845,0.385860919952
285 -- 2.1797555866301233 --- TKE: 0.9994404071403219 
[MO833] Paramount Iteration,0,285,122.291132927,0.385945081711
286 -- 2.1873426139480157 --- TKE: 0.9994221530803455 
[MO833] Paramount Iteration,0,286,122.677186012,0.386053085327
287 -- 2.194928883181099 --- TKE: 0.9994034713335227 
[MO833] Paramount Iteration,0,287,123.06315589,0.385969877243
288 -- 2.2025144091204867 --- TKE: 0.9993843360288963 
[MO833] Paramount Iteration,0,288,123.449368954,0.386213064194
289 -- 2.2100992036242846 --- TKE: 0.9993647275914872 
[MO833] Paramount Iteration,0,289,123.835490942,0.386121988297
290 -- 2.2176832745973902 --- TKE: 0.9993446320891609 
[MO833] Paramount Iteration,0,290,124.222049952,0.386559009552
291 -- 2.225266627700962 --- TKE: 0.9993240404195134 
[MO833] Paramount Iteration,0,291,124.607986927,0.385936975479
292 -- 2.232849266272765 --- TKE: 0.9993029502016019 
[MO833] Paramount Iteration,0,292,124.993783951,0.385797023773
293 -- 2.240431191773554 --- TKE: 0.9992813655137452 
[MO833] Paramount Iteration,0,293,125.379948854,0.386164903641
294 -- 2.248012404528367 --- TKE: 0.99925929723157 
[MO833] Paramount Iteration,0,294,125.766164064,0.386215209961
295 -- 2.2555929045308587 --- TKE: 0.9992367636976747 
[MO833] Paramount Iteration,0,295,126.15209794,0.385933876038
296 -- 2.2631726922455635 --- TKE: 0.9992137901314805 
[MO833] Paramount Iteration,0,296,126.538460016,0.386362075806
297 -- 2.270751769352082 --- TKE: 0.9991904072313191 
[MO833] Paramount Iteration,0,297,126.924283028,0.385823011398
298 -- 2.2783301393832303 --- TKE: 0.9991666470443228 
[MO833] Paramount Iteration,0,298,127.310248852,0.385965824127
299 -- 2.2859078082195374 --- TKE: 0.9991425380510702 
[MO833] Paramount Iteration,0,299,128.17689395,0.866645097733
300 -- 2.2934847844108646 --- TKE: 0.9991181021982757 
[MO833] Paramount Iteration,0,300,128.564617872,0.387723922729
301 -- 2.3010610793057347 --- TKE: 0.9990933496619904 
[MO833] Paramount Iteration,0,301,128.950237989,0.385620117188
302 -- 2.308636706979593 --- TKE: 0.9990682745358632 
[MO833] Paramount Iteration,0,302,129.344649076,0.394411087036
303 -- 2.3162116839656965 --- TKE: 0.9990428568708846 
[MO833] Paramount Iteration,0,303,129.730643034,0.38599395752
304 -- 2.3237860288052974 --- TKE: 0.9990170639174717 
[MO833] Paramount Iteration,0,304,130.116384983,0.385741949081
305 -- 2.33135976144637 --- TKE: 0.9989908539198282 
[MO833] Paramount Iteration,0,305,130.501925945,0.385540962219
306 -- 2.3389329025320644 --- TKE: 0.9989641811311007 
[MO833] Paramount Iteration,0,306,130.887567997,0.385642051697
307 -- 2.3465054726306587 --- TKE: 0.9989370003375683 
[MO833] Paramount Iteration,0,307,131.27341795,0.385849952698
308 -- 2.3540774914675597 --- TKE: 0.9989092722340468 
[MO833] Paramount Iteration,0,308,131.659343958,0.385926008224
309 -- 2.3616489772249465 --- TKE: 0.9988809650115585 
[MO833] Paramount Iteration,0,309,132.045018911,0.385674953461
310 -- 2.3692199459737657 --- TKE: 0.9988520552878741 
[MO833] Paramount Iteration,0,310,132.431043863,0.386024951935
311 -- 2.37679041129383 --- TKE: 0.9988225269521822 
[MO833] Paramount Iteration,0,311,132.816859007,0.385815143585
312 -- 2.384360384122136 --- TKE: 0.9987923713607457 
[MO833] Paramount Iteration,0,312,133.202527046,0.385668039322
313 -- 2.3919298728467364 --- TKE: 0.9987615872873724 
[MO833] Paramount Iteration,0,313,133.588346958,0.385819911957
314 -- 2.399498883637624 --- TKE: 0.9987301807279456 
[MO833] Paramount Iteration,0,314,133.974112988,0.385766029358
315 -- 2.407067401150948 --- TKE: 0.9986981670074004 
[MO833] Paramount Iteration,0,315,134.369235039,0.395122051239
316 -- 2.4146350275820705 --- TKE: 0.9986655718527372 
[MO833] Paramount Iteration,0,316,134.767591,0.398355960846
317 -- 2.422201769479327 --- TKE: 0.9986324272543917 
[MO833] Paramount Iteration,0,317,135.214025974,0.44643497467
318 -- 2.4297676348629142 --- TKE: 0.9985987702108836 
[MO833] Paramount Iteration,0,318,135.673619986,0.459594011307
319 -- 2.437332633540422 --- TKE: 0.9985646380907732 
[MO833] Paramount Iteration,0,319,136.688802004,1.01518201828
320 -- 2.4448967772761745 --- TKE: 0.9985300617076316 
[MO833] Paramount Iteration,0,320,137.148900032,0.460098028183
321 -- 2.4524600798148564 --- TKE: 0.9984950613522583 
[MO833] Paramount Iteration,0,321,137.565819025,0.416918992996
322 -- 2.460022556765271 --- TKE: 0.9984596424734367 
[MO833] Paramount Iteration,0,322,137.951463938,0.38564491272
323 -- 2.467584225355659 --- TKE: 0.998423793595899 
[MO833] Paramount Iteration,0,323,138.337197065,0.385733127594
324 -- 2.475145104080024 --- TKE: 0.9983874871195374 
[MO833] Paramount Iteration,0,324,138.722857952,0.385660886765
325 -- 2.482705212266247 --- TKE: 0.9983506819469447 
[MO833] Paramount Iteration,0,325,139.108523846,0.385665893555
326 -- 2.4902645696065937 --- TKE: 0.9983133286209275 
[MO833] Paramount Iteration,0,326,139.494096994,0.385573148727
327 -- 2.497823195695186 --- TKE: 0.9982753749097034 
[MO833] Paramount Iteration,0,327,139.879878998,0.385782003403
328 -- 2.505381109612109 --- TKE: 0.9982367709988755 
[MO833] Paramount Iteration,0,328,140.265898943,0.386019945145
329 -- 2.5129383295816883 --- TKE: 0.9981974747609056 
[MO833] Paramount Iteration,0,329,140.651686907,0.385787963867
330 -- 2.52049487271755 --- TKE: 0.9981574555790607 
[MO833] Paramount Iteration,0,330,141.03737092,0.385684013367
331 -- 2.5280507548543163 --- TKE: 0.9981166955892721 
[MO833] Paramount Iteration,0,331,141.423286915,0.385915994644
332 -- 2.5356059904600197 --- TKE: 0.9980751885333782 
[MO833] Paramount Iteration,0,332,141.809144974,0.385858058929
333 -- 2.543160592624025 --- TKE: 0.9980329405107562 
[MO833] Paramount Iteration,0,333,142.194977999,0.385833024979
334 -- 2.5507145731211156 --- TKE: 0.9979899677766795 
[MO833] Paramount Iteration,0,334,142.580708027,0.385730028152
335 -- 2.5582679425591155 --- TKE: 0.9979462949525277 
[MO833] Paramount Iteration,0,335,142.966208935,0.385500907898
336 -- 2.5658207106190267 --- TKE: 0.9979019536311555 
[MO833] Paramount Iteration,0,336,143.351697922,0.385488986969
337 -- 2.573372886391526 --- TKE: 0.9978569793941275 
[MO833] Paramount Iteration,0,337,143.737251997,0.385554075241
338 -- 2.5809244788009917 --- TKE: 0.9978114095620396 
[MO833] Paramount Iteration,0,338,144.123142004,0.385890007019
339 -- 2.5884754970916743 --- TKE: 0.9977652787586364 
[MO833] Paramount Iteration,0,339,144.95373702,0.830595016479
340 -- 2.5960259513353727 --- TKE: 0.997718615418428 
[MO833] Paramount Iteration,0,340,145.345594883,0.391857862473
341 -- 2.6035758529112583 --- TKE: 0.9976714370618455 
[MO833] Paramount Iteration,0,341,145.734212875,0.388617992401
342 -- 2.611125214908471 --- TKE: 0.9976237446912424 
[MO833] Paramount Iteration,0,342,146.12014389,0.385931015015
343 -- 2.618674052408681 --- TKE: 0.9975755203046803 
[MO833] Paramount Iteration,0,343,146.505827904,0.385684013367
344 -- 2.626222382616643 --- TKE: 0.9975267272024713 
[MO833] Paramount Iteration,0,344,146.891512871,0.385684967041
345 -- 2.6337702248208164 --- TKE: 0.9974773130415052 
[MO833] Paramount Iteration,0,345,147.283410072,0.391897201538
346 -- 2.6413176001815084 --- TKE: 0.9974272153475382 
[MO833] Paramount Iteration,0,346,147.669270992,0.385860919952
347 -- 2.648864531359434 --- TKE: 0.9973763685196794 
[MO833] Paramount Iteration,0,347,148.055037022,0.385766029358
348 -- 2.656411042010189 --- TKE: 0.9973247122662648 
[MO833] Paramount Iteration,0,348,148.441067934,0.386030912399
349 -- 2.6639571561788067 --- TKE: 0.9972721981380721 
[MO833] Paramount Iteration,0,349,148.826708078,0.385640144348
350 -- 2.6715028976348236 --- TKE: 0.9972187938841478 
[MO833] Paramount Iteration,0,350,149.212255955,0.385547876358
351 -- 2.6790482891940957 --- TKE: 0.9971644861701603 
[MO833] Paramount Iteration,0,351,149.597789049,0.385533094406
352 -- 2.6865933520809446 --- TKE: 0.9971092788649194 
[MO833] Paramount Iteration,0,352,149.983424902,0.385635852814
353 -- 2.694137812133789 --- TKE: 0.9970531912902498 
[MO833] Paramount Iteration,0,353,150.368982077,0.385557174683
354 -- 2.7016816504241787 --- TKE: 0.9969962524272445 
[MO833] Paramount Iteration,0,354,150.754415035,0.385432958603
355 -- 2.709224881978786 --- TKE: 0.9969384984535499 
[MO833] Paramount Iteration,0,355,151.140152931,0.385737895966
356 -- 2.71676751936623 --- TKE: 0.9968799694379288 
[MO833] Paramount Iteration,0,356,151.526000023,0.385847091675
357 -- 2.724309572663727 --- TKE: 0.9968207030194159 
[MO833] Paramount Iteration,0,357,151.911962032,0.38596200943
358 -- 2.7318510496748996 --- TKE: 0.9967607359625336 
[MO833] Paramount Iteration,0,358,152.298016071,0.386054039001
359 -- 2.7393919564059983 --- TKE: 0.9967000998870025 
[MO833] Paramount Iteration,0,359,153.135998011,0.837981939316
360 -- 2.7469322977747392 --- TKE: 0.9966388179150009 
[MO833] Paramount Iteration,0,360,153.527706861,0.391708850861
361 -- 2.7544720784935333 --- TKE: 0.9965769029908953 
[MO833] Paramount Iteration,0,361,153.915379047,0.387672185898
362 -- 2.7620113040440253 --- TKE: 0.9965143552954411 
[MO833] Paramount Iteration,0,362,154.301678896,0.386299848557
363 -- 2.7695499816420814 --- TKE: 0.9964511610898454 
[MO833] Paramount Iteration,0,363,154.687244892,0.38556599617
364 -- 2.77708812108787 --- TKE: 0.9963872947722864 
[MO833] Paramount Iteration,0,364,155.072783947,0.385539054871
365 -- 2.7846257354057986 --- TKE: 0.9963227177823156 
[MO833] Paramount Iteration,0,365,155.458338022,0.385554075241
366 -- 2.792162841197922 --- TKE: 0.9962573811423118 
[MO833] Paramount Iteration,0,366,155.843916893,0.385578870773
367 -- 2.7996994586624284 --- TKE: 0.9961912334480133 
[MO833] Paramount Iteration,0,367,156.229976892,0.386059999466
368 -- 2.8072356112610106 --- TKE: 0.9961242247403533 
[MO833] Paramount Iteration,0,368,156.615583897,0.385607004166
369 -- 2.814771325052338 --- TKE: 0.9960563104383624 
[MO833] Paramount Iteration,0,369,157.001013994,0.38543009758
370 -- 2.8223066277497293 --- TKE: 0.9959874590884475 
[MO833] Paramount Iteration,0,370,157.38645196,0.385437965393
371 -- 2.8298415475933973 --- TKE: 0.9959176518374964 
[MO833] Paramount Iteration,0,371,157.772060871,0.385608911514
372 -- 2.837376112152549 --- TKE: 0.9958468818744973 
[MO833] Paramount Iteration,0,372,158.157662868,0.385601997375
373 -- 2.8449103471872648 --- TKE: 0.9957751551494769 
[MO833] Paramount Iteration,0,373,158.544221878,0.386559009552
374 -- 2.8524442756924495 --- TKE: 0.9957024885534703 
[MO833] Paramount Iteration,0,374,158.942962885,0.398741006851
375 -- 2.859977917226605 --- TKE: 0.9956289022572902 
[MO833] Paramount Iteration,0,375,159.378232002,0.435269117355
376 -- 2.867511287171315 --- TKE: 0.9955544164105549 
[MO833] Paramount Iteration,0,376,159.838374853,0.460142850876
377 -- 2.8750443926032663 --- TKE: 0.9954790485022506 
[MO833] Paramount Iteration,0,377,160.297646999,0.459272146225
378 -- 2.882577242077112 --- TKE: 0.9954028133186607 
[MO833] Paramount Iteration,0,378,160.757772923,0.460125923157
379 -- 2.8901098415528774 --- TKE: 0.9953257227318882 
[MO833] Paramount Iteration,0,379,161.715575933,0.957803010941
380 -- 2.897642195313319 --- TKE: 0.9952477885646052 
[MO833] Paramount Iteration,0,380,162.105135918,0.389559984207
381 -- 2.9051743070066793 --- TKE: 0.9951690217704889 
[MO833] Paramount Iteration,0,381,162.492116928,0.386981010437
382 -- 2.912706180724229 --- TKE: 0.9950894375956478 
[MO833] Paramount Iteration,0,382,162.878406048,0.38628911972
383 -- 2.9202376713321034 --- TKE: 0.9950090517192205 
[MO833] Paramount Iteration,0,383,163.263859034,0.385452985764
384 -- 2.927768627574285 --- TKE: 0.9949278770677256 
[MO833] Paramount Iteration,0,384,163.650476933,0.386617898941
385 -- 2.9352990685172995 --- TKE: 0.99484591907077 
[MO833] Paramount Iteration,0,385,164.036809921,0.386332988739
386 -- 2.9428290149874723 --- TKE: 0.9947631741070427 
[MO833] Paramount Iteration,0,386,164.424017906,0.387207984924
387 -- 2.9503584893413626 --- TKE: 0.9946796286165835 
[MO833] Paramount Iteration,0,387,164.81051302,0.386495113373
388 -- 2.9578875151384607 --- TKE: 0.9945952604307192 
[MO833] Paramount Iteration,0,388,165.197159052,0.386646032333
389 -- 2.965416116740507 --- TKE: 0.9945100437367553 
[MO833] Paramount Iteration,0,389,165.583498955,0.386339902878
390 -- 2.9729443188548306 --- TKE: 0.9944239492294719 
[MO833] Paramount Iteration,0,390,165.969181061,0.385682106018
391 -- 2.980472146059453 --- TKE: 0.9943369495055003 
[MO833] Paramount Iteration,0,391,166.355601072,0.38642001152
392 -- 2.9879996223470426 --- TKE: 0.9942490210815565 
[MO833] Paramount Iteration,0,392,166.742285967,0.386684894562
393 -- 2.99552677072629 --- TKE: 0.9941601466567677 
[MO833] Paramount Iteration,0,393,167.128453016,0.386167049408
394 -- 3.0030536129152976 --- TKE: 0.9940703114025146 
[MO833] Paramount Iteration,0,394,167.514041901,0.385588884354
395 -- 3.010580169155292 --- TKE: 0.993979507167749 
[MO833] Paramount Iteration,0,395,167.900660992,0.386619091034
396 -- 3.0181062762861286 --- TKE: 0.993887727957657 
[MO833] Paramount Iteration,0,396,168.287538052,0.386877059937
397 -- 3.025631823165335 --- TKE: 0.9937949748781479 
[MO833] Paramount Iteration,0,397,168.674196005,0.386657953262
398 -- 3.0331568229134502 --- TKE: 0.9937012583617444 
[MO833] Paramount Iteration,0,398,169.060775042,0.386579036713
399 -- 3.0406812870639426 --- TKE: 0.9936065930041963 
[MO833] Paramount Iteration,0,399,169.896321058,0.835546016693
400 -- 3.0482052260633337 --- TKE: 0.9935110006766233 
[MO833] Paramount Iteration,0,400,170.28873086,0.392409801483
401 -- 3.0557286497988145 --- TKE: 0.9934145133654808 
[MO833] Paramount Iteration,0,401,170.678607941,0.389877080917
402 -- 3.0632515681199664 --- TKE: 0.9933171691347412 
[MO833] Paramount Iteration,0,402,171.067533016,0.388925075531
403 -- 3.0707739913350864 --- TKE: 0.9932190116201671 
[MO833] Paramount Iteration,0,403,171.454077959,0.386544942856
404 -- 3.078295930670606 --- TKE: 0.9931200881511006 
[MO833] Paramount Iteration,0,404,171.839642048,0.385564088821
405 -- 3.085817398682906 --- TKE: 0.99302043980371 
[MO833] Paramount Iteration,0,405,172.226333857,0.386691808701
406 -- 3.093338409606903 --- TKE: 0.9929200944467945 
[MO833] Paramount Iteration,0,406,172.612763882,0.386430025101
407 -- 3.1008589796215458 --- TKE: 0.9928190606400251 
[MO833] Paramount Iteration,0,407,172.999033928,0.386270046234
408 -- 3.1083791270061982 --- TKE: 0.9927173251298872 
[MO833] Paramount Iteration,0,408,173.385488033,0.386454105377
409 -- 3.1158988721652245 --- TKE: 0.9926148588064472 
[MO833] Paramount Iteration,0,409,173.771811008,0.386322975159
410 -- 3.1234182375067223 --- TKE: 0.9925116185371365 
[MO833] Paramount Iteration,0,410,174.157275915,0.385464906693
411 -- 3.130937247173561 --- TKE: 0.9924075501859719 
[MO833] Paramount Iteration,0,411,174.54380393,0.386528015137
412 -- 3.1384559266384264 --- TKE: 0.9923025923695334 
[MO833] Paramount Iteration,0,412,174.930330992,0.386527061462
413 -- 3.145974302180998 --- TKE: 0.9921966921728307 
[MO833] Paramount Iteration,0,413,175.316323996,0.385993003845
414 -- 3.153492400277015 --- TKE: 0.9920898052990209 
[MO833] Paramount Iteration,0,414,175.701883078,0.385559082031
415 -- 3.1610102469350587 --- TKE: 0.9919819028734769 
[MO833] Paramount Iteration,0,415,176.087389946,0.385506868362
416 -- 3.168527867007087 --- TKE: 0.9918729638766771 
[MO833] Paramount Iteration,0,416,176.472816944,0.385426998138
417 -- 3.1760452835536213 --- TKE: 0.9917629691422867 
[MO833] Paramount Iteration,0,417,176.85838604,0.385569095612
418 -- 3.1835625173187445 --- TKE: 0.9916519159686044 
[MO833] Paramount Iteration,0,418,177.243891954,0.385505914688
419 -- 3.19107958638096 --- TKE: 0.9915398155528098 
[MO833] Paramount Iteration,0,419,178.124300957,0.880409002304
420 -- 3.1985965060414925 --- TKE: 0.9914266954083814 
[MO833] Paramount Iteration,0,420,178.516273975,0.391973018646
421 -- 3.206113288989769 --- TKE: 0.9913125934563747 
[MO833] Paramount Iteration,0,421,178.905562878,0.389288902283
422 -- 3.213629935555489 --- TKE: 0.9911975363244063 
[MO833] Paramount Iteration,0,422,179.294892073,0.389329195023
423 -- 3.221146447139438 --- TKE: 0.991081545520344 
[MO833] Paramount Iteration,0,423,179.683727026,0.388834953308
424 -- 3.2286628316424366 --- TKE: 0.9909646489563152 
[MO833] Paramount Iteration,0,424,180.069704056,0.3859770298
425 -- 3.2361790972430624 --- TKE: 0.9908468679642857 
[MO833] Paramount Iteration,0,425,180.455631018,0.385926961899
426 -- 3.243695253302531 --- TKE: 0.990728213226798 
[MO833] Paramount Iteration,0,426,180.841495037,0.385864019394
427 -- 3.2512113111417498 --- TKE: 0.9906086828376602 
[MO833] Paramount Iteration,0,427,181.227339029,0.385843992233
428 -- 3.2587272846235438 --- TKE: 0.9904882545329279 
[MO833] Paramount Iteration,0,428,181.613291979,0.385952949524
429 -- 3.2662431905037286 --- TKE: 0.9903668745619677 
[MO833] Paramount Iteration,0,429,182.000143051,0.386851072311
430 -- 3.2737590485180075 --- TKE: 0.9902444928561257 
[MO833] Paramount Iteration,0,430,182.397294044,0.397150993347
431 -- 3.2812748812034407 --- TKE: 0.9901210468346164 
[MO833] Paramount Iteration,0,431,182.796823025,0.399528980255
432 -- 3.2887907134774172 --- TKE: 0.9899964728551568 
[MO833] Paramount Iteration,0,432,183.249148846,0.452325820923
433 -- 3.296306571999333 --- TKE: 0.9898707227756517 
[MO833] Paramount Iteration,0,433,183.708792925,0.459644079208
434 -- 3.3038224843350434 --- TKE: 0.9897437539659834 
[MO833] Paramount Iteration,0,434,184.168269873,0.459476947784
435 -- 3.3113384780320834 --- TKE: 0.989615539543496 
[MO833] Paramount Iteration,0,435,184.627959013,0.45968914032
436 -- 3.318854579683731 --- TKE: 0.9894860727931599 
[MO833] Paramount Iteration,0,436,185.087530851,0.459571838379
437 -- 3.3263708140862103 --- TKE: 0.9893553623017177 
[MO833] Paramount Iteration,0,437,185.497946978,0.410416126251
438 -- 3.3338872035807454 --- TKE: 0.9892234251244264 
[MO833] Paramount Iteration,0,438,185.883768082,0.38582110405
439 -- 3.34140376764474 --- TKE: 0.9890902716762293 
[MO833] Paramount Iteration,0,439,186.717122078,0.833353996277
440 -- 3.348920522760186 --- TKE: 0.9889559184205428 
[MO833] Paramount Iteration,0,440,187.108767986,0.391645908356
441 -- 3.356437035477277 --- TKE: 0.9888203877672744 
[MO833] Paramount Iteration,0,441,187.498242855,0.389474868774
442 -- 3.363952914012618 --- TKE: 0.9886836967121546 
[MO833] Paramount Iteration,0,442,187.88538599,0.387143135071
443 -- 3.3714681690586614 --- TKE: 0.9885458505421824 
[MO833] Paramount Iteration,0,443,188.271689892,0.386303901672
444 -- 3.3789828115656557 --- TKE: 0.9884068383326341 
[MO833] Paramount Iteration,0,444,188.657603979,0.385914087296
445 -- 3.3864968532362605 --- TKE: 0.9882666486627615 
[MO833] Paramount Iteration,0,445,189.043410063,0.385806083679
446 -- 3.394010306922858 --- TKE: 0.9881252764387783 
[MO833] Paramount Iteration,0,446,189.429329872,0.385919809341
447 -- 3.401523186869892 --- TKE: 0.9879827108063737 
[MO833] Paramount Iteration,0,447,189.815356016,0.386026144028
448 -- 3.4090355087817077 --- TKE: 0.9878389341037239 
[MO833] Paramount Iteration,0,448,190.207145929,0.391789913177
449 -- 3.4165472897343228 --- TKE: 0.9876939092180606 
[MO833] Paramount Iteration,0,449,190.593287945,0.386142015457
450 -- 3.424058547947712 --- TKE: 0.9875475977011322 
[MO833] Paramount Iteration,0,450,190.979927063,0.386639118195
451 -- 3.43156916017233 --- TKE: 0.9873999608568704 
[MO833] Paramount Iteration,0,451,191.365767002,0.385839939117
452 -- 3.4390791221308747 --- TKE: 0.987250961944145 
[MO833] Paramount Iteration,0,452,191.752064943,0.386297941208
453 -- 3.44658845569009 --- TKE: 0.9871005618927066 
[MO833] Paramount Iteration,0,453,192.138453007,0.386388063431
454 -- 3.4540971833808567 --- TKE: 0.9869487248971249 
[MO833] Paramount Iteration,0,454,192.524729013,0.386276006699
455 -- 3.4616053278337837 --- TKE: 0.9867954367210959 
[MO833] Paramount Iteration,0,455,192.910821915,0.38609290123
456 -- 3.4691129112457957 --- TKE: 0.9866406961693192 
[MO833] Paramount Iteration,0,456,193.297194004,0.386372089386
457 -- 3.4766199549161696 --- TKE: 0.9864845102156768 
[MO833] Paramount Iteration,0,457,193.683690071,0.386496067047
458 -- 3.4841264788851936 --- TKE: 0.9863268860026143 
[MO833] Paramount Iteration,0,458,194.069856882,0.386166810989
459 -- 3.4916325016977505 --- TKE: 0.9861678294861306 
[MO833] Paramount Iteration,0,459,194.904135942,0.834279060364
460 -- 3.499138040295863 --- TKE: 0.9860073505270449 
[MO833] Paramount Iteration,0,460,195.294463873,0.39032793045
461 -- 3.50664311002972 --- TKE: 0.9858454591021845 
[MO833] Paramount Iteration,0,461,195.68094492,0.386481046677
462 -- 3.5141477247760142 --- TKE: 0.9856821631171611 
[MO833] Paramount Iteration,0,462,196.067353964,0.386409044266
463 -- 3.5216518971445625 --- TKE: 0.9855174622681041 
[MO833] Paramount Iteration,0,463,196.45384407,0.386490106583
464 -- 3.529155638756395 --- TKE: 0.9853513482333773 
[MO833] Paramount Iteration,0,464,196.839967012,0.386122941971
465 -- 3.5366589605856356 --- TKE: 0.9851838125088102 
[MO833] Paramount Iteration,0,465,197.226353884,0.386386871338
466 -- 3.5441618733635223 --- TKE: 0.9850148407390993 
[MO833] Paramount Iteration,0,466,197.612598896,0.386245012283
467 -- 3.551664388023391 --- TKE: 0.9848444117196747 
[MO833] Paramount Iteration,0,467,197.998839855,0.386240959167
468 -- 3.5591665161542094 --- TKE: 0.9846724979202096 
[MO833] Paramount Iteration,0,468,198.385005951,0.386166095734
469 -- 3.566668270443618 --- TKE: 0.9844990700824563 
[MO833] Paramount Iteration,0,469,198.771250963,0.386245012283
470 -- 3.5741696650460915 --- TKE: 0.9843241144752247 
[MO833] Paramount Iteration,0,470,199.15734601,0.386095046997
471 -- 3.581670715841353 --- TKE: 0.984147619445255 
[MO833] Paramount Iteration,0,471,199.543621063,0.386275053024
472 -- 3.5891714405592943 --- TKE: 0.9839695693337254 
[MO833] Paramount Iteration,0,472,199.930103064,0.386482000351
473 -- 3.596671858757538 --- TKE: 0.9837899454801354 
[MO833] Paramount Iteration,0,473,200.316597939,0.386494874954
474 -- 3.6041719916391366 --- TKE: 0.9836087208276726 
[MO833] Paramount Iteration,0,474,200.702655077,0.386057138443
475 -- 3.611671861720094 --- TKE: 0.9834258556974819 
[MO833] Paramount Iteration,0,475,201.089837074,0.387181997299
476 -- 3.6191714923726717 --- TKE: 0.983241323388853 
[MO833] Paramount Iteration,0,476,201.485924959,0.396087884903
477 -- 3.6266709072784145 --- TKE: 0.9830551109279145 
[MO833] Paramount Iteration,0,477,201.871885061,0.385960102081
478 -- 3.634170129844361 --- TKE: 0.9828672188767004 
[MO833] Paramount Iteration,0,478,202.257958889,0.386073827744
479 -- 3.641669182628716 --- TKE: 0.9826776559550966 
[MO833] Paramount Iteration,0,479,203.086526871,0.82856798172
480 -- 3.649168086807093 --- TKE: 0.9824864306455985 
[MO833] Paramount Iteration,0,480,203.477277994,0.390751123428
481 -- 3.6566668617282834 --- TKE: 0.9822935413782052 
[MO833] Paramount Iteration,0,481,203.863772869,0.386494874954
482 -- 3.6641655246038947 --- TKE: 0.9820989817766864 
[MO833] Paramount Iteration,0,482,204.25065589,0.386883020401
483 -- 3.6716640903653404 --- TKE: 0.9819027595221069 
[MO833] Paramount Iteration,0,483,204.63736105,0.386705160141
484 -- 3.6791625716931797 --- TKE: 0.9817048795622743 
[MO833] Paramount Iteration,0,484,205.023918867,0.386557817459
485 -- 3.686660979218809 --- TKE: 0.9815053447888619 
[MO833] Paramount Iteration,0,485,205.410654068,0.386735200882
486 -- 3.694159321917621 --- TKE: 0.9813041670024074 
[MO833] Paramount Iteration,0,486,205.797419071,0.386765003204
487 -- 3.7016576077133148 --- TKE: 0.9811013607328375 
[MO833] Paramount Iteration,0,487,206.183951855,0.386532783508
488 -- 3.709155844262637 --- TKE: 0.9808969377014782 
[MO833] Paramount Iteration,0,488,206.570672035,0.386720180511
489 -- 3.7166540398322314 --- TKE: 0.9806909018539457 
[MO833] Paramount Iteration,0,489,206.957054853,0.386382818222
490 -- 3.724152204127975 --- TKE: 0.9804832468723687 
[MO833] Paramount Iteration,0,490,207.343622923,0.386568069458
491 -- 3.7316503489934334 --- TKE: 0.9802739657746867 
[MO833] Paramount Iteration,0,491,207.730257988,0.386635065079
492 -- 3.739148488862112 --- TKE: 0.9800630476333576 
[MO833] Paramount Iteration,0,492,208.116728067,0.386470079422
493 -- 3.746646641007807 --- TKE: 0.9798504770696196 
[MO833] Paramount Iteration,0,493,208.503262043,0.386533975601
494 -- 3.7541448255585896 --- TKE: 0.9796362369674936 
[MO833] Paramount Iteration,0,494,208.889657974,0.386395931244
495 -- 3.761643065250962 --- TKE: 0.9794203065523877 
[MO833] Paramount Iteration,0,495,209.276224852,0.386566877365
496 -- 3.769141384921223 --- TKE: 0.9792026692544967 
[MO833] Paramount Iteration,0,496,209.662822008,0.386597156525
497 -- 3.776639801206724 --- TKE: 0.9789833126917945 
[MO833] Paramount Iteration,0,497,210.049385071,0.386563062668
498 -- 3.7841383058622604 --- TKE: 0.9787622342387211 
[MO833] Paramount Iteration,0,498,210.436022997,0.386637926102
499 -- 3.7916369245438197 --- TKE: 0.9785394382855663 
[MO833] Paramount Iteration,0,499,211.268499851,0.832476854324
500 -- 3.7991356814014288 --- TKE: 0.9783149390194215 
[MO833] Paramount Iteration,0,500,211.66001296,0.391513109207
501 -- 3.806634598174812 --- TKE: 0.9780887604152412 
[MO833] Paramount Iteration,0,501,212.046452045,0.386439085007
502 -- 3.8141336934824848 --- TKE: 0.9778609314379078 
[MO833] Paramount Iteration,0,502,212.433163881,0.386711835861
503 -- 3.8216329824179165 --- TKE: 0.977631477132097 
[MO833] Paramount Iteration,0,503,212.81961298,0.386449098587
504 -- 3.829132476494554 --- TKE: 0.9774004174955745 
[MO833] Paramount Iteration,0,504,213.206208944,0.386595964432
505 -- 3.8366321839516155 --- TKE: 0.9771677647015545 
[MO833] Paramount Iteration,0,505,213.592795849,0.386586904526
506 -- 3.8441321104121973 --- TKE: 0.9769335214972665 
[MO833] Paramount Iteration,0,506,213.97953105,0.386735200882
507 -- 3.8516322598277837 --- TKE: 0.9766976772683051 
[MO833] Paramount Iteration,0,507,214.365958929,0.386427879333
508 -- 3.859132635595247 --- TKE: 0.9764602181649166 
[MO833] Paramount Iteration,0,508,214.752387047,0.386428117752
509 -- 3.8666332416927394 --- TKE: 0.9762211302510732 
[MO833] Paramount Iteration,0,509,215.138875008,0.386487960815
510 -- 3.8741340837278653 --- TKE: 0.9759804056805667 
[MO833] Paramount Iteration,0,510,215.525467873,0.38659286499
511 -- 3.881635169863417 --- TKE: 0.9757380444813823 
[MO833] Paramount Iteration,0,511,215.912134886,0.386667013168
512 -- 3.889136511293413 --- TKE: 0.9754940523922427 
[MO833] Paramount Iteration,0,512,216.299010992,0.386876106262
513 -- 3.896636793672636 --- TKE: 0.9752484563955001 
[MO833] Paramount Iteration,0,513,216.685566902,0.38655591011
514 -- 3.904135033341259 --- TKE: 0.9750012711677389 
[MO833] Paramount Iteration,0,514,217.072243929,0.386677026749
515 -- 3.911631251239438 --- TKE: 0.9747524897671714 
[MO833] Paramount Iteration,0,515,217.458768845,0.386524915695
516 -- 3.919125470368247 --- TKE: 0.9745021047521734 
[MO833] Paramount Iteration,0,516,217.845423937,0.386655092239
517 -- 3.926617714969449 --- TKE: 0.9742500934759923 
[MO833] Paramount Iteration,0,517,218.232208967,0.386785030365
518 -- 3.934108009416399 --- TKE: 0.9739964366922848 
[MO833] Paramount Iteration,0,518,218.618948936,0.386739969254
519 -- 3.9415963770728206 --- TKE: 0.9737411302705197 
[MO833] Paramount Iteration,0,519,219.453221083,0.834272146225
520 -- 3.949082839277859 --- TKE: 0.9734841783913739 
[MO833] Paramount Iteration,0,520,219.844852924,0.39163184166
521 -- 3.956567414640847 --- TKE: 0.973225581165988 
[MO833] Paramount Iteration,0,521,220.231706858,0.386853933334
522 -- 3.9640501187242863 --- TKE: 0.9729653202336315 
[MO833] Paramount Iteration,0,522,220.617784023,0.386077165604
523 -- 3.971530964076941 --- TKE: 0.9727033776645618 
[MO833] Paramount Iteration,0,523,221.003960848,0.38617682457
524 -- 3.9790099605718243 --- TKE: 0.9724397312452634 
[MO833] Paramount Iteration,0,524,221.390269995,0.386309146881
525 -- 3.986487116032565 --- TKE: 0.9721743593567014 
[MO833] Paramount Iteration,0,525,221.776684046,0.386414051056
526 -- 3.993962437091406 --- TKE: 0.9719072506350293 
[MO833] Paramount Iteration,0,526,222.163202047,0.386518001556
527 -- 4.00143592999794 --- TKE: 0.9716383983354359 
[MO833] Paramount Iteration,0,527,222.549736023,0.386533975601
528 -- 4.008907601425522 --- TKE: 0.9713678006290841 
[MO833] Paramount Iteration,0,528,222.935881853,0.386145830154
529 -- 4.016377459185511 --- TKE: 0.9710954616025725 
[MO833] Paramount Iteration,0,529,223.322324991,0.386443138123
530 -- 4.023845512770748 --- TKE: 0.9708213935194067 
[MO833] Paramount Iteration,0,530,223.708730936,0.386405944824
531 -- 4.0313117736905 --- TKE: 0.9705456233959372 
[MO833] Paramount Iteration,0,531,224.095655918,0.386924982071
532 -- 4.038776255563914 --- TKE: 0.9702681717374563 
[MO833] Paramount Iteration,0,532,224.482310057,0.386654138565
533 -- 4.046238974047673 --- TKE: 0.969989062296602 
[MO833] Paramount Iteration,0,533,224.868486881,0.38617682457
534 -- 4.0536999464867325 --- TKE: 0.9697083137029956 
[MO833] Paramount Iteration,0,534,225.261574984,0.393088102341
535 -- 4.061159191451711 --- TKE: 0.9694259307771644 
[MO833] Paramount Iteration,0,535,225.653511047,0.391936063766
536 -- 4.0686167283218415 --- TKE: 0.9691419119888264 
[MO833] Paramount Iteration,0,536,226.039963007,0.38645195961
537 -- 4.076072576771536 --- TKE: 0.9688562363325869 
[MO833] Paramount Iteration,0,537,226.426142931,0.386179924011
538 -- 4.083526756423022 --- TKE: 0.9685688702105756 
[MO833] Paramount Iteration,0,538,226.812353849,0.386210918427
539 -- 4.090979286544142 --- TKE: 0.9682797686560163 
[MO833] Paramount Iteration,0,539,227.654377937,0.842024087906
540 -- 4.09843018586197 --- TKE: 0.9679888909893495 
[MO833] Paramount Iteration,0,540,228.043472052,0.389094114304
541 -- 4.105879472456326 --- TKE: 0.9676961805143831 
[MO833] Paramount Iteration,0,541,228.430151939,0.386679887772
542 -- 4.113327163955878 --- TKE: 0.9674015712735977 
[MO833] Paramount Iteration,0,542,228.816473007,0.38632106781
543 -- 4.120773277442657 --- TKE: 0.9671050209426023 
[MO833] Paramount Iteration,0,543,229.202717066,0.386244058609
544 -- 4.128217829202106 --- TKE: 0.9668064975551182 
[MO833] Paramount Iteration,0,544,229.588984013,0.386266946793
545 -- 4.135660834767802 --- TKE: 0.9665059758802765 
[MO833] Paramount Iteration,0,545,229.975120068,0.386136054993
546 -- 4.143102308884522 --- TKE: 0.9662034441448695 
[MO833] Paramount Iteration,0,546,230.361119032,0.38599896431
547 -- 4.150542265306907 --- TKE: 0.9658989099680935 
[MO833] Paramount Iteration,0,547,230.747194052,0.386075019836
548 -- 4.157980716679162 --- TKE: 0.9655923827177763 
[MO833] Paramount Iteration,0,548,231.133287907,0.386093854904
549 -- 4.1654176747211 --- TKE: 0.9652838719004732 
[MO833] Paramount Iteration,0,549,231.519424915,0.386137008667
550 -- 4.172853150598505 --- TKE: 0.9649733914291379 
[MO833] Paramount Iteration,0,550,231.905653,0.386228084564
551 -- 4.180287155092971 --- TKE: 0.9646609444423083 
[MO833] Paramount Iteration,0,551,232.292103052,0.386450052261
552 -- 4.187719699006395 --- TKE: 0.9643465300105312 
[MO833] Paramount Iteration,0,552,232.678142071,0.386039018631
553 -- 4.195150793589184 --- TKE: 0.9640301355444021 
[MO833] Paramount Iteration,0,553,233.064406872,0.386264801025
554 -- 4.202580451120313 --- TKE: 0.9637117443616264 
[MO833] Paramount Iteration,0,554,233.450592041,0.38618516922
555 -- 4.210008685407836 --- TKE: 0.963391336701323 
[MO833] Paramount Iteration,0,555,233.836786032,0.386193990707
556 -- 4.217435512112775 --- TKE: 0.9630688767406533 
[MO833] Paramount Iteration,0,556,234.222948074,0.386162042618
557 -- 4.224860948892159 --- TKE: 0.9627443239789029 
[MO833] Paramount Iteration,0,557,234.609260082,0.386312007904
558 -- 4.2322850153785065 --- TKE: 0.9624176286331083 
[MO833] Paramount Iteration,0,558,234.995239019,0.385978937149
559 -- 4.239707732967517 --- TKE: 0.9620887345151881 
[MO833] Paramount Iteration,0,559,235.833976984,0.83873796463
560 -- 4.247129124460123 --- TKE: 0.9617576010948049 
[MO833] Paramount Iteration,0,560,236.224801064,0.390824079514
561 -- 4.254549213439295 --- TKE: 0.9614242000406436 
[MO833] Paramount Iteration,0,561,236.610785007,0.385983943939
562 -- 4.261968023609974 --- TKE: 0.9610885183014262 
[MO833] Paramount Iteration,0,562,236.996870041,0.386085033417
563 -- 4.26938557805275 --- TKE: 0.9607505559253633 
[MO833] Paramount Iteration,0,563,237.383133888,0.386263847351
564 -- 4.276801898516895 --- TKE: 0.9604103235265943 
[MO833] Paramount Iteration,0,564,237.769190073,0.386056184769
565 -- 4.28421700480303 --- TKE: 0.9600678405646722 
[MO833] Paramount Iteration,0,565,238.155320883,0.386130809784
566 -- 4.291630914401885 --- TKE: 0.9597231170228425 
[MO833] Paramount Iteration,0,566,238.547782898,0.392462015152
567 -- 4.299043642387518 --- TKE: 0.9593761682042433 
[MO833] Paramount Iteration,0,567,238.933686018,0.385903120041
568 -- 4.306455201547478 --- TKE: 0.9590270031478415 
[MO833] Paramount Iteration,0,568,239.319743872,0.386057853699
569 -- 4.313865602820799 --- TKE: 0.9586756166997206 
[MO833] Paramount Iteration,0,569,239.706151962,0.386408090591
570 -- 4.321274855839032 --- TKE: 0.9583219917867564 
[MO833] Paramount Iteration,0,570,240.092490911,0.386338949203
571 -- 4.328682969563629 --- TKE: 0.957966082057059 
[MO833] Paramount Iteration,0,571,240.478679895,0.386188983917
572 -- 4.336089953145089 --- TKE: 0.9576078243170804 
[MO833] Paramount Iteration,0,572,240.865889072,0.387209177017
573 -- 4.343495816810927 --- TKE: 0.9572471658503289 
[MO833] Paramount Iteration,0,573,241.253422022,0.387532949448
574 -- 4.350900572647173 --- TKE: 0.9568840463187848 
[MO833] Paramount Iteration,0,574,241.640770912,0.387348890305
575 -- 4.35830423517776 --- TKE: 0.9565183822201916 
[MO833] Paramount Iteration,0,575,242.028177023,0.387406110764
576 -- 4.365706821712985 --- TKE: 0.956150105522334 
[MO833] Paramount Iteration,0,576,242.415273905,0.387096881866
577 -- 4.373108352354013 --- TKE: 0.9557791735104778 
[MO833] Paramount Iteration,0,577,242.801488876,0.386214971542
578 -- 4.380508849540146 --- TKE: 0.9554055574104551 
[MO833] Paramount Iteration,0,578,243.187813997,0.386325120926
579 -- 4.38790833747076 --- TKE: 0.9550292284112533 
[MO833] Paramount Iteration,0,579,244.03971386,0.851899862289
580 -- 4.395306841383594 --- TKE: 0.9546501685203435 
[MO833] Paramount Iteration,0,580,244.429806948,0.39009308815
581 -- 4.402704386717653 --- TKE: 0.9542683570867845 
[MO833] Paramount Iteration,0,581,244.817462921,0.387655973434
582 -- 4.410100998465864 --- TKE: 0.9538837916902296 
[MO833] Paramount Iteration,0,582,245.204972029,0.38750910759
583 -- 4.417496700170158 --- TKE: 0.9534964674418682 
[MO833] Paramount Iteration,0,583,245.592617035,0.38764500618
584 -- 4.424891513147952 --- TKE: 0.9531063795118653 
[MO833] Paramount Iteration,0,584,245.980316877,0.387699842453
585 -- 4.432285456146226 --- TKE: 0.9527135214753226 
[MO833] Paramount Iteration,0,585,246.367131948,0.386815071106
586 -- 4.439678545394235 --- TKE: 0.9523178600105692 
[MO833] Paramount Iteration,0,586,246.76029706,0.393165111542
587 -- 4.44707079504832 --- TKE: 0.9519193485871117 
[MO833] Paramount Iteration,0,587,247.147934914,0.387637853622
588 -- 4.454462217606602 --- TKE: 0.9515179501954018 
[MO833] Paramount Iteration,0,588,247.535549879,0.387614965439
589 -- 4.461852824612867 --- TKE: 0.9511136139674894 
[MO833] Paramount Iteration,0,589,247.923501968,0.38795208931
590 -- 4.469242627488094 --- TKE: 0.9507062734659468 
[MO833] Paramount Iteration,0,590,248.311359882,0.387857913971
591 -- 4.476631638436727 --- TKE: 0.950295844629808 
[MO833] Paramount Iteration,0,591,248.69828701,0.386927127838
592 -- 4.484019871050437 --- TKE: 0.9498822548308308 
[MO833] Paramount Iteration,0,592,249.085958004,0.387670993805
593 -- 4.491407340777693 --- TKE: 0.9494654438780283 
[MO833] Paramount Iteration,0,593,249.473773956,0.387815952301
594 -- 4.4987940651525475 --- TKE: 0.949045359689801 
[MO833] Paramount Iteration,0,594,249.861521959,0.387748003006
595 -- 4.506180063765468 --- TKE: 0.9486219679877579 
[MO833] Paramount Iteration,0,595,250.248326063,0.386804103851
596 -- 4.513565358021997 --- TKE: 0.948195244567138 
[MO833] Paramount Iteration,0,596,250.635957003,0.387630939484
597 -- 4.520949970818201 --- TKE: 0.9477651917562449 
[MO833] Paramount Iteration,0,597,251.023519039,0.387562036514
598 -- 4.528333925610663 --- TKE: 0.9473318121702701 
[MO833] Paramount Iteration,0,598,251.411025047,0.387506008148
599 -- 4.535717245615023 --- TKE: 0.9468951075574066 
[MO833] Paramount Iteration,0,599,252.256119967,0.845094919205
600 -- 4.543099953191066 --- TKE: 0.9464550663938655 
[MO833] Paramount Iteration,0,600,252.649286032,0.393166065216
601 -- 4.550482069632412 --- TKE: 0.9460116851079804 
[MO833] Paramount Iteration,0,601,253.037602901,0.388316869736
602 -- 4.557863614904196 --- TKE: 0.945564986406389 
[MO833] Paramount Iteration,0,602,253.425266981,0.387664079666
603 -- 4.565244607554066 --- TKE: 0.9451149680446191 
[MO833] Paramount Iteration,0,603,253.812916994,0.38765001297
604 -- 4.572625064867381 --- TKE: 0.9446616074994696 
[MO833] Paramount Iteration,0,604,254.199797869,0.386880874634
605 -- 4.580005003195591 --- TKE: 0.9442048600575778 
[MO833] Paramount Iteration,0,605,254.587446928,0.387649059296
606 -- 4.587384438443325 --- TKE: 0.9437446844396238 
[MO833] Paramount Iteration,0,606,254.974920988,0.387474060059
607 -- 4.594763386440956 --- TKE: 0.9432810537227436 
[MO833] Paramount Iteration,0,607,255.362841845,0.387920856476
608 -- 4.602141863221101 --- TKE: 0.9428139368329059 
[MO833] Paramount Iteration,0,608,255.751456976,0.388615131378
609 -- 4.609519885187111 --- TKE: 0.9423432845562039 
[MO833] Paramount Iteration,0,609,256.139710903,0.388253927231
610 -- 4.616897469156612 --- TKE: 0.9418690519259929 
[MO833] Paramount Iteration,0,610,256.528439999,0.388729095459
611 -- 4.624274632271772 --- TKE: 0.9413912009710399 
[MO833] Paramount Iteration,0,611,256.927521944,0.399081945419
612 -- 4.631651391793267 --- TKE: 0.9409097075787544 
[MO833] Paramount Iteration,0,612,257.325801849,0.398279905319
613 -- 4.6390277648230605 --- TKE: 0.9404245468188607 
[MO833] Paramount Iteration,0,613,257.723239899,0.397438049316
614 -- 4.646403768030539 --- TKE: 0.9399356917878205 
[MO833] Paramount Iteration,0,614,258.111253023,0.388013124466
615 -- 4.653779417624752 --- TKE: 0.9394431025946468 
[MO833] Paramount Iteration,0,615,258.498944998,0.38769197464
616 -- 4.661154729759841 --- TKE: 0.9389467793780165 
[MO833] Paramount Iteration,0,616,258.885735989,0.386790990829
617 -- 4.6685297201838365 --- TKE: 0.9384467387221609 
[MO833] Paramount Iteration,0,617,259.273568869,0.38783288002
618 -- 4.675904404311936 --- TKE: 0.9379430009421744 
[MO833] Paramount Iteration,0,618,259.660321951,0.386753082275
619 -- 4.683278797666973 --- TKE: 0.9374355859953272 
[MO833] Paramount Iteration,0,619,260.498358965,0.838037014008
620 -- 4.690652916219001 --- TKE: 0.9369245082544627 
[MO833] Paramount Iteration,0,620,260.890208006,0.391849040985
621 -- 4.698026776813297 --- TKE: 0.9364097722122741 
[MO833] Paramount Iteration,0,621,261.277523041,0.387315034866
