--------------------------------------------------------------------------
[[44802,1],0]: A high-performance Open MPI point-to-point messaging module
was unable to find any relevant network interfaces:

Module: OpenFabrics (openib)
  Host: node06

Another transport will be used instead, although this may result in
lower performance.

NOTE: You can disable this warning by setting the MCA parameter
btl_base_warn_component_unused to 0.
--------------------------------------------------------------------------
 
                                 _       
                                | |      
 _ __  _   _ _ __ __ _ _ __   __| | __ _ 
| '_ \| | | | '__/ _` | '_ \ / _` |/ _` |
| |_) | |_| | | | (_| | | | | (_| | (_| |
| .__/ \__, |_|  \__,_|_| |_|\__,_|\__,_|
| |     __/ |                            
|_|    |___/                             

Version 1.0

Copyright (c) 2020 Lawrence Livermore National Laboratory (LLNL-CODE-749864)
All rights reserved. 
For details about use and distribution, please read: pyranda/LICENSE

Adding variables: tke
Adding variables: tauxz
Adding variables: tauxy
Adding variables: tauxx
Adding variables: tauzz
Adding variables: cs
Adding variables: vx
Adding variables: vy
Adding variables: vz
Adding variables: tauyy
Adding variables: tauyz
Adding variables: taudia
Adding variables: rhow
Adding variables: rhov
Adding variables: rhou
Adding variables: S
Adding variables: rho
Adding variables: dt
Adding variables: wz
Adding variables: wy
Adding variables: wx
Adding variables: enst
Adding variables: uy
Adding variables: ux
Adding variables: uz
Adding variables: beta
Adding variables: mu
Adding variables: p
Adding variables: u
Adding variables: w
Adding variables: v
Adding variables: Et
Adding variables: div
Adding variables: gamma
Adding equations of motion: 
(1)   ddt(:rho:)  =  -ddx(:rho:*:u:)                  - ddy(:rho:*:v:)                  - ddz(:rho:*:w:)
(2)   ddt(:rhou:) =  -ddx(:rhou:*:u: + :p: - :tauxx:) - ddy(:rhou:*:v: - :tauxy:)       - ddz(:rhou:*:w: - :tauxz:)
(3)   ddt(:rhov:) =  -ddx(:rhov:*:u: - :tauxy:)       - ddy(:rhov:*:v: + :p: - :tauyy:) - ddz(:rhov:*:w: - :tauyz:)
(4)   ddt(:rhow:) =  -ddx(:rhow:*:u: - :tauxz:)       - ddy(:rhow:*:v: - :tauyz:)       - ddz(:rhow:*:w: + :p: - :tauzz:)
(5)   ddt(:Et:)   =  -ddx( (:Et: - :tauxx:)*:u: - :tauxy:*:v: - :tauxz:*:w: ) - ddy( (:Et: - :tauyy:)*:v: -:tauxy:*:u: - :tauyz:*:w:) - ddz( (:Et: - :tauzz:)*:w: - :tauxz:*:u: - :tauyz:*:v: )
(6)   :rho:       =  fbar( :rho:  )
(7)   :rhou:      =  fbar( :rhou: )
(8)   :rhov:      =  fbar( :rhov: )
(9)   :rhow:      =  fbar( :rhow: )
(10)   :Et:        =  fbar( :Et:   )
(11)   :u:         =  :rhou: / :rho:
(12)   :v:         =  :rhov: / :rho:
(13)   :w:         =  :rhow: / :rho:
(14)   :p:         =  ( :Et: - .5*:rho:*(:u:*:u: + :v:*:v: + :w:*:w:) ) * ( :gamma: - 1.0 )
(15)   :ux:        =  ddx(:u:)
(16)   :vy:        =  ddy(:v:)
(17)   :wz:        =  ddz(:w:)
(18)   :div:       =  :ux: + :vy: + :wz:
(19)   :uy:        =  ddy(:u:)
(20)   :uz:        =  ddz(:u:)
(21)   :vx:        =  ddx(:v:)
(22)   :vz:        =  ddz(:v:)
(23)   :wy:        =  ddy(:w:)
(24)   :wx:        =  ddx(:w:)
(25)   :enst:      = sqrt( (:uy:-:vx:)**2 + (:uz: - :wx:)**2 + (:vz:-:wy:)**2 )
(26)   :tke:       = :rho:*(:u:*:u: + :v:*:v: + :w:*:w:)
(27)   :S:         = sqrt( :ux:*:ux: + :vy:*:vy: + :wz:*:wz: + .5*((:uy:+:vx:)**2 + (:uz: + :wx:)**2 + (:vz:+:wy:)**2) )
(28)   :mu:        =  gbar( abs(ring(:S:  )) ) * :rho: * 0.0e-4
(29)   :beta:      =  gbar( abs(ring(:div:)) * :rho: )  * 0.0e-4
(30)   :taudia:    =  (:beta:-2./3.*:mu:) *:div:
(31)   :tauxx:     =  2.0*:mu:*:ux:   + :taudia: - :p:
(32)   :tauyy:     =  2.0*:mu:*:vy:   + :taudia: - :p:
(33)   :tauzz:     =  2.0*:mu:*:wz:   + :taudia: - :p:
(34)   :tauxy:     = :mu:*(:uy:+:vx:) + :taudia:
(35)   :tauxz:     = :mu:*(:uz:+:wx:) + :taudia:
(36)   :tauyz:     = :mu:*(:vz:+:wz:) + :taudia:
(37)   :cs:  = sqrt( :p: / :rho: * :gamma: )
(38)   :dt: = dt.courant(:u:,:v:,:w:,:cs:)*.5
(39)   :dt: = numpy.minimum(:dt:,0.2 * dt.diff(:beta:,:rho:))
(40)   :dt: = numpy.minimum(:dt:,0.2 * dt.diff(:mu:,:rho:))
1 -- 0.02248394948883534 --- TKE: 0.9999999999999996 
[MO833] Paramount Iteration,0,1,2.36543989182,0.437470912933
2 -- 0.04496791230635282 --- TKE: 0.9999999999999991 
[MO833] Paramount Iteration,0,2,2.75598287582,0.390542984009
3 -- 0.06745186837754023 --- TKE: 0.9999999999999987 
[MO833] Paramount Iteration,0,3,3.14606404305,0.390081167221
4 -- 0.08993583542611668 --- TKE: 0.9999999999999982 
[MO833] Paramount Iteration,0,4,3.53621196747,0.390147924423
5 -- 0.11241981341752164 --- TKE: 0.999999999999998 
[MO833] Paramount Iteration,0,5,3.92622804642,0.390016078949
6 -- 0.13490379401705727 --- TKE: 0.9999999999999973 
[MO833] Paramount Iteration,0,6,4.31661391258,0.390385866165
7 -- 0.15738777056800624 --- TKE: 0.9999999999999971 
[MO833] Paramount Iteration,0,7,4.71778607368,0.401172161102
8 -- 0.17987174409631773 --- TKE: 0.9999999999999964 
[MO833] Paramount Iteration,0,8,5.1083688736,0.390582799911
9 -- 0.20235571634301688 --- TKE: 0.9999999999999962 
[MO833] Paramount Iteration,0,9,5.63810586929,0.529736995697
10 -- 0.22483968908797633 --- TKE: 0.9999999999999956 
[MO833] Paramount Iteration,0,10,6.06825089455,0.430145025253
11 -- 0.24732366185121737 --- TKE: 0.9999999999999951 
[MO833] Paramount Iteration,0,11,6.4750058651,0.406754970551
12 -- 0.26980763521126494 --- TKE: 0.9999999999999947 
[MO833] Paramount Iteration,0,12,6.86785507202,0.392849206924
13 -- 0.2922916107764899 --- TKE: 0.9999999999999944 
[MO833] Paramount Iteration,0,13,7.25812602043,0.39027094841
14 -- 0.31477558792984833 --- TKE: 0.999999999999994 
[MO833] Paramount Iteration,0,14,7.64830803871,0.39018201828
15 -- 0.33725956581054994 --- TKE: 0.9999999999999933 
[MO833] Paramount Iteration,0,15,8.03846597672,0.390157938004
16 -- 0.35974354420844984 --- TKE: 0.9999999999999931 
[MO833] Paramount Iteration,0,16,8.43466186523,0.396195888519
17 -- 0.38222752235167984 --- TKE: 0.9999999999999927 
[MO833] Paramount Iteration,0,17,8.82480287552,0.390141010284
18 -- 0.40471150016108964 --- TKE: 0.9999999999999922 
[MO833] Paramount Iteration,0,18,9.21507406235,0.390271186829
19 -- 0.4271954780139281 --- TKE: 0.9999999999999916 
[MO833] Paramount Iteration,0,19,9.71201491356,0.496940851212
20 -- 0.44967945607085197 --- TKE: 0.9999999999999911 
[MO833] Paramount Iteration,0,20,10.1111810207,0.399166107178
21 -- 0.4721634343200721 --- TKE: 0.9999999999999909 
[MO833] Paramount Iteration,0,21,10.5012309551,0.390049934387
22 -- 0.49464741264111356 --- TKE: 0.9999999999999905 
[MO833] Paramount Iteration,0,22,10.8908159733,0.389585018158
23 -- 0.5171313908759285 --- TKE: 0.9999999999999898 
[MO833] Paramount Iteration,0,23,11.2812700272,0.390454053879
24 -- 0.5396153688962037 --- TKE: 0.9999999999999893 
[MO833] Paramount Iteration,0,24,11.6716520786,0.390382051468
25 -- 0.5620993466578728 --- TKE: 0.9999999999999889 
[MO833] Paramount Iteration,0,25,12.0612518787,0.38959980011
26 -- 0.5845833242365814 --- TKE: 0.9999999999999885 
[MO833] Paramount Iteration,0,26,12.4518280029,0.390576124191
27 -- 0.6070673018410178 --- TKE: 0.999999999999988 
[MO833] Paramount Iteration,0,27,12.8424119949,0.390583992004
28 -- 0.6295512798040238 --- TKE: 0.9999999999999876 
[MO833] Paramount Iteration,0,28,13.2316310406,0.389219045639
29 -- 0.652035257498954 --- TKE: 0.9999999999999873 
[MO833] Paramount Iteration,0,29,13.7259249687,0.494293928146
30 -- 0.6745192349135056 --- TKE: 0.9999999999999867 
[MO833] Paramount Iteration,0,30,14.1234128475,0.397487878799
31 -- 0.697003212275309 --- TKE: 0.9999999999999862 
[MO833] Paramount Iteration,0,31,14.5172669888,0.393854141235
32 -- 0.7194871892340751 --- TKE: 0.9999999999999858 
[MO833] Paramount Iteration,0,32,14.9082839489,0.391016960144
33 -- 0.741971165384183 --- TKE: 0.9999999999999856 
[MO833] Paramount Iteration,0,33,15.2975759506,0.389292001724
34 -- 0.7644551401841853 --- TKE: 0.9999999999999849 
[MO833] Paramount Iteration,0,34,15.6865589619,0.388983011246
35 -- 0.7869391141929066 --- TKE: 0.9999999999999847 
[MO833] Paramount Iteration,0,35,16.0758509636,0.389292001724
36 -- 0.8094230880508954 --- TKE: 0.9999999999999842 
[MO833] Paramount Iteration,0,36,16.4648258686,0.388974905014
37 -- 0.831907062439042 --- TKE: 0.9999999999999836 
[MO833] Paramount Iteration,0,37,16.8540439606,0.389218091965
38 -- 0.8543910374431298 --- TKE: 0.9999999999999833 
[MO833] Paramount Iteration,0,38,17.243530035,0.389486074448
39 -- 0.8768750128023721 --- TKE: 0.9999999999999827 
[MO833] Paramount Iteration,0,39,17.7404398918,0.496909856796
40 -- 0.8993589886869491 --- TKE: 0.9999999999999822 
[MO833] Paramount Iteration,0,40,18.136605978,0.396166086197
41 -- 0.9218429645573665 --- TKE: 0.9999999999999818 
[MO833] Paramount Iteration,0,41,18.5262498856,0.389643907547
42 -- 0.9443269400170909 --- TKE: 0.9999999999999816 
[MO833] Paramount Iteration,0,42,18.921325922,0.395076036453
43 -- 0.9668109152366252 --- TKE: 0.9999999999999809 
[MO833] Paramount Iteration,0,43,19.3108980656,0.389572143555
44 -- 0.9892948900220438 --- TKE: 0.9999999999999802 
[MO833] Paramount Iteration,0,44,19.7004420757,0.389544010162
45 -- 1.0117788645119175 --- TKE: 0.99999999999998 
[MO833] Paramount Iteration,0,45,20.0900199413,0.389577865601
46 -- 1.0342628394194517 --- TKE: 0.9999999999999796 
[MO833] Paramount Iteration,0,46,20.4789760113,0.388956069946
47 -- 1.0567468153947515 --- TKE: 0.9999999999999791 
[MO833] Paramount Iteration,0,47,20.8679499626,0.38897395134
48 -- 1.079230791926517 --- TKE: 0.9999999999999787 
[MO833] Paramount Iteration,0,48,21.2572028637,0.389252901077
49 -- 1.1017147691169928 --- TKE: 0.9999999999999785 
[MO833] Paramount Iteration,0,49,21.754365921,0.497163057327
50 -- 1.1241987464063088 --- TKE: 0.9999999999999778 
[MO833] Paramount Iteration,0,50,22.1519310474,0.397565126419
51 -- 1.1466827235704906 --- TKE: 0.9999999999999776 
[MO833] Paramount Iteration,0,51,22.5416488647,0.389717817307
52 -- 1.1691667007473199 --- TKE: 0.9999999999999767 
[MO833] Paramount Iteration,0,52,22.9305698872,0.388921022415
53 -- 1.1916506780693243 --- TKE: 0.9999999999999765 
[MO833] Paramount Iteration,0,53,23.3199300766,0.389360189438
54 -- 1.2141346550201348 --- TKE: 0.999999999999976 
[MO833] Paramount Iteration,0,54,23.7086980343,0.388767957687
55 -- 1.2366186321554948 --- TKE: 0.9999999999999754 
[MO833] Paramount Iteration,0,55,24.1045730114,0.395874977112
56 -- 1.2591026100219054 --- TKE: 0.9999999999999749 
[MO833] Paramount Iteration,0,56,24.4939000607,0.389327049255
57 -- 1.2815865889728366 --- TKE: 0.9999999999999747 
[MO833] Paramount Iteration,0,57,24.8829760551,0.389075994492
58 -- 1.3040705684946423 --- TKE: 0.9999999999999745 
[MO833] Paramount Iteration,0,58,25.27216506,0.389189004898
59 -- 1.3265545482098886 --- TKE: 0.9999999999999736 
[MO833] Paramount Iteration,0,59,25.7690968513,0.496931791306
60 -- 1.3490385279946209 --- TKE: 0.9999999999999734 
[MO833] Paramount Iteration,0,60,26.1661310196,0.397034168243
61 -- 1.371522507936614 --- TKE: 0.9999999999999729 
[MO833] Paramount Iteration,0,61,26.5556299686,0.389498949051
62 -- 1.3940064881131407 --- TKE: 0.9999999999999727 
[MO833] Paramount Iteration,0,62,26.9447729588,0.389142990112
63 -- 1.4164904680080184 --- TKE: 0.999999999999972 
[MO833] Paramount Iteration,0,63,27.3340508938,0.389277935028
64 -- 1.438974447817866 --- TKE: 0.9999999999999714 
[MO833] Paramount Iteration,0,64,27.7229499817,0.388899087906
65 -- 1.4614584279359546 --- TKE: 0.9999999999999711 
[MO833] Paramount Iteration,0,65,28.1118168831,0.388866901398
66 -- 1.4839424085355155 --- TKE: 0.9999999999999705 
[MO833] Paramount Iteration,0,66,28.5010390282,0.389222145081
67 -- 1.5064263891350915 --- TKE: 0.9999999999999705 
[MO833] Paramount Iteration,0,67,28.8902909756,0.389251947403
68 -- 1.5289103697346547 --- TKE: 0.9999999999999698 
[MO833] Paramount Iteration,0,68,29.2798340321,0.389543056488
69 -- 1.5513943503342058 --- TKE: 0.9999999999999694 
[MO833] Paramount Iteration,0,69,29.774271965,0.494437932968
70 -- 1.573878330933748 --- TKE: 0.9999999999999691 
[MO833] Paramount Iteration,0,70,30.1727969646,0.398524999619
71 -- 1.5963623115332832 --- TKE: 0.9999999999999685 
[MO833] Paramount Iteration,0,71,30.5638048649,0.391007900238
72 -- 1.6188462921328246 --- TKE: 0.999999999999968 
[MO833] Paramount Iteration,0,72,30.959815979,0.39601111412
73 -- 1.6413302727323715 --- TKE: 0.9999999999999676 
[MO833] Paramount Iteration,0,73,31.3505978584,0.390781879425
74 -- 1.6638142533319324 --- TKE: 0.9999999999999671 
[MO833] Paramount Iteration,0,74,31.7406158447,0.390017986298
75 -- 1.6862982339315096 --- TKE: 0.9999999999999667 
[MO833] Paramount Iteration,0,75,32.1308588982,0.390243053436
76 -- 1.7087822145310758 --- TKE: 0.9999999999999662 
[MO833] Paramount Iteration,0,76,32.5208828449,0.390023946762
77 -- 1.7312661951306325 --- TKE: 0.9999999999999656 
[MO833] Paramount Iteration,0,77,32.9112899303,0.390407085419
78 -- 1.7537501757301825 --- TKE: 0.9999999999999654 
[MO833] Paramount Iteration,0,78,33.3020730019,0.390783071518
79 -- 1.7762341563297257 --- TKE: 0.9999999999999649 
[MO833] Paramount Iteration,0,79,33.8017029762,0.499629974365
80 -- 1.7987181369292657 --- TKE: 0.9999999999999643 
[MO833] Paramount Iteration,0,80,34.1988949776,0.397192001343
81 -- 1.821202117528811 --- TKE: 0.999999999999964 
[MO833] Paramount Iteration,0,81,34.5897600651,0.390865087509
82 -- 1.843686098128367 --- TKE: 0.9999999999999638 
[MO833] Paramount Iteration,0,82,34.9799878597,0.390227794647
83 -- 1.8661700787279318 --- TKE: 0.9999999999999629 
[MO833] Paramount Iteration,0,83,35.370595932,0.390608072281
84 -- 1.8886540593275125 --- TKE: 0.9999999999999627 
[MO833] Paramount Iteration,0,84,35.7609598637,0.390363931656
85 -- 1.9111380399270799 --- TKE: 0.999999999999962 
[MO833] Paramount Iteration,0,85,36.1511459351,0.390186071396
86 -- 1.9336220205266375 --- TKE: 0.9999999999999618 
[MO833] Paramount Iteration,0,86,36.5444190502,0.393273115158
87 -- 1.9561060011261877 --- TKE: 0.9999999999999614 
[MO833] Paramount Iteration,0,87,36.9348289967,0.390409946442
88 -- 1.9785899817257362 --- TKE: 0.9999999999999611 
[MO833] Paramount Iteration,0,88,37.3254749775,0.390645980835
89 -- 2.0010739623252847 --- TKE: 0.9999999999999605 
[MO833] Paramount Iteration,0,89,37.81949687,0.494021892548
90 -- 2.023557942924837 --- TKE: 0.99999999999996 
[MO833] Paramount Iteration,0,90,38.217181921,0.397685050964
91 -- 2.0460419235244 --- TKE: 0.9999999999999594 
[MO833] Paramount Iteration,0,91,38.6159260273,0.398744106293
92 -- 2.0685259041239688 --- TKE: 0.9999999999999591 
[MO833] Paramount Iteration,0,92,39.0091979504,0.393271923065
93 -- 2.0910098847235514 --- TKE: 0.9999999999999587 
[MO833] Paramount Iteration,0,93,39.3997788429,0.390580892563
94 -- 2.1134938653231283 --- TKE: 0.9999999999999583 
[MO833] Paramount Iteration,0,94,39.7956779003,0.395899057388
95 -- 2.1359778459226977 --- TKE: 0.999999999999958 
[MO833] Paramount Iteration,0,95,40.1861269474,0.390449047089
96 -- 2.158461826522259 --- TKE: 0.9999999999999571 
[MO833] Paramount Iteration,0,96,40.576184988,0.390058040619
97 -- 2.1809458071218164 --- TKE: 0.9999999999999569 
[MO833] Paramount Iteration,0,97,40.9665620327,0.390377044678
98 -- 2.2034297877213715 --- TKE: 0.9999999999999563 
[MO833] Paramount Iteration,0,98,41.3566000462,0.390038013458
99 -- 2.2259137683209325 --- TKE: 0.999999999999956 
[MO833] Paramount Iteration,0,99,41.8548588753,0.498258829117
100 -- 2.2483977489205 --- TKE: 0.9999999999999558 
[MO833] Paramount Iteration,0,100,42.2528600693,0.398001194
101 -- 2.270881729520079 --- TKE: 0.9999999999999551 
[MO833] Paramount Iteration,0,101,42.6431260109,0.39026594162
102 -- 2.293365710119669 --- TKE: 0.9999999999999547 
[MO833] Paramount Iteration,0,102,43.0327079296,0.389581918716
103 -- 2.3158496907192587 --- TKE: 0.999999999999954 
[MO833] Paramount Iteration,0,103,43.4225049019,0.389796972275
104 -- 2.338333671318844 --- TKE: 0.9999999999999538 
[MO833] Paramount Iteration,0,104,43.8115699291,0.389065027237
105 -- 2.3608176519184227 --- TKE: 0.9999999999999531 
[MO833] Paramount Iteration,0,105,44.2005820274,0.389012098312
106 -- 2.383301632517996 --- TKE: 0.9999999999999529 
[MO833] Paramount Iteration,0,106,44.589828968,0.389246940613
107 -- 2.4057856131175708 --- TKE: 0.9999999999999525 
[MO833] Paramount Iteration,0,107,44.9791128635,0.389283895493
108 -- 2.428269593717144 --- TKE: 0.9999999999999518 
[MO833] Paramount Iteration,0,108,45.3679299355,0.388817071915
109 -- 2.450753574316726 --- TKE: 0.9999999999999516 
[MO833] Paramount Iteration,0,109,45.8612549305,0.493324995041
110 -- 2.473237554916315 --- TKE: 0.9999999999999512 
[MO833] Paramount Iteration,0,110,46.2594368458,0.398181915283
111 -- 2.495721535515917 --- TKE: 0.9999999999999509 
[MO833] Paramount Iteration,0,111,46.6500520706,0.390615224838
112 -- 2.5182055161155197 --- TKE: 0.99999999999995 
[MO833] Paramount Iteration,0,112,47.0389289856,0.388876914978
113 -- 2.5406894967151143 --- TKE: 0.9999999999999498 
[MO833] Paramount Iteration,0,113,47.4286620617,0.389733076096
114 -- 2.563173477314707 --- TKE: 0.9999999999999494 
[MO833] Paramount Iteration,0,114,47.8191268444,0.390464782715
115 -- 2.5856574579142957 --- TKE: 0.9999999999999489 
[MO833] Paramount Iteration,0,115,48.2085750103,0.389448165894
116 -- 2.6081414385138806 --- TKE: 0.9999999999999485 
[MO833] Paramount Iteration,0,116,48.5982270241,0.389652013779
117 -- 2.630625419113471 --- TKE: 0.999999999999948 
[MO833] Paramount Iteration,0,117,48.9964079857,0.398180961609
118 -- 2.6531093997130686 --- TKE: 0.9999999999999476 
[MO833] Paramount Iteration,0,118,49.3990399837,0.402631998062
119 -- 2.67559338031267 --- TKE: 0.9999999999999469 
[MO833] Paramount Iteration,0,119,49.9690320492,0.56999206543
120 -- 2.6980773609122832 --- TKE: 0.9999999999999467 
[MO833] Paramount Iteration,0,120,50.4362099171,0.467177867889
121 -- 2.7205613415118917 --- TKE: 0.9999999999999463 
[MO833] Paramount Iteration,0,121,50.906744957,0.470535039902
122 -- 2.743045322111495 --- TKE: 0.9999999999999458 
[MO833] Paramount Iteration,0,122,51.3089468479,0.402201890945
123 -- 2.7655293027110934 --- TKE: 0.9999999999999454 
[MO833] Paramount Iteration,0,123,51.6980540752,0.389107227325
124 -- 2.7880132833106908 --- TKE: 0.9999999999999452 
[MO833] Paramount Iteration,0,124,52.0872168541,0.389162778854
125 -- 2.8104972639102925 --- TKE: 0.9999999999999447 
[MO833] Paramount Iteration,0,125,52.4764130116,0.389196157455
126 -- 2.8329812445098965 --- TKE: 0.999999999999944 
[MO833] Paramount Iteration,0,126,52.8659548759,0.389541864395
127 -- 2.8554652251095027 --- TKE: 0.9999999999999436 
[MO833] Paramount Iteration,0,127,53.255961895,0.390007019043
128 -- 2.8779492057091125 --- TKE: 0.9999999999999434 
[MO833] Paramount Iteration,0,128,53.6455750465,0.38961315155
129 -- 2.9004331862051895 --- TKE: 0.9999999999999427 
[MO833] Paramount Iteration,0,129,54.1429619789,0.497386932373
130 -- 2.922917166804799 --- TKE: 0.9999999999999423 
[MO833] Paramount Iteration,0,130,54.5396089554,0.396646976471
131 -- 2.9454011474044077 --- TKE: 0.9999999999999418 
[MO833] Paramount Iteration,0,131,54.9286270142,0.389018058777
132 -- 2.9678851280040153 --- TKE: 0.9999999999999412 
[MO833] Paramount Iteration,0,132,55.3187189102,0.390091896057
133 -- 2.990369108603619 --- TKE: 0.9999999999999409 
[MO833] Paramount Iteration,0,133,55.7077350616,0.389016151428
134 -- 3.012853089203225 --- TKE: 0.9999999999999405 
[MO833] Paramount Iteration,0,134,56.0975580215,0.3898229599
135 -- 3.035337069802835 --- TKE: 0.9999999999999398 
[MO833] Paramount Iteration,0,135,56.4866349697,0.389076948166
136 -- 3.057821050402447 --- TKE: 0.9999999999999398 
[MO833] Paramount Iteration,0,136,56.875535965,0.388900995255
137 -- 3.080305031002058 --- TKE: 0.9999999999999392 
[MO833] Paramount Iteration,0,137,57.2642290592,0.388693094254
138 -- 3.1027890113773555 --- TKE: 0.9999999999999387 
[MO833] Paramount Iteration,0,138,57.6529099941,0.388680934906
139 -- 3.125272991794968 --- TKE: 0.999999999999938 
[MO833] Paramount Iteration,0,139,58.1474330425,0.494523048401
140 -- 3.147756972394573 --- TKE: 0.9999999999999376 
[MO833] Paramount Iteration,0,140,58.5450389385,0.397605895996
141 -- 3.1702409529941784 --- TKE: 0.9999999999999372 
[MO833] Paramount Iteration,0,141,58.934803009,0.389764070511
142 -- 3.1927249335937846 --- TKE: 0.9999999999999367 
[MO833] Paramount Iteration,0,142,59.3241820335,0.389379024506
143 -- 3.215208914193392 --- TKE: 0.9999999999999365 
[MO833] Paramount Iteration,0,143,59.7165310383,0.392349004745
144 -- 3.237692894793 --- TKE: 0.999999999999936 
[MO833] Paramount Iteration,0,144,60.1196100712,0.403079032898
145 -- 3.2601768753926135 --- TKE: 0.9999999999999356 
[MO833] Paramount Iteration,0,145,60.5376880169,0.418077945709
146 -- 3.2826608559922197 --- TKE: 0.9999999999999352 
[MO833] Paramount Iteration,0,146,61.0022468567,0.464558839798
147 -- 3.305144836396795 --- TKE: 0.9999999999999349 
[MO833] Paramount Iteration,0,147,61.4668710232,0.464624166489
148 -- 3.3276288167755883 --- TKE: 0.999999999999934 
[MO833] Paramount Iteration,0,148,61.9315369129,0.46466588974
149 -- 3.350112797375189 --- TKE: 0.9999999999999338 
[MO833] Paramount Iteration,0,149,62.4346179962,0.503081083298
150 -- 3.3725967779747896 --- TKE: 0.9999999999999332 
[MO833] Paramount Iteration,0,150,62.8330578804,0.398439884186
151 -- 3.3950807585743927 --- TKE: 0.9999999999999332 
[MO833] Paramount Iteration,0,151,63.2255740166,0.392516136169
152 -- 3.417564739174003 --- TKE: 0.9999999999999325 
[MO833] Paramount Iteration,0,152,63.6195108891,0.393936872482
153 -- 3.440048719773613 --- TKE: 0.999999999999932 
[MO833] Paramount Iteration,0,153,64.0133030415,0.393792152405
154 -- 3.462532700373216 --- TKE: 0.9999999999999314 
[MO833] Paramount Iteration,0,154,64.4107768536,0.397473812103
155 -- 3.485016680972813 --- TKE: 0.9999999999999312 
[MO833] Paramount Iteration,0,155,64.8050029278,0.394226074219
156 -- 3.5075006615140083 --- TKE: 0.9999999999999307 
[MO833] Paramount Iteration,0,156,65.1983840466,0.393381118774
157 -- 3.5299846419603895 --- TKE: 0.9999999999999303 
[MO833] Paramount Iteration,0,157,65.5906488895,0.392264842987
158 -- 3.552468622559983 --- TKE: 0.9999999999999301 
[MO833] Paramount Iteration,0,158,65.9830210209,0.392372131348
159 -- 3.574952603159577 --- TKE: 0.9999999999999296 
[MO833] Paramount Iteration,0,159,66.485781908,0.502760887146
160 -- 3.597436583759178 --- TKE: 0.999999999999929 
[MO833] Paramount Iteration,0,160,66.8849508762,0.399168968201
161 -- 3.6199205643587824 --- TKE: 0.9999999999999285 
[MO833] Paramount Iteration,0,161,67.2835879326,0.398637056351
162 -- 3.6424045449583855 --- TKE: 0.9999999999999281 
[MO833] Paramount Iteration,0,162,67.6850869656,0.401499032974
163 -- 3.664888525557982 --- TKE: 0.9999999999999278 
[MO833] Paramount Iteration,0,163,68.0756189823,0.390532016754
164 -- 3.6873725061575726 --- TKE: 0.9999999999999274 
[MO833] Paramount Iteration,0,164,68.4654760361,0.389857053757
165 -- 3.709856486757158 --- TKE: 0.9999999999999267 
[MO833] Paramount Iteration,0,165,68.8559579849,0.390481948853
166 -- 3.732340467340761 --- TKE: 0.9999999999999263 
[MO833] Paramount Iteration,0,166,69.2458620071,0.389904022217
167 -- 3.7548244479403468 --- TKE: 0.9999999999999258 
[MO833] Paramount Iteration,0,167,69.6441750526,0.398313045502
168 -- 3.7773084285399374 --- TKE: 0.9999999999999254 
[MO833] Paramount Iteration,0,168,70.0331990719,0.389024019241
169 -- 3.79979240913953 --- TKE: 0.9999999999999252 
[MO833] Paramount Iteration,0,169,70.5270850658,0.493885993958
170 -- 3.822276389739134 --- TKE: 0.9999999999999243 
[MO833] Paramount Iteration,0,170,70.9231629372,0.396077871323
171 -- 3.8447603703387334 --- TKE: 0.9999999999999241 
[MO833] Paramount Iteration,0,171,71.3133029938,0.39014005661
172 -- 3.867244350938323 --- TKE: 0.9999999999999236 
[MO833] Paramount Iteration,0,172,71.7023909092,0.389087915421
173 -- 3.8897283315379036 --- TKE: 0.9999999999999234 
[MO833] Paramount Iteration,0,173,72.0924830437,0.390092134476
174 -- 3.9122123121374837 --- TKE: 0.999999999999923 
[MO833] Paramount Iteration,0,174,72.481564045,0.389081001282
175 -- 3.9346962927370615 --- TKE: 0.9999999999999225 
[MO833] Paramount Iteration,0,175,72.8716309071,0.390066862106
176 -- 3.9571802733366406 --- TKE: 0.9999999999999218 
[MO833] Paramount Iteration,0,176,73.2616648674,0.390033960342
177 -- 3.9796642539362255 --- TKE: 0.9999999999999214 
[MO833] Paramount Iteration,0,177,73.6518609524,0.390196084976
178 -- 4.002148234535818 --- TKE: 0.999999999999921 
[MO833] Paramount Iteration,0,178,74.0409929752,0.389132022858
179 -- 4.024632215135417 --- TKE: 0.9999999999999207 
[MO833] Paramount Iteration,0,179,74.5363800526,0.495387077332
180 -- 4.0471161957350095 --- TKE: 0.9999999999999201 
[MO833] Paramount Iteration,0,180,74.9341070652,0.397727012634
181 -- 4.06960017633459 --- TKE: 0.9999999999999196 
[MO833] Paramount Iteration,0,181,75.3287038803,0.394596815109
182 -- 4.092084156934162 --- TKE: 0.9999999999999194 
[MO833] Paramount Iteration,0,182,75.7223269939,0.393623113632
183 -- 4.114568137533732 --- TKE: 0.9999999999999187 
[MO833] Paramount Iteration,0,183,76.1162760258,0.39394903183
184 -- 4.137052118133306 --- TKE: 0.9999999999999185 
[MO833] Paramount Iteration,0,184,76.5104510784,0.394175052643
185 -- 4.159536098732883 --- TKE: 0.9999999999999178 
[MO833] Paramount Iteration,0,185,76.9046070576,0.394155979156
186 -- 4.182020079332465 --- TKE: 0.9999999999999174 
[MO833] Paramount Iteration,0,186,77.2983839512,0.393776893616
187 -- 4.2045040599320505 --- TKE: 0.9999999999999172 
[MO833] Paramount Iteration,0,187,77.6925690174,0.394185066223
188 -- 4.226988040531646 --- TKE: 0.9999999999999165 
[MO833] Paramount Iteration,0,188,78.0865380764,0.39396905899
189 -- 4.249472021131237 --- TKE: 0.9999999999999163 
[MO833] Paramount Iteration,0,189,78.5842049122,0.497666835785
190 -- 4.271956001730815 --- TKE: 0.9999999999999158 
[MO833] Paramount Iteration,0,190,78.9816150665,0.397410154343
191 -- 4.294439982330389 --- TKE: 0.9999999999999154 
[MO833] Paramount Iteration,0,191,79.3792719841,0.397656917572
192 -- 4.316923962929958 --- TKE: 0.999999999999915 
[MO833] Paramount Iteration,0,192,79.7847158909,0.405443906784
193 -- 4.339407943529525 --- TKE: 0.9999999999999141 
[MO833] Paramount Iteration,0,193,80.2156338692,0.430917978287
194 -- 4.361891924129091 --- TKE: 0.9999999999999138 
[MO833] Paramount Iteration,0,194,80.6831989288,0.467565059662
195 -- 4.384375904728668 --- TKE: 0.9999999999999136 
[MO833] Paramount Iteration,0,195,81.1509490013,0.467750072479
196 -- 4.4068598853282515 --- TKE: 0.999999999999913 
[MO833] Paramount Iteration,0,196,81.6186058521,0.467656850815
197 -- 4.429343865927849 --- TKE: 0.9999999999999127 
[MO833] Paramount Iteration,0,197,82.0862488747,0.467643022537
198 -- 4.451827846527435 --- TKE: 0.9999999999999123 
[MO833] Paramount Iteration,0,198,82.557254076,0.47100520134
199 -- 4.47431182712701 --- TKE: 0.9999999999999116 
[MO833] Paramount Iteration,0,199,83.1815030575,0.624248981476
200 -- 4.496795807726582 --- TKE: 0.9999999999999114 
[MO833] Paramount Iteration,0,200,83.6168608665,0.435357809067
201 -- 4.519279788326149 --- TKE: 0.999999999999911 
[MO833] Paramount Iteration,0,201,84.006280899,0.389420032501
202 -- 4.541763768925718 --- TKE: 0.9999999999999103 
[MO833] Paramount Iteration,0,202,84.3955938816,0.389312982559
203 -- 4.564247749525288 --- TKE: 0.9999999999999101 
[MO833] Paramount Iteration,0,203,84.7848720551,0.389278173447
204 -- 4.5867317301248605 --- TKE: 0.9999999999999096 
[MO833] Paramount Iteration,0,204,85.174243927,0.389371871948
205 -- 4.6092157107244445 --- TKE: 0.999999999999909 
[MO833] Paramount Iteration,0,205,85.5636079311,0.389364004135
206 -- 4.631699691324042 --- TKE: 0.9999999999999085 
[MO833] Paramount Iteration,0,206,85.9529778957,0.3893699646
207 -- 4.654183671923629 --- TKE: 0.9999999999999083 
[MO833] Paramount Iteration,0,207,86.3425350189,0.389557123184
208 -- 4.6766676525232045 --- TKE: 0.9999999999999076 
[MO833] Paramount Iteration,0,208,86.7321250439,0.389590024948
209 -- 4.699151633122772 --- TKE: 0.9999999999999072 
[MO833] Paramount Iteration,0,209,87.2260529995,0.493927955627
210 -- 4.721635613722336 --- TKE: 0.999999999999907 
[MO833] Paramount Iteration,0,210,87.6243779659,0.398324966431
211 -- 4.744119594321905 --- TKE: 0.9999999999999065 
[MO833] Paramount Iteration,0,211,88.0179049969,0.393527030945
212 -- 4.766603574921476 --- TKE: 0.9999999999999059 
[MO833] Paramount Iteration,0,212,88.4112989902,0.393393993378
213 -- 4.7890875555210535 --- TKE: 0.9999999999999054 
[MO833] Paramount Iteration,0,213,88.8047249317,0.393425941467
214 -- 4.811571536120641 --- TKE: 0.9999999999999052 
[MO833] Paramount Iteration,0,214,89.1978600025,0.393135070801
215 -- 4.834055516720242 --- TKE: 0.9999999999999045 
[MO833] Paramount Iteration,0,215,89.5909929276,0.393132925034
216 -- 4.856539497319829 --- TKE: 0.9999999999999043 
[MO833] Paramount Iteration,0,216,89.9874820709,0.396489143372
217 -- 4.879023477919403 --- TKE: 0.9999999999999036 
[MO833] Paramount Iteration,0,217,90.3809988499,0.393516778946
218 -- 4.901507458518969 --- TKE: 0.9999999999999034 
[MO833] Paramount Iteration,0,218,90.770622015,0.389623165131
219 -- 4.923991439118538 --- TKE: 0.999999999999903 
[MO833] Paramount Iteration,0,219,91.2654869556,0.494864940643
220 -- 4.946475419718104 --- TKE: 0.9999999999999023 
[MO833] Paramount Iteration,0,220,91.6633119583,0.39782500267
221 -- 4.968959400317676 --- TKE: 0.9999999999999019 
[MO833] Paramount Iteration,0,221,92.0561959743,0.392884016037
222 -- 4.9914433809172545 --- TKE: 0.9999999999999014 
[MO833] Paramount Iteration,0,222,92.4490859509,0.392889976501
223 -- 5.0139273615168465 --- TKE: 0.9999999999999012 
[MO833] Paramount Iteration,0,223,92.8417899609,0.39270401001
224 -- 5.036411342116443 --- TKE: 0.9999999999999007 
[MO833] Paramount Iteration,0,224,93.234662056,0.392872095108
225 -- 5.058895322716024 --- TKE: 0.9999999999999003 
[MO833] Paramount Iteration,0,225,93.6283378601,0.393675804138
226 -- 5.081379303315596 --- TKE: 0.9999999999998999 
[MO833] Paramount Iteration,0,226,94.0212478638,0.392910003662
227 -- 5.103863283915162 --- TKE: 0.9999999999998994 
[MO833] Paramount Iteration,0,227,94.4136710167,0.392423152924
228 -- 5.126347264514731 --- TKE: 0.999999999999899 
[MO833] Paramount Iteration,0,228,94.8027560711,0.389085054398
229 -- 5.1488312451143 --- TKE: 0.9999999999998985 
[MO833] Paramount Iteration,0,229,95.2955129147,0.492756843567
230 -- 5.171315225713873 --- TKE: 0.9999999999998981 
[MO833] Paramount Iteration,0,230,95.6934599876,0.397947072983
231 -- 5.193799206313457 --- TKE: 0.9999999999998974 
[MO833] Paramount Iteration,0,231,96.0866658688,0.393205881119
232 -- 5.216283186913051 --- TKE: 0.999999999999897 
[MO833] Paramount Iteration,0,232,96.4797489643,0.393083095551
233 -- 5.238767167512646 --- TKE: 0.9999999999998965 
[MO833] Paramount Iteration,0,233,96.8728940487,0.393145084381
234 -- 5.261251148112229 --- TKE: 0.9999999999998963 
[MO833] Paramount Iteration,0,234,97.2660028934,0.393108844757
235 -- 5.283735128711802 --- TKE: 0.9999999999998956 
[MO833] Paramount Iteration,0,235,97.6591999531,0.393197059631
236 -- 5.30621910931137 --- TKE: 0.9999999999998952 
[MO833] Paramount Iteration,0,236,98.0522148609,0.393014907837
237 -- 5.328703089910934 --- TKE: 0.999999999999895 
[MO833] Paramount Iteration,0,237,98.4445769787,0.392362117767
238 -- 5.351187070510504 --- TKE: 0.9999999999998943 
[MO833] Paramount Iteration,0,238,98.8339588642,0.389381885529
239 -- 5.37367105111008 --- TKE: 0.9999999999998941 
[MO833] Paramount Iteration,0,239,99.3285479546,0.494589090347
240 -- 5.396155031709665 --- TKE: 0.9999999999998934 
[MO833] Paramount Iteration,0,240,99.726320982,0.39777302742
241 -- 5.4186390123092645 --- TKE: 0.9999999999998932 
[MO833] Paramount Iteration,0,241,100.120239973,0.393918991089
242 -- 5.441122992908854 --- TKE: 0.9999999999998928 
[MO833] Paramount Iteration,0,242,100.514946938,0.394706964493
243 -- 5.463606973508429 --- TKE: 0.9999999999998923 
[MO833] Paramount Iteration,0,243,100.907558918,0.392611980438
244 -- 5.486090954107996 --- TKE: 0.9999999999998916 
[MO833] Paramount Iteration,0,244,101.300391912,0.392832994461
245 -- 5.508574934707564 --- TKE: 0.9999999999998914 
[MO833] Paramount Iteration,0,245,101.693029881,0.392637968063
246 -- 5.531058915307137 --- TKE: 0.999999999999891 
[MO833] Paramount Iteration,0,246,102.086026907,0.392997026443
247 -- 5.55354289590671 --- TKE: 0.9999999999998905 
[MO833] Paramount Iteration,0,247,102.477694988,0.391668081284
248 -- 5.57602687650629 --- TKE: 0.9999999999998901 
[MO833] Paramount Iteration,0,248,102.870923996,0.393229007721
249 -- 5.598510857105882 --- TKE: 0.9999999999998894 
[MO833] Paramount Iteration,0,249,103.368223906,0.497299909592
250 -- 5.620994837705482 --- TKE: 0.9999999999998892 
[MO833] Paramount Iteration,0,250,103.767124891,0.398900985718
251 -- 5.643478818305072 --- TKE: 0.9999999999998888 
[MO833] Paramount Iteration,0,251,104.173685074,0.406560182571
252 -- 5.665962798904651 --- TKE: 0.9999999999998883 
[MO833] Paramount Iteration,0,252,104.588929892,0.415244817734
253 -- 5.688446779504222 --- TKE: 0.9999999999998879 
[MO833] Paramount Iteration,0,253,105.056490898,0.467561006546
254 -- 5.71093076010379 --- TKE: 0.9999999999998874 
[MO833] Paramount Iteration,0,254,105.524122953,0.467632055283
255 -- 5.733414740703363 --- TKE: 0.9999999999998868 
[MO833] Paramount Iteration,0,255,105.991956949,0.467833995819
256 -- 5.755898721302941 --- TKE: 0.9999999999998865 
[MO833] Paramount Iteration,0,256,106.466212988,0.474256038666
257 -- 5.778382701902523 --- TKE: 0.9999999999998861 
[MO833] Paramount Iteration,0,257,106.93066287,0.464449882507
258 -- 5.80086668250212 --- TKE: 0.9999999999998856 
[MO833] Paramount Iteration,0,258,107.37863493,0.44797205925
259 -- 5.823350663101718 --- TKE: 0.9999999999998852 
[MO833] Paramount Iteration,0,259,107.87687397,0.498239040375
260 -- 5.8458346437013 --- TKE: 0.9999999999998845 
[MO833] Paramount Iteration,0,260,108.275658846,0.39878487587
261 -- 5.868318624300874 --- TKE: 0.9999999999998843 
[MO833] Paramount Iteration,0,261,108.668966055,0.393307209015
262 -- 5.8908026049004425 --- TKE: 0.9999999999998839 
[MO833] Paramount Iteration,0,262,109.062649965,0.39368391037
263 -- 5.91328658550001 --- TKE: 0.9999999999998834 
[MO833] Paramount Iteration,0,263,109.455307007,0.39265704155
264 -- 5.935770566099579 --- TKE: 0.9999999999998828 
[MO833] Paramount Iteration,0,264,109.84899497,0.393687963486
265 -- 5.958254546699155 --- TKE: 0.9999999999998825 
[MO833] Paramount Iteration,0,265,110.241997957,0.393002986908
266 -- 5.9807385272987394 --- TKE: 0.9999999999998821 
[MO833] Paramount Iteration,0,266,110.633416891,0.391418933868
267 -- 6.003222507851411 --- TKE: 0.9999999999998817 
[MO833] Paramount Iteration,0,267,111.022673845,0.389256954193
268 -- 6.02570648826004 --- TKE: 0.999999999999881 
[MO833] Paramount Iteration,0,268,111.412678003,0.39000415802
269 -- 6.048190468761748 --- TKE: 0.9999999999998808 
[MO833] Paramount Iteration,0,269,111.906004906,0.49332690239
270 -- 6.070674449361319 --- TKE: 0.9999999999998803 
[MO833] Paramount Iteration,0,270,112.303966999,0.397962093353
271 -- 6.093158429960892 --- TKE: 0.9999999999998799 
[MO833] Paramount Iteration,0,271,112.696503878,0.392536878586
272 -- 6.115642410560457 --- TKE: 0.9999999999998794 
[MO833] Paramount Iteration,0,272,113.089001894,0.392498016357
273 -- 6.138126391160034 --- TKE: 0.999999999999879 
[MO833] Paramount Iteration,0,273,113.481850863,0.392848968506
274 -- 6.160610371759611 --- TKE: 0.9999999999998785 
[MO833] Paramount Iteration,0,274,113.874845982,0.392995119095
275 -- 6.1830943523592 --- TKE: 0.9999999999998781 
[MO833] Paramount Iteration,0,275,114.267812967,0.392966985703
276 -- 6.205578332707704 --- TKE: 0.9999999999998777 
[MO833] Paramount Iteration,0,276,114.657897949,0.390084981918
277 -- 6.228062312864179 --- TKE: 0.999999999999877 
[MO833] Paramount Iteration,0,277,115.046891928,0.3889939785
278 -- 6.250546293077153 --- TKE: 0.9999999999998768 
[MO833] Paramount Iteration,0,278,115.435936928,0.389045000076
279 -- 6.273030273569113 --- TKE: 0.9999999999998763 
[MO833] Paramount Iteration,0,279,115.93028903,0.49435210228
280 -- 6.29551425416868 --- TKE: 0.9999999999998759 
[MO833] Paramount Iteration,0,280,116.328013897,0.397724866867
281 -- 6.317998234768246 --- TKE: 0.9999999999998752 
[MO833] Paramount Iteration,0,281,116.720785856,0.392771959305
282 -- 6.340482215367815 --- TKE: 0.9999999999998748 
[MO833] Paramount Iteration,0,282,117.113692999,0.392907142639
283 -- 6.362966195967393 --- TKE: 0.9999999999998743 
[MO833] Paramount Iteration,0,283,117.506339073,0.392646074295
284 -- 6.385450176566988 --- TKE: 0.9999999999998739 
[MO833] Paramount Iteration,0,284,117.899142981,0.392803907394
285 -- 6.407934156703515 --- TKE: 0.9999999999998734 
[MO833] Paramount Iteration,0,285,118.291872025,0.392729043961
286 -- 6.43041813661173 --- TKE: 0.999999999999873 
[MO833] Paramount Iteration,0,286,118.681751966,0.38987994194
287 -- 6.452902116551915 --- TKE: 0.9999999999998723 
[MO833] Paramount Iteration,0,287,119.071161032,0.389409065247
288 -- 6.47538609676162 --- TKE: 0.9999999999998721 
[MO833] Paramount Iteration,0,288,119.460249901,0.389088869095
289 -- 6.497870077361186 --- TKE: 0.9999999999998719 
[MO833] Paramount Iteration,0,289,119.953742981,0.493493080139
290 -- 6.5203540579607555 --- TKE: 0.9999999999998712 
[MO833] Paramount Iteration,0,290,120.352405071,0.398662090302
291 -- 6.542838038560331 --- TKE: 0.9999999999998708 
[MO833] Paramount Iteration,0,291,120.745347023,0.392941951752
292 -- 6.56532201915991 --- TKE: 0.9999999999998705 
[MO833] Paramount Iteration,0,292,121.139703989,0.394356966019
293 -- 6.587805999620115 --- TKE: 0.9999999999998699 
[MO833] Paramount Iteration,0,293,121.533391953,0.393687963486
294 -- 6.610289979541222 --- TKE: 0.9999999999998697 
[MO833] Paramount Iteration,0,294,121.926961899,0.393569946289
295 -- 6.632773959209267 --- TKE: 0.999999999999869 
[MO833] Paramount Iteration,0,295,122.320711851,0.393749952316
296 -- 6.655257938896379 --- TKE: 0.9999999999998685 
[MO833] Paramount Iteration,0,296,122.710403919,0.3896920681
297 -- 6.677741918854632 --- TKE: 0.9999999999998683 
[MO833] Paramount Iteration,0,297,123.100131035,0.389727115631
298 -- 6.700225899311348 --- TKE: 0.9999999999998677 
[MO833] Paramount Iteration,0,298,123.489727974,0.389596939087
299 -- 6.722709879910917 --- TKE: 0.9999999999998672 
[MO833] Paramount Iteration,0,299,123.984211922,0.494483947754
300 -- 6.74519386051049 --- TKE: 0.999999999999867 
[MO833] Paramount Iteration,0,300,124.382358074,0.398146152496
301 -- 6.7676778411100775 --- TKE: 0.9999999999998666 
[MO833] Paramount Iteration,0,301,124.774976969,0.392618894577
302 -- 6.790161821378222 --- TKE: 0.9999999999998661 
[MO833] Paramount Iteration,0,302,125.168761969,0.393784999847
303 -- 6.812645801084757 --- TKE: 0.9999999999998654 
[MO833] Paramount Iteration,0,303,125.562160015,0.393398046494
304 -- 6.835129780524674 --- TKE: 0.999999999999865 
[MO833] Paramount Iteration,0,304,125.956536055,0.394376039505
305 -- 6.857613759981813 --- TKE: 0.9999999999998648 
[MO833] Paramount Iteration,0,305,126.350523949,0.393987894058
306 -- 6.880097739722027 --- TKE: 0.9999999999998643 
[MO833] Paramount Iteration,0,306,126.741383076,0.390859127045
307 -- 6.902581719987556 --- TKE: 0.9999999999998639 
[MO833] Paramount Iteration,0,307,127.132196903,0.390813827515
308 -- 6.92506570058712 --- TKE: 0.9999999999998632 
[MO833] Paramount Iteration,0,308,127.53125906,0.399062156677
309 -- 6.947549681186694 --- TKE: 0.999999999999863 
[MO833] Paramount Iteration,0,309,128.043678045,0.512418985367
310 -- 6.970033661786286 --- TKE: 0.9999999999998626 
[MO833] Paramount Iteration,0,310,128.512286901,0.468608856201
311 -- 6.992517641856869 --- TKE: 0.9999999999998621 
[MO833] Paramount Iteration,0,311,128.981001854,0.468714952469
312 -- 7.015001621353826 --- TKE: 0.9999999999998614 
[MO833] Paramount Iteration,0,312,129.377243996,0.396242141724
313 -- 7.037485600581318 --- TKE: 0.999999999999861 
[MO833] Paramount Iteration,0,313,129.770581961,0.393337965012
314 -- 7.059969579834569 --- TKE: 0.9999999999998608 
[MO833] Paramount Iteration,0,314,130.163719893,0.393137931824
315 -- 7.082453559392238 --- TKE: 0.9999999999998603 
[MO833] Paramount Iteration,0,315,130.556285858,0.392565965652
316 -- 7.104937539510004 --- TKE: 0.9999999999998597 
[MO833] Paramount Iteration,0,316,130.945502996,0.38921713829
317 -- 7.12742151990261 --- TKE: 0.9999999999998594 
[MO833] Paramount Iteration,0,317,131.335734844,0.390231847763
318 -- 7.149905500376262 --- TKE: 0.999999999999859 
[MO833] Paramount Iteration,0,318,131.725384951,0.38965010643
319 -- 7.172389480975853 --- TKE: 0.9999999999998586 
[MO833] Paramount Iteration,0,319,132.22032094,0.49493598938
320 -- 7.194873460847606 --- TKE: 0.9999999999998581 
[MO833] Paramount Iteration,0,320,132.619261026,0.398940086365
321 -- 7.217357440143832 --- TKE: 0.9999999999998577 
[MO833] Paramount Iteration,0,321,133.013695955,0.394434928894
322 -- 7.239841419177911 --- TKE: 0.9999999999998572 
[MO833] Paramount Iteration,0,322,133.407470942,0.393774986267
323 -- 7.26232539825587 --- TKE: 0.9999999999998568 
[MO833] Paramount Iteration,0,323,133.799955845,0.392484903336
324 -- 7.284809377668069 --- TKE: 0.9999999999998563 
[MO833] Paramount Iteration,0,324,134.193851948,0.393896102905
325 -- 7.307293357681979 --- TKE: 0.9999999999998559 
[MO833] Paramount Iteration,0,325,134.584877968,0.39102602005
326 -- 7.329777337844236 --- TKE: 0.9999999999998554 
[MO833] Paramount Iteration,0,326,134.975214005,0.390336036682
327 -- 7.352261318108402 --- TKE: 0.999999999999855 
[MO833] Paramount Iteration,0,327,135.364387035,0.389173030853
328 -- 7.374745298524144 --- TKE: 0.9999999999998546 
[MO833] Paramount Iteration,0,328,135.754593849,0.390206813812
329 -- 7.397229278199844 --- TKE: 0.9999999999998539 
[MO833] Paramount Iteration,0,329,136.249233961,0.494640111923
330 -- 7.41971325730779 --- TKE: 0.9999999999998535 
[MO833] Paramount Iteration,0,330,136.64783597,0.39860200882
331 -- 7.442197236170372 --- TKE: 0.999999999999853 
[MO833] Paramount Iteration,0,331,137.047652006,0.399816036224
332 -- 7.46468121510369 --- TKE: 0.9999999999998528 
[MO833] Paramount Iteration,0,332,137.441112041,0.393460035324
333 -- 7.4871651944085444 --- TKE: 0.9999999999998519 
[MO833] Paramount Iteration,0,333,137.834740877,0.393628835678
334 -- 7.509649174309351 --- TKE: 0.9999999999998517 
[MO833] Paramount Iteration,0,334,138.228540897,0.393800020218
335 -- 7.532133154279306 --- TKE: 0.9999999999998515 
[MO833] Paramount Iteration,0,335,138.619962931,0.39142203331
336 -- 7.554617134371907 --- TKE: 0.9999999999998506 
[MO833] Paramount Iteration,0,336,139.009803057,0.389840126038
337 -- 7.57710111463773 --- TKE: 0.9999999999998506 
[MO833] Paramount Iteration,0,337,139.398985863,0.389182806015
338 -- 7.599585094123956 --- TKE: 0.9999999999998501 
[MO833] Paramount Iteration,0,338,139.788943052,0.38995718956
339 -- 7.6220690730593015 --- TKE: 0.9999999999998497 
[MO833] Paramount Iteration,0,339,140.288691044,0.499747991562
340 -- 7.644553051774802 --- TKE: 0.999999999999849 
[MO833] Paramount Iteration,0,340,140.687905073,0.399214029312
341 -- 7.667037030595726 --- TKE: 0.9999999999998486 
[MO833] Paramount Iteration,0,341,141.085850954,0.39794588089
342 -- 7.689521009831939 --- TKE: 0.9999999999998483 
[MO833] Paramount Iteration,0,342,141.47871995,0.392868995667
343 -- 7.712004989557396 --- TKE: 0.9999999999998479 
[MO833] Paramount Iteration,0,343,141.872262955,0.39354300499
344 -- 7.734488969371415 --- TKE: 0.9999999999998472 
[MO833] Paramount Iteration,0,344,142.266397953,0.394134998322
345 -- 7.756972949328389 --- TKE: 0.9999999999998468 
[MO833] Paramount Iteration,0,345,142.65712285,0.390724897385
346 -- 7.779456929457417 --- TKE: 0.9999999999998466 
[MO833] Paramount Iteration,0,346,143.052706003,0.395583152771
347 -- 7.801940908764215 --- TKE: 0.9999999999998459 
[MO833] Paramount Iteration,0,347,143.455348015,0.402642011642
348 -- 7.8244248875455105 --- TKE: 0.9999999999998457 
[MO833] Paramount Iteration,0,348,143.855499983,0.400151968002
349 -- 7.846908866140421 --- TKE: 0.9999999999998452 
[MO833] Paramount Iteration,0,349,144.349878073,0.494378089905
350 -- 7.869392844882339 --- TKE: 0.9999999999998448 
[MO833] Paramount Iteration,0,350,144.747483969,0.397605895996
351 -- 7.891876824088729 --- TKE: 0.9999999999998441 
[MO833] Paramount Iteration,0,351,145.139876842,0.392392873764
352 -- 7.914360803673517 --- TKE: 0.9999999999998437 
[MO833] Paramount Iteration,0,352,145.532996893,0.39312005043
353 -- 7.936844783366091 --- TKE: 0.9999999999998435 
[MO833] Paramount Iteration,0,353,145.926267862,0.393270969391
354 -- 7.959328763221222 --- TKE: 0.999999999999843 
[MO833] Paramount Iteration,0,354,146.319825888,0.39355802536
355 -- 7.981812743154502 --- TKE: 0.9999999999998426 
[MO833] Paramount Iteration,0,355,146.71035099,0.390525102615
356 -- 8.004296722295088 --- TKE: 0.9999999999998421 
[MO833] Paramount Iteration,0,356,147.100708961,0.390357971191
357 -- 8.026780700943364 --- TKE: 0.9999999999998417 
[MO833] Paramount Iteration,0,357,147.490916967,0.390208005905
358 -- 8.04926467944581 --- TKE: 0.999999999999841 
[MO833] Paramount Iteration,0,358,147.880818844,0.38990187645
359 -- 8.071748658142809 --- TKE: 0.9999999999998406 
[MO833] Paramount Iteration,0,359,148.375141859,0.494323015213
360 -- 8.094232637357875 --- TKE: 0.9999999999998403 
[MO833] Paramount Iteration,0,360,148.772959948,0.397818088531
361 -- 8.116716616834942 --- TKE: 0.9999999999998397 
[MO833] Paramount Iteration,0,361,149.165920973,0.392961025238
362 -- 8.139200596438569 --- TKE: 0.9999999999998395 
[MO833] Paramount Iteration,0,362,149.560375929,0.394454956055
363 -- 8.161684576223415 --- TKE: 0.9999999999998388 
[MO833] Paramount Iteration,0,363,149.959157944,0.398782014847
364 -- 8.18416855598647 --- TKE: 0.9999999999998384 
[MO833] Paramount Iteration,0,364,150.352089882,0.392931938171
365 -- 8.206652534976879 --- TKE: 0.9999999999998381 
[MO833] Paramount Iteration,0,365,150.741127968,0.389038085938
366 -- 8.229136513515263 --- TKE: 0.9999999999998375 
[MO833] Paramount Iteration,0,366,151.131443977,0.390316009521
367 -- 8.251620491954622 --- TKE: 0.999999999999837 
[MO833] Paramount Iteration,0,367,151.521673918,0.390229940414
368 -- 8.274104470641069 --- TKE: 0.9999999999998368 
[MO833] Paramount Iteration,0,368,151.912431002,0.390757083893
369 -- 8.296588449902597 --- TKE: 0.9999999999998361 
[MO833] Paramount Iteration,0,369,152.407237053,0.494806051254
370 -- 8.319072429303034 --- TKE: 0.9999999999998359 
[MO833] Paramount Iteration,0,370,152.805898905,0.398661851883
371 -- 8.341556408848101 --- TKE: 0.9999999999998355 
[MO833] Paramount Iteration,0,371,153.19965601,0.393757104874
372 -- 8.364040388591913 --- TKE: 0.9999999999998346 
[MO833] Paramount Iteration,0,372,153.593122005,0.393465995789
373 -- 8.386524368210152 --- TKE: 0.9999999999998344 
[MO833] Paramount Iteration,0,373,153.986811876,0.393689870834
374 -- 8.409008347068848 --- TKE: 0.9999999999998339 
[MO833] Paramount Iteration,0,374,154.380367041,0.393555164337
375 -- 8.431492325522147 --- TKE: 0.9999999999998335 
[MO833] Paramount Iteration,0,375,154.770613909,0.390246868134
376 -- 8.453976303928611 --- TKE: 0.999999999999833 
[MO833] Paramount Iteration,0,376,155.161205053,0.390591144562
377 -- 8.476460282638763 --- TKE: 0.9999999999998328 
[MO833] Paramount Iteration,0,377,155.551557064,0.390352010727
378 -- 8.49894426188708 --- TKE: 0.9999999999998321 
[MO833] Paramount Iteration,0,378,155.94167304,0.390115976334
379 -- 8.521428241240042 --- TKE: 0.9999999999998317 
[MO833] Paramount Iteration,0,379,156.436941862,0.495268821716
380 -- 8.543912220754779 --- TKE: 0.9999999999998312 
[MO833] Paramount Iteration,0,380,156.835725069,0.39878320694
381 -- 8.56639620047948 --- TKE: 0.999999999999831 
[MO833] Paramount Iteration,0,381,157.22961688,0.393891811371
382 -- 8.588880179940057 --- TKE: 0.9999999999998304 
[MO833] Paramount Iteration,0,382,157.636128902,0.406512022018
383 -- 8.611364158687588 --- TKE: 0.9999999999998299 
[MO833] Paramount Iteration,0,383,158.044520855,0.408391952515
384 -- 8.633848137081928 --- TKE: 0.9999999999998295 
[MO833] Paramount Iteration,0,384,158.511581898,0.467061042786
385 -- 8.65633211548613 --- TKE: 0.9999999999998292 
[MO833] Paramount Iteration,0,385,158.976456881,0.464874982834
386 -- 8.678816094253776 --- TKE: 0.9999999999998286 
[MO833] Paramount Iteration,0,386,159.429007053,0.452550172806
387 -- 8.701300073464806 --- TKE: 0.9999999999998281 
[MO833] Paramount Iteration,0,387,159.818947077,0.389940023422
388 -- 8.723784052797425 --- TKE: 0.9999999999998277 
[MO833] Paramount Iteration,0,388,160.208910942,0.38996386528
389 -- 8.746268032307881 --- TKE: 0.9999999999998272 
[MO833] Paramount Iteration,0,389,160.702955008,0.494044065475
390 -- 8.768752011923175 --- TKE: 0.9999999999998268 
[MO833] Paramount Iteration,0,390,161.101912022,0.398957014084
391 -- 8.791235991242607 --- TKE: 0.9999999999998264 
[MO833] Paramount Iteration,0,391,161.49616003,0.394248008728
392 -- 8.813719969901241 --- TKE: 0.9999999999998259 
[MO833] Paramount Iteration,0,392,161.890516996,0.394356966019
393 -- 8.83620394826368 --- TKE: 0.9999999999998255 
[MO833] Paramount Iteration,0,393,162.28500104,0.394484043121
394 -- 8.858687926696339 --- TKE: 0.999999999999825 
[MO833] Paramount Iteration,0,394,162.676215887,0.391214847565
395 -- 8.881171905554456 --- TKE: 0.9999999999998246 
[MO833] Paramount Iteration,0,395,163.067106962,0.390891075134
396 -- 8.903655884754198 --- TKE: 0.9999999999998241 
[MO833] Paramount Iteration,0,396,163.457344055,0.390237092972
397 -- 8.926139864091574 --- TKE: 0.9999999999998237 
[MO833] Paramount Iteration,0,397,163.850692034,0.393347978592
398 -- 8.948623843621597 --- TKE: 0.9999999999998233 
[MO833] Paramount Iteration,0,398,164.253906965,0.403214931488
399 -- 8.971107823150307 --- TKE: 0.9999999999998228 
[MO833] Paramount Iteration,0,399,164.801451921,0.547544956207
400 -- 8.993591802347279 --- TKE: 0.9999999999998221 
[MO833] Paramount Iteration,0,400,165.271337986,0.469886064529
401 -- 9.016075780940621 --- TKE: 0.9999999999998221 
[MO833] Paramount Iteration,0,401,165.739093065,0.467755079269
402 -- 9.038559759298787 --- TKE: 0.9999999999998217 
[MO833] Paramount Iteration,0,402,166.206852913,0.467759847641
403 -- 9.061043737790357 --- TKE: 0.9999999999998213 
[MO833] Paramount Iteration,0,403,166.671860933,0.465008020401
404 -- 9.083527716770822 --- TKE: 0.9999999999998208 
[MO833] Paramount Iteration,0,404,167.135545015,0.463684082031
405 -- 9.106011695983382 --- TKE: 0.9999999999998201 
[MO833] Paramount Iteration,0,405,167.551781893,0.416236877441
406 -- 9.12849567534856 --- TKE: 0.9999999999998199 
[MO833] Paramount Iteration,0,406,167.94097805,0.389196157455
407 -- 9.15097965491983 --- TKE: 0.9999999999998193 
[MO833] Paramount Iteration,0,407,168.330214024,0.389235973358
408 -- 9.173463634384289 --- TKE: 0.9999999999998188 
[MO833] Paramount Iteration,0,408,168.719055891,0.388841867447
409 -- 9.195947613479182 --- TKE: 0.9999999999998186 
[MO833] Paramount Iteration,0,409,169.213856936,0.494801044464
410 -- 9.218431592031854 --- TKE: 0.9999999999998181 
[MO833] Paramount Iteration,0,410,169.612560034,0.398703098297
411 -- 9.2409155704136 --- TKE: 0.9999999999998177 
[MO833] Paramount Iteration,0,411,170.006662846,0.394102811813
412 -- 9.263399548993958 --- TKE: 0.9999999999998173 
[MO833] Paramount Iteration,0,412,170.400285959,0.393623113632
413 -- 9.285883528127261 --- TKE: 0.9999999999998168 
[MO833] Paramount Iteration,0,413,170.790269852,0.389983892441
414 -- 9.308367507374845 --- TKE: 0.9999999999998161 
[MO833] Paramount Iteration,0,414,171.180870056,0.390600204468
415 -- 9.33085148678883 --- TKE: 0.9999999999998159 
[MO833] Paramount Iteration,0,415,171.570792913,0.389922857285
416 -- 9.353335466420889 --- TKE: 0.9999999999998155 
[MO833] Paramount Iteration,0,416,171.960792065,0.38999915123
417 -- 9.3758194458428 --- TKE: 0.999999999999815 
[MO833] Paramount Iteration,0,417,172.350699902,0.389907836914
418 -- 9.398303424857371 --- TKE: 0.9999999999998144 
[MO833] Paramount Iteration,0,418,172.741143942,0.390444040298
419 -- 9.420787403394653 --- TKE: 0.9999999999998141 
[MO833] Paramount Iteration,0,419,173.266011953,0.524868011475
420 -- 9.443271381827756 --- TKE: 0.9999999999998135 
[MO833] Paramount Iteration,0,420,173.663114071,0.397102117538
421 -- 9.465755360525923 --- TKE: 0.9999999999998133 
[MO833] Paramount Iteration,0,421,174.056612015,0.393497943878
422 -- 9.488239339703938 --- TKE: 0.9999999999998126 
[MO833] Paramount Iteration,0,422,174.448843002,0.392230987549
423 -- 9.51072331900684 --- TKE: 0.9999999999998124 
[MO833] Paramount Iteration,0,423,174.838096857,0.389253854752
424 -- 9.53320729848862 --- TKE: 0.9999999999998117 
[MO833] Paramount Iteration,0,424,175.227210045,0.38911318779
425 -- 9.555691278086503 --- TKE: 0.9999999999998113 
[MO833] Paramount Iteration,0,425,175.616085052,0.388875007629
426 -- 9.578175257486826 --- TKE: 0.9999999999998108 
[MO833] Paramount Iteration,0,426,176.006357908,0.390272855759
427 -- 9.600659236443862 --- TKE: 0.9999999999998106 
[MO833] Paramount Iteration,0,427,176.396563053,0.390205144882
428 -- 9.623143214991387 --- TKE: 0.9999999999998102 
[MO833] Paramount Iteration,0,428,176.792774916,0.396211862564
429 -- 9.645627193503241 --- TKE: 0.9999999999998097 
[MO833] Paramount Iteration,0,429,177.292070866,0.499295949936
430 -- 9.668111172347134 --- TKE: 0.9999999999998093 
[MO833] Paramount Iteration,0,430,177.690876007,0.398805141449
431 -- 9.69059515158583 --- TKE: 0.9999999999998088 
[MO833] Paramount Iteration,0,431,178.08484292,0.393966913223
432 -- 9.713079130962461 --- TKE: 0.9999999999998084 
[MO833] Paramount Iteration,0,432,178.478298903,0.393455982208
433 -- 9.735563110529052 --- TKE: 0.9999999999998079 
[MO833] Paramount Iteration,0,433,178.868461847,0.390162944794
434 -- 9.758047090108136 --- TKE: 0.9999999999998075 
[MO833] Paramount Iteration,0,434,179.258651018,0.390189170837
435 -- 9.780531069507003 --- TKE: 0.999999999999807 
[MO833] Paramount Iteration,0,435,179.648974895,0.390323877335
436 -- 9.803015048430016 --- TKE: 0.9999999999998064 
[MO833] Paramount Iteration,0,436,180.039417028,0.39044213295
437 -- 9.825499027013477 --- TKE: 0.9999999999998062 
[MO833] Paramount Iteration,0,437,180.42956686,0.390149831772
438 -- 9.847983005630825 --- TKE: 0.9999999999998057 
[MO833] Paramount Iteration,0,438,180.823010921,0.393444061279
439 -- 9.870466984647004 --- TKE: 0.9999999999998053 
[MO833] Paramount Iteration,0,439,181.329675913,0.506664991379
440 -- 9.892950963964203 --- TKE: 0.9999999999998046 
[MO833] Paramount Iteration,0,440,181.728569984,0.398894071579
441 -- 9.915434943431126 --- TKE: 0.9999999999998044 
[MO833] Paramount Iteration,0,441,182.122344017,0.393774032593
442 -- 9.93791892309762 --- TKE: 0.9999999999998039 
[MO833] Paramount Iteration,0,442,182.515166998,0.392822980881
443 -- 9.960402902676872 --- TKE: 0.9999999999998035 
[MO833] Paramount Iteration,0,443,182.905303001,0.390136003494
444 -- 9.982886882093483 --- TKE: 0.999999999999803 
[MO833] Paramount Iteration,0,444,183.295724869,0.390421867371
445 -- 10.005370861006428 --- TKE: 0.9999999999998026 
[MO833] PI avg,0,0.407567990764,445
[MO833] Beta,0,0.000819958679105
[MO833] Total time,0,183.834866047
