--------------------------------------------------------------------------
[[55539,1],1]: A high-performance Open MPI point-to-point messaging module
was unable to find any relevant network interfaces:

Module: OpenFabrics (openib)
  Host: node06

Another transport will be used instead, although this may result in
lower performance.

NOTE: You can disable this warning by setting the MCA parameter
btl_base_warn_component_unused to 0.
--------------------------------------------------------------------------
 
                                 _       
                                | |      
 _ __  _   _ _ __ __ _ _ __   __| | __ _ 
| '_ \| | | | '__/ _` | '_ \ / _` |/ _` |
| |_) | |_| | | | (_| | | | | (_| | (_| |
| .__/ \__, |_|  \__,_|_| |_|\__,_|\__,_|
| |     __/ |                            
|_|    |___/                             

Version 1.0

Copyright (c) 2020 Lawrence Livermore National Laboratory (LLNL-CODE-749864)
All rights reserved. 
For details about use and distribution, please read: pyranda/LICENSE

Adding variables: beta
Adding variables: tauxy
Adding variables: tauxx
Adding variables: cs
Adding variables: adiff
Adding variables: vx
Adding variables: vy
Adding variables: cp
Adding variables: cv
Adding variables: Yh
Adding variables: Jx
Adding variables: Jy
Adding variables: tx
Adding variables: ty
Adding variables: Yl
Adding variables: Yy
Adding variables: Yx
Adding variables: Yz
Adding variables: dt
Adding variables: umag
Adding variables: Dsgs
Adding variables: tauyy
Adding variables: dtM
Adding variables: dtC
Adding variables: dtB
Adding variables: taudia
Adding variables: rhov
Adding variables: rhou
Adding variables: dtY
Adding variables: R
Adding variables: T
Adding variables: rho
Adding variables: tz
Adding variables: Ysgs
Adding variables: rhoYl
Adding variables: rhoYh
Adding variables: kappa
Adding variables: uy
Adding variables: ux
Adding variables: wgt
Adding variables: S
Adding variables: mu
Adding variables: p
Adding variables: mw
Adding variables: u
Adding variables: w
Adding variables: v
Adding variables: Et
Adding variables: div
Adding variables: gamma
Adding variables: op
Adding equations of motion: 
(1)   ddt(:rhoYh:) =  -div(:rhoYh:*:u: - :Jx: , :rhoYh:*:v: - :Jy:  )
(2)   ddt(:rhoYl:) =  -div(:rhoYl:*:u: + :Jx: , :rhoYl:*:v: + :Jy:  )
(3)   ddt(:rhou:)  =  -div(:rhou:*:u: - :tauxx:, :rhou:*:v: - :tauxy:)
(4)   ddt(:rhov:)  =  -div(:rhov:*:u: - :tauxy:, :rhov:*:v: - :tauyy:)
(5)   ddt(:Et:)    =  -div( (:Et: - :tauxx:)*:u: - :tauxy:*:v: - :tx:*:kappa:, (:Et: - :tauyy:)*:v: - :tauxy:*:u: - :ty:*:kappa: )
(6)   :rhoYh:     =  fbar( :rhoYh:  )
(7)   :rhoYl:     =  fbar( :rhoYl:  )
(8)   :rhou:      =  fbar( :rhou: )
(9)   :rhov:      =  fbar( :rhov: )
(10)   :Et:        =  fbar( :Et:   )
(11)   :rho:       = :rhoYh: + :rhoYl:
(12)   :Yh:        =  :rhoYh: / :rho:
(13)   :Yl:        =  :rhoYl: / :rho:
(14)   :u:         =  :rhou: / :rho:
(15)   :v:         =  :rhov: / :rho:
(16)   :p:         =  ( :Et: - .5*:rho:*(:u:*:u: + :v:*:v:) ) * ( :gamma: - 1.0 )
(17)   :mw: = 1.0 / ( :Yh: / 0.04401 + :Yl: / 0.0140067 )
(18)   :R: = 8.31446261815 / :mw:
(19)   :cp: = :R: / (1.0 - 1.0/:gamma: )
(20)   :cv: = :cp: - :R:
(21)   :T:         = :p: / (:rho: * :R: )
(22)   :div:       =  div(:u:,:v:)
(23)   [:ux:,:uy:,:tz:] = grad( :u: )
(24)   [:vx:,:vy:,:tz:] = grad( :v: )
(25)   :S:         = sqrt( :ux:*:ux: + :vy:*:vy: + .5*((:uy:+:vx:)**2))
(26)   :beta:      =  gbar( ring(:div:) * :rho: ) * 7.0e-2
(27)   :mu:        =  gbar( abs(ring(:S:  )) ) * :rho: * 1.0e-3
(28)   :taudia:    =  (:beta:-2./3.*:mu:) *:div: - :p:
(29)   :tauxx:     =  2.0*:mu:*:ux:   + :taudia:
(30)   :tauyy:     =  2.0*:mu:*:vy:   + :taudia:
(31)   :tauxy:     =  :mu:*(:uy:+:vx:)
(32)   [:tx:,:ty:,:tz:] = grad(:T:)
(33)   :kappa:     = gbar( ring(:T:)* :rho:*:cv:/(:T: * :dt: ) ) * 1.0e-3
(34)   :Dsgs:      =  ring(:Yh:) * 1.0e-4
(35)   :Ysgs:      =  1.0e2*(abs(:Yh:) - 1.0 + abs(1.0-:Yh: ) )*gridLen**2
(36)   :adiff:     =  gbar( :rho:*numpy.maximum(:Dsgs:,:Ysgs:) / :dt: )
(37)   [:Yx:,:Yy:,:Yz:] = grad( :Yh: )
(38)   :Jx:        =  :adiff:*:Yx:
(39)   :Jy:        =  :adiff:*:Yy:
(40)   bc.extrap(['rho','p'],['x1','xn','y1'] ,order=1)
(41)   bc.extrap(['Yh'],['x1','xn','y1','yn'], order=1 )
(42)   bc.slip( [ ['u','v'] ] , ['x1','xn','y1'] )
(43)   :wgt: =         ( 1.0 + tanh( -(meshi-0)/3 ) ) * 0.5
(44)   :wgt: = :wgt: + ( 1.0 + tanh( (meshi-((50-1)-0))/3 ) ) * 0.5
(45)   :u: = :u:*(1-:wgt:) + gbarx(:u:)*:wgt:
(46)   :v: = :v:*(1-:wgt:) + gbarx(:v:)*:wgt:
(47)   :rho: = :rho:*(1-:wgt:) + gbarx(:rho:)*:wgt:
(48)   :p:   = :p:  *(1-:wgt:) + gbarx(:p:)  *:wgt:
(49)   :wgt: = ( 1.0 + tanh( (meshy-1.016*(1.0-0.025))/ (.025*1.016) ) ) * 0.5
(50)   :u: = :u:*(1-:wgt:) + gbary(:u:)*:wgt:
(51)   :v: = :v:*(1-:wgt:) + gbary(:v:)*:wgt:
(52)   :rho: = :rho:*(1-:wgt:) + gbary(:rho:)*:wgt:
(53)   :p:   = :p:  *(1-:wgt:) + gbary(:p:)  *:wgt:
(54)   bc.extrap(['u','v','p','rho'],['yn'])
(55)   :Et:  = :p: / ( :gamma: - 1.0 )  + .5*:rho:*(:u:*:u: + :v:*:v:)
(56)   :Yl:  = 1.0 - :Yh:
(57)   :rhoYh: = :rho:*:Yh:
(58)   :rhoYl: = :rho:*:Yl:
(59)   :rhou: = :rho:*:u:
(60)   :rhov: = :rho:*:v:
(61)   :cs:  = sqrt( :p: / :rho: * :gamma: )
(62)   :dtC: = dt.courant(:u:,:v:,:w:,:cs:)
(63)   :dtB: = 0.1* dt.diff(:beta:,:rho:)
(64)   :dt:  = numpy.minimum(:dtC:,:dtB:)
(65)   :dtM: = 0.2 * dt.diff(:mu:,:rho:)
(66)   :dt: = numpy.minimum(:dt:,:dtM:)
(67)   :dtY: = 0.2 * dt.diff(:adiff:,:rho:)
(68)   :dt: = numpy.minimum(:dt:,:dtY:)
(69)   :umag: = sqrt( :u:*:u: + :v:*:v: )
(70)   :op: = ( :p: - 101300.0 ) / 6894.76
Cycle:     1 --- Time: 6.0381e-09 --- deltat: 6.0985e-09 ( ramp )
[MO833] Paramount Iteration,0,1,1.94339203835,0.0450711250305
[MO833] Paramount Iteration,1,1,1.93783998489,0.0455639362335
Cycle:     2 --- Time: 1.2137e-08 --- deltat: 6.1594e-09 ( ramp )
[MO833] Paramount Iteration,0,2,1.98761200905,0.0442199707031
[MO833] Paramount Iteration,1,2,1.98206615448,0.0442261695862
Cycle:     3 --- Time: 1.8296e-08 --- deltat: 6.2210e-09 ( ramp )
[MO833] Paramount Iteration,0,3,2.03318309784,0.0455710887909
[MO833] Paramount Iteration,1,3,2.02760601044,0.045539855957
Cycle:     4 --- Time: 2.4517e-08 --- deltat: 6.2832e-09 ( ramp )
[MO833] Paramount Iteration,0,4,2.07746386528,0.0442807674408
[MO833] Paramount Iteration,1,4,2.07189011574,0.0442841053009
Cycle:     5 --- Time: 3.0800e-08 --- deltat: 6.3461e-09 ( ramp )
[MO833] Paramount Iteration,0,5,2.12167000771,0.0442061424255
[MO833] Paramount Iteration,1,5,2.11612510681,0.0442349910736
Cycle:     6 --- Time: 3.7146e-08 --- deltat: 6.4095e-09 ( ramp )
[MO833] Paramount Iteration,0,6,2.16585898399,0.0441889762878
[MO833] Paramount Iteration,1,6,2.16031503677,0.0441899299622
Cycle:     7 --- Time: 4.3556e-08 --- deltat: 6.4736e-09 ( ramp )
[MO833] Paramount Iteration,0,7,2.21001791954,0.0441589355469
[MO833] Paramount Iteration,1,7,2.20447421074,0.0441591739655
Cycle:     8 --- Time: 5.0029e-08 --- deltat: 6.5384e-09 ( ramp )
[MO833] Paramount Iteration,0,8,2.25418996811,0.0441720485687
[MO833] Paramount Iteration,1,8,2.24864506721,0.0441708564758
Cycle:     9 --- Time: 5.6568e-08 --- deltat: 6.6038e-09 ( ramp )
[MO833] Paramount Iteration,0,9,2.29834294319,0.0441529750824
[MO833] Paramount Iteration,1,9,2.2927980423,0.0441529750824
Cycle:    10 --- Time: 6.3172e-08 --- deltat: 6.6698e-09 ( ramp )
[MO833] Paramount Iteration,1,10,2.33739709854,0.0445990562439
[MO833] Paramount Iteration,0,10,2.34292888641,0.044585943222
[MO833] Paramount Iteration,1,11,2.38156104088,0.044163942337
Cycle:    11 --- Time: 6.9841e-08 --- deltat: 6.7365e-09 ( ramp )
[MO833] Paramount Iteration,0,11,2.38711690903,0.0441880226135
[MO833] Paramount Iteration,1,12,2.42578005791,0.0442190170288
Cycle:    12 --- Time: 7.6578e-08 --- deltat: 6.8039e-09 ( ramp )
[MO833] Paramount Iteration,0,12,2.43132400513,0.0442070960999
[MO833] Paramount Iteration,1,13,2.46998000145,0.0441999435425
Cycle:    13 --- Time: 8.3382e-08 --- deltat: 6.8719e-09 ( ramp )
[MO833] Paramount Iteration,0,13,2.475522995,0.0441989898682
[MO833] Paramount Iteration,1,14,2.51416802406,0.0441880226135
Cycle:    14 --- Time: 9.0254e-08 --- deltat: 6.9406e-09 ( ramp )
[MO833] Paramount Iteration,0,14,2.51971507072,0.0441920757294
[MO833] Paramount Iteration,1,15,2.55841016769,0.044242143631
Cycle:    15 --- Time: 9.7194e-08 --- deltat: 7.0100e-09 ( ramp )
[MO833] Paramount Iteration,0,15,2.56395602226,0.0442409515381
Cycle:    16 --- Time: 1.0420e-07 --- deltat: 7.0801e-09 ( ramp )
[MO833] Paramount Iteration,0,16,2.60900402069,0.0450479984283
[MO833] Paramount Iteration,1,16,2.60349798203,0.0450878143311
Cycle:    17 --- Time: 1.1128e-07 --- deltat: 7.1509e-09 ( ramp )
[MO833] Paramount Iteration,0,17,2.65321993828,0.0442159175873
[MO833] Paramount Iteration,1,17,2.64767503738,0.0441770553589
Cycle:    18 --- Time: 1.1844e-07 --- deltat: 7.2224e-09 ( ramp )
[MO833] Paramount Iteration,0,18,2.69736409187,0.044144153595
[MO833] Paramount Iteration,1,18,2.69181799889,0.0441429615021
Cycle:    19 --- Time: 1.2566e-07 --- deltat: 7.2947e-09 ( ramp )
[MO833] Paramount Iteration,0,19,2.7416639328,0.0442998409271
[MO833] Paramount Iteration,1,19,2.73611712456,0.0442991256714
Cycle:    20 --- Time: 1.3295e-07 --- deltat: 7.3676e-09 ( ramp )
[MO833] Paramount Iteration,1,20,2.78076100349,0.0446438789368
[MO833] Paramount Iteration,0,20,2.78628993034,0.0446259975433
[MO833] Paramount Iteration,1,21,2.82499408722,0.044233083725
Cycle:    21 --- Time: 1.4032e-07 --- deltat: 7.4413e-09 ( ramp )
[MO833] Paramount Iteration,0,21,2.83054900169,0.0442590713501
[MO833] Paramount Iteration,1,22,2.86920809746,0.0442140102386
Cycle:    22 --- Time: 1.4776e-07 --- deltat: 7.5157e-09 ( ramp )
[MO833] Paramount Iteration,0,22,2.87475299835,0.0442039966583
[MO833] Paramount Iteration,1,23,2.91344714165,0.0442390441895
Cycle:    23 --- Time: 1.5528e-07 --- deltat: 7.5908e-09 ( ramp )
[MO833] Paramount Iteration,0,23,2.91899299622,0.0442399978638
[MO833] Paramount Iteration,1,24,2.95759320259,0.0441460609436
Cycle:    24 --- Time: 1.6287e-07 --- deltat: 7.6668e-09 ( ramp )
[MO833] Paramount Iteration,0,24,2.96313691139,0.0441439151764
[MO833] Paramount Iteration,1,25,3.00179719925,0.0442039966583
Cycle:    25 --- Time: 1.7053e-07 --- deltat: 7.7434e-09 ( ramp )
[MO833] Paramount Iteration,0,25,3.00734210014,0.0442051887512
[MO833] Paramount Iteration,1,26,3.04697108269,0.0451738834381
Cycle:    26 --- Time: 1.7828e-07 --- deltat: 7.8209e-09 ( ramp )
[MO833] Paramount Iteration,0,26,3.05256104469,0.0452189445496
[MO833] Paramount Iteration,1,27,3.09118008614,0.0442090034485
Cycle:    27 --- Time: 1.8610e-07 --- deltat: 7.8991e-09 ( ramp )
[MO833] Paramount Iteration,0,27,3.09673595428,0.0441749095917
[MO833] Paramount Iteration,1,28,3.13535904884,0.0441789627075
Cycle:    28 --- Time: 1.9400e-07 --- deltat: 7.9781e-09 ( ramp )
[MO833] Paramount Iteration,0,28,3.14090490341,0.0441689491272
[MO833] Paramount Iteration,1,29,3.17951607704,0.0441570281982
Cycle:    29 --- Time: 2.0198e-07 --- deltat: 8.0578e-09 ( ramp )
[MO833] Paramount Iteration,0,29,3.18506288528,0.0441579818726
Cycle:    30 --- Time: 2.1003e-07 --- deltat: 8.1384e-09 ( ramp )
[MO833] Paramount Iteration,1,30,3.22411298752,0.0445969104767
[MO833] Paramount Iteration,0,30,3.22964406013,0.0445811748505
[MO833] Paramount Iteration,1,31,3.26833820343,0.0442252159119
Cycle:    31 --- Time: 2.1817e-07 --- deltat: 8.2198e-09 ( ramp )
[MO833] Paramount Iteration,0,31,3.27389407158,0.0442500114441
[MO833] Paramount Iteration,1,32,3.31255507469,0.0442168712616
Cycle:    32 --- Time: 2.2639e-07 --- deltat: 8.3020e-09 ( ramp )
[MO833] Paramount Iteration,0,32,3.31810188293,0.0442078113556
[MO833] Paramount Iteration,1,33,3.35670614243,0.0441510677338
Cycle:    33 --- Time: 2.3469e-07 --- deltat: 8.3850e-09 ( ramp )
[MO833] Paramount Iteration,0,33,3.36225104332,0.0441491603851
[MO833] Paramount Iteration,1,34,3.40090703964,0.0442008972168
Cycle:    34 --- Time: 2.4308e-07 --- deltat: 8.4689e-09 ( ramp )
[MO833] Paramount Iteration,0,34,3.40645289421,0.0442018508911
[MO833] Paramount Iteration,1,35,3.44509720802,0.0441901683807
Cycle:    35 --- Time: 2.5155e-07 --- deltat: 8.5536e-09 ( ramp )
[MO833] Paramount Iteration,0,35,3.45065188408,0.0441989898682
[MO833] Paramount Iteration,1,36,3.48926520348,0.0441679954529
Cycle:    36 --- Time: 2.6010e-07 --- deltat: 8.6391e-09 ( ramp )
[MO833] Paramount Iteration,0,36,3.49480986595,0.0441579818726
[MO833] Paramount Iteration,1,37,3.53342199326,0.0441567897797
Cycle:    37 --- Time: 2.6874e-07 --- deltat: 8.7255e-09 ( ramp )
[MO833] Paramount Iteration,0,37,3.53896903992,0.0441591739655
[MO833] Paramount Iteration,1,38,3.57755804062,0.0441360473633
Cycle:    38 --- Time: 2.7747e-07 --- deltat: 8.8127e-09 ( ramp )
[MO833] Paramount Iteration,0,38,3.58310294151,0.0441339015961
[MO833] Paramount Iteration,1,39,3.62174916267,0.0441911220551
Cycle:    39 --- Time: 2.8628e-07 --- deltat: 8.9009e-09 ( ramp )
[MO833] Paramount Iteration,0,39,3.62729406357,0.0441911220551
Cycle:    40 --- Time: 2.9518e-07 --- deltat: 8.9899e-09 ( ramp )
[MO833] Paramount Iteration,1,40,3.66629910469,0.0445499420166
[MO833] Paramount Iteration,0,40,3.67182993889,0.0445358753204
[MO833] Paramount Iteration,1,41,3.71052002907,0.0442209243774
Cycle:    41 --- Time: 3.0417e-07 --- deltat: 9.0798e-09 ( ramp )
[MO833] Paramount Iteration,0,41,3.71606206894,0.0442321300507
[MO833] Paramount Iteration,1,42,3.75473809242,0.0442180633545
Cycle:    42 --- Time: 3.1325e-07 --- deltat: 9.1706e-09 ( ramp )
[MO833] Paramount Iteration,0,42,3.76028394699,0.0442218780518
[MO833] Paramount Iteration,1,43,3.79898405075,0.0442459583282
Cycle:    43 --- Time: 3.2242e-07 --- deltat: 9.2623e-09 ( ramp )
[MO833] Paramount Iteration,0,43,3.80452895164,0.0442450046539
[MO833] Paramount Iteration,1,44,3.8431251049,0.0441410541534
Cycle:    44 --- Time: 3.3168e-07 --- deltat: 9.3549e-09 ( ramp )
[MO833] Paramount Iteration,0,44,3.8486790657,0.0441501140594
[MO833] Paramount Iteration,1,45,3.88731002808,0.044184923172
Cycle:    45 --- Time: 3.4104e-07 --- deltat: 9.4484e-09 ( ramp )
[MO833] Paramount Iteration,0,45,3.89285492897,0.044175863266
Cycle:    46 --- Time: 3.5049e-07 --- deltat: 9.5429e-09 ( ramp )
[MO833] Paramount Iteration,0,46,3.93889594078,0.0460410118103
[MO833] Paramount Iteration,1,46,3.93340110779,0.0460910797119
Cycle:    47 --- Time: 3.6003e-07 --- deltat: 9.6384e-09 ( ramp )
[MO833] Paramount Iteration,0,47,3.98316001892,0.0442640781403
[MO833] Paramount Iteration,1,47,3.97761416435,0.0442130565643
Cycle:    48 --- Time: 3.6967e-07 --- deltat: 9.7347e-09 ( ramp )
[MO833] Paramount Iteration,0,48,4.02735996246,0.0441999435425
[MO833] Paramount Iteration,1,48,4.02181315422,0.0441989898682
Cycle:    49 --- Time: 3.7940e-07 --- deltat: 9.8321e-09 ( ramp )
[MO833] Paramount Iteration,0,49,4.07152986526,0.0441699028015
[MO833] Paramount Iteration,1,49,4.06598305702,0.0441699028015
Cycle:    50 --- Time: 3.8923e-07 --- deltat: 9.9304e-09 ( ramp )
[MO833] Paramount Iteration,1,50,4.11062216759,0.0446391105652
[MO833] Paramount Iteration,0,50,4.11614990234,0.0446200370789
[MO833] Paramount Iteration,1,51,4.15484714508,0.0442249774933
Cycle:    51 --- Time: 3.9916e-07 --- deltat: 1.0030e-08 ( ramp )
[MO833] Paramount Iteration,0,51,4.1604039669,0.0442540645599
[MO833] Paramount Iteration,1,52,4.19899511337,0.0441479682922
Cycle:    52 --- Time: 4.0919e-07 --- deltat: 1.0130e-08 ( ramp )
[MO833] Paramount Iteration,0,52,4.20454096794,0.0441370010376
[MO833] Paramount Iteration,1,53,4.24310898781,0.0441138744354
Cycle:    53 --- Time: 4.1932e-07 --- deltat: 1.0231e-08 ( ramp )
[MO833] Paramount Iteration,0,53,4.2486550808,0.044114112854
[MO833] Paramount Iteration,1,54,4.28727698326,0.0441679954529
Cycle:    54 --- Time: 4.2955e-07 --- deltat: 1.0334e-08 ( ramp )
[MO833] Paramount Iteration,0,54,4.29282307625,0.0441679954529
[MO833] Paramount Iteration,1,55,4.33313512802,0.0458581447601
Cycle:    55 --- Time: 4.3989e-07 --- deltat: 1.0437e-08 ( ramp )
[MO833] Paramount Iteration,0,55,4.33874607086,0.0459229946136
[MO833] Paramount Iteration,1,56,4.37736415863,0.0442290306091
Cycle:    56 --- Time: 4.5033e-07 --- deltat: 1.0541e-08 ( ramp )
[MO833] Paramount Iteration,0,56,4.38290905952,0.0441629886627
[MO833] Paramount Iteration,1,57,4.42153716087,0.044173002243
Cycle:    57 --- Time: 4.6087e-07 --- deltat: 1.0647e-08 ( ramp )
[MO833] Paramount Iteration,0,57,4.42708206177,0.044173002243
[MO833] Paramount Iteration,1,58,4.46573400497,0.044196844101
Cycle:    58 --- Time: 4.7151e-07 --- deltat: 1.0753e-08 ( ramp )
[MO833] Paramount Iteration,0,58,4.47128891945,0.0442068576813
[MO833] Paramount Iteration,1,59,4.50990509987,0.0441710948944
Cycle:    59 --- Time: 4.8227e-07 --- deltat: 1.0861e-08 ( ramp )
[MO833] Paramount Iteration,0,59,4.51545190811,0.0441629886627
Cycle:    60 --- Time: 4.9313e-07 --- deltat: 1.0969e-08 ( ramp )
[MO833] Paramount Iteration,1,60,4.55450701714,0.0446019172668
[MO833] Paramount Iteration,0,60,4.56003808975,0.0445861816406
[MO833] Paramount Iteration,1,61,4.59873914719,0.0442321300507
Cycle:    61 --- Time: 5.0410e-07 --- deltat: 1.1079e-08 ( ramp )
[MO833] Paramount Iteration,0,61,4.60428500175,0.0442469120026
[MO833] Paramount Iteration,1,62,4.64295315742,0.0442140102386
Cycle:    62 --- Time: 5.1518e-07 --- deltat: 1.1190e-08 ( ramp )
[MO833] Paramount Iteration,0,62,4.64849901199,0.0442140102386
[MO833] Paramount Iteration,1,63,4.68707799911,0.0441248416901
Cycle:    63 --- Time: 5.2637e-07 --- deltat: 1.1302e-08 ( ramp )
[MO833] Paramount Iteration,0,63,4.69262194633,0.0441229343414
[MO833] Paramount Iteration,1,64,4.7313849926,0.0443069934845
Cycle:    64 --- Time: 5.3767e-07 --- deltat: 1.1415e-08 ( ramp )
[MO833] Paramount Iteration,0,64,4.73692989349,0.0443079471588
[MO833] Paramount Iteration,1,65,4.77560019493,0.0442152023315
Cycle:    65 --- Time: 5.4908e-07 --- deltat: 1.1529e-08 ( ramp )
[MO833] Paramount Iteration,0,65,4.7811460495,0.0442161560059
[MO833] Paramount Iteration,1,66,4.81974816322,0.0441479682922
Cycle:    66 --- Time: 5.6061e-07 --- deltat: 1.1644e-08 ( ramp )
[MO833] Paramount Iteration,0,66,4.82529187202,0.044145822525
[MO833] Paramount Iteration,1,67,4.86388301849,0.0441348552704
Cycle:    67 --- Time: 5.7226e-07 --- deltat: 1.1761e-08 ( ramp )
[MO833] Paramount Iteration,0,67,4.86943888664,0.0441470146179
[MO833] Paramount Iteration,1,68,4.90814518929,0.0442621707916
Cycle:    68 --- Time: 5.8402e-07 --- deltat: 1.1878e-08 ( ramp )
[MO833] Paramount Iteration,0,68,4.91369891167,0.0442600250244
[MO833] Paramount Iteration,1,69,4.95232009888,0.0441749095917
Cycle:    69 --- Time: 5.9589e-07 --- deltat: 1.1997e-08 ( ramp )
[MO833] Paramount Iteration,0,69,4.95786690712,0.0441679954529
Cycle:    70 --- Time: 6.0789e-07 --- deltat: 1.2117e-08 ( ramp )
[MO833] Paramount Iteration,1,70,4.99681019783,0.0444900989532
[MO833] Paramount Iteration,0,70,5.00234103203,0.0444741249084
[MO833] Paramount Iteration,1,71,5.04098415375,0.0441739559174
Cycle:    71 --- Time: 6.2001e-07 --- deltat: 1.2238e-08 ( ramp )
[MO833] Paramount Iteration,0,71,5.04653787613,0.044196844101
[MO833] Paramount Iteration,1,72,5.08514904976,0.0441648960114
Cycle:    72 --- Time: 6.3225e-07 --- deltat: 1.2361e-08 ( ramp )
[MO833] Paramount Iteration,0,72,5.09069395065,0.0441560745239
[MO833] Paramount Iteration,1,73,5.12931108475,0.0441620349884
Cycle:    73 --- Time: 6.4461e-07 --- deltat: 1.2484e-08 ( ramp )
[MO833] Paramount Iteration,0,73,5.13485693932,0.0441629886627
[MO833] Paramount Iteration,1,74,5.17345905304,0.0441479682922
Cycle:    74 --- Time: 6.5709e-07 --- deltat: 1.2609e-08 ( ramp )
[MO833] Paramount Iteration,0,74,5.17900490761,0.0441479682922
[MO833] Paramount Iteration,1,75,5.21756219864,0.0441031455994
Cycle:    75 --- Time: 6.6970e-07 --- deltat: 1.2735e-08 ( ramp )
[MO833] Paramount Iteration,0,75,5.22310709953,0.044102191925
[MO833] Paramount Iteration,1,76,5.2618291378,0.0442669391632
Cycle:    76 --- Time: 6.8244e-07 --- deltat: 1.2862e-08 ( ramp )
[MO833] Paramount Iteration,0,76,5.26737308502,0.0442659854889
[MO833] Paramount Iteration,1,77,5.30611419678,0.0442850589752
Cycle:    77 --- Time: 6.9530e-07 --- deltat: 1.2991e-08 ( ramp )
[MO833] Paramount Iteration,0,77,5.31166005135,0.0442869663239
[MO833] Paramount Iteration,1,78,5.35029315948,0.0441789627075
Cycle:    78 --- Time: 7.0829e-07 --- deltat: 1.3121e-08 ( ramp )
[MO833] Paramount Iteration,0,78,5.35583901405,0.0441789627075
[MO833] Paramount Iteration,1,79,5.39444112778,0.0441479682922
Cycle:    79 --- Time: 7.2141e-07 --- deltat: 1.3252e-08 ( ramp )
[MO833] Paramount Iteration,0,79,5.39998602867,0.0441470146179
Cycle:    80 --- Time: 7.3466e-07 --- deltat: 1.3385e-08 ( ramp )
[MO833] Paramount Iteration,1,80,5.43902301788,0.0445818901062
[MO833] Paramount Iteration,0,80,5.4445540905,0.0445680618286
Cycle:    81 --- Time: 7.4805e-07 --- deltat: 1.3519e-08 ( ramp )
[MO833] Paramount Iteration,0,81,5.49019193649,0.045637845993
[MO833] Paramount Iteration,1,81,5.48469114304,0.0456681251526
Cycle:    82 --- Time: 7.6156e-07 --- deltat: 1.3654e-08 ( ramp )
[MO833] Paramount Iteration,0,82,5.53438997269,0.0441980361938
[MO833] Paramount Iteration,1,82,5.52883315086,0.0441420078278
Cycle:    83 --- Time: 7.7522e-07 --- deltat: 1.3790e-08 ( ramp )
[MO833] Paramount Iteration,0,83,5.578592062,0.0442020893097
[MO833] Paramount Iteration,1,83,5.5730471611,0.0442140102386
Cycle:    84 --- Time: 7.8901e-07 --- deltat: 1.3928e-08 ( ramp )
[MO833] Paramount Iteration,0,84,5.62276887894,0.0441768169403
[MO833] Paramount Iteration,1,84,5.61722207069,0.0441749095917
Cycle:    85 --- Time: 8.0294e-07 --- deltat: 1.4067e-08 ( ramp )
[MO833] Paramount Iteration,0,85,5.66690897942,0.0441401004791
[MO833] Paramount Iteration,1,85,5.66136312485,0.0441410541534
Cycle:    86 --- Time: 8.1700e-07 --- deltat: 1.4208e-08 ( ramp )
[MO833] Paramount Iteration,0,86,5.7110440731,0.044135093689
[MO833] Paramount Iteration,1,86,5.70549917221,0.0441360473633
Cycle:    87 --- Time: 8.3121e-07 --- deltat: 1.4350e-08 ( ramp )
[MO833] Paramount Iteration,0,87,5.7553730011,0.0443289279938
[MO833] Paramount Iteration,1,87,5.7498281002,0.0443289279938
Cycle:    88 --- Time: 8.4556e-07 --- deltat: 1.4494e-08 ( ramp )
[MO833] Paramount Iteration,0,88,5.7994890213,0.0441160202026
[MO833] Paramount Iteration,1,88,5.79394316673,0.0441150665283
Cycle:    89 --- Time: 8.6006e-07 --- deltat: 1.4639e-08 ( ramp )
[MO833] Paramount Iteration,0,89,5.84367394447,0.044184923172
[MO833] Paramount Iteration,1,89,5.83812999725,0.0441868305206
Cycle:    90 --- Time: 8.7470e-07 --- deltat: 1.4785e-08 ( ramp )
[MO833] Paramount Iteration,1,90,5.88273310661,0.0446031093597
[MO833] Paramount Iteration,0,90,5.88826203346,0.0445880889893
[MO833] Paramount Iteration,1,91,5.92862820625,0.0458950996399
Cycle:    91 --- Time: 8.8948e-07 --- deltat: 1.4933e-08 ( ramp )
[MO833] Paramount Iteration,0,91,5.93423104286,0.0459690093994
[MO833] Paramount Iteration,1,92,5.97288203239,0.0442538261414
Cycle:    92 --- Time: 9.0441e-07 --- deltat: 1.5082e-08 ( ramp )
[MO833] Paramount Iteration,0,92,5.97842693329,0.0441958904266
[MO833] Paramount Iteration,1,93,6.01705098152,0.0441689491272
Cycle:    93 --- Time: 9.1950e-07 --- deltat: 1.5233e-08 ( ramp )
[MO833] Paramount Iteration,0,93,6.02259588242,0.0441689491272
[MO833] Paramount Iteration,1,94,6.06120300293,0.0441520214081
Cycle:    94 --- Time: 9.3473e-07 --- deltat: 1.5385e-08 ( ramp )
[MO833] Paramount Iteration,0,94,6.06674790382,0.0441520214081
[MO833] Paramount Iteration,1,95,6.10535120964,0.0441482067108
Cycle:    95 --- Time: 9.5011e-07 --- deltat: 1.5539e-08 ( ramp )
[MO833] Paramount Iteration,0,95,6.11089801788,0.0441501140594
[MO833] Paramount Iteration,1,96,6.1494781971,0.0441269874573
Cycle:    96 --- Time: 9.6565e-07 --- deltat: 1.5695e-08 ( ramp )
[MO833] Paramount Iteration,0,96,6.15502500534,0.0441269874573
[MO833] Paramount Iteration,1,97,6.19364619255,0.0441679954529
Cycle:    97 --- Time: 9.8135e-07 --- deltat: 1.5852e-08 ( ramp )
[MO833] Paramount Iteration,0,97,6.19919109344,0.0441660881042
[MO833] Paramount Iteration,1,98,6.23777604103,0.0441298484802
Cycle:    98 --- Time: 9.9720e-07 --- deltat: 1.6010e-08 ( ramp )
[MO833] Paramount Iteration,0,98,6.24331903458,0.0441279411316
[MO833] Paramount Iteration,1,99,6.28203415871,0.0442581176758
Cycle:    99 --- Time: 1.0132e-06 --- deltat: 1.6170e-08 ( ramp )
[MO833] Paramount Iteration,0,99,6.2875790596,0.0442600250244
Cycle:   100 --- Time: 1.0294e-06 --- deltat: 1.6332e-08 ( ramp )
[MO833] Paramount Iteration,1,100,6.32662606239,0.0445919036865
[MO833] Paramount Iteration,0,100,6.33215689659,0.0445778369904
[MO833] Paramount Iteration,1,101,6.37080311775,0.0441770553589
Cycle:   101 --- Time: 1.0457e-06 --- deltat: 1.6495e-08 ( ramp )
[MO833] Paramount Iteration,0,101,6.37636089325,0.0442039966583
[MO833] Paramount Iteration,1,102,6.41494202614,0.0441389083862
Cycle:   102 --- Time: 1.0622e-06 --- deltat: 1.6660e-08 ( ramp )
[MO833] Paramount Iteration,0,102,6.42048597336,0.0441250801086
[MO833] Paramount Iteration,1,103,6.45913505554,0.0441930294037
Cycle:   103 --- Time: 1.0789e-06 --- deltat: 1.6827e-08 ( ramp )
[MO833] Paramount Iteration,0,103,6.46467995644,0.044193983078
[MO833] Paramount Iteration,1,104,6.5033249855,0.0441899299622
Cycle:   104 --- Time: 1.0957e-06 --- deltat: 1.6995e-08 ( ramp )
[MO833] Paramount Iteration,0,104,6.50886893272,0.0441889762878
[MO833] Paramount Iteration,1,105,6.5474960804,0.0441710948944
Cycle:   105 --- Time: 1.1127e-06 --- deltat: 1.7165e-08 ( ramp )
[MO833] Paramount Iteration,0,105,6.55304098129,0.0441720485687
[MO833] Paramount Iteration,1,106,6.59164404869,0.0441479682922
Cycle:   106 --- Time: 1.1299e-06 --- deltat: 1.7337e-08 ( ramp )
[MO833] Paramount Iteration,0,106,6.59718990326,0.0441489219666
[MO833] Paramount Iteration,1,107,6.63579702377,0.0441529750824
Cycle:   107 --- Time: 1.1472e-06 --- deltat: 1.7510e-08 ( ramp )
[MO833] Paramount Iteration,0,107,6.64134192467,0.0441520214081
[MO833] Paramount Iteration,1,108,6.67999601364,0.0441989898682
Cycle:   108 --- Time: 1.1647e-06 --- deltat: 1.7685e-08 ( ramp )
[MO833] Paramount Iteration,0,108,6.68556690216,0.0442249774933
[MO833] Paramount Iteration,1,109,6.72428607941,0.0442900657654
Cycle:   109 --- Time: 1.1824e-06 --- deltat: 1.7862e-08 ( ramp )
[MO833] Paramount Iteration,0,109,6.72983193398,0.0442650318146
Cycle:   110 --- Time: 1.2002e-06 --- deltat: 1.8041e-08 ( ramp )
[MO833] Paramount Iteration,1,110,6.76883816719,0.0445520877838
[MO833] Paramount Iteration,0,110,6.77436995506,0.0445380210876
[MO833] Paramount Iteration,1,111,6.81305003166,0.0442118644714
Cycle:   111 --- Time: 1.2183e-06 --- deltat: 1.8221e-08 ( ramp )
[MO833] Paramount Iteration,0,111,6.81859397888,0.044224023819
[MO833] Paramount Iteration,1,112,6.85720920563,0.0441591739655
Cycle:   112 --- Time: 1.2365e-06 --- deltat: 1.8403e-08 ( ramp )
[MO833] Paramount Iteration,0,112,6.86275601387,0.0441620349884
[MO833] Paramount Iteration,1,113,6.90144515038,0.0442359447479
Cycle:   113 --- Time: 1.2549e-06 --- deltat: 1.8587e-08 ( ramp )
[MO833] Paramount Iteration,0,113,6.9069890976,0.044233083725
[MO833] Paramount Iteration,1,114,6.9456050396,0.0441598892212
Cycle:   114 --- Time: 1.2735e-06 --- deltat: 1.8773e-08 ( ramp )
[MO833] Paramount Iteration,0,114,6.95114898682,0.0441598892212
[MO833] Paramount Iteration,1,115,6.98977899551,0.0441739559174
Cycle:   115 --- Time: 1.2923e-06 --- deltat: 1.8961e-08 ( ramp )
[MO833] Paramount Iteration,0,115,6.99532389641,0.0441749095917
[MO833] Paramount Iteration,1,116,7.03396105766,0.044182062149
Cycle:   116 --- Time: 1.3112e-06 --- deltat: 1.9150e-08 ( ramp )
[MO833] Paramount Iteration,0,116,7.03950595856,0.044182062149
[MO833] Paramount Iteration,1,117,7.07815313339,0.0441920757294
Cycle:   117 --- Time: 1.3304e-06 --- deltat: 1.9342e-08 ( ramp )
[MO833] Paramount Iteration,0,117,7.08369803429,0.0441920757294
[MO833] Paramount Iteration,1,118,7.12229013443,0.0441370010376
Cycle:   118 --- Time: 1.3497e-06 --- deltat: 1.9535e-08 ( ramp )
[MO833] Paramount Iteration,0,118,7.127835989,0.0441379547119
[MO833] Paramount Iteration,1,119,7.16652607918,0.0442359447479
Cycle:   119 --- Time: 1.3693e-06 --- deltat: 1.9731e-08 ( ramp )
[MO833] Paramount Iteration,0,119,7.17207193375,0.0442359447479
Cycle:   120 --- Time: 1.3890e-06 --- deltat: 1.9928e-08 ( ramp )
[MO833] Paramount Iteration,1,120,7.21107506752,0.0445489883423
[MO833] Paramount Iteration,0,120,7.21660494804,0.0445330142975
[MO833] Paramount Iteration,1,121,7.25522899628,0.0441539287567
Cycle:   121 --- Time: 1.4089e-06 --- deltat: 2.0127e-08 ( ramp )
[MO833] Paramount Iteration,0,121,7.26077604294,0.0441710948944
[MO833] Paramount Iteration,1,122,7.29949402809,0.0442650318146
Cycle:   122 --- Time: 1.4290e-06 --- deltat: 2.0329e-08 ( ramp )
[MO833] Paramount Iteration,0,122,7.30504107475,0.0442650318146
Cycle:   123 --- Time: 1.4494e-06 --- deltat: 2.0532e-08 ( ramp )
[MO833] Paramount Iteration,0,123,7.35079503059,0.0457539558411
[MO833] Paramount Iteration,1,123,7.34530520439,0.0458111763
Cycle:   124 --- Time: 1.4699e-06 --- deltat: 2.0737e-08 ( ramp )
[MO833] Paramount Iteration,0,124,7.39507198334,0.0442769527435
[MO833] Paramount Iteration,1,124,7.389523983,0.0442187786102
Cycle:   125 --- Time: 1.4906e-06 --- deltat: 2.0945e-08 ( ramp )
[MO833] Paramount Iteration,0,125,7.43923592567,0.044163942337
[MO833] Paramount Iteration,1,125,7.43369317055,0.0441691875458
Cycle:   126 --- Time: 1.5116e-06 --- deltat: 2.1154e-08 ( ramp )
[MO833] Paramount Iteration,0,126,7.48341393471,0.0441780090332
[MO833] Paramount Iteration,1,126,7.47786903381,0.044175863266
Cycle:   127 --- Time: 1.5327e-06 --- deltat: 2.1365e-08 ( ramp )
[MO833] Paramount Iteration,0,127,7.5275759697,0.0441620349884
[MO833] Paramount Iteration,1,127,7.52203011513,0.0441610813141
Cycle:   128 --- Time: 1.5541e-06 --- deltat: 2.1579e-08 ( ramp )
[MO833] Paramount Iteration,0,128,7.57173895836,0.0441629886627
[MO833] Paramount Iteration,1,128,7.56619405746,0.044163942337
Cycle:   129 --- Time: 1.5757e-06 --- deltat: 2.1795e-08 ( ramp )
[MO833] Paramount Iteration,0,129,7.61587309837,0.0441341400146
[MO833] Paramount Iteration,1,129,7.61032700539,0.0441329479218
Cycle:   130 --- Time: 1.5975e-06 --- deltat: 2.2013e-08 ( ramp )
[MO833] Paramount Iteration,1,130,7.65501904488,0.0446920394897
[MO833] Paramount Iteration,0,130,7.66054797173,0.0446748733521
[MO833] Paramount Iteration,1,131,7.69915509224,0.0441360473633
Cycle:   131 --- Time: 1.6195e-06 --- deltat: 2.2233e-08 ( ramp )
[MO833] Paramount Iteration,0,131,7.70471191406,0.044163942337
[MO833] Paramount Iteration,1,132,7.74338507652,0.0442299842834
Cycle:   132 --- Time: 1.6417e-06 --- deltat: 2.2455e-08 ( ramp )
[MO833] Paramount Iteration,0,132,7.74892997742,0.0442180633545
[MO833] Paramount Iteration,1,133,7.78927898407,0.045893907547
Cycle:   133 --- Time: 1.6642e-06 --- deltat: 2.2680e-08 ( ramp )
[MO833] Paramount Iteration,0,133,7.79489588737,0.0459659099579
[MO833] Paramount Iteration,1,134,7.8334980011,0.0442190170288
Cycle:   134 --- Time: 1.6869e-06 --- deltat: 2.2907e-08 ( ramp )
[MO833] Paramount Iteration,0,134,7.83904290199,0.0441470146179
[MO833] Paramount Iteration,1,135,7.87775707245,0.0442590713501
Cycle:   135 --- Time: 1.7098e-06 --- deltat: 2.3136e-08 ( ramp )
[MO833] Paramount Iteration,0,135,7.88330197334,0.0442590713501
[MO833] Paramount Iteration,1,136,7.922134161,0.0443770885468
Cycle:   136 --- Time: 1.7329e-06 --- deltat: 2.3367e-08 ( ramp )
[MO833] Paramount Iteration,0,136,7.92767906189,0.0443770885468
[MO833] Paramount Iteration,1,137,7.9662539959,0.0441198348999
Cycle:   137 --- Time: 1.7563e-06 --- deltat: 2.3601e-08 ( ramp )
[MO833] Paramount Iteration,0,137,7.97180104256,0.0441219806671
[MO833] Paramount Iteration,1,138,8.01043319702,0.0441792011261
Cycle:   138 --- Time: 1.7799e-06 --- deltat: 2.3837e-08 ( ramp )
[MO833] Paramount Iteration,0,138,8.01597905159,0.0441780090332
[MO833] Paramount Iteration,1,139,8.05461215973,0.0441789627075
Cycle:   139 --- Time: 1.8037e-06 --- deltat: 2.4075e-08 ( ramp )
[MO833] Paramount Iteration,0,139,8.06015706062,0.0441780090332
Cycle:   140 --- Time: 1.8278e-06 --- deltat: 2.4316e-08 ( ramp )
[MO833] Paramount Iteration,1,140,8.09923601151,0.0446238517761
[MO833] Paramount Iteration,0,140,8.10476708412,0.0446100234985
[MO833] Paramount Iteration,1,141,8.1434841156,0.0442481040955
Cycle:   141 --- Time: 1.8521e-06 --- deltat: 2.4559e-08 ( ramp )
[MO833] Paramount Iteration,0,141,8.14903998375,0.0442728996277
[MO833] Paramount Iteration,1,142,8.18860697746,0.0451228618622
Cycle:   142 --- Time: 1.8767e-06 --- deltat: 2.4805e-08 ( ramp )
[MO833] Paramount Iteration,0,142,8.19415593147,0.0451159477234
[MO833] Paramount Iteration,1,143,8.23427605629,0.0456690788269
Cycle:   143 --- Time: 1.9015e-06 --- deltat: 2.5053e-08 ( ramp )
[MO833] Paramount Iteration,0,143,8.23982000351,0.0456640720367
[MO833] Paramount Iteration,1,144,8.27986001968,0.0455839633942
Cycle:   144 --- Time: 1.9265e-06 --- deltat: 2.5303e-08 ( ramp )
[MO833] Paramount Iteration,0,144,8.28541088104,0.045590877533
[MO833] Paramount Iteration,1,145,8.32400202751,0.0441420078278
Cycle:   145 --- Time: 1.9518e-06 --- deltat: 2.5556e-08 ( ramp )
[MO833] Paramount Iteration,0,145,8.32957100868,0.0441601276398
[MO833] Paramount Iteration,1,146,8.36819815636,0.0441961288452
Cycle:   146 --- Time: 1.9774e-06 --- deltat: 2.5812e-08 ( ramp )
[MO833] Paramount Iteration,0,146,8.3737449646,0.0441739559174
[MO833] Paramount Iteration,1,147,8.41236209869,0.044163942337
Cycle:   147 --- Time: 2.0032e-06 --- deltat: 2.6070e-08 ( ramp )
[MO833] Paramount Iteration,0,147,8.41790699959,0.0441620349884
[MO833] Paramount Iteration,1,148,8.45655417442,0.0441920757294
Cycle:   148 --- Time: 2.0293e-06 --- deltat: 2.6331e-08 ( ramp )
[MO833] Paramount Iteration,0,148,8.46210002899,0.0441930294037
[MO833] Paramount Iteration,1,149,8.50071907043,0.0441648960114
Cycle:   149 --- Time: 2.0556e-06 --- deltat: 2.6594e-08 ( ramp )
[MO833] Paramount Iteration,0,149,8.50626587868,0.0441658496857
Cycle:   150 --- Time: 2.0822e-06 --- deltat: 2.6860e-08 ( ramp )
[MO833] Paramount Iteration,1,150,8.54527997971,0.0445609092712
[MO833] Paramount Iteration,0,150,8.55081105232,0.044545173645
[MO833] Paramount Iteration,1,151,8.58944797516,0.0441679954529
Cycle:   151 --- Time: 2.1090e-06 --- deltat: 2.7129e-08 ( ramp )
[MO833] Paramount Iteration,0,151,8.59500408173,0.0441930294037
[MO833] Paramount Iteration,1,152,8.6335849762,0.0441370010376
Cycle:   152 --- Time: 2.1362e-06 --- deltat: 2.7400e-08 ( ramp )
[MO833] Paramount Iteration,0,152,8.63913202286,0.0441279411316
[MO833] Paramount Iteration,1,153,8.67779302597,0.0442080497742
Cycle:   153 --- Time: 2.1636e-06 --- deltat: 2.7674e-08 ( ramp )
[MO833] Paramount Iteration,0,153,8.68333697319,0.0442049503326
[MO833] Paramount Iteration,1,154,8.72205901146,0.0442659854889
Cycle:   154 --- Time: 2.1912e-06 --- deltat: 2.7951e-08 ( ramp )
[MO833] Paramount Iteration,0,154,8.72760391235,0.0442669391632
[MO833] Paramount Iteration,1,155,8.76626205444,0.044203042984
Cycle:   155 --- Time: 2.2192e-06 --- deltat: 2.8230e-08 ( ramp )
[MO833] Paramount Iteration,0,155,8.77180790901,0.0442039966583
[MO833] Paramount Iteration,1,156,8.81046915054,0.0442070960999
Cycle:   156 --- Time: 2.2474e-06 --- deltat: 2.8512e-08 ( ramp )
[MO833] Paramount Iteration,0,156,8.81601405144,0.0442061424255
[MO833] Paramount Iteration,1,157,8.85465407372,0.044184923172
Cycle:   157 --- Time: 2.2759e-06 --- deltat: 2.8797e-08 ( ramp )
[MO833] Paramount Iteration,0,157,8.86019992828,0.0441858768463
[MO833] Paramount Iteration,1,158,8.89885306358,0.0441989898682
Cycle:   158 --- Time: 2.3047e-06 --- deltat: 2.9085e-08 ( ramp )
[MO833] Paramount Iteration,0,158,8.90439891815,0.0441989898682
[MO833] Paramount Iteration,1,159,8.94307208061,0.0442190170288
Cycle:   159 --- Time: 2.3338e-06 --- deltat: 2.9376e-08 ( ramp )
[MO833] Paramount Iteration,0,159,8.94861793518,0.0442190170288
Cycle:   160 --- Time: 2.3632e-06 --- deltat: 2.9670e-08 ( ramp )
[MO833] Paramount Iteration,1,160,8.98773407936,0.0446619987488
[MO833] Paramount Iteration,0,160,8.99326395988,0.044646024704
[MO833] Paramount Iteration,1,161,9.03185915947,0.0441250801086
Cycle:   161 --- Time: 2.3929e-06 --- deltat: 2.9967e-08 ( ramp )
[MO833] Paramount Iteration,0,161,9.03742098808,0.0441570281982
[MO833] Paramount Iteration,1,162,9.0760281086,0.0441689491272
Cycle:   162 --- Time: 2.4228e-06 --- deltat: 3.0266e-08 ( ramp )
[MO833] Paramount Iteration,0,162,9.08157706261,0.0441560745239
[MO833] Paramount Iteration,1,163,9.12024211884,0.0442140102386
Cycle:   163 --- Time: 2.4531e-06 --- deltat: 3.0569e-08 ( ramp )
[MO833] Paramount Iteration,0,163,9.12579703331,0.0442199707031
[MO833] Paramount Iteration,1,164,9.16439509392,0.0441529750824
Cycle:   164 --- Time: 2.4837e-06 --- deltat: 3.0875e-08 ( ramp )
[MO833] Paramount Iteration,0,164,9.16993999481,0.0441429615021
[MO833] Paramount Iteration,1,165,9.20859313011,0.0441980361938
Cycle:   165 --- Time: 2.5145e-06 --- deltat: 3.1184e-08 ( ramp )
[MO833] Paramount Iteration,0,165,9.21413898468,0.0441989898682
[MO833] Paramount Iteration,1,166,9.25275802612,0.0441648960114
Cycle:   166 --- Time: 2.5457e-06 --- deltat: 3.1495e-08 ( ramp )
[MO833] Paramount Iteration,0,166,9.25830388069,0.0441648960114
[MO833] Paramount Iteration,1,167,9.29691720009,0.0441591739655
Cycle:   167 --- Time: 2.5772e-06 --- deltat: 3.1810e-08 ( ramp )
[MO833] Paramount Iteration,0,167,9.30246090889,0.0441570281982
[MO833] Paramount Iteration,1,168,9.34114408493,0.0442268848419
Cycle:   168 --- Time: 2.6090e-06 --- deltat: 3.2128e-08 ( ramp )
[MO833] Paramount Iteration,0,168,9.3466899395,0.0442290306091
[MO833] Paramount Iteration,1,169,9.38535904884,0.044214963913
Cycle:   169 --- Time: 2.6412e-06 --- deltat: 3.2450e-08 ( ramp )
[MO833] Paramount Iteration,0,169,9.39090394974,0.0442140102386
Cycle:   170 --- Time: 2.6736e-06 --- deltat: 3.2774e-08 ( ramp )
[MO833] Paramount Iteration,1,170,9.4298620224,0.0445029735565
[MO833] Paramount Iteration,0,170,9.43539404869,0.0444900989532
[MO833] Paramount Iteration,1,171,9.47408103943,0.0442190170288
Cycle:   171 --- Time: 2.7064e-06 --- deltat: 3.3102e-08 ( ramp )
[MO833] Paramount Iteration,0,171,9.47962808609,0.0442340373993
[MO833] Paramount Iteration,1,172,9.51826810837,0.0441870689392
Cycle:   172 --- Time: 2.7395e-06 --- deltat: 3.3433e-08 ( ramp )
[MO833] Paramount Iteration,0,172,9.52381300926,0.044184923172
[MO833] Paramount Iteration,1,173,9.56248903275,0.0442209243774
Cycle:   173 --- Time: 2.7729e-06 --- deltat: 3.3767e-08 ( ramp )
[MO833] Paramount Iteration,0,173,9.56803297997,0.0442199707031
Cycle:   174 --- Time: 2.8067e-06 --- deltat: 3.4105e-08 ( ramp )
[MO833] Paramount Iteration,0,174,9.61376309395,0.0457301139832
[MO833] Paramount Iteration,1,174,9.608273983,0.0457849502563
Cycle:   175 --- Time: 2.8408e-06 --- deltat: 3.4446e-08 ( ramp )
[MO833] Paramount Iteration,0,175,9.65808796883,0.0443248748779
[MO833] Paramount Iteration,1,175,9.65254116058,0.0442671775818
Cycle:   176 --- Time: 2.8752e-06 --- deltat: 3.4790e-08 ( ramp )
[MO833] Paramount Iteration,0,176,9.70223689079,0.0441489219666
[MO833] Paramount Iteration,1,176,9.69669318199,0.0441520214081
Cycle:   177 --- Time: 2.9100e-06 --- deltat: 3.5138e-08 ( ramp )
[MO833] Paramount Iteration,0,177,9.746530056,0.0442931652069
[MO833] Paramount Iteration,1,177,9.74098420143,0.0442910194397
Cycle:   178 --- Time: 2.9452e-06 --- deltat: 3.5490e-08 ( ramp )
[MO833] Paramount Iteration,0,178,9.79074001312,0.0442099571228
[MO833] Paramount Iteration,1,178,9.78519511223,0.0442109107971
Cycle:   179 --- Time: 2.9807e-06 --- deltat: 3.5845e-08 ( ramp )
[MO833] Paramount Iteration,0,179,9.83495092392,0.0442109107971
[MO833] Paramount Iteration,1,179,9.829403162,0.0442080497742
Cycle:   180 --- Time: 3.0165e-06 --- deltat: 3.6203e-08 ( ramp )
[MO833] Paramount Iteration,1,180,9.87400817871,0.0446050167084
[MO833] Paramount Iteration,0,180,9.87953686714,0.044585943222
[MO833] Paramount Iteration,1,181,9.91877007484,0.0447618961334
Cycle:   181 --- Time: 3.0527e-06 --- deltat: 3.6565e-08 ( ramp )
[MO833] Paramount Iteration,0,181,9.92431902885,0.0447821617126
[MO833] Paramount Iteration,1,182,9.96391415596,0.0451440811157
Cycle:   182 --- Time: 3.0893e-06 --- deltat: 3.6931e-08 ( ramp )
[MO833] Paramount Iteration,0,182,9.96948599815,0.0451669692993
[MO833] Paramount Iteration,1,183,10.0090680122,0.0451538562775
Cycle:   183 --- Time: 3.1262e-06 --- deltat: 3.7300e-08 ( ramp )
[MO833] Paramount Iteration,0,183,10.0146238804,0.0451378822327
[MO833] Paramount Iteration,1,184,10.0557510853,0.0466830730438
Cycle:   184 --- Time: 3.1635e-06 --- deltat: 3.7673e-08 ( ramp )
[MO833] Paramount Iteration,0,184,10.0613548756,0.0467309951782
[MO833] Paramount Iteration,1,185,10.1010711193,0.0453200340271
Cycle:   185 --- Time: 3.2012e-06 --- deltat: 3.8050e-08 ( ramp )
[MO833] Paramount Iteration,0,185,10.1066100597,0.0452551841736
[MO833] Paramount Iteration,1,186,10.1458849907,0.0448138713837
Cycle:   186 --- Time: 3.2392e-06 --- deltat: 3.8430e-08 ( ramp )
[MO833] Paramount Iteration,0,186,10.1514399052,0.0448298454285
[MO833] Paramount Iteration,1,187,10.1901521683,0.0442671775818
Cycle:   187 --- Time: 3.2777e-06 --- deltat: 3.8815e-08 ( ramp )
[MO833] Paramount Iteration,0,187,10.1956980228,0.0442581176758
[MO833] Paramount Iteration,1,188,10.2342841625,0.0441319942474
Cycle:   188 --- Time: 3.3165e-06 --- deltat: 3.9203e-08 ( ramp )
[MO833] Paramount Iteration,0,188,10.2398319244,0.0441339015961
[MO833] Paramount Iteration,1,189,10.2791490555,0.0448648929596
Cycle:   189 --- Time: 3.3557e-06 --- deltat: 3.9595e-08 ( ramp )
[MO833] Paramount Iteration,0,189,10.28469491,0.044862985611
Cycle:   190 --- Time: 3.3953e-06 --- deltat: 3.9991e-08 ( ramp )
[MO833] Paramount Iteration,1,190,10.3237481117,0.0445990562439
[MO833] Paramount Iteration,0,190,10.3292789459,0.0445840358734
[MO833] Paramount Iteration,1,191,10.3679161072,0.0441679954529
Cycle:   191 --- Time: 3.4353e-06 --- deltat: 4.0391e-08 ( ramp )
[MO833] Paramount Iteration,0,191,10.3735029697,0.044224023819
[MO833] Paramount Iteration,1,192,10.4127910137,0.0448749065399
Cycle:   192 --- Time: 3.4756e-06 --- deltat: 4.0795e-08 ( ramp )
[MO833] Paramount Iteration,0,192,10.4183380604,0.0448350906372
[MO833] Paramount Iteration,1,193,10.4569871426,0.0441961288452
Cycle:   193 --- Time: 3.5164e-06 --- deltat: 4.1203e-08 ( ramp )
[MO833] Paramount Iteration,0,193,10.4625329971,0.0441949367523
[MO833] Paramount Iteration,1,194,10.5011880398,0.0442008972168
Cycle:   194 --- Time: 3.5576e-06 --- deltat: 4.1615e-08 ( ramp )
[MO833] Paramount Iteration,0,194,10.5067338943,0.0442008972168
[MO833] Paramount Iteration,1,195,10.546033144,0.0448451042175
Cycle:   195 --- Time: 3.5993e-06 --- deltat: 4.2031e-08 ( ramp )
[MO833] Paramount Iteration,0,195,10.5515789986,0.0448451042175
[MO833] Paramount Iteration,1,196,10.5902531147,0.0442199707031
Cycle:   196 --- Time: 3.6413e-06 --- deltat: 4.2451e-08 ( ramp )
[MO833] Paramount Iteration,0,196,10.5957989693,0.0442199707031
[MO833] Paramount Iteration,1,197,10.6344521046,0.0441989898682
Cycle:   197 --- Time: 3.6837e-06 --- deltat: 4.2875e-08 ( ramp )
[MO833] Paramount Iteration,0,197,10.639993906,0.0441949367523
[MO833] Paramount Iteration,1,198,10.6791830063,0.0447309017181
Cycle:   198 --- Time: 3.7266e-06 --- deltat: 4.3304e-08 ( ramp )
[MO833] Paramount Iteration,0,198,10.6847379208,0.04474401474
[MO833] Paramount Iteration,1,199,10.7234489918,0.0442659854889
Cycle:   199 --- Time: 3.7699e-06 --- deltat: 4.3737e-08 ( ramp )
[MO833] Paramount Iteration,0,199,10.7289938927,0.0442559719086
Cycle:   200 --- Time: 3.8137e-06 --- deltat: 4.4175e-08 ( ramp )
[MO833] Paramount Iteration,1,200,10.7682712078,0.0448222160339
[MO833] Paramount Iteration,0,200,10.7737989426,0.0448050498962
[MO833] Paramount Iteration,1,201,10.8130111694,0.0447399616241
Cycle:   201 --- Time: 3.8578e-06 --- deltat: 4.4616e-08 ( ramp )
[MO833] Paramount Iteration,0,201,10.8185660839,0.0447671413422
[MO833] Paramount Iteration,1,202,10.8574590683,0.0444478988647
Cycle:   202 --- Time: 3.9024e-06 --- deltat: 4.5063e-08 ( ramp )
[MO833] Paramount Iteration,0,202,10.8630049229,0.0444388389587
[MO833] Paramount Iteration,1,203,10.9018990993,0.0444400310516
Cycle:   203 --- Time: 3.9475e-06 --- deltat: 4.5513e-08 ( ramp )
[MO833] Paramount Iteration,0,203,10.9074420929,0.0444371700287
[MO833] Paramount Iteration,1,204,10.9462740421,0.0443749427795
Cycle:   204 --- Time: 3.9930e-06 --- deltat: 4.5968e-08 ( ramp )
[MO833] Paramount Iteration,0,204,10.951818943,0.0443768501282
[MO833] Paramount Iteration,1,205,10.9906740189,0.0443999767303
Cycle:   205 --- Time: 4.0390e-06 --- deltat: 4.6428e-08 ( ramp )
[MO833] Paramount Iteration,0,205,10.9962189198,0.0443999767303
