--------------------------------------------------------------------------
[[57839,1],0]: A high-performance Open MPI point-to-point messaging module
was unable to find any relevant network interfaces:

Module: OpenFabrics (openib)
  Host: node06

Another transport will be used instead, although this may result in
lower performance.

NOTE: You can disable this warning by setting the MCA parameter
btl_base_warn_component_unused to 0.
--------------------------------------------------------------------------
 
                                 _       
                                | |      
 _ __  _   _ _ __ __ _ _ __   __| | __ _ 
| '_ \| | | | '__/ _` | '_ \ / _` |/ _` |
| |_) | |_| | | | (_| | | | | (_| | (_| |
| .__/ \__, |_|  \__,_|_| |_|\__,_|\__,_|
| |     __/ |                            
|_|    |___/                             

Version 1.0

Copyright (c) 2020 Lawrence Livermore National Laboratory (LLNL-CODE-749864)
All rights reserved. 
For details about use and distribution, please read: pyranda/LICENSE

Adding variables: tke
Adding variables: tauxz
Adding variables: tauxy
Adding variables: tauxx
Adding variables: tauzz
Adding variables: cs
Adding variables: vx
Adding variables: vy
Adding variables: vz
Adding variables: tauyy
Adding variables: tauyz
Adding variables: taudia
Adding variables: rhow
Adding variables: rhov
Adding variables: rhou
Adding variables: S
Adding variables: rho
Adding variables: dt
Adding variables: wz
Adding variables: wy
Adding variables: wx
Adding variables: enst
Adding variables: uy
Adding variables: ux
Adding variables: uz
Adding variables: beta
Adding variables: mu
Adding variables: p
Adding variables: u
Adding variables: w
Adding variables: v
Adding variables: Et
Adding variables: div
Adding variables: gamma
Adding equations of motion: 
(1)   ddt(:rho:)  =  -ddx(:rho:*:u:)                  - ddy(:rho:*:v:)                  - ddz(:rho:*:w:)
(2)   ddt(:rhou:) =  -ddx(:rhou:*:u: + :p: - :tauxx:) - ddy(:rhou:*:v: - :tauxy:)       - ddz(:rhou:*:w: - :tauxz:)
(3)   ddt(:rhov:) =  -ddx(:rhov:*:u: - :tauxy:)       - ddy(:rhov:*:v: + :p: - :tauyy:) - ddz(:rhov:*:w: - :tauyz:)
(4)   ddt(:rhow:) =  -ddx(:rhow:*:u: - :tauxz:)       - ddy(:rhow:*:v: - :tauyz:)       - ddz(:rhow:*:w: + :p: - :tauzz:)
(5)   ddt(:Et:)   =  -ddx( (:Et: - :tauxx:)*:u: - :tauxy:*:v: - :tauxz:*:w: ) - ddy( (:Et: - :tauyy:)*:v: -:tauxy:*:u: - :tauyz:*:w:) - ddz( (:Et: - :tauzz:)*:w: - :tauxz:*:u: - :tauyz:*:v: )
(6)   :rho:       =  fbar( :rho:  )
(7)   :rhou:      =  fbar( :rhou: )
(8)   :rhov:      =  fbar( :rhov: )
(9)   :rhow:      =  fbar( :rhow: )
(10)   :Et:        =  fbar( :Et:   )
(11)   :u:         =  :rhou: / :rho:
(12)   :v:         =  :rhov: / :rho:
(13)   :w:         =  :rhow: / :rho:
(14)   :p:         =  ( :Et: - .5*:rho:*(:u:*:u: + :v:*:v: + :w:*:w:) ) * ( :gamma: - 1.0 )
(15)   :ux:        =  ddx(:u:)
(16)   :vy:        =  ddy(:v:)
(17)   :wz:        =  ddz(:w:)
(18)   :div:       =  :ux: + :vy: + :wz:
(19)   :uy:        =  ddy(:u:)
(20)   :uz:        =  ddz(:u:)
(21)   :vx:        =  ddx(:v:)
(22)   :vz:        =  ddz(:v:)
(23)   :wy:        =  ddy(:w:)
(24)   :wx:        =  ddx(:w:)
(25)   :enst:      = sqrt( (:uy:-:vx:)**2 + (:uz: - :wx:)**2 + (:vz:-:wy:)**2 )
(26)   :tke:       = :rho:*(:u:*:u: + :v:*:v: + :w:*:w:)
(27)   :S:         = sqrt( :ux:*:ux: + :vy:*:vy: + :wz:*:wz: + .5*((:uy:+:vx:)**2 + (:uz: + :wx:)**2 + (:vz:+:wy:)**2) )
(28)   :mu:        =  gbar( abs(ring(:S:  )) ) * :rho: * 0.0e-4
(29)   :beta:      =  gbar( abs(ring(:div:)) * :rho: )  * 0.0e-4
(30)   :taudia:    =  (:beta:-2./3.*:mu:) *:div:
(31)   :tauxx:     =  2.0*:mu:*:ux:   + :taudia: - :p:
(32)   :tauyy:     =  2.0*:mu:*:vy:   + :taudia: - :p:
(33)   :tauzz:     =  2.0*:mu:*:wz:   + :taudia: - :p:
(34)   :tauxy:     = :mu:*(:uy:+:vx:) + :taudia:
(35)   :tauxz:     = :mu:*(:uz:+:wx:) + :taudia:
(36)   :tauyz:     = :mu:*(:vz:+:wz:) + :taudia:
(37)   :cs:  = sqrt( :p: / :rho: * :gamma: )
(38)   :dt: = dt.courant(:u:,:v:,:w:,:cs:)*.5
(39)   :dt: = numpy.minimum(:dt:,0.2 * dt.diff(:beta:,:rho:))
(40)   :dt: = numpy.minimum(:dt:,0.2 * dt.diff(:mu:,:rho:))
1 -- 0.02248394948883534 --- TKE: 0.9999999999999996 
[MO833] Paramount Iteration,0,1,2.48269295692,0.447055101395
2 -- 0.04496791230635282 --- TKE: 0.9999999999999991 
[MO833] Paramount Iteration,0,2,2.87779903412,0.395106077194
3 -- 0.06745186837754023 --- TKE: 0.9999999999999987 
[MO833] Paramount Iteration,0,3,3.26882195473,0.391022920609
4 -- 0.08993583542611668 --- TKE: 0.9999999999999982 
[MO833] Paramount Iteration,0,4,3.67365002632,0.404828071594
5 -- 0.11241981341752164 --- TKE: 0.999999999999998 
[MO833] Paramount Iteration,0,5,4.08343887329,0.40978884697
6 -- 0.13490379401705727 --- TKE: 0.9999999999999973 
[MO833] Paramount Iteration,0,6,4.48135900497,0.397920131683
7 -- 0.15738777056800624 --- TKE: 0.9999999999999971 
[MO833] Paramount Iteration,0,7,4.87227487564,0.390915870667
8 -- 0.17987174409631773 --- TKE: 0.9999999999999964 
[MO833] Paramount Iteration,0,8,5.26303291321,0.390758037567
9 -- 0.20235571634301688 --- TKE: 0.9999999999999962 
[MO833] Paramount Iteration,0,9,5.79615592957,0.533123016357
10 -- 0.22483968908797633 --- TKE: 0.9999999999999956 
[MO833] Paramount Iteration,0,10,6.19814300537,0.401987075806
11 -- 0.24732366185121737 --- TKE: 0.9999999999999951 
[MO833] Paramount Iteration,0,11,6.60606503487,0.407922029495
12 -- 0.26980763521126494 --- TKE: 0.9999999999999947 
[MO833] Paramount Iteration,0,12,6.99785900116,0.391793966293
13 -- 0.2922916107764899 --- TKE: 0.9999999999999944 
[MO833] Paramount Iteration,0,13,7.38878202438,0.390923023224
14 -- 0.31477558792984833 --- TKE: 0.999999999999994 
[MO833] Paramount Iteration,0,14,7.78011703491,0.391335010529
15 -- 0.33725956581054994 --- TKE: 0.9999999999999933 
[MO833] Paramount Iteration,0,15,8.1707379818,0.390620946884
16 -- 0.35974354420844984 --- TKE: 0.9999999999999931 
[MO833] Paramount Iteration,0,16,8.57323884964,0.402500867844
17 -- 0.38222752235167984 --- TKE: 0.9999999999999927 
[MO833] Paramount Iteration,0,17,8.97661304474,0.403374195099
18 -- 0.40471150016108964 --- TKE: 0.9999999999999922 
[MO833] Paramount Iteration,0,18,9.43883299828,0.462219953537
19 -- 0.4271954780139281 --- TKE: 0.9999999999999916 
[MO833] Paramount Iteration,0,19,10.035230875,0.59639787674
20 -- 0.44967945607085197 --- TKE: 0.9999999999999911 
[MO833] Paramount Iteration,0,20,10.504791975,0.469561100006
21 -- 0.4721634343200721 --- TKE: 0.9999999999999909 
[MO833] Paramount Iteration,0,21,10.9725608826,0.467768907547
22 -- 0.49464741264111356 --- TKE: 0.9999999999999905 
[MO833] Paramount Iteration,0,22,11.4373128414,0.464751958847
23 -- 0.5171313908759285 --- TKE: 0.9999999999999898 
[MO833] Paramount Iteration,0,23,11.9009330273,0.463620185852
24 -- 0.5396153688962037 --- TKE: 0.9999999999999893 
[MO833] Paramount Iteration,0,24,12.2904028893,0.389469861984
25 -- 0.5620993466578728 --- TKE: 0.9999999999999889 
[MO833] Paramount Iteration,0,25,12.6933739185,0.402971029282
26 -- 0.5845833242365814 --- TKE: 0.9999999999999885 
[MO833] Paramount Iteration,0,26,13.0834739208,0.390100002289
27 -- 0.6070673018410178 --- TKE: 0.999999999999988 
[MO833] Paramount Iteration,0,27,13.4730479717,0.389574050903
28 -- 0.6295512798040238 --- TKE: 0.9999999999999876 
[MO833] Paramount Iteration,0,28,13.8686208725,0.395572900772
29 -- 0.652035257498954 --- TKE: 0.9999999999999873 
[MO833] Paramount Iteration,0,29,14.3684108257,0.499789953232
30 -- 0.6745192349135056 --- TKE: 0.9999999999999867 
[MO833] Paramount Iteration,0,30,14.766782999,0.398372173309
31 -- 0.697003212275309 --- TKE: 0.9999999999999862 
[MO833] Paramount Iteration,0,31,15.1574158669,0.390632867813
32 -- 0.7194871892340751 --- TKE: 0.9999999999999858 
[MO833] Paramount Iteration,0,32,15.5476200581,0.390204191208
33 -- 0.741971165384183 --- TKE: 0.9999999999999856 
[MO833] Paramount Iteration,0,33,15.9413659573,0.3937458992
34 -- 0.7644551401841853 --- TKE: 0.9999999999999849 
[MO833] Paramount Iteration,0,34,16.3308830261,0.389517068863
35 -- 0.7869391141929066 --- TKE: 0.9999999999999847 
[MO833] Paramount Iteration,0,35,16.7206199169,0.389736890793
36 -- 0.8094230880508954 --- TKE: 0.9999999999999842 
[MO833] Paramount Iteration,0,36,17.1102628708,0.389642953873
37 -- 0.831907062439042 --- TKE: 0.9999999999999836 
[MO833] Paramount Iteration,0,37,17.5000839233,0.389821052551
38 -- 0.8543910374431298 --- TKE: 0.9999999999999833 
[MO833] Paramount Iteration,0,38,17.8898639679,0.389780044556
39 -- 0.8768750128023721 --- TKE: 0.9999999999999827 
[MO833] Paramount Iteration,0,39,18.3853189945,0.495455026627
40 -- 0.8993589886869491 --- TKE: 0.9999999999999822 
[MO833] Paramount Iteration,0,40,18.784113884,0.39879488945
41 -- 0.9218429645573665 --- TKE: 0.9999999999999818 
[MO833] Paramount Iteration,0,41,19.1806879044,0.396574020386
42 -- 0.9443269400170909 --- TKE: 0.9999999999999816 
[MO833] Paramount Iteration,0,42,19.5706219673,0.389934062958
43 -- 0.9668109152366252 --- TKE: 0.9999999999999809 
[MO833] Paramount Iteration,0,43,19.9604229927,0.389801025391
44 -- 0.9892948900220438 --- TKE: 0.9999999999999802 
[MO833] Paramount Iteration,0,44,20.3503398895,0.38991689682
45 -- 1.0117788645119175 --- TKE: 0.99999999999998 
[MO833] Paramount Iteration,0,45,20.7402238846,0.389883995056
46 -- 1.0342628394194517 --- TKE: 0.9999999999999796 
[MO833] Paramount Iteration,0,46,21.1299288273,0.389704942703
47 -- 1.0567468153947515 --- TKE: 0.9999999999999791 
[MO833] Paramount Iteration,0,47,21.520072937,0.390144109726
48 -- 1.079230791926517 --- TKE: 0.9999999999999787 
[MO833] Paramount Iteration,0,48,21.9098508358,0.389777898788
49 -- 1.1017147691169928 --- TKE: 0.9999999999999785 
[MO833] Paramount Iteration,0,49,22.4091639519,0.499313116074
50 -- 1.1241987464063088 --- TKE: 0.9999999999999778 
[MO833] Paramount Iteration,0,50,22.8077218533,0.398557901382
51 -- 1.1466827235704906 --- TKE: 0.9999999999999776 
[MO833] Paramount Iteration,0,51,23.197824955,0.39010310173
52 -- 1.1691667007473199 --- TKE: 0.9999999999999767 
[MO833] Paramount Iteration,0,52,23.5877439976,0.389919042587
53 -- 1.1916506780693243 --- TKE: 0.9999999999999765 
[MO833] Paramount Iteration,0,53,23.9776239395,0.38987994194
54 -- 1.2141346550201348 --- TKE: 0.999999999999976 
[MO833] Paramount Iteration,0,54,24.3675320148,0.389908075333
55 -- 1.2366186321554948 --- TKE: 0.9999999999999754 
[MO833] Paramount Iteration,0,55,24.7572939396,0.389761924744
56 -- 1.2591026100219054 --- TKE: 0.9999999999999749 
[MO833] Paramount Iteration,0,56,25.1471319199,0.38983798027
57 -- 1.2815865889728366 --- TKE: 0.9999999999999747 
[MO833] Paramount Iteration,0,57,25.5367798805,0.389647960663
58 -- 1.3040705684946423 --- TKE: 0.9999999999999745 
[MO833] Paramount Iteration,0,58,25.9323439598,0.395564079285
59 -- 1.3265545482098886 --- TKE: 0.9999999999999736 
[MO833] Paramount Iteration,0,59,26.4319398403,0.499595880508
60 -- 1.3490385279946209 --- TKE: 0.9999999999999734 
[MO833] Paramount Iteration,0,60,26.8315420151,0.399602174759
61 -- 1.371522507936614 --- TKE: 0.9999999999999729 
[MO833] Paramount Iteration,0,61,27.2211990356,0.389657020569
62 -- 1.3940064881131407 --- TKE: 0.9999999999999727 
[MO833] Paramount Iteration,0,62,27.6106958389,0.389496803284
63 -- 1.4164904680080184 --- TKE: 0.999999999999972 
[MO833] Paramount Iteration,0,63,28.0004999638,0.389804124832
64 -- 1.438974447817866 --- TKE: 0.9999999999999714 
[MO833] Paramount Iteration,0,64,28.3911590576,0.390659093857
65 -- 1.4614584279359546 --- TKE: 0.9999999999999711 
[MO833] Paramount Iteration,0,65,28.7864940166,0.39533495903
66 -- 1.4839424085355155 --- TKE: 0.9999999999999705 
[MO833] Paramount Iteration,0,66,29.1770310402,0.390537023544
67 -- 1.5064263891350915 --- TKE: 0.9999999999999705 
[MO833] Paramount Iteration,0,67,29.5675840378,0.390552997589
68 -- 1.5289103697346547 --- TKE: 0.9999999999999698 
[MO833] Paramount Iteration,0,68,29.9570920467,0.389508008957
69 -- 1.5513943503342058 --- TKE: 0.9999999999999694 
[MO833] Paramount Iteration,0,69,30.4530339241,0.495941877365
70 -- 1.573878330933748 --- TKE: 0.9999999999999691 
[MO833] Paramount Iteration,0,70,30.851680994,0.398647069931
71 -- 1.5963623115332832 --- TKE: 0.9999999999999685 
[MO833] Paramount Iteration,0,71,31.2413239479,0.389642953873
72 -- 1.6188462921328246 --- TKE: 0.999999999999968 
[MO833] Paramount Iteration,0,72,31.6309030056,0.389579057693
73 -- 1.6413302727323715 --- TKE: 0.9999999999999676 
[MO833] Paramount Iteration,0,73,32.020704031,0.389801025391
74 -- 1.6638142533319324 --- TKE: 0.9999999999999671 
[MO833] Paramount Iteration,0,74,32.4102108479,0.389506816864
75 -- 1.6862982339315096 --- TKE: 0.9999999999999667 
[MO833] Paramount Iteration,0,75,32.8019838333,0.391772985458
76 -- 1.7087822145310758 --- TKE: 0.9999999999999662 
[MO833] Paramount Iteration,0,76,33.1920130253,0.390029191971
77 -- 1.7312661951306325 --- TKE: 0.9999999999999656 
[MO833] Paramount Iteration,0,77,33.5822370052,0.39022397995
78 -- 1.7537501757301825 --- TKE: 0.9999999999999654 
[MO833] Paramount Iteration,0,78,33.9726669788,0.390429973602
79 -- 1.7762341563297257 --- TKE: 0.9999999999999649 
[MO833] Paramount Iteration,0,79,34.4690179825,0.496351003647
80 -- 1.7987181369292657 --- TKE: 0.9999999999999643 
[MO833] Paramount Iteration,0,80,34.8707368374,0.401718854904
81 -- 1.821202117528811 --- TKE: 0.999999999999964 
[MO833] Paramount Iteration,0,81,35.2605509758,0.389814138412
82 -- 1.843686098128367 --- TKE: 0.9999999999999638 
[MO833] Paramount Iteration,0,82,35.6512048244,0.390653848648
83 -- 1.8661700787279318 --- TKE: 0.9999999999999629 
[MO833] Paramount Iteration,0,83,36.0407948494,0.389590024948
84 -- 1.8886540593275125 --- TKE: 0.9999999999999627 
[MO833] Paramount Iteration,0,84,36.4304699898,0.389675140381
85 -- 1.9111380399270799 --- TKE: 0.999999999999962 
[MO833] Paramount Iteration,0,85,36.820554018,0.390084028244
86 -- 1.9336220205266375 --- TKE: 0.9999999999999618 
[MO833] Paramount Iteration,0,86,37.2102138996,0.389659881592
87 -- 1.9561060011261877 --- TKE: 0.9999999999999614 
[MO833] Paramount Iteration,0,87,37.6008789539,0.390665054321
88 -- 1.9785899817257362 --- TKE: 0.9999999999999611 
[MO833] Paramount Iteration,0,88,37.9921078682,0.391228914261
89 -- 2.0010739623252847 --- TKE: 0.9999999999999605 
[MO833] Paramount Iteration,0,89,38.4925649166,0.500457048416
90 -- 2.023557942924837 --- TKE: 0.99999999999996 
[MO833] Paramount Iteration,0,90,38.8921518326,0.39958691597
91 -- 2.0460419235244 --- TKE: 0.9999999999999594 
[MO833] Paramount Iteration,0,91,39.2824149132,0.390263080597
92 -- 2.0685259041239688 --- TKE: 0.9999999999999591 
[MO833] Paramount Iteration,0,92,39.6785509586,0.396136045456
93 -- 2.0910098847235514 --- TKE: 0.9999999999999587 
[MO833] Paramount Iteration,0,93,40.0817649364,0.403213977814
94 -- 2.1134938653231283 --- TKE: 0.9999999999999583 
[MO833] Paramount Iteration,0,94,40.4851808548,0.40341591835
95 -- 2.1359778459226977 --- TKE: 0.999999999999958 
[MO833] Paramount Iteration,0,95,40.8881540298,0.402973175049
96 -- 2.158461826522259 --- TKE: 0.9999999999999571 
[MO833] Paramount Iteration,0,96,41.2903969288,0.402242898941
97 -- 2.1809458071218164 --- TKE: 0.9999999999999569 
[MO833] Paramount Iteration,0,97,41.6936509609,0.403254032135
98 -- 2.2034297877213715 --- TKE: 0.9999999999999563 
[MO833] Paramount Iteration,0,98,42.0969338417,0.403282880783
99 -- 2.2259137683209325 --- TKE: 0.999999999999956 
[MO833] Paramount Iteration,0,99,42.5995988846,0.502665042877
100 -- 2.2483977489205 --- TKE: 0.9999999999999558 
[MO833] Paramount Iteration,0,100,42.9975259304,0.397927045822
101 -- 2.270881729520079 --- TKE: 0.9999999999999551 
[MO833] Paramount Iteration,0,101,43.3880150318,0.39048910141
102 -- 2.293365710119669 --- TKE: 0.9999999999999547 
[MO833] Paramount Iteration,0,102,43.7787868977,0.390771865845
103 -- 2.3158496907192587 --- TKE: 0.999999999999954 
[MO833] Paramount Iteration,0,103,44.1689398289,0.390152931213
104 -- 2.338333671318844 --- TKE: 0.9999999999999538 
[MO833] Paramount Iteration,0,104,44.559830904,0.390891075134
105 -- 2.3608176519184227 --- TKE: 0.9999999999999531 
[MO833] Paramount Iteration,0,105,44.9504070282,0.390576124191
106 -- 2.383301632517996 --- TKE: 0.9999999999999529 
[MO833] Paramount Iteration,0,106,45.3405618668,0.390154838562
107 -- 2.4057856131175708 --- TKE: 0.9999999999999525 
[MO833] Paramount Iteration,0,107,45.7315878868,0.39102602005
108 -- 2.428269593717144 --- TKE: 0.9999999999999518 
[MO833] Paramount Iteration,0,108,46.1222069263,0.390619039536
109 -- 2.450753574316726 --- TKE: 0.9999999999999516 
[MO833] Paramount Iteration,0,109,46.6283910275,0.506184101105
110 -- 2.473237554916315 --- TKE: 0.9999999999999512 
[MO833] Paramount Iteration,0,110,47.0266919136,0.398300886154
111 -- 2.495721535515917 --- TKE: 0.9999999999999509 
[MO833] Paramount Iteration,0,111,47.4160158634,0.389323949814
112 -- 2.5182055161155197 --- TKE: 0.99999999999995 
[MO833] Paramount Iteration,0,112,47.8053119183,0.38929605484
113 -- 2.5406894967151143 --- TKE: 0.9999999999999498 
[MO833] Paramount Iteration,0,113,48.1950929165,0.38978099823
114 -- 2.563173477314707 --- TKE: 0.9999999999999494 
[MO833] Paramount Iteration,0,114,48.5845830441,0.389490127563
115 -- 2.5856574579142957 --- TKE: 0.9999999999999489 
[MO833] Paramount Iteration,0,115,48.9739618301,0.389378786087
116 -- 2.6081414385138806 --- TKE: 0.9999999999999485 
[MO833] Paramount Iteration,0,116,49.3637299538,0.389768123627
117 -- 2.630625419113471 --- TKE: 0.999999999999948 
[MO833] Paramount Iteration,0,117,49.7531478405,0.389417886734
118 -- 2.6531093997130686 --- TKE: 0.9999999999999476 
[MO833] Paramount Iteration,0,118,50.1422889233,0.389141082764
119 -- 2.67559338031267 --- TKE: 0.9999999999999469 
[MO833] Paramount Iteration,0,119,50.6387019157,0.496412992477
120 -- 2.6980773609122832 --- TKE: 0.9999999999999467 
[MO833] Paramount Iteration,0,120,51.0351500511,0.396448135376
121 -- 2.7205613415118917 --- TKE: 0.9999999999999463 
[MO833] Paramount Iteration,0,121,51.4243350029,0.389184951782
122 -- 2.743045322111495 --- TKE: 0.9999999999999458 
[MO833] Paramount Iteration,0,122,51.8138079643,0.389472961426
123 -- 2.7655293027110934 --- TKE: 0.9999999999999454 
[MO833] Paramount Iteration,0,123,52.2029829025,0.389174938202
124 -- 2.7880132833106908 --- TKE: 0.9999999999999452 
[MO833] Paramount Iteration,0,124,52.5924170017,0.389434099197
125 -- 2.8104972639102925 --- TKE: 0.9999999999999447 
[MO833] Paramount Iteration,0,125,52.9815659523,0.389148950577
126 -- 2.8329812445098965 --- TKE: 0.999999999999944 
[MO833] Paramount Iteration,0,126,53.3707618713,0.389195919037
127 -- 2.8554652251095027 --- TKE: 0.9999999999999436 
[MO833] Paramount Iteration,0,127,53.7599928379,0.389230966568
128 -- 2.8779492057091125 --- TKE: 0.9999999999999434 
[MO833] Paramount Iteration,0,128,54.1492068768,0.389214038849
129 -- 2.9004331862051895 --- TKE: 0.9999999999999427 
[MO833] Paramount Iteration,0,129,54.6439249516,0.494718074799
130 -- 2.922917166804799 --- TKE: 0.9999999999999423 
[MO833] Paramount Iteration,0,130,55.0406968594,0.396771907806
131 -- 2.9454011474044077 --- TKE: 0.9999999999999418 
[MO833] Paramount Iteration,0,131,55.4299879074,0.38929104805
132 -- 2.9678851280040153 --- TKE: 0.9999999999999412 
[MO833] Paramount Iteration,0,132,55.8198728561,0.38988494873
133 -- 2.990369108603619 --- TKE: 0.9999999999999409 
[MO833] Paramount Iteration,0,133,56.2087218761,0.388849020004
134 -- 3.012853089203225 --- TKE: 0.9999999999999405 
[MO833] Paramount Iteration,0,134,56.5987570286,0.390035152435
135 -- 3.035337069802835 --- TKE: 0.9999999999999398 
[MO833] Paramount Iteration,0,135,56.9893319607,0.390574932098
136 -- 3.057821050402447 --- TKE: 0.9999999999999398 
[MO833] Paramount Iteration,0,136,57.379142046,0.389810085297
137 -- 3.080305031002058 --- TKE: 0.9999999999999392 
[MO833] Paramount Iteration,0,137,57.7702929974,0.391150951385
138 -- 3.1027890113773555 --- TKE: 0.9999999999999387 
[MO833] Paramount Iteration,0,138,58.1707930565,0.400500059128
139 -- 3.125272991794968 --- TKE: 0.999999999999938 
[MO833] Paramount Iteration,0,139,58.667621851,0.496828794479
140 -- 3.147756972394573 --- TKE: 0.9999999999999376 
[MO833] Paramount Iteration,0,140,59.0712850094,0.403663158417
141 -- 3.1702409529941784 --- TKE: 0.9999999999999372 
[MO833] Paramount Iteration,0,141,59.4605379105,0.389252901077
142 -- 3.1927249335937846 --- TKE: 0.9999999999999367 
[MO833] Paramount Iteration,0,142,59.8497588634,0.389220952988
143 -- 3.215208914193392 --- TKE: 0.9999999999999365 
[MO833] Paramount Iteration,0,143,60.2388470173,0.389088153839
144 -- 3.237692894793 --- TKE: 0.999999999999936 
[MO833] Paramount Iteration,0,144,60.6283969879,0.389549970627
145 -- 3.2601768753926135 --- TKE: 0.9999999999999356 
[MO833] Paramount Iteration,0,145,61.017843008,0.389446020126
146 -- 3.2826608559922197 --- TKE: 0.9999999999999352 
[MO833] Paramount Iteration,0,146,61.4069468975,0.389103889465
147 -- 3.305144836396795 --- TKE: 0.9999999999999349 
[MO833] Paramount Iteration,0,147,61.8022048473,0.395257949829
148 -- 3.3276288167755883 --- TKE: 0.999999999999934 
[MO833] Paramount Iteration,0,148,62.1919429302,0.389738082886
149 -- 3.350112797375189 --- TKE: 0.9999999999999338 
[MO833] Paramount Iteration,0,149,62.6916098595,0.499666929245
150 -- 3.3725967779747896 --- TKE: 0.9999999999999332 
[MO833] Paramount Iteration,0,150,63.0856690407,0.394059181213
151 -- 3.3950807585743927 --- TKE: 0.9999999999999332 
[MO833] Paramount Iteration,0,151,63.4830868244,0.397417783737
152 -- 3.417564739174003 --- TKE: 0.9999999999999325 
[MO833] Paramount Iteration,0,152,63.8861689568,0.403082132339
153 -- 3.440048719773613 --- TKE: 0.999999999999932 
[MO833] Paramount Iteration,0,153,64.3267509937,0.440582036972
154 -- 3.462532700373216 --- TKE: 0.9999999999999314 
[MO833] Paramount Iteration,0,154,64.7917490005,0.464998006821
155 -- 3.485016680972813 --- TKE: 0.9999999999999312 
[MO833] Paramount Iteration,0,155,65.2568669319,0.465117931366
156 -- 3.5075006615140083 --- TKE: 0.9999999999999307 
[MO833] Paramount Iteration,0,156,65.7215008736,0.46463394165
157 -- 3.5299846419603895 --- TKE: 0.9999999999999303 
[MO833] Paramount Iteration,0,157,66.186401844,0.464900970459
158 -- 3.552468622559983 --- TKE: 0.9999999999999301 
[MO833] Paramount Iteration,0,158,66.65107584,0.464673995972
159 -- 3.574952603159577 --- TKE: 0.9999999999999296 
[MO833] Paramount Iteration,0,159,67.240170002,0.589094161987
160 -- 3.597436583759178 --- TKE: 0.999999999999929 
[MO833] Paramount Iteration,0,160,67.7102329731,0.470062971115
161 -- 3.6199205643587824 --- TKE: 0.9999999999999285 
[MO833] Paramount Iteration,0,161,68.1266129017,0.416379928589
162 -- 3.6424045449583855 --- TKE: 0.9999999999999281 
[MO833] Paramount Iteration,0,162,68.517786026,0.391173124313
163 -- 3.664888525557982 --- TKE: 0.9999999999999278 
[MO833] Paramount Iteration,0,163,68.9073529243,0.389566898346
164 -- 3.6873725061575726 --- TKE: 0.9999999999999274 
[MO833] Paramount Iteration,0,164,69.2977650166,0.390412092209
165 -- 3.709856486757158 --- TKE: 0.9999999999999267 
[MO833] Paramount Iteration,0,165,69.6885619164,0.390796899796
166 -- 3.732340467340761 --- TKE: 0.9999999999999263 
[MO833] Paramount Iteration,0,166,70.0790338516,0.390471935272
167 -- 3.7548244479403468 --- TKE: 0.9999999999999258 
[MO833] Paramount Iteration,0,167,70.4693448544,0.390311002731
168 -- 3.7773084285399374 --- TKE: 0.9999999999999254 
[MO833] Paramount Iteration,0,168,70.859787941,0.390443086624
169 -- 3.79979240913953 --- TKE: 0.9999999999999252 
[MO833] Paramount Iteration,0,169,71.3552019596,0.495414018631
170 -- 3.822276389739134 --- TKE: 0.9999999999999243 
[MO833] Paramount Iteration,0,170,71.7548940182,0.399692058563
171 -- 3.8447603703387334 --- TKE: 0.9999999999999241 
[MO833] Paramount Iteration,0,171,72.1494269371,0.39453291893
172 -- 3.867244350938323 --- TKE: 0.9999999999999236 
[MO833] Paramount Iteration,0,172,72.544025898,0.394598960876
173 -- 3.8897283315379036 --- TKE: 0.9999999999999234 
[MO833] Paramount Iteration,0,173,72.937224865,0.39319896698
174 -- 3.9122123121374837 --- TKE: 0.999999999999923 
[MO833] Paramount Iteration,0,174,73.3306100368,0.39338517189
175 -- 3.9346962927370615 --- TKE: 0.9999999999999225 
[MO833] Paramount Iteration,0,175,73.7242510319,0.393640995026
176 -- 3.9571802733366406 --- TKE: 0.9999999999999218 
[MO833] Paramount Iteration,0,176,74.1176829338,0.393431901932
177 -- 3.9796642539362255 --- TKE: 0.9999999999999214 
[MO833] Paramount Iteration,0,177,74.5114579201,0.393774986267
178 -- 4.002148234535818 --- TKE: 0.999999999999921 
[MO833] Paramount Iteration,0,178,74.904763937,0.393306016922
179 -- 4.024632215135417 --- TKE: 0.9999999999999207 
[MO833] Paramount Iteration,0,179,75.4055688381,0.500804901123
180 -- 4.0471161957350095 --- TKE: 0.9999999999999201 
[MO833] Paramount Iteration,0,180,75.8036370277,0.398068189621
181 -- 4.06960017633459 --- TKE: 0.9999999999999196 
[MO833] Paramount Iteration,0,181,76.1961040497,0.392467021942
182 -- 4.092084156934162 --- TKE: 0.9999999999999194 
[MO833] Paramount Iteration,0,182,76.5888559818,0.392751932144
183 -- 4.114568137533732 --- TKE: 0.9999999999999187 
[MO833] Paramount Iteration,0,183,76.9816639423,0.39280796051
184 -- 4.137052118133306 --- TKE: 0.9999999999999185 
[MO833] Paramount Iteration,0,184,77.3741910458,0.392527103424
185 -- 4.159536098732883 --- TKE: 0.9999999999999178 
[MO833] Paramount Iteration,0,185,77.7673568726,0.393165826797
186 -- 4.182020079332465 --- TKE: 0.9999999999999174 
[MO833] Paramount Iteration,0,186,78.1599299908,0.39257311821
187 -- 4.2045040599320505 --- TKE: 0.9999999999999172 
[MO833] Paramount Iteration,0,187,78.5527839661,0.392853975296
188 -- 4.226988040531646 --- TKE: 0.9999999999999165 
[MO833] Paramount Iteration,0,188,78.9448478222,0.392063856125
189 -- 4.249472021131237 --- TKE: 0.9999999999999163 
[MO833] Paramount Iteration,0,189,79.4400639534,0.49521613121
190 -- 4.271956001730815 --- TKE: 0.9999999999999158 
[MO833] Paramount Iteration,0,190,79.8383748531,0.398310899734
191 -- 4.294439982330389 --- TKE: 0.9999999999999154 
[MO833] Paramount Iteration,0,191,80.2309279442,0.392553091049
192 -- 4.316923962929958 --- TKE: 0.999999999999915 
[MO833] Paramount Iteration,0,192,80.6203398705,0.38941192627
193 -- 4.339407943529525 --- TKE: 0.9999999999999141 
[MO833] Paramount Iteration,0,193,81.0097210407,0.389381170273
194 -- 4.361891924129091 --- TKE: 0.9999999999999138 
[MO833] Paramount Iteration,0,194,81.4051690102,0.395447969437
195 -- 4.384375904728668 --- TKE: 0.9999999999999136 
[MO833] Paramount Iteration,0,195,81.7951769829,0.390007972717
196 -- 4.4068598853282515 --- TKE: 0.999999999999913 
[MO833] Paramount Iteration,0,196,82.1974790096,0.402302026749
197 -- 4.429343865927849 --- TKE: 0.9999999999999127 
[MO833] Paramount Iteration,0,197,82.5892179012,0.391738891602
198 -- 4.451827846527435 --- TKE: 0.9999999999999123 
[MO833] Paramount Iteration,0,198,82.9787459373,0.389528036118
199 -- 4.47431182712701 --- TKE: 0.9999999999999116 
[MO833] Paramount Iteration,0,199,83.50791502,0.529169082642
200 -- 4.496795807726582 --- TKE: 0.9999999999999114 
[MO833] Paramount Iteration,0,200,83.9040279388,0.396112918854
201 -- 4.519279788326149 --- TKE: 0.999999999999911 
[MO833] Paramount Iteration,0,201,84.297162056,0.393134117126
202 -- 4.541763768925718 --- TKE: 0.9999999999999103 
[MO833] Paramount Iteration,0,202,84.6901848316,0.39302277565
203 -- 4.564247749525288 --- TKE: 0.9999999999999101 
[MO833] Paramount Iteration,0,203,85.0832419395,0.393057107925
204 -- 4.5867317301248605 --- TKE: 0.9999999999999096 
[MO833] Paramount Iteration,0,204,85.4762558937,0.393013954163
205 -- 4.6092157107244445 --- TKE: 0.999999999999909 
[MO833] Paramount Iteration,0,205,85.8693578243,0.393101930618
206 -- 4.631699691324042 --- TKE: 0.9999999999999085 
[MO833] Paramount Iteration,0,206,86.2622749805,0.392917156219
207 -- 4.654183671923629 --- TKE: 0.9999999999999083 
[MO833] Paramount Iteration,0,207,86.6552119255,0.392936944962
208 -- 4.6766676525232045 --- TKE: 0.9999999999999076 
[MO833] Paramount Iteration,0,208,87.0465109348,0.391299009323
209 -- 4.699151633122772 --- TKE: 0.9999999999999072 
[MO833] Paramount Iteration,0,209,87.5420548916,0.495543956757
210 -- 4.721635613722336 --- TKE: 0.999999999999907 
[MO833] Paramount Iteration,0,210,87.9439959526,0.40194106102
211 -- 4.744119594321905 --- TKE: 0.9999999999999065 
[MO833] Paramount Iteration,0,211,88.3475279808,0.403532028198
212 -- 4.766603574921476 --- TKE: 0.9999999999999059 
[MO833] Paramount Iteration,0,212,88.7404229641,0.392894983292
213 -- 4.7890875555210535 --- TKE: 0.9999999999999054 
[MO833] Paramount Iteration,0,213,89.1343109608,0.393887996674
214 -- 4.811571536120641 --- TKE: 0.9999999999999052 
[MO833] Paramount Iteration,0,214,89.5273530483,0.393042087555
215 -- 4.834055516720242 --- TKE: 0.9999999999999045 
[MO833] Paramount Iteration,0,215,89.9237289429,0.396375894547
216 -- 4.856539497319829 --- TKE: 0.9999999999999043 
[MO833] Paramount Iteration,0,216,90.3173429966,0.393614053726
217 -- 4.879023477919403 --- TKE: 0.9999999999999036 
[MO833] Paramount Iteration,0,217,90.7102320194,0.392889022827
218 -- 4.901507458518969 --- TKE: 0.9999999999999034 
[MO833] Paramount Iteration,0,218,91.1009838581,0.390751838684
219 -- 4.923991439118538 --- TKE: 0.999999999999903 
[MO833] Paramount Iteration,0,219,91.5972080231,0.496224164963
220 -- 4.946475419718104 --- TKE: 0.9999999999999023 
[MO833] Paramount Iteration,0,220,92.0048458576,0.407637834549
221 -- 4.968959400317676 --- TKE: 0.9999999999999019 
[MO833] Paramount Iteration,0,221,92.4089250565,0.404079198837
222 -- 4.9914433809172545 --- TKE: 0.9999999999999014 
[MO833] Paramount Iteration,0,222,92.8496148586,0.44068980217
223 -- 5.0139273615168465 --- TKE: 0.9999999999999012 
[MO833] Paramount Iteration,0,223,93.3136999607,0.464085102081
224 -- 5.036411342116443 --- TKE: 0.9999999999999007 
[MO833] Paramount Iteration,0,224,93.7774789333,0.463778972626
225 -- 5.058895322716024 --- TKE: 0.9999999999999003 
[MO833] Paramount Iteration,0,225,94.2414689064,0.463989973068
226 -- 5.081379303315596 --- TKE: 0.9999999999998999 
[MO833] Paramount Iteration,0,226,94.7054469585,0.463978052139
227 -- 5.103863283915162 --- TKE: 0.9999999999998994 
[MO833] Paramount Iteration,0,227,95.1694638729,0.464016914368
228 -- 5.126347264514731 --- TKE: 0.999999999999899 
[MO833] Paramount Iteration,0,228,95.6336090565,0.464145183563
229 -- 5.1488312451143 --- TKE: 0.9999999999998985 
[MO833] Paramount Iteration,0,229,96.1627688408,0.529159784317
230 -- 5.171315225713873 --- TKE: 0.9999999999998981 
[MO833] Paramount Iteration,0,230,96.5610158443,0.398247003555
231 -- 5.193799206313457 --- TKE: 0.9999999999998974 
[MO833] Paramount Iteration,0,231,96.9539709091,0.392955064774
232 -- 5.216283186913051 --- TKE: 0.999999999999897 
[MO833] Paramount Iteration,0,232,97.3469259739,0.392955064774
233 -- 5.238767167512646 --- TKE: 0.9999999999998965 
[MO833] Paramount Iteration,0,233,97.7400598526,0.393133878708
234 -- 5.261251148112229 --- TKE: 0.9999999999998963 
[MO833] Paramount Iteration,0,234,98.1328828335,0.392822980881
235 -- 5.283735128711802 --- TKE: 0.9999999999998956 
[MO833] Paramount Iteration,0,235,98.5256159306,0.392733097076
236 -- 5.30621910931137 --- TKE: 0.9999999999998952 
[MO833] Paramount Iteration,0,236,98.9181139469,0.392498016357
237 -- 5.328703089910934 --- TKE: 0.999999999999895 
[MO833] Paramount Iteration,0,237,99.3074820042,0.389368057251
238 -- 5.351187070510504 --- TKE: 0.9999999999998943 
[MO833] Paramount Iteration,0,238,99.6967768669,0.389294862747
239 -- 5.37367105111008 --- TKE: 0.9999999999998941 
[MO833] Paramount Iteration,0,239,100.192781925,0.496005058289
240 -- 5.396155031709665 --- TKE: 0.9999999999998934 
[MO833] Paramount Iteration,0,240,100.590816975,0.398035049438
241 -- 5.4186390123092645 --- TKE: 0.9999999999998932 
[MO833] Paramount Iteration,0,241,100.983525038,0.392708063126
242 -- 5.441122992908854 --- TKE: 0.9999999999998928 
[MO833] Paramount Iteration,0,242,101.376481056,0.392956018448
243 -- 5.463606973508429 --- TKE: 0.9999999999998923 
[MO833] Paramount Iteration,0,243,101.769315004,0.392833948135
244 -- 5.486090954107996 --- TKE: 0.9999999999998916 
[MO833] Paramount Iteration,0,244,102.162365913,0.393050909042
245 -- 5.508574934707564 --- TKE: 0.9999999999998914 
[MO833] Paramount Iteration,0,245,102.555544853,0.393178939819
246 -- 5.531058915307137 --- TKE: 0.999999999999891 
[MO833] Paramount Iteration,0,246,102.948043823,0.392498970032
247 -- 5.55354289590671 --- TKE: 0.9999999999998905 
[MO833] Paramount Iteration,0,247,103.337368965,0.389325141907
248 -- 5.57602687650629 --- TKE: 0.9999999999998901 
[MO833] Paramount Iteration,0,248,103.726927042,0.389558076859
249 -- 5.598510857105882 --- TKE: 0.9999999999998894 
[MO833] Paramount Iteration,0,249,104.222022057,0.495095014572
250 -- 5.620994837705482 --- TKE: 0.9999999999998892 
[MO833] Paramount Iteration,0,250,104.630990028,0.408967971802
251 -- 5.643478818305072 --- TKE: 0.9999999999998888 
[MO833] Paramount Iteration,0,251,105.034919977,0.403929948807
252 -- 5.665962798904651 --- TKE: 0.9999999999998883 
[MO833] Paramount Iteration,0,252,105.491119862,0.456199884415
253 -- 5.688446779504222 --- TKE: 0.9999999999998879 
[MO833] Paramount Iteration,0,253,105.956500053,0.465380191803
254 -- 5.71093076010379 --- TKE: 0.9999999999998874 
[MO833] Paramount Iteration,0,254,106.385939837,0.429439783096
255 -- 5.733414740703363 --- TKE: 0.9999999999998868 
[MO833] Paramount Iteration,0,255,106.782991886,0.397052049637
256 -- 5.755898721302941 --- TKE: 0.9999999999998865 
[MO833] Paramount Iteration,0,256,107.173112869,0.390120983124
257 -- 5.778382701902523 --- TKE: 0.9999999999998861 
[MO833] Paramount Iteration,0,257,107.562623978,0.389511108398
258 -- 5.80086668250212 --- TKE: 0.9999999999998856 
[MO833] Paramount Iteration,0,258,107.952478886,0.38985490799
259 -- 5.823350663101718 --- TKE: 0.9999999999998852 
[MO833] Paramount Iteration,0,259,108.452949047,0.500470161438
260 -- 5.8458346437013 --- TKE: 0.9999999999998845 
[MO833] Paramount Iteration,0,260,108.85154891,0.398599863052
261 -- 5.868318624300874 --- TKE: 0.9999999999998843 
[MO833] Paramount Iteration,0,261,109.245369911,0.393821001053
262 -- 5.8908026049004425 --- TKE: 0.9999999999998839 
[MO833] Paramount Iteration,0,262,109.638020992,0.392651081085
263 -- 5.91328658550001 --- TKE: 0.9999999999998834 
[MO833] Paramount Iteration,0,263,110.030479908,0.39245891571
264 -- 5.935770566099579 --- TKE: 0.9999999999998828 
[MO833] Paramount Iteration,0,264,110.423408985,0.392929077148
265 -- 5.958254546699155 --- TKE: 0.9999999999998825 
[MO833] Paramount Iteration,0,265,110.817360878,0.393951892853
266 -- 5.9807385272987394 --- TKE: 0.9999999999998821 
[MO833] Paramount Iteration,0,266,111.20779705,0.390436172485
267 -- 6.003222507851411 --- TKE: 0.9999999999998817 
[MO833] Paramount Iteration,0,267,111.597138882,0.389341831207
268 -- 6.02570648826004 --- TKE: 0.999999999999881 
[MO833] Paramount Iteration,0,268,111.987649918,0.390511035919
269 -- 6.048190468761748 --- TKE: 0.9999999999998808 
[MO833] Paramount Iteration,0,269,112.483926058,0.496276140213
270 -- 6.070674449361319 --- TKE: 0.9999999999998803 
[MO833] Paramount Iteration,0,270,112.882751942,0.398825883865
271 -- 6.093158429960892 --- TKE: 0.9999999999998799 
[MO833] Paramount Iteration,0,271,113.276435852,0.39368391037
272 -- 6.115642410560457 --- TKE: 0.9999999999998794 
[MO833] Paramount Iteration,0,272,113.670282841,0.393846988678
273 -- 6.138126391160034 --- TKE: 0.999999999999879 
[MO833] Paramount Iteration,0,273,114.064062834,0.393779993057
274 -- 6.160610371759611 --- TKE: 0.9999999999998785 
[MO833] Paramount Iteration,0,274,114.457736015,0.393673181534
275 -- 6.1830943523592 --- TKE: 0.9999999999998781 
[MO833] Paramount Iteration,0,275,114.850865841,0.393129825592
276 -- 6.205578332707704 --- TKE: 0.9999999999998777 
[MO833] Paramount Iteration,0,276,115.250766993,0.399901151657
277 -- 6.228062312864179 --- TKE: 0.999999999999877 
[MO833] Paramount Iteration,0,277,115.654098988,0.40333199501
278 -- 6.250546293077153 --- TKE: 0.9999999999998768 
[MO833] Paramount Iteration,0,278,116.057605028,0.403506040573
279 -- 6.273030273569113 --- TKE: 0.9999999999998763 
[MO833] Paramount Iteration,0,279,116.561573982,0.503968954086
280 -- 6.29551425416868 --- TKE: 0.9999999999998759 
[MO833] Paramount Iteration,0,280,116.957412958,0.395838975906
281 -- 6.317998234768246 --- TKE: 0.9999999999998752 
[MO833] Paramount Iteration,0,281,117.351168871,0.393755912781
282 -- 6.340482215367815 --- TKE: 0.9999999999998748 
[MO833] Paramount Iteration,0,282,117.753926039,0.402757167816
283 -- 6.362966195967393 --- TKE: 0.9999999999998743 
[MO833] Paramount Iteration,0,283,118.177759886,0.423833847046
284 -- 6.385450176566988 --- TKE: 0.9999999999998739 
[MO833] Paramount Iteration,0,284,118.641635895,0.463876008987
285 -- 6.407934156703515 --- TKE: 0.9999999999998734 
[MO833] Paramount Iteration,0,285,119.105880976,0.464245080948
286 -- 6.43041813661173 --- TKE: 0.999999999999873 
[MO833] Paramount Iteration,0,286,119.570441961,0.464560985565
287 -- 6.452902116551915 --- TKE: 0.9999999999998723 
[MO833] Paramount Iteration,0,287,120.010390043,0.43994808197
288 -- 6.47538609676162 --- TKE: 0.9999999999998721 
[MO833] Paramount Iteration,0,288,120.399973869,0.389583826065
289 -- 6.497870077361186 --- TKE: 0.9999999999998719 
[MO833] Paramount Iteration,0,289,120.895661831,0.495687961578
290 -- 6.5203540579607555 --- TKE: 0.9999999999998712 
[MO833] Paramount Iteration,0,290,121.293750048,0.398088216782
291 -- 6.542838038560331 --- TKE: 0.9999999999998708 
[MO833] Paramount Iteration,0,291,121.68778491,0.394034862518
292 -- 6.56532201915991 --- TKE: 0.9999999999998705 
[MO833] Paramount Iteration,0,292,122.080885887,0.393100976944
293 -- 6.587805999620115 --- TKE: 0.9999999999998699 
[MO833] Paramount Iteration,0,293,122.473918915,0.393033027649
294 -- 6.610289979541222 --- TKE: 0.9999999999998697 
[MO833] Paramount Iteration,0,294,122.867002964,0.393084049225
295 -- 6.632773959209267 --- TKE: 0.999999999999869 
[MO833] Paramount Iteration,0,295,123.256508827,0.38950586319
296 -- 6.655257938896379 --- TKE: 0.9999999999998685 
[MO833] Paramount Iteration,0,296,123.646045923,0.389537096024
297 -- 6.677741918854632 --- TKE: 0.9999999999998683 
[MO833] Paramount Iteration,0,297,124.035464048,0.389418125153
298 -- 6.700225899311348 --- TKE: 0.9999999999998677 
[MO833] Paramount Iteration,0,298,124.425111055,0.389647006989
299 -- 6.722709879910917 --- TKE: 0.9999999999998672 
[MO833] Paramount Iteration,0,299,124.921056032,0.495944976807
300 -- 6.74519386051049 --- TKE: 0.999999999999867 
[MO833] Paramount Iteration,0,300,125.319064856,0.398008823395
301 -- 6.7676778411100775 --- TKE: 0.9999999999998666 
[MO833] Paramount Iteration,0,301,125.712371826,0.393306970596
302 -- 6.790161821378222 --- TKE: 0.9999999999998661 
[MO833] Paramount Iteration,0,302,126.105546951,0.393175125122
303 -- 6.812645801084757 --- TKE: 0.9999999999998654 
[MO833] Paramount Iteration,0,303,126.498852968,0.393306016922
304 -- 6.835129780524674 --- TKE: 0.999999999999865 
[MO833] Paramount Iteration,0,304,126.891736031,0.392883062363
305 -- 6.857613759981813 --- TKE: 0.9999999999998648 
[MO833] Paramount Iteration,0,305,127.281384945,0.389648914337
306 -- 6.880097739722027 --- TKE: 0.9999999999998643 
[MO833] Paramount Iteration,0,306,127.671183825,0.389798879623
307 -- 6.902581719987556 --- TKE: 0.9999999999998639 
[MO833] Paramount Iteration,0,307,128.062183857,0.391000032425
308 -- 6.92506570058712 --- TKE: 0.9999999999998632 
[MO833] Paramount Iteration,0,308,128.452754974,0.390571117401
309 -- 6.947549681186694 --- TKE: 0.999999999999863 
[MO833] Paramount Iteration,0,309,129.044787884,0.592032909393
310 -- 6.970033661786286 --- TKE: 0.9999999999998626 
[MO833] Paramount Iteration,0,310,129.755995035,0.711207151413
311 -- 6.992517641856869 --- TKE: 0.9999999999998621 
[MO833] Paramount Iteration,0,311,130.511443853,0.755448818207
312 -- 7.015001621353826 --- TKE: 0.9999999999998614 
[MO833] Paramount Iteration,0,312,131.100880861,0.589437007904
313 -- 7.037485600581318 --- TKE: 0.999999999999861 
[MO833] Paramount Iteration,0,313,131.566177845,0.465296983719
314 -- 7.059969579834569 --- TKE: 0.9999999999998608 
[MO833] Paramount Iteration,0,314,132.030799866,0.464622020721
315 -- 7.082453559392238 --- TKE: 0.9999999999998603 
[MO833] Paramount Iteration,0,315,132.450837851,0.420037984848
316 -- 7.104937539510004 --- TKE: 0.9999999999998597 
[MO833] Paramount Iteration,0,316,132.841014862,0.39017701149
317 -- 7.12742151990261 --- TKE: 0.9999999999998594 
[MO833] Paramount Iteration,0,317,133.231648922,0.390634059906
318 -- 7.149905500376262 --- TKE: 0.999999999999859 
[MO833] Paramount Iteration,0,318,133.621867895,0.39021897316
319 -- 7.172389480975853 --- TKE: 0.9999999999998586 
[MO833] Paramount Iteration,0,319,134.119009018,0.497141122818
320 -- 7.194873460847606 --- TKE: 0.9999999999998581 
[MO833] Paramount Iteration,0,320,134.518198967,0.399189949036
321 -- 7.217357440143832 --- TKE: 0.9999999999998577 
[MO833] Paramount Iteration,0,321,134.911006927,0.39280796051
322 -- 7.239841419177911 --- TKE: 0.9999999999998572 
[MO833] Paramount Iteration,0,322,135.301697969,0.390691041946
323 -- 7.26232539825587 --- TKE: 0.9999999999998568 
[MO833] Paramount Iteration,0,323,135.692034006,0.390336036682
324 -- 7.284809377668069 --- TKE: 0.9999999999998563 
[MO833] Paramount Iteration,0,324,136.082591057,0.390557050705
325 -- 7.307293357681979 --- TKE: 0.9999999999998559 
[MO833] Paramount Iteration,0,325,136.47318697,0.390595912933
326 -- 7.329777337844236 --- TKE: 0.9999999999998554 
[MO833] Paramount Iteration,0,326,136.863663912,0.390476942062
327 -- 7.352261318108402 --- TKE: 0.999999999999855 
[MO833] Paramount Iteration,0,327,137.25386405,0.390200138092
328 -- 7.374745298524144 --- TKE: 0.9999999999998546 
[MO833] Paramount Iteration,0,328,137.650440931,0.396576881409
329 -- 7.397229278199844 --- TKE: 0.9999999999998539 
[MO833] Paramount Iteration,0,329,138.151239872,0.500798940659
330 -- 7.41971325730779 --- TKE: 0.9999999999998535 
[MO833] Paramount Iteration,0,330,138.550272942,0.399033069611
331 -- 7.442197236170372 --- TKE: 0.999999999999853 
[MO833] Paramount Iteration,0,331,138.942661047,0.392388105392
332 -- 7.46468121510369 --- TKE: 0.9999999999998528 
[MO833] Paramount Iteration,0,332,139.331900835,0.389239788055
333 -- 7.4871651944085444 --- TKE: 0.9999999999998519 
[MO833] Paramount Iteration,0,333,139.721663952,0.389763116837
334 -- 7.509649174309351 --- TKE: 0.9999999999998517 
[MO833] Paramount Iteration,0,334,140.110962868,0.389298915863
335 -- 7.532133154279306 --- TKE: 0.9999999999998515 
[MO833] Paramount Iteration,0,335,140.500819921,0.389857053757
336 -- 7.554617134371907 --- TKE: 0.9999999999998506 
[MO833] Paramount Iteration,0,336,140.890766859,0.389946937561
337 -- 7.57710111463773 --- TKE: 0.9999999999998506 
[MO833] Paramount Iteration,0,337,141.279912949,0.389146089554
338 -- 7.599585094123956 --- TKE: 0.9999999999998501 
[MO833] Paramount Iteration,0,338,141.669631004,0.389718055725
339 -- 7.6220690730593015 --- TKE: 0.9999999999998497 
[MO833] Paramount Iteration,0,339,142.165904045,0.496273040771
340 -- 7.644553051774802 --- TKE: 0.999999999999849 
[MO833] Paramount Iteration,0,340,142.563691854,0.397787809372
341 -- 7.667037030595726 --- TKE: 0.9999999999998486 
[MO833] Paramount Iteration,0,341,142.955929041,0.392237186432
342 -- 7.689521009831939 --- TKE: 0.9999999999998483 
[MO833] Paramount Iteration,0,342,143.345088005,0.389158964157
343 -- 7.712004989557396 --- TKE: 0.9999999999998479 
[MO833] Paramount Iteration,0,343,143.734352827,0.389264822006
344 -- 7.734488969371415 --- TKE: 0.9999999999998472 
[MO833] Paramount Iteration,0,344,144.123729944,0.389377117157
345 -- 7.756972949328389 --- TKE: 0.9999999999998468 
[MO833] Paramount Iteration,0,345,144.513371944,0.389642000198
346 -- 7.779456929457417 --- TKE: 0.9999999999998466 
[MO833] Paramount Iteration,0,346,144.903049946,0.389678001404
347 -- 7.801940908764215 --- TKE: 0.9999999999998459 
[MO833] Paramount Iteration,0,347,145.293400049,0.390350103378
348 -- 7.8244248875455105 --- TKE: 0.9999999999998457 
[MO833] Paramount Iteration,0,348,145.682772875,0.389372825623
349 -- 7.846908866140421 --- TKE: 0.9999999999998452 
[MO833] Paramount Iteration,0,349,146.178536892,0.495764017105
350 -- 7.869392844882339 --- TKE: 0.9999999999998448 
[MO833] Paramount Iteration,0,350,146.576467991,0.397931098938
351 -- 7.891876824088729 --- TKE: 0.9999999999998441 
[MO833] Paramount Iteration,0,351,146.969199896,0.392731904984
352 -- 7.914360803673517 --- TKE: 0.9999999999998437 
[MO833] Paramount Iteration,0,352,147.359491825,0.390291929245
353 -- 7.936844783366091 --- TKE: 0.9999999999998435 
[MO833] Paramount Iteration,0,353,147.749229908,0.389738082886
354 -- 7.959328763221222 --- TKE: 0.999999999999843 
[MO833] Paramount Iteration,0,354,148.138701916,0.389472007751
355 -- 7.981812743154502 --- TKE: 0.9999999999998426 
[MO833] Paramount Iteration,0,355,148.528245926,0.389544010162
356 -- 8.004296722295088 --- TKE: 0.9999999999998421 
[MO833] Paramount Iteration,0,356,148.917436838,0.389190912247
357 -- 8.026780700943364 --- TKE: 0.9999999999998417 
[MO833] Paramount Iteration,0,357,149.306790829,0.389353990555
358 -- 8.04926467944581 --- TKE: 0.999999999999841 
[MO833] Paramount Iteration,0,358,149.696213007,0.389422178268
359 -- 8.071748658142809 --- TKE: 0.9999999999998406 
[MO833] Paramount Iteration,0,359,150.192412853,0.496199846268
360 -- 8.094232637357875 --- TKE: 0.9999999999998403 
[MO833] Paramount Iteration,0,360,150.59017086,0.39775800705
361 -- 8.116716616834942 --- TKE: 0.9999999999998397 
[MO833] Paramount Iteration,0,361,150.982128859,0.391957998276
362 -- 8.139200596438569 --- TKE: 0.9999999999998395 
[MO833] Paramount Iteration,0,362,151.376021862,0.393893003464
363 -- 8.161684576223415 --- TKE: 0.9999999999998388 
[MO833] Paramount Iteration,0,363,151.772199869,0.396178007126
364 -- 8.18416855598647 --- TKE: 0.9999999999998384 
[MO833] Paramount Iteration,0,364,152.161511898,0.389312028885
365 -- 8.206652534976879 --- TKE: 0.9999999999998381 
[MO833] Paramount Iteration,0,365,152.561954021,0.400442123413
366 -- 8.229136513515263 --- TKE: 0.9999999999998375 
[MO833] Paramount Iteration,0,366,152.957373857,0.395419836044
367 -- 8.251620491954622 --- TKE: 0.999999999999837 
[MO833] Paramount Iteration,0,367,153.346637011,0.389263153076
368 -- 8.274104470641069 --- TKE: 0.9999999999998368 
[MO833] Paramount Iteration,0,368,153.737066031,0.390429019928
369 -- 8.296588449902597 --- TKE: 0.9999999999998361 
[MO833] Paramount Iteration,0,369,154.23317194,0.496105909348
370 -- 8.319072429303034 --- TKE: 0.9999999999998359 
[MO833] Paramount Iteration,0,370,154.631788015,0.398616075516
371 -- 8.341556408848101 --- TKE: 0.9999999999998355 
[MO833] Paramount Iteration,0,371,155.024185896,0.392397880554
372 -- 8.364040388591913 --- TKE: 0.9999999999998346 
[MO833] Paramount Iteration,0,372,155.414273024,0.390087127686
373 -- 8.386524368210152 --- TKE: 0.9999999999998344 
[MO833] Paramount Iteration,0,373,155.804788828,0.390515804291
374 -- 8.409008347068848 --- TKE: 0.9999999999998339 
[MO833] Paramount Iteration,0,374,156.195119858,0.390331029892
375 -- 8.431492325522147 --- TKE: 0.9999999999998335 
[MO833] Paramount Iteration,0,375,156.585738897,0.390619039536
376 -- 8.453976303928611 --- TKE: 0.999999999999833 
[MO833] Paramount Iteration,0,376,156.975971937,0.390233039856
377 -- 8.476460282638763 --- TKE: 0.9999999999998328 
[MO833] Paramount Iteration,0,377,157.366389036,0.390417098999
378 -- 8.49894426188708 --- TKE: 0.9999999999998321 
[MO833] Paramount Iteration,0,378,157.757184029,0.390794992447
379 -- 8.521428241240042 --- TKE: 0.9999999999998317 
[MO833] Paramount Iteration,0,379,158.254137993,0.496953964233
380 -- 8.543912220754779 --- TKE: 0.9999999999998312 
[MO833] Paramount Iteration,0,380,158.653167009,0.399029016495
381 -- 8.56639620047948 --- TKE: 0.999999999999831 
[MO833] Paramount Iteration,0,381,159.046116829,0.392949819565
382 -- 8.588880179940057 --- TKE: 0.9999999999998304 
[MO833] Paramount Iteration,0,382,159.436724901,0.390608072281
383 -- 8.611364158687588 --- TKE: 0.9999999999998299 
[MO833] Paramount Iteration,0,383,159.831399918,0.394675016403
384 -- 8.633848137081928 --- TKE: 0.9999999999998295 
[MO833] Paramount Iteration,0,384,160.235009909,0.403609991074
385 -- 8.65633211548613 --- TKE: 0.9999999999998292 
[MO833] Paramount Iteration,0,385,160.660940886,0.425930976868
386 -- 8.678816094253776 --- TKE: 0.9999999999998286 
[MO833] Paramount Iteration,0,386,161.126389027,0.465448141098
387 -- 8.701300073464806 --- TKE: 0.9999999999998281 
[MO833] Paramount Iteration,0,387,161.591827869,0.465438842773
388 -- 8.723784052797425 --- TKE: 0.9999999999998277 
[MO833] Paramount Iteration,0,388,162.017863989,0.426036119461
389 -- 8.746268032307881 --- TKE: 0.9999999999998272 
[MO833] Paramount Iteration,0,389,162.529399872,0.51153588295
390 -- 8.768752011923175 --- TKE: 0.9999999999998268 
[MO833] Paramount Iteration,0,390,162.931409836,0.402009963989
391 -- 8.791235991242607 --- TKE: 0.9999999999998264 
[MO833] Paramount Iteration,0,391,163.321849823,0.390439987183
392 -- 8.813719969901241 --- TKE: 0.9999999999998259 
[MO833] Paramount Iteration,0,392,163.712662935,0.390813112259
393 -- 8.83620394826368 --- TKE: 0.9999999999998255 
[MO833] Paramount Iteration,0,393,164.115439892,0.402776956558
394 -- 8.858687926696339 --- TKE: 0.999999999999825 
[MO833] Paramount Iteration,0,394,164.51868701,0.403247117996
395 -- 8.881171905554456 --- TKE: 0.9999999999998246 
[MO833] Paramount Iteration,0,395,164.981188059,0.462501049042
396 -- 8.903655884754198 --- TKE: 0.9999999999998241 
[MO833] Paramount Iteration,0,396,165.446516037,0.465327978134
397 -- 8.926139864091574 --- TKE: 0.9999999999998237 
[MO833] Paramount Iteration,0,397,165.911226034,0.464709997177
398 -- 8.948623843621597 --- TKE: 0.9999999999998233 
[MO833] Paramount Iteration,0,398,166.375221014,0.463994979858
399 -- 8.971107823150307 --- TKE: 0.9999999999998228 
[MO833] Paramount Iteration,0,399,166.963440895,0.588219881058
400 -- 8.993591802347279 --- TKE: 0.9999999999998221 
[MO833] Paramount Iteration,0,400,167.433217049,0.469776153564
401 -- 9.016075780940621 --- TKE: 0.9999999999998221 
[MO833] Paramount Iteration,0,401,167.897874832,0.464657783508
402 -- 9.038559759298787 --- TKE: 0.9999999999998217 
[MO833] Paramount Iteration,0,402,168.292376041,0.394501209259
403 -- 9.061043737790357 --- TKE: 0.9999999999998213 
[MO833] Paramount Iteration,0,403,168.686342955,0.393966913223
404 -- 9.083527716770822 --- TKE: 0.9999999999998208 
[MO833] Paramount Iteration,0,404,169.080819845,0.394476890564
405 -- 9.106011695983382 --- TKE: 0.9999999999998201 
[MO833] Paramount Iteration,0,405,169.474910021,0.394090175629
406 -- 9.12849567534856 --- TKE: 0.9999999999998199 
[MO833] Paramount Iteration,0,406,169.869547844,0.394637823105
407 -- 9.15097965491983 --- TKE: 0.9999999999998193 
[MO833] Paramount Iteration,0,407,170.263387918,0.393840074539
408 -- 9.173463634384289 --- TKE: 0.9999999999998188 
[MO833] Paramount Iteration,0,408,170.657470942,0.394083023071
409 -- 9.195947613479182 --- TKE: 0.9999999999998186 
[MO833] Paramount Iteration,0,409,171.156543016,0.49907207489
410 -- 9.218431592031854 --- TKE: 0.9999999999998181 
[MO833] Paramount Iteration,0,410,171.555416822,0.398873806
411 -- 9.2409155704136 --- TKE: 0.9999999999998177 
[MO833] Paramount Iteration,0,411,171.948642015,0.393225193024
412 -- 9.263399548993958 --- TKE: 0.9999999999998173 
[MO833] Paramount Iteration,0,412,172.345530033,0.396888017654
413 -- 9.285883528127261 --- TKE: 0.9999999999998168 
[MO833] Paramount Iteration,0,413,172.752369881,0.406839847565
414 -- 9.308367507374845 --- TKE: 0.9999999999998161 
[MO833] Paramount Iteration,0,414,173.181352854,0.428982973099
415 -- 9.33085148678883 --- TKE: 0.9999999999998159 
[MO833] Paramount Iteration,0,415,173.649799824,0.468446969986
416 -- 9.353335466420889 --- TKE: 0.9999999999998155 
[MO833] Paramount Iteration,0,416,174.118072033,0.468272209167
417 -- 9.3758194458428 --- TKE: 0.999999999999815 
[MO833] Paramount Iteration,0,417,174.58621788,0.468145847321
418 -- 9.398303424857371 --- TKE: 0.9999999999998144 
[MO833] Paramount Iteration,0,418,175.052453041,0.466235160828
419 -- 9.420787403394653 --- TKE: 0.9999999999998141 
[MO833] Paramount Iteration,0,419,175.672394991,0.619941949844
420 -- 9.443271381827756 --- TKE: 0.9999999999998135 
[MO833] Paramount Iteration,0,420,176.142478943,0.47008395195
421 -- 9.465755360525923 --- TKE: 0.9999999999998133 
[MO833] Paramount Iteration,0,421,176.607370853,0.464891910553
422 -- 9.488239339703938 --- TKE: 0.9999999999998126 
[MO833] Paramount Iteration,0,422,177.291395903,0.68402504921
423 -- 9.51072331900684 --- TKE: 0.9999999999998124 
[MO833] Paramount Iteration,0,423,178.047878027,0.756482124329
424 -- 9.53320729848862 --- TKE: 0.9999999999998117 
[MO833] Paramount Iteration,0,424,178.804172039,0.75629401207
425 -- 9.555691278086503 --- TKE: 0.9999999999998113 
[MO833] Paramount Iteration,0,425,179.279428005,0.475255966187
426 -- 9.578175257486826 --- TKE: 0.9999999999998108 
[MO833] Paramount Iteration,0,426,179.743516922,0.464088916779
427 -- 9.600659236443862 --- TKE: 0.9999999999998106 
[MO833] Paramount Iteration,0,427,180.205239058,0.461722135544
428 -- 9.623143214991387 --- TKE: 0.9999999999998102 
[MO833] Paramount Iteration,0,428,180.607503891,0.40226483345
429 -- 9.645627193503241 --- TKE: 0.9999999999998097 
[MO833] Paramount Iteration,0,429,181.122609854,0.515105962753
430 -- 9.668111172347134 --- TKE: 0.9999999999998093 
[MO833] Paramount Iteration,0,430,181.52344203,0.400832176208
431 -- 9.69059515158583 --- TKE: 0.9999999999998088 
[MO833] Paramount Iteration,0,431,181.92940402,0.405961990356
432 -- 9.713079130962461 --- TKE: 0.9999999999998084 
[MO833] Paramount Iteration,0,432,182.335058928,0.405654907227
433 -- 9.735563110529052 --- TKE: 0.9999999999998079 
[MO833] Paramount Iteration,0,433,182.740317822,0.405258893967
434 -- 9.758047090108136 --- TKE: 0.9999999999998075 
[MO833] Paramount Iteration,0,434,183.130584955,0.390267133713
435 -- 9.780531069507003 --- TKE: 0.999999999999807 
[MO833] Paramount Iteration,0,435,183.51995492,0.3893699646
436 -- 9.803015048430016 --- TKE: 0.9999999999998064 
[MO833] Paramount Iteration,0,436,183.909463882,0.389508962631
437 -- 9.825499027013477 --- TKE: 0.9999999999998062 
[MO833] Paramount Iteration,0,437,184.298959017,0.389495134354
438 -- 9.847983005630825 --- TKE: 0.9999999999998057 
[MO833] Paramount Iteration,0,438,184.688298941,0.389339923859
439 -- 9.870466984647004 --- TKE: 0.9999999999998053 
[MO833] Paramount Iteration,0,439,185.184254885,0.495955944061
440 -- 9.892950963964203 --- TKE: 0.9999999999998046 
[MO833] Paramount Iteration,0,440,185.581974983,0.397720098495
441 -- 9.915434943431126 --- TKE: 0.9999999999998044 
[MO833] Paramount Iteration,0,441,185.974957943,0.392982959747
442 -- 9.93791892309762 --- TKE: 0.9999999999998039 
[MO833] Paramount Iteration,0,442,186.367924929,0.392966985703
443 -- 9.960402902676872 --- TKE: 0.9999999999998035 
[MO833] Paramount Iteration,0,443,186.761129856,0.393204927444
444 -- 9.982886882093483 --- TKE: 0.999999999999803 
[MO833] Paramount Iteration,0,444,187.152469873,0.391340017319
445 -- 10.005370861006428 --- TKE: 0.9999999999998026 
[MO833] PI avg,0,0.415992880939,445
[MO833] Beta,0,0.000809763821066
[MO833] Total time,187.692988873
