--------------------------------------------------------------------------
[[38317,1],0]: A high-performance Open MPI point-to-point messaging module
was unable to find any relevant network interfaces:

Module: OpenFabrics (openib)
  Host: node06

Another transport will be used instead, although this may result in
lower performance.

NOTE: You can disable this warning by setting the MCA parameter
btl_base_warn_component_unused to 0.
--------------------------------------------------------------------------
 
                                 _       
                                | |      
 _ __  _   _ _ __ __ _ _ __   __| | __ _ 
| '_ \| | | | '__/ _` | '_ \ / _` |/ _` |
| |_) | |_| | | | (_| | | | | (_| | (_| |
| .__/ \__, |_|  \__,_|_| |_|\__,_|\__,_|
| |     __/ |                            
|_|    |___/                             

Version 1.0

Copyright (c) 2020 Lawrence Livermore National Laboratory (LLNL-CODE-749864)
All rights reserved. 
For details about use and distribution, please read: pyranda/LICENSE

Adding variables: tke
Adding variables: tauxz
Adding variables: tauxy
Adding variables: tauxx
Adding variables: tauzz
Adding variables: cs
Adding variables: vx
Adding variables: vy
Adding variables: vz
Adding variables: tauyy
Adding variables: tauyz
Adding variables: taudia
Adding variables: rhow
Adding variables: rhov
Adding variables: rhou
Adding variables: S
Adding variables: rho
Adding variables: dt
Adding variables: wz
Adding variables: wy
Adding variables: wx
Adding variables: enst
Adding variables: uy
Adding variables: ux
Adding variables: uz
Adding variables: beta
Adding variables: mu
Adding variables: p
Adding variables: u
Adding variables: w
Adding variables: v
Adding variables: Et
Adding variables: div
Adding variables: gamma
Adding equations of motion: 
(1)   ddt(:rho:)  =  -ddx(:rho:*:u:)                  - ddy(:rho:*:v:)                  - ddz(:rho:*:w:)
(2)   ddt(:rhou:) =  -ddx(:rhou:*:u: + :p: - :tauxx:) - ddy(:rhou:*:v: - :tauxy:)       - ddz(:rhou:*:w: - :tauxz:)
(3)   ddt(:rhov:) =  -ddx(:rhov:*:u: - :tauxy:)       - ddy(:rhov:*:v: + :p: - :tauyy:) - ddz(:rhov:*:w: - :tauyz:)
(4)   ddt(:rhow:) =  -ddx(:rhow:*:u: - :tauxz:)       - ddy(:rhow:*:v: - :tauyz:)       - ddz(:rhow:*:w: + :p: - :tauzz:)
(5)   ddt(:Et:)   =  -ddx( (:Et: - :tauxx:)*:u: - :tauxy:*:v: - :tauxz:*:w: ) - ddy( (:Et: - :tauyy:)*:v: -:tauxy:*:u: - :tauyz:*:w:) - ddz( (:Et: - :tauzz:)*:w: - :tauxz:*:u: - :tauyz:*:v: )
(6)   :rho:       =  fbar( :rho:  )
(7)   :rhou:      =  fbar( :rhou: )
(8)   :rhov:      =  fbar( :rhov: )
(9)   :rhow:      =  fbar( :rhow: )
(10)   :Et:        =  fbar( :Et:   )
(11)   :u:         =  :rhou: / :rho:
(12)   :v:         =  :rhov: / :rho:
(13)   :w:         =  :rhow: / :rho:
(14)   :p:         =  ( :Et: - .5*:rho:*(:u:*:u: + :v:*:v: + :w:*:w:) ) * ( :gamma: - 1.0 )
(15)   :ux:        =  ddx(:u:)
(16)   :vy:        =  ddy(:v:)
(17)   :wz:        =  ddz(:w:)
(18)   :div:       =  :ux: + :vy: + :wz:
(19)   :uy:        =  ddy(:u:)
(20)   :uz:        =  ddz(:u:)
(21)   :vx:        =  ddx(:v:)
(22)   :vz:        =  ddz(:v:)
(23)   :wy:        =  ddy(:w:)
(24)   :wx:        =  ddx(:w:)
(25)   :enst:      = sqrt( (:uy:-:vx:)**2 + (:uz: - :wx:)**2 + (:vz:-:wy:)**2 )
(26)   :tke:       = :rho:*(:u:*:u: + :v:*:v: + :w:*:w:)
(27)   :S:         = sqrt( :ux:*:ux: + :vy:*:vy: + :wz:*:wz: + .5*((:uy:+:vx:)**2 + (:uz: + :wx:)**2 + (:vz:+:wy:)**2) )
(28)   :mu:        =  gbar( abs(ring(:S:  )) ) * :rho: * 0.0e-4
(29)   :beta:      =  gbar( abs(ring(:div:)) * :rho: )  * 0.0e-4
(30)   :taudia:    =  (:beta:-2./3.*:mu:) *:div:
(31)   :tauxx:     =  2.0*:mu:*:ux:   + :taudia: - :p:
(32)   :tauyy:     =  2.0*:mu:*:vy:   + :taudia: - :p:
(33)   :tauzz:     =  2.0*:mu:*:wz:   + :taudia: - :p:
(34)   :tauxy:     = :mu:*(:uy:+:vx:) + :taudia:
(35)   :tauxz:     = :mu:*(:uz:+:wx:) + :taudia:
(36)   :tauyz:     = :mu:*(:vz:+:wz:) + :taudia:
(37)   :cs:  = sqrt( :p: / :rho: * :gamma: )
(38)   :dt: = dt.courant(:u:,:v:,:w:,:cs:)*.5
(39)   :dt: = numpy.minimum(:dt:,0.2 * dt.diff(:beta:,:rho:))
(40)   :dt: = numpy.minimum(:dt:,0.2 * dt.diff(:mu:,:rho:))
1 -- 0.02248394948883534 --- TKE: 0.9999999999999996 
[MO833] Paramount Iteration,0,1,2.44139909744,0.439644098282
2 -- 0.04496791230635282 --- TKE: 0.9999999999999991 
[MO833] Paramount Iteration,0,2,2.83512711525,0.393728017807
3 -- 0.06745186837754023 --- TKE: 0.9999999999999987 
[MO833] Paramount Iteration,0,3,3.22891592979,0.393788814545
4 -- 0.08993583542611668 --- TKE: 0.9999999999999982 
[MO833] Paramount Iteration,0,4,3.62270903587,0.393793106079
5 -- 0.11241981341752164 --- TKE: 0.999999999999998 
[MO833] Paramount Iteration,0,5,4.01807498932,0.395365953445
6 -- 0.13490379401705727 --- TKE: 0.9999999999999973 
[MO833] Paramount Iteration,0,6,4.40891504288,0.390840053558
7 -- 0.15738777056800624 --- TKE: 0.9999999999999971 
[MO833] Paramount Iteration,0,7,4.79888105392,0.389966011047
8 -- 0.17987174409631773 --- TKE: 0.9999999999999964 
[MO833] Paramount Iteration,0,8,5.18942904472,0.390547990799
9 -- 0.20235571634301688 --- TKE: 0.9999999999999962 
[MO833] Paramount Iteration,0,9,5.71508812904,0.52565908432
10 -- 0.22483968908797633 --- TKE: 0.9999999999999956 
[MO833] Paramount Iteration,0,10,6.12320494652,0.408116817474
11 -- 0.24732366185121737 --- TKE: 0.9999999999999951 
[MO833] Paramount Iteration,0,11,6.51934504509,0.396140098572
12 -- 0.26980763521126494 --- TKE: 0.9999999999999947 
[MO833] Paramount Iteration,0,12,6.91008710861,0.390742063522
13 -- 0.2922916107764899 --- TKE: 0.9999999999999944 
[MO833] Paramount Iteration,0,13,7.3001229763,0.390035867691
14 -- 0.31477558792984833 --- TKE: 0.999999999999994 
[MO833] Paramount Iteration,0,14,7.69055294991,0.390429973602
15 -- 0.33725956581054994 --- TKE: 0.9999999999999933 
[MO833] Paramount Iteration,0,15,8.08132004738,0.390767097473
16 -- 0.35974354420844984 --- TKE: 0.9999999999999931 
[MO833] Paramount Iteration,0,16,8.47206497192,0.390744924545
17 -- 0.38222752235167984 --- TKE: 0.9999999999999927 
[MO833] Paramount Iteration,0,17,8.86217999458,0.390115022659
18 -- 0.40471150016108964 --- TKE: 0.9999999999999922 
[MO833] Paramount Iteration,0,18,9.25277709961,0.390597105026
19 -- 0.4271954780139281 --- TKE: 0.9999999999999916 
[MO833] Paramount Iteration,0,19,9.75593304634,0.503155946732
20 -- 0.44967945607085197 --- TKE: 0.9999999999999911 
[MO833] Paramount Iteration,0,20,10.1554291248,0.399496078491
21 -- 0.4721634343200721 --- TKE: 0.9999999999999909 
[MO833] Paramount Iteration,0,21,10.5491189957,0.393689870834
22 -- 0.49464741264111356 --- TKE: 0.9999999999999905 
[MO833] Paramount Iteration,0,22,10.9435939789,0.394474983215
23 -- 0.5171313908759285 --- TKE: 0.9999999999999898 
[MO833] Paramount Iteration,0,23,11.3342690468,0.390675067902
24 -- 0.5396153688962037 --- TKE: 0.9999999999999893 
[MO833] Paramount Iteration,0,24,11.7250730991,0.390804052353
25 -- 0.5620993466578728 --- TKE: 0.9999999999999889 
[MO833] Paramount Iteration,0,25,12.1154100895,0.390336990356
26 -- 0.5845833242365814 --- TKE: 0.9999999999999885 
[MO833] Paramount Iteration,0,26,12.5061371326,0.390727043152
27 -- 0.6070673018410178 --- TKE: 0.999999999999988 
[MO833] Paramount Iteration,0,27,12.896597147,0.390460014343
28 -- 0.6295512798040238 --- TKE: 0.9999999999999876 
[MO833] Paramount Iteration,0,28,13.2870931625,0.390496015549
29 -- 0.652035257498954 --- TKE: 0.9999999999999873 
[MO833] Paramount Iteration,0,29,13.7907910347,0.503697872162
30 -- 0.6745192349135056 --- TKE: 0.9999999999999867 
[MO833] Paramount Iteration,0,30,14.1893501282,0.398559093475
31 -- 0.697003212275309 --- TKE: 0.9999999999999862 
[MO833] Paramount Iteration,0,31,14.5819480419,0.392597913742
32 -- 0.7194871892340751 --- TKE: 0.9999999999999858 
[MO833] Paramount Iteration,0,32,14.9746110439,0.392663002014
33 -- 0.741971165384183 --- TKE: 0.9999999999999856 
[MO833] Paramount Iteration,0,33,15.3750751019,0.400464057922
34 -- 0.7644551401841853 --- TKE: 0.9999999999999849 
[MO833] Paramount Iteration,0,34,15.7662789822,0.39120388031
35 -- 0.7869391141929066 --- TKE: 0.9999999999999847 
[MO833] Paramount Iteration,0,35,16.156224966,0.389945983887
36 -- 0.8094230880508954 --- TKE: 0.9999999999999842 
[MO833] Paramount Iteration,0,36,16.5459721088,0.389747142792
37 -- 0.831907062439042 --- TKE: 0.9999999999999836 
[MO833] Paramount Iteration,0,37,16.9355750084,0.389602899551
38 -- 0.8543910374431298 --- TKE: 0.9999999999999833 
[MO833] Paramount Iteration,0,38,17.3313429356,0.39576792717
39 -- 0.8768750128023721 --- TKE: 0.9999999999999827 
[MO833] Paramount Iteration,0,39,17.834485054,0.503142118454
40 -- 0.8993589886869491 --- TKE: 0.9999999999999822 
[MO833] Paramount Iteration,0,40,18.2328550816,0.398370027542
41 -- 0.9218429645573665 --- TKE: 0.9999999999999818 
[MO833] Paramount Iteration,0,41,18.6256489754,0.392793893814
42 -- 0.9443269400170909 --- TKE: 0.9999999999999816 
[MO833] Paramount Iteration,0,42,19.0243840218,0.398735046387
43 -- 0.9668109152366252 --- TKE: 0.9999999999999809 
[MO833] Paramount Iteration,0,43,19.4256880283,0.401304006577
44 -- 0.9892948900220438 --- TKE: 0.9999999999999802 
[MO833] Paramount Iteration,0,44,19.8226430416,0.396955013275
45 -- 1.0117788645119175 --- TKE: 0.99999999999998 
[MO833] Paramount Iteration,0,45,20.2126669884,0.390023946762
46 -- 1.0342628394194517 --- TKE: 0.9999999999999796 
[MO833] Paramount Iteration,0,46,20.6018271446,0.38916015625
47 -- 1.0567468153947515 --- TKE: 0.9999999999999791 
[MO833] Paramount Iteration,0,47,20.9911530018,0.389325857162
48 -- 1.079230791926517 --- TKE: 0.9999999999999787 
[MO833] Paramount Iteration,0,48,21.380646944,0.389493942261
49 -- 1.1017147691169928 --- TKE: 0.9999999999999785 
[MO833] Paramount Iteration,0,49,21.8788161278,0.498169183731
50 -- 1.1241987464063088 --- TKE: 0.9999999999999778 
[MO833] Paramount Iteration,0,50,22.2777149677,0.398898839951
51 -- 1.1466827235704906 --- TKE: 0.9999999999999776 
[MO833] Paramount Iteration,0,51,22.67040205,0.392687082291
52 -- 1.1691667007473199 --- TKE: 0.9999999999999767 
[MO833] Paramount Iteration,0,52,23.0606329441,0.390230894089
53 -- 1.1916506780693243 --- TKE: 0.9999999999999765 
[MO833] Paramount Iteration,0,53,23.4503960609,0.389763116837
54 -- 1.2141346550201348 --- TKE: 0.999999999999976 
[MO833] Paramount Iteration,0,54,23.839892149,0.389496088028
55 -- 1.2366186321554948 --- TKE: 0.9999999999999754 
[MO833] Paramount Iteration,0,55,24.2294340134,0.389541864395
56 -- 1.2591026100219054 --- TKE: 0.9999999999999749 
[MO833] Paramount Iteration,0,56,24.6194109917,0.389976978302
57 -- 1.2815865889728366 --- TKE: 0.9999999999999747 
[MO833] Paramount Iteration,0,57,25.0096709728,0.390259981155
58 -- 1.3040705684946423 --- TKE: 0.9999999999999745 
[MO833] Paramount Iteration,0,58,25.4117851257,0.402114152908
59 -- 1.3265545482098886 --- TKE: 0.9999999999999736 
[MO833] Paramount Iteration,0,59,25.930519104,0.518733978271
60 -- 1.3490385279946209 --- TKE: 0.9999999999999734 
[MO833] Paramount Iteration,0,60,26.3395490646,0.409029960632
61 -- 1.371522507936614 --- TKE: 0.9999999999999729 
[MO833] Paramount Iteration,0,61,26.7452280521,0.405678987503
62 -- 1.3940064881131407 --- TKE: 0.9999999999999727 
[MO833] Paramount Iteration,0,62,27.1512160301,0.405987977982
63 -- 1.4164904680080184 --- TKE: 0.999999999999972 
[MO833] Paramount Iteration,0,63,27.5557150841,0.404499053955
64 -- 1.438974447817866 --- TKE: 0.9999999999999714 
[MO833] Paramount Iteration,0,64,27.9579279423,0.4022128582
65 -- 1.4614584279359546 --- TKE: 0.9999999999999711 
[MO833] Paramount Iteration,0,65,28.3606390953,0.40271115303
66 -- 1.4839424085355155 --- TKE: 0.9999999999999705 
[MO833] Paramount Iteration,0,66,28.762458086,0.401818990707
67 -- 1.5064263891350915 --- TKE: 0.9999999999999705 
[MO833] Paramount Iteration,0,67,29.1616499424,0.399191856384
68 -- 1.5289103697346547 --- TKE: 0.9999999999999698 
[MO833] Paramount Iteration,0,68,29.5512180328,0.389568090439
69 -- 1.5513943503342058 --- TKE: 0.9999999999999694 
[MO833] Paramount Iteration,0,69,30.0460281372,0.49481010437
70 -- 1.573878330933748 --- TKE: 0.9999999999999691 
[MO833] Paramount Iteration,0,70,30.4442131519,0.398185014725
71 -- 1.5963623115332832 --- TKE: 0.9999999999999685 
[MO833] Paramount Iteration,0,71,30.8464910984,0.402277946472
72 -- 1.6188462921328246 --- TKE: 0.999999999999968 
[MO833] Paramount Iteration,0,72,31.2506389618,0.404147863388
73 -- 1.6413302727323715 --- TKE: 0.9999999999999676 
[MO833] Paramount Iteration,0,73,31.6980071068,0.447368144989
74 -- 1.6638142533319324 --- TKE: 0.9999999999999671 
[MO833] Paramount Iteration,0,74,32.1615691185,0.463562011719
75 -- 1.6862982339315096 --- TKE: 0.9999999999999667 
[MO833] Paramount Iteration,0,75,32.6262350082,0.46466588974
76 -- 1.7087822145310758 --- TKE: 0.9999999999999662 
[MO833] Paramount Iteration,0,76,33.0901069641,0.463871955872
77 -- 1.7312661951306325 --- TKE: 0.9999999999999656 
[MO833] Paramount Iteration,0,77,33.5015940666,0.411487102509
78 -- 1.7537501757301825 --- TKE: 0.9999999999999654 
[MO833] Paramount Iteration,0,78,33.8907921314,0.389198064804
79 -- 1.7762341563297257 --- TKE: 0.9999999999999649 
[MO833] Paramount Iteration,0,79,34.3855130672,0.494720935822
80 -- 1.7987181369292657 --- TKE: 0.9999999999999643 
[MO833] Paramount Iteration,0,80,34.789493084,0.403980016708
81 -- 1.821202117528811 --- TKE: 0.999999999999964 
[MO833] Paramount Iteration,0,81,35.1823711395,0.392878055573
82 -- 1.843686098128367 --- TKE: 0.9999999999999638 
[MO833] Paramount Iteration,0,82,35.5851271152,0.402755975723
83 -- 1.8661700787279318 --- TKE: 0.9999999999999629 
[MO833] Paramount Iteration,0,83,35.9752719402,0.390144824982
84 -- 1.8886540593275125 --- TKE: 0.9999999999999627 
[MO833] Paramount Iteration,0,84,36.3650081158,0.389736175537
85 -- 1.9111380399270799 --- TKE: 0.999999999999962 
[MO833] Paramount Iteration,0,85,36.7544100285,0.389401912689
86 -- 1.9336220205266375 --- TKE: 0.9999999999999618 
[MO833] Paramount Iteration,0,86,37.1439249516,0.389514923096
87 -- 1.9561060011261877 --- TKE: 0.9999999999999614 
[MO833] Paramount Iteration,0,87,37.5331561565,0.389231204987
88 -- 1.9785899817257362 --- TKE: 0.9999999999999611 
[MO833] Paramount Iteration,0,88,37.9226000309,0.389443874359
89 -- 2.0010739623252847 --- TKE: 0.9999999999999605 
[MO833] Paramount Iteration,0,89,38.4204421043,0.497842073441
90 -- 2.023557942924837 --- TKE: 0.99999999999996 
[MO833] Paramount Iteration,0,90,38.8186230659,0.398180961609
91 -- 2.0460419235244 --- TKE: 0.9999999999999594 
[MO833] Paramount Iteration,0,91,39.2081589699,0.389535903931
92 -- 2.0685259041239688 --- TKE: 0.9999999999999591 
[MO833] Paramount Iteration,0,92,39.597039938,0.388880968094
93 -- 2.0910098847235514 --- TKE: 0.9999999999999587 
[MO833] Paramount Iteration,0,93,39.9858820438,0.388842105865
94 -- 2.1134938653231283 --- TKE: 0.9999999999999583 
[MO833] Paramount Iteration,0,94,40.3755199909,0.389637947083
95 -- 2.1359778459226977 --- TKE: 0.999999999999958 
[MO833] Paramount Iteration,0,95,40.7644729614,0.388952970505
96 -- 2.158461826522259 --- TKE: 0.9999999999999571 
[MO833] Paramount Iteration,0,96,41.153578043,0.389105081558
97 -- 2.1809458071218164 --- TKE: 0.9999999999999569 
[MO833] Paramount Iteration,0,97,41.5427689552,0.389190912247
98 -- 2.2034297877213715 --- TKE: 0.9999999999999563 
[MO833] Paramount Iteration,0,98,41.9317760468,0.389007091522
99 -- 2.2259137683209325 --- TKE: 0.999999999999956 
[MO833] Paramount Iteration,0,99,42.4264919758,0.494715929031
100 -- 2.2483977489205 --- TKE: 0.9999999999999558 
[MO833] Paramount Iteration,0,100,42.8223979473,0.395905971527
101 -- 2.270881729520079 --- TKE: 0.9999999999999551 
[MO833] Paramount Iteration,0,101,43.212059021,0.389661073685
102 -- 2.293365710119669 --- TKE: 0.9999999999999547 
[MO833] Paramount Iteration,0,102,43.6009659767,0.388906955719
103 -- 2.3158496907192587 --- TKE: 0.999999999999954 
[MO833] Paramount Iteration,0,103,43.9900081158,0.389042139053
104 -- 2.338333671318844 --- TKE: 0.9999999999999538 
[MO833] Paramount Iteration,0,104,44.3808701038,0.390861988068
105 -- 2.3608176519184227 --- TKE: 0.9999999999999531 
[MO833] Paramount Iteration,0,105,44.7825479507,0.401677846909
106 -- 2.383301632517996 --- TKE: 0.9999999999999529 
[MO833] Paramount Iteration,0,106,45.1778531075,0.395305156708
107 -- 2.4057856131175708 --- TKE: 0.9999999999999525 
[MO833] Paramount Iteration,0,107,45.5670440197,0.389190912247
108 -- 2.428269593717144 --- TKE: 0.9999999999999518 
[MO833] Paramount Iteration,0,108,45.9561941624,0.38915014267
109 -- 2.450753574316726 --- TKE: 0.9999999999999516 
[MO833] Paramount Iteration,0,109,46.460018158,0.50382399559
110 -- 2.473237554916315 --- TKE: 0.9999999999999512 
[MO833] Paramount Iteration,0,110,46.8577570915,0.397738933563
111 -- 2.495721535515917 --- TKE: 0.9999999999999509 
[MO833] Paramount Iteration,0,111,47.2512979507,0.393540859222
112 -- 2.5182055161155197 --- TKE: 0.99999999999995 
[MO833] Paramount Iteration,0,112,47.665913105,0.414615154266
113 -- 2.5406894967151143 --- TKE: 0.9999999999999498 
[MO833] Paramount Iteration,0,113,48.0806131363,0.414700031281
114 -- 2.563173477314707 --- TKE: 0.9999999999999494 
[MO833] Paramount Iteration,0,114,48.4885001183,0.407886981964
115 -- 2.5856574579142957 --- TKE: 0.9999999999999489 
[MO833] Paramount Iteration,0,115,48.8919999599,0.40349984169
116 -- 2.6081414385138806 --- TKE: 0.9999999999999485 
[MO833] Paramount Iteration,0,116,49.2936339378,0.40163397789
117 -- 2.630625419113471 --- TKE: 0.999999999999948 
[MO833] Paramount Iteration,0,117,49.6960499287,0.402415990829
118 -- 2.6531093997130686 --- TKE: 0.9999999999999476 
[MO833] Paramount Iteration,0,118,50.0992939472,0.403244018555
119 -- 2.67559338031267 --- TKE: 0.9999999999999469 
[MO833] Paramount Iteration,0,119,50.6109819412,0.511687994003
120 -- 2.6980773609122832 --- TKE: 0.9999999999999467 
[MO833] Paramount Iteration,0,120,51.0211360455,0.410154104233
121 -- 2.7205613415118917 --- TKE: 0.9999999999999463 
[MO833] Paramount Iteration,0,121,51.4286370277,0.407500982285
122 -- 2.743045322111495 --- TKE: 0.9999999999999458 
[MO833] Paramount Iteration,0,122,51.8342189789,0.405581951141
123 -- 2.7655293027110934 --- TKE: 0.9999999999999454 
[MO833] Paramount Iteration,0,123,52.2358729839,0.401654005051
124 -- 2.7880132833106908 --- TKE: 0.9999999999999452 
[MO833] Paramount Iteration,0,124,52.6263411045,0.390468120575
125 -- 2.8104972639102925 --- TKE: 0.9999999999999447 
[MO833] Paramount Iteration,0,125,53.0179760456,0.391634941101
126 -- 2.8329812445098965 --- TKE: 0.999999999999944 
[MO833] Paramount Iteration,0,126,53.4082391262,0.390263080597
127 -- 2.8554652251095027 --- TKE: 0.9999999999999436 
[MO833] Paramount Iteration,0,127,53.7988591194,0.39061999321
128 -- 2.8779492057091125 --- TKE: 0.9999999999999434 
[MO833] Paramount Iteration,0,128,54.1902000904,0.391340970993
129 -- 2.9004331862051895 --- TKE: 0.9999999999999427 
[MO833] Paramount Iteration,0,129,54.6858711243,0.495671033859
130 -- 2.922917166804799 --- TKE: 0.9999999999999423 
[MO833] Paramount Iteration,0,130,55.0858919621,0.400020837784
131 -- 2.9454011474044077 --- TKE: 0.9999999999999418 
[MO833] Paramount Iteration,0,131,55.4757499695,0.389858007431
132 -- 2.9678851280040153 --- TKE: 0.9999999999999412 
[MO833] Paramount Iteration,0,132,55.864659071,0.388909101486
133 -- 2.990369108603619 --- TKE: 0.9999999999999409 
[MO833] Paramount Iteration,0,133,56.2546601295,0.390001058578
134 -- 3.012853089203225 --- TKE: 0.9999999999999405 
[MO833] Paramount Iteration,0,134,56.6445219517,0.389861822128
135 -- 3.035337069802835 --- TKE: 0.9999999999999398 
[MO833] Paramount Iteration,0,135,57.034402132,0.389880180359
136 -- 3.057821050402447 --- TKE: 0.9999999999999398 
[MO833] Paramount Iteration,0,136,57.4231870174,0.388784885406
137 -- 3.080305031002058 --- TKE: 0.9999999999999392 
[MO833] Paramount Iteration,0,137,57.8133730888,0.390186071396
138 -- 3.1027890113773555 --- TKE: 0.9999999999999387 
[MO833] Paramount Iteration,0,138,58.2023429871,0.388969898224
139 -- 3.125272991794968 --- TKE: 0.999999999999938 
[MO833] Paramount Iteration,0,139,58.6974861622,0.495143175125
140 -- 3.147756972394573 --- TKE: 0.9999999999999376 
[MO833] Paramount Iteration,0,140,59.0966310501,0.399144887924
141 -- 3.1702409529941784 --- TKE: 0.9999999999999372 
[MO833] Paramount Iteration,0,141,59.4905021191,0.393871068954
142 -- 3.1927249335937846 --- TKE: 0.9999999999999367 
[MO833] Paramount Iteration,0,142,59.8813390732,0.390836954117
143 -- 3.215208914193392 --- TKE: 0.9999999999999365 
[MO833] Paramount Iteration,0,143,60.2718200684,0.390480995178
144 -- 3.237692894793 --- TKE: 0.999999999999936 
[MO833] Paramount Iteration,0,144,60.6616070271,0.389786958694
145 -- 3.2601768753926135 --- TKE: 0.9999999999999356 
[MO833] Paramount Iteration,0,145,61.0513839722,0.389776945114
146 -- 3.2826608559922197 --- TKE: 0.9999999999999352 
[MO833] Paramount Iteration,0,146,61.4463260174,0.394942045212
147 -- 3.305144836396795 --- TKE: 0.9999999999999349 
[MO833] Paramount Iteration,0,147,61.8361301422,0.389804124832
148 -- 3.3276288167755883 --- TKE: 0.999999999999934 
[MO833] Paramount Iteration,0,148,62.2257909775,0.389660835266
149 -- 3.350112797375189 --- TKE: 0.9999999999999338 
[MO833] Paramount Iteration,0,149,62.7237491608,0.497958183289
150 -- 3.3725967779747896 --- TKE: 0.9999999999999332 
[MO833] Paramount Iteration,0,150,63.1218340397,0.398084878922
151 -- 3.3950807585743927 --- TKE: 0.9999999999999332 
[MO833] Paramount Iteration,0,151,63.5147631168,0.392929077148
152 -- 3.417564739174003 --- TKE: 0.9999999999999325 
[MO833] Paramount Iteration,0,152,63.9049119949,0.390148878098
153 -- 3.440048719773613 --- TKE: 0.999999999999932 
[MO833] Paramount Iteration,0,153,64.2948710918,0.389959096909
154 -- 3.462532700373216 --- TKE: 0.9999999999999314 
[MO833] Paramount Iteration,0,154,64.6850340366,0.390162944794
155 -- 3.485016680972813 --- TKE: 0.9999999999999312 
[MO833] Paramount Iteration,0,155,65.0756130219,0.390578985214
156 -- 3.5075006615140083 --- TKE: 0.9999999999999307 
[MO833] Paramount Iteration,0,156,65.4660079479,0.390394926071
157 -- 3.5299846419603895 --- TKE: 0.9999999999999303 
[MO833] Paramount Iteration,0,157,65.8562400341,0.390232086182
158 -- 3.552468622559983 --- TKE: 0.9999999999999301 
[MO833] Paramount Iteration,0,158,66.2555830479,0.399343013763
159 -- 3.574952603159577 --- TKE: 0.9999999999999296 
[MO833] Paramount Iteration,0,159,66.7666380405,0.511054992676
160 -- 3.597436583759178 --- TKE: 0.999999999999929 
[MO833] Paramount Iteration,0,160,67.1679580212,0.401319980621
161 -- 3.6199205643587824 --- TKE: 0.9999999999999285 
[MO833] Paramount Iteration,0,161,67.5580410957,0.39008307457
162 -- 3.6424045449583855 --- TKE: 0.9999999999999281 
[MO833] Paramount Iteration,0,162,67.9485039711,0.390462875366
163 -- 3.664888525557982 --- TKE: 0.9999999999999278 
[MO833] Paramount Iteration,0,163,68.3392739296,0.390769958496
164 -- 3.6873725061575726 --- TKE: 0.9999999999999274 
[MO833] Paramount Iteration,0,164,68.7295880318,0.390314102173
165 -- 3.709856486757158 --- TKE: 0.9999999999999267 
[MO833] Paramount Iteration,0,165,69.1200580597,0.390470027924
166 -- 3.732340467340761 --- TKE: 0.9999999999999263 
[MO833] Paramount Iteration,0,166,69.5103161335,0.390258073807
167 -- 3.7548244479403468 --- TKE: 0.9999999999999258 
[MO833] Paramount Iteration,0,167,69.9005701542,0.390254020691
168 -- 3.7773084285399374 --- TKE: 0.9999999999999254 
[MO833] Paramount Iteration,0,168,70.2908880711,0.39031791687
169 -- 3.79979240913953 --- TKE: 0.9999999999999252 
[MO833] Paramount Iteration,0,169,70.785752058,0.494863986969
170 -- 3.822276389739134 --- TKE: 0.9999999999999243 
[MO833] Paramount Iteration,0,170,71.1841070652,0.398355007172
171 -- 3.8447603703387334 --- TKE: 0.9999999999999241 
[MO833] Paramount Iteration,0,171,71.578056097,0.39394903183
172 -- 3.867244350938323 --- TKE: 0.9999999999999236 
[MO833] Paramount Iteration,0,172,71.96788311,0.389827013016
173 -- 3.8897283315379036 --- TKE: 0.9999999999999234 
[MO833] Paramount Iteration,0,173,72.3580229282,0.390139818192
174 -- 3.9122123121374837 --- TKE: 0.999999999999923 
[MO833] Paramount Iteration,0,174,72.7479860783,0.389963150024
175 -- 3.9346962927370615 --- TKE: 0.9999999999999225 
[MO833] Paramount Iteration,0,175,73.1392080784,0.391222000122
176 -- 3.9571802733366406 --- TKE: 0.9999999999999218 
[MO833] Paramount Iteration,0,176,73.5392501354,0.400042057037
177 -- 3.9796642539362255 --- TKE: 0.9999999999999214 
[MO833] Paramount Iteration,0,177,73.9413540363,0.402103900909
178 -- 4.002148234535818 --- TKE: 0.999999999999921 
[MO833] Paramount Iteration,0,178,74.3442831039,0.402929067612
179 -- 4.024632215135417 --- TKE: 0.9999999999999207 
[MO833] Paramount Iteration,0,179,74.8494000435,0.505116939545
180 -- 4.0471161957350095 --- TKE: 0.9999999999999201 
[MO833] Paramount Iteration,0,180,75.2483079433,0.398907899857
181 -- 4.06960017633459 --- TKE: 0.9999999999999196 
[MO833] Paramount Iteration,0,181,75.6421179771,0.393810033798
182 -- 4.092084156934162 --- TKE: 0.9999999999999194 
[MO833] Paramount Iteration,0,182,76.03226614,0.390148162842
183 -- 4.114568137533732 --- TKE: 0.9999999999999187 
[MO833] Paramount Iteration,0,183,76.4242501259,0.391983985901
184 -- 4.137052118133306 --- TKE: 0.9999999999999185 
[MO833] Paramount Iteration,0,184,76.8144080639,0.390157938004
185 -- 4.159536098732883 --- TKE: 0.9999999999999178 
[MO833] Paramount Iteration,0,185,77.2048621178,0.390454053879
186 -- 4.182020079332465 --- TKE: 0.9999999999999174 
[MO833] Paramount Iteration,0,186,77.5951960087,0.390333890915
187 -- 4.2045040599320505 --- TKE: 0.9999999999999172 
[MO833] Paramount Iteration,0,187,77.9844920635,0.38929605484
188 -- 4.226988040531646 --- TKE: 0.9999999999999165 
[MO833] Paramount Iteration,0,188,78.3758261204,0.391334056854
189 -- 4.249472021131237 --- TKE: 0.9999999999999163 
[MO833] Paramount Iteration,0,189,78.8700771332,0.494251012802
190 -- 4.271956001730815 --- TKE: 0.9999999999999158 
[MO833] Paramount Iteration,0,190,79.2667329311,0.396655797958
191 -- 4.294439982330389 --- TKE: 0.9999999999999154 
[MO833] Paramount Iteration,0,191,79.6674201488,0.400687217712
192 -- 4.316923962929958 --- TKE: 0.999999999999915 
[MO833] Paramount Iteration,0,192,80.0573470592,0.3899269104
193 -- 4.339407943529525 --- TKE: 0.9999999999999141 
[MO833] Paramount Iteration,0,193,80.447327137,0.389980077744
194 -- 4.361891924129091 --- TKE: 0.9999999999999138 
[MO833] Paramount Iteration,0,194,80.8366661072,0.389338970184
195 -- 4.384375904728668 --- TKE: 0.9999999999999136 
[MO833] Paramount Iteration,0,195,81.231801033,0.395134925842
196 -- 4.4068598853282515 --- TKE: 0.999999999999913 
[MO833] Paramount Iteration,0,196,81.6253781319,0.393577098846
197 -- 4.429343865927849 --- TKE: 0.9999999999999127 
[MO833] Paramount Iteration,0,197,82.0158741474,0.390496015549
198 -- 4.451827846527435 --- TKE: 0.9999999999999123 
[MO833] Paramount Iteration,0,198,82.4097249508,0.393850803375
199 -- 4.47431182712701 --- TKE: 0.9999999999999116 
[MO833] Paramount Iteration,0,199,82.9517509937,0.542026042938
200 -- 4.496795807726582 --- TKE: 0.9999999999999114 
[MO833] Paramount Iteration,0,200,83.3497760296,0.398025035858
201 -- 4.519279788326149 --- TKE: 0.999999999999911 
[MO833] Paramount Iteration,0,201,83.7417061329,0.391930103302
202 -- 4.541763768925718 --- TKE: 0.9999999999999103 
[MO833] Paramount Iteration,0,202,84.1318650246,0.390158891678
203 -- 4.564247749525288 --- TKE: 0.9999999999999101 
[MO833] Paramount Iteration,0,203,84.5220451355,0.390180110931
204 -- 4.5867317301248605 --- TKE: 0.9999999999999096 
[MO833] Paramount Iteration,0,204,84.9116909504,0.389645814896
205 -- 4.6092157107244445 --- TKE: 0.999999999999909 
[MO833] Paramount Iteration,0,205,85.3014349937,0.38974404335
206 -- 4.631699691324042 --- TKE: 0.9999999999999085 
[MO833] Paramount Iteration,0,206,85.6911959648,0.389760971069
207 -- 4.654183671923629 --- TKE: 0.9999999999999083 
[MO833] Paramount Iteration,0,207,86.0814659595,0.390269994736
208 -- 4.6766676525232045 --- TKE: 0.9999999999999076 
[MO833] Paramount Iteration,0,208,86.471914053,0.390448093414
209 -- 4.699151633122772 --- TKE: 0.9999999999999072 
[MO833] Paramount Iteration,0,209,86.9673640728,0.495450019836
210 -- 4.721635613722336 --- TKE: 0.999999999999907 
[MO833] Paramount Iteration,0,210,87.3663830757,0.399019002914
211 -- 4.744119594321905 --- TKE: 0.9999999999999065 
[MO833] Paramount Iteration,0,211,87.7588629723,0.392479896545
212 -- 4.766603574921476 --- TKE: 0.9999999999999059 
[MO833] Paramount Iteration,0,212,88.1484069824,0.389544010162
213 -- 4.7890875555210535 --- TKE: 0.9999999999999054 
[MO833] Paramount Iteration,0,213,88.5383350849,0.389928102493
214 -- 4.811571536120641 --- TKE: 0.9999999999999052 
[MO833] Paramount Iteration,0,214,88.9278991222,0.389564037323
215 -- 4.834055516720242 --- TKE: 0.9999999999999045 
[MO833] Paramount Iteration,0,215,89.3174040318,0.389504909515
216 -- 4.856539497319829 --- TKE: 0.9999999999999043 
[MO833] Paramount Iteration,0,216,89.7067070007,0.389302968979
217 -- 4.879023477919403 --- TKE: 0.9999999999999036 
[MO833] Paramount Iteration,0,217,90.0962600708,0.389553070068
218 -- 4.901507458518969 --- TKE: 0.9999999999999034 
[MO833] Paramount Iteration,0,218,90.4857690334,0.389508962631
219 -- 4.923991439118538 --- TKE: 0.999999999999903 
[MO833] Paramount Iteration,0,219,90.9794681072,0.493699073792
220 -- 4.946475419718104 --- TKE: 0.9999999999999023 
[MO833] Paramount Iteration,0,220,91.3748049736,0.395336866379
221 -- 4.968959400317676 --- TKE: 0.9999999999999019 
[MO833] Paramount Iteration,0,221,91.764662981,0.389858007431
222 -- 4.9914433809172545 --- TKE: 0.9999999999999014 
[MO833] Paramount Iteration,0,222,92.1539609432,0.389297962189
223 -- 5.0139273615168465 --- TKE: 0.9999999999999012 
[MO833] Paramount Iteration,0,223,92.5432720184,0.389311075211
224 -- 5.036411342116443 --- TKE: 0.9999999999999007 
[MO833] Paramount Iteration,0,224,92.932585001,0.389312982559
225 -- 5.058895322716024 --- TKE: 0.9999999999999003 
[MO833] Paramount Iteration,0,225,93.3224239349,0.389838933945
226 -- 5.081379303315596 --- TKE: 0.9999999999998999 
[MO833] Paramount Iteration,0,226,93.7120010853,0.389577150345
227 -- 5.103863283915162 --- TKE: 0.9999999999998994 
[MO833] Paramount Iteration,0,227,94.1012890339,0.389287948608
228 -- 5.126347264514731 --- TKE: 0.999999999999899 
[MO833] Paramount Iteration,0,228,94.4906549454,0.389365911484
229 -- 5.1488312451143 --- TKE: 0.9999999999998985 
[MO833] Paramount Iteration,0,229,94.9852790833,0.494624137878
230 -- 5.171315225713873 --- TKE: 0.9999999999998981 
[MO833] Paramount Iteration,0,230,95.3833611012,0.398082017899
231 -- 5.193799206313457 --- TKE: 0.9999999999998974 
[MO833] Paramount Iteration,0,231,95.7748720646,0.39151096344
232 -- 5.216283186913051 --- TKE: 0.999999999999897 
[MO833] Paramount Iteration,0,232,96.1645100117,0.389637947083
233 -- 5.238767167512646 --- TKE: 0.9999999999998965 
[MO833] Paramount Iteration,0,233,96.554156065,0.389646053314
234 -- 5.261251148112229 --- TKE: 0.9999999999998963 
[MO833] Paramount Iteration,0,234,96.9437961578,0.38964009285
235 -- 5.283735128711802 --- TKE: 0.9999999999998956 
[MO833] Paramount Iteration,0,235,97.3333001137,0.389503955841
236 -- 5.30621910931137 --- TKE: 0.9999999999998952 
[MO833] Paramount Iteration,0,236,97.7230291367,0.38972902298
237 -- 5.328703089910934 --- TKE: 0.999999999999895 
[MO833] Paramount Iteration,0,237,98.1126151085,0.389585971832
238 -- 5.351187070510504 --- TKE: 0.9999999999998943 
[MO833] Paramount Iteration,0,238,98.5022799969,0.389664888382
239 -- 5.37367105111008 --- TKE: 0.9999999999998941 
[MO833] Paramount Iteration,0,239,98.9961190224,0.493839025497
240 -- 5.396155031709665 --- TKE: 0.9999999999998934 
[MO833] Paramount Iteration,0,240,99.3944699764,0.398350954056
241 -- 5.4186390123092645 --- TKE: 0.9999999999998932 
[MO833] Paramount Iteration,0,241,99.7856910229,0.391221046448
242 -- 5.441122992908854 --- TKE: 0.9999999999998928 
[MO833] Paramount Iteration,0,242,100.175400019,0.389708995819
243 -- 5.463606973508429 --- TKE: 0.9999999999998923 
[MO833] Paramount Iteration,0,243,100.569788933,0.394388914108
244 -- 5.486090954107996 --- TKE: 0.9999999999998916 
[MO833] Paramount Iteration,0,244,100.971877098,0.402088165283
245 -- 5.508574934707564 --- TKE: 0.9999999999998914 
[MO833] Paramount Iteration,0,245,101.36254406,0.39066696167
246 -- 5.531058915307137 --- TKE: 0.999999999999891 
[MO833] Paramount Iteration,0,246,101.752522945,0.389978885651
247 -- 5.55354289590671 --- TKE: 0.9999999999998905 
[MO833] Paramount Iteration,0,247,102.142064095,0.389541149139
248 -- 5.57602687650629 --- TKE: 0.9999999999998901 
[MO833] Paramount Iteration,0,248,102.531511068,0.389446973801
249 -- 5.598510857105882 --- TKE: 0.9999999999998894 
[MO833] Paramount Iteration,0,249,103.026631117,0.495120048523
250 -- 5.620994837705482 --- TKE: 0.9999999999998892 
[MO833] Paramount Iteration,0,250,103.421478033,0.394846916199
251 -- 5.643478818305072 --- TKE: 0.9999999999998888 
[MO833] Paramount Iteration,0,251,103.811151028,0.389672994614
252 -- 5.665962798904651 --- TKE: 0.9999999999998883 
[MO833] Paramount Iteration,0,252,104.20088315,0.389732122421
253 -- 5.688446779504222 --- TKE: 0.9999999999998879 
[MO833] Paramount Iteration,0,253,104.590183973,0.389300823212
254 -- 5.71093076010379 --- TKE: 0.9999999999998874 
[MO833] Paramount Iteration,0,254,104.985640049,0.395456075668
255 -- 5.733414740703363 --- TKE: 0.9999999999998868 
[MO833] Paramount Iteration,0,255,105.375141144,0.389501094818
256 -- 5.755898721302941 --- TKE: 0.9999999999998865 
[MO833] Paramount Iteration,0,256,105.764380932,0.389239788055
257 -- 5.778382701902523 --- TKE: 0.9999999999998861 
[MO833] Paramount Iteration,0,257,106.153819084,0.389438152313
258 -- 5.80086668250212 --- TKE: 0.9999999999998856 
[MO833] Paramount Iteration,0,258,106.543421984,0.389602899551
259 -- 5.823350663101718 --- TKE: 0.9999999999998852 
[MO833] Paramount Iteration,0,259,107.041768074,0.498346090317
260 -- 5.8458346437013 --- TKE: 0.9999999999998845 
[MO833] Paramount Iteration,0,260,107.439945936,0.398177862167
261 -- 5.868318624300874 --- TKE: 0.9999999999998843 
[MO833] Paramount Iteration,0,261,107.83120513,0.39125919342
262 -- 5.8908026049004425 --- TKE: 0.9999999999998839 
[MO833] Paramount Iteration,0,262,108.220988035,0.389782905579
263 -- 5.91328658550001 --- TKE: 0.9999999999998834 
[MO833] Paramount Iteration,0,263,108.614001036,0.393013000488
264 -- 5.935770566099579 --- TKE: 0.9999999999998828 
[MO833] Paramount Iteration,0,264,109.00347209,0.389471054077
265 -- 5.958254546699155 --- TKE: 0.9999999999998825 
[MO833] Paramount Iteration,0,265,109.393041134,0.389569044113
266 -- 5.9807385272987394 --- TKE: 0.9999999999998821 
[MO833] Paramount Iteration,0,266,109.782547951,0.389506816864
267 -- 6.003222507851411 --- TKE: 0.9999999999998817 
[MO833] Paramount Iteration,0,267,110.171993971,0.389446020126
268 -- 6.02570648826004 --- TKE: 0.999999999999881 
[MO833] Paramount Iteration,0,268,110.561229944,0.389235973358
269 -- 6.048190468761748 --- TKE: 0.9999999999998808 
[MO833] Paramount Iteration,0,269,111.056015968,0.494786024094
270 -- 6.070674449361319 --- TKE: 0.9999999999998803 
[MO833] Paramount Iteration,0,270,111.453973055,0.397957086563
271 -- 6.093158429960892 --- TKE: 0.9999999999998799 
[MO833] Paramount Iteration,0,271,111.845037937,0.391064882278
272 -- 6.115642410560457 --- TKE: 0.9999999999998794 
[MO833] Paramount Iteration,0,272,112.234756947,0.389719009399
273 -- 6.138126391160034 --- TKE: 0.999999999999879 
[MO833] Paramount Iteration,0,273,112.624119997,0.389363050461
274 -- 6.160610371759611 --- TKE: 0.9999999999998785 
[MO833] Paramount Iteration,0,274,113.013693094,0.389573097229
275 -- 6.1830943523592 --- TKE: 0.9999999999998781 
[MO833] Paramount Iteration,0,275,113.403505087,0.389811992645
276 -- 6.205578332707704 --- TKE: 0.9999999999998777 
[MO833] Paramount Iteration,0,276,113.79274106,0.389235973358
277 -- 6.228062312864179 --- TKE: 0.999999999999877 
[MO833] Paramount Iteration,0,277,114.182435989,0.389694929123
278 -- 6.250546293077153 --- TKE: 0.9999999999998768 
[MO833] Paramount Iteration,0,278,114.571644068,0.389208078384
279 -- 6.273030273569113 --- TKE: 0.9999999999998763 
[MO833] Paramount Iteration,0,279,115.065613985,0.493969917297
280 -- 6.29551425416868 --- TKE: 0.9999999999998759 
[MO833] Paramount Iteration,0,280,115.463763952,0.398149967194
281 -- 6.317998234768246 --- TKE: 0.9999999999998752 
[MO833] Paramount Iteration,0,281,115.854172945,0.390408992767
282 -- 6.340482215367815 --- TKE: 0.9999999999998748 
[MO833] Paramount Iteration,0,282,116.244102001,0.389929056168
283 -- 6.362966195967393 --- TKE: 0.9999999999998743 
[MO833] Paramount Iteration,0,283,116.633041143,0.388939142227
284 -- 6.385450176566988 --- TKE: 0.9999999999998739 
[MO833] Paramount Iteration,0,284,117.022515059,0.3894739151
285 -- 6.407934156703515 --- TKE: 0.9999999999998734 
[MO833] Paramount Iteration,0,285,117.42041707,0.397902011871
286 -- 6.43041813661173 --- TKE: 0.999999999999873 
[MO833] Paramount Iteration,0,286,117.822497129,0.402080059052
287 -- 6.452902116551915 --- TKE: 0.9999999999998723 
[MO833] Paramount Iteration,0,287,118.224657059,0.402159929276
288 -- 6.47538609676162 --- TKE: 0.9999999999998721 
[MO833] Paramount Iteration,0,288,118.628159046,0.403501987457
289 -- 6.497870077361186 --- TKE: 0.9999999999998719 
[MO833] Paramount Iteration,0,289,119.13912797,0.510968923569
290 -- 6.5203540579607555 --- TKE: 0.9999999999998712 
[MO833] Paramount Iteration,0,290,119.548897982,0.409770011902
291 -- 6.542838038560331 --- TKE: 0.9999999999998708 
[MO833] Paramount Iteration,0,291,119.952541113,0.403643131256
292 -- 6.56532201915991 --- TKE: 0.9999999999998705 
[MO833] Paramount Iteration,0,292,120.350592136,0.398051023483
293 -- 6.587805999620115 --- TKE: 0.9999999999998699 
[MO833] Paramount Iteration,0,293,120.7407341,0.390141963959
294 -- 6.610289979541222 --- TKE: 0.9999999999998697 
[MO833] Paramount Iteration,0,294,121.130366087,0.389631986618
295 -- 6.632773959209267 --- TKE: 0.999999999999869 
[MO833] Paramount Iteration,0,295,121.520606041,0.390239953995
296 -- 6.655257938896379 --- TKE: 0.9999999999998685 
[MO833] Paramount Iteration,0,296,121.91128993,0.390683889389
297 -- 6.677741918854632 --- TKE: 0.9999999999998683 
[MO833] Paramount Iteration,0,297,122.301949024,0.390659093857
298 -- 6.700225899311348 --- TKE: 0.9999999999998677 
[MO833] Paramount Iteration,0,298,122.692523003,0.390573978424
299 -- 6.722709879910917 --- TKE: 0.9999999999998672 
[MO833] Paramount Iteration,0,299,123.187823057,0.49530005455
300 -- 6.74519386051049 --- TKE: 0.999999999999867 
[MO833] Paramount Iteration,0,300,123.585510015,0.397686958313
301 -- 6.7676778411100775 --- TKE: 0.9999999999998666 
[MO833] Paramount Iteration,0,301,123.975835085,0.390325069427
302 -- 6.790161821378222 --- TKE: 0.9999999999998661 
[MO833] Paramount Iteration,0,302,124.367488146,0.391653060913
303 -- 6.812645801084757 --- TKE: 0.9999999999998654 
[MO833] Paramount Iteration,0,303,124.757473946,0.389985799789
304 -- 6.835129780524674 --- TKE: 0.999999999999865 
[MO833] Paramount Iteration,0,304,125.146713018,0.3892390728
305 -- 6.857613759981813 --- TKE: 0.9999999999998648 
[MO833] Paramount Iteration,0,305,125.53679204,0.390079021454
306 -- 6.880097739722027 --- TKE: 0.9999999999998643 
[MO833] Paramount Iteration,0,306,125.92711401,0.390321969986
307 -- 6.902581719987556 --- TKE: 0.9999999999998639 
[MO833] Paramount Iteration,0,307,126.317055941,0.389941930771
308 -- 6.92506570058712 --- TKE: 0.9999999999998632 
[MO833] Paramount Iteration,0,308,126.711020947,0.393965005875
309 -- 6.947549681186694 --- TKE: 0.999999999999863 
[MO833] Paramount Iteration,0,309,127.22280407,0.511783123016
310 -- 6.970033661786286 --- TKE: 0.9999999999998626 
[MO833] Paramount Iteration,0,310,127.69137311,0.468569040298
311 -- 6.992517641856869 --- TKE: 0.9999999999998621 
[MO833] Paramount Iteration,0,311,128.156221151,0.464848041534
312 -- 7.015001621353826 --- TKE: 0.9999999999998614 
[MO833] Paramount Iteration,0,312,128.621223927,0.465002775192
313 -- 7.037485600581318 --- TKE: 0.999999999999861 
[MO833] Paramount Iteration,0,313,129.085494041,0.464270114899
314 -- 7.059969579834569 --- TKE: 0.9999999999998608 
[MO833] Paramount Iteration,0,314,129.49593997,0.410445928574
315 -- 7.082453559392238 --- TKE: 0.9999999999998603 
[MO833] Paramount Iteration,0,315,129.885755062,0.389815092087
316 -- 7.104937539510004 --- TKE: 0.9999999999998597 
[MO833] Paramount Iteration,0,316,130.276276112,0.3905210495
317 -- 7.12742151990261 --- TKE: 0.9999999999998594 
[MO833] Paramount Iteration,0,317,130.666157961,0.389881849289
318 -- 7.149905500376262 --- TKE: 0.999999999999859 
[MO833] Paramount Iteration,0,318,131.056751966,0.390594005585
319 -- 7.172389480975853 --- TKE: 0.9999999999998586 
[MO833] Paramount Iteration,0,319,131.551326036,0.494574069977
320 -- 7.194873460847606 --- TKE: 0.9999999999998581 
[MO833] Paramount Iteration,0,320,131.945997,0.394670963287
321 -- 7.217357440143832 --- TKE: 0.9999999999998577 
[MO833] Paramount Iteration,0,321,132.336939096,0.39094209671
322 -- 7.239841419177911 --- TKE: 0.9999999999998572 
[MO833] Paramount Iteration,0,322,132.727201939,0.390262842178
323 -- 7.26232539825587 --- TKE: 0.9999999999998568 
[MO833] Paramount Iteration,0,323,133.117805958,0.390604019165
324 -- 7.284809377668069 --- TKE: 0.9999999999998563 
[MO833] Paramount Iteration,0,324,133.508150101,0.390344142914
325 -- 7.307293357681979 --- TKE: 0.9999999999998559 
[MO833] Paramount Iteration,0,325,133.898741961,0.390591859818
326 -- 7.329777337844236 --- TKE: 0.9999999999998554 
[MO833] Paramount Iteration,0,326,134.28810215,0.389360189438
327 -- 7.352261318108402 --- TKE: 0.999999999999855 
[MO833] Paramount Iteration,0,327,134.677878141,0.38977599144
328 -- 7.374745298524144 --- TKE: 0.9999999999998546 
[MO833] Paramount Iteration,0,328,135.068298101,0.390419960022
329 -- 7.397229278199844 --- TKE: 0.9999999999998539 
[MO833] Paramount Iteration,0,329,135.57438612,0.506088018417
330 -- 7.41971325730779 --- TKE: 0.9999999999998535 
[MO833] Paramount Iteration,0,330,135.970147133,0.395761013031
331 -- 7.442197236170372 --- TKE: 0.999999999999853 
[MO833] Paramount Iteration,0,331,136.360543966,0.39039683342
332 -- 7.46468121510369 --- TKE: 0.9999999999998528 
[MO833] Paramount Iteration,0,332,136.749705076,0.389161109924
333 -- 7.4871651944085444 --- TKE: 0.9999999999998519 
[MO833] Paramount Iteration,0,333,137.139961958,0.390256881714
334 -- 7.509649174309351 --- TKE: 0.9999999999998517 
[MO833] Paramount Iteration,0,334,137.53016305,0.390201091766
335 -- 7.532133154279306 --- TKE: 0.9999999999998515 
[MO833] Paramount Iteration,0,335,137.920617104,0.390454053879
336 -- 7.554617134371907 --- TKE: 0.9999999999998506 
[MO833] Paramount Iteration,0,336,138.310960054,0.390342950821
337 -- 7.57710111463773 --- TKE: 0.9999999999998506 
[MO833] Paramount Iteration,0,337,138.700886965,0.3899269104
338 -- 7.599585094123956 --- TKE: 0.9999999999998501 
[MO833] Paramount Iteration,0,338,139.090270042,0.389383077621
339 -- 7.6220690730593015 --- TKE: 0.9999999999998497 
[MO833] Paramount Iteration,0,339,139.584841013,0.494570970535
340 -- 7.644553051774802 --- TKE: 0.999999999999849 
[MO833] Paramount Iteration,0,340,139.980203152,0.395362138748
341 -- 7.667037030595726 --- TKE: 0.9999999999998486 
[MO833] Paramount Iteration,0,341,140.370527983,0.390324831009
342 -- 7.689521009831939 --- TKE: 0.9999999999998483 
[MO833] Paramount Iteration,0,342,140.760791063,0.390263080597
343 -- 7.712004989557396 --- TKE: 0.9999999999998479 
[MO833] Paramount Iteration,0,343,141.150825024,0.390033960342
344 -- 7.734488969371415 --- TKE: 0.9999999999998472 
[MO833] Paramount Iteration,0,344,141.53973794,0.388912916183
345 -- 7.756972949328389 --- TKE: 0.9999999999998468 
[MO833] Paramount Iteration,0,345,141.929589987,0.389852046967
346 -- 7.779456929457417 --- TKE: 0.9999999999998466 
[MO833] Paramount Iteration,0,346,142.319801092,0.390211105347
347 -- 7.801940908764215 --- TKE: 0.9999999999998459 
[MO833] Paramount Iteration,0,347,142.710068941,0.390267848969
348 -- 7.8244248875455105 --- TKE: 0.9999999999998457 
[MO833] Paramount Iteration,0,348,143.103698969,0.393630027771
349 -- 7.846908866140421 --- TKE: 0.9999999999998452 
[MO833] Paramount Iteration,0,349,143.599178076,0.495479106903
350 -- 7.869392844882339 --- TKE: 0.9999999999998448 
[MO833] Paramount Iteration,0,350,143.993653059,0.394474983215
351 -- 7.891876824088729 --- TKE: 0.9999999999998441 
[MO833] Paramount Iteration,0,351,144.384034157,0.390381097794
352 -- 7.914360803673517 --- TKE: 0.9999999999998437 
[MO833] Paramount Iteration,0,352,144.774254084,0.390219926834
353 -- 7.936844783366091 --- TKE: 0.9999999999998435 
[MO833] Paramount Iteration,0,353,145.164472103,0.390218019485
354 -- 7.959328763221222 --- TKE: 0.999999999999843 
[MO833] Paramount Iteration,0,354,145.554924011,0.390451908112
355 -- 7.981812743154502 --- TKE: 0.9999999999998426 
[MO833] Paramount Iteration,0,355,145.944931984,0.390007972717
356 -- 8.004296722295088 --- TKE: 0.9999999999998421 
[MO833] Paramount Iteration,0,356,146.334187031,0.389255046844
357 -- 8.026780700943364 --- TKE: 0.9999999999998417 
[MO833] Paramount Iteration,0,357,146.724241018,0.390053987503
358 -- 8.04926467944581 --- TKE: 0.999999999999841 
[MO833] Paramount Iteration,0,358,147.11469698,0.390455961227
359 -- 8.071748658142809 --- TKE: 0.9999999999998406 
[MO833] Paramount Iteration,0,359,147.609411955,0.494714975357
360 -- 8.094232637357875 --- TKE: 0.9999999999998403 
[MO833] Paramount Iteration,0,360,148.008636951,0.399224996567
361 -- 8.116716616834942 --- TKE: 0.9999999999998397 
[MO833] Paramount Iteration,0,361,148.400884151,0.392247200012
362 -- 8.139200596438569 --- TKE: 0.9999999999998395 
[MO833] Paramount Iteration,0,362,148.790257931,0.389373779297
363 -- 8.161684576223415 --- TKE: 0.9999999999998388 
[MO833] Paramount Iteration,0,363,149.180786133,0.390528202057
364 -- 8.18416855598647 --- TKE: 0.9999999999998384 
[MO833] Paramount Iteration,0,364,149.570824146,0.390038013458
365 -- 8.206652534976879 --- TKE: 0.9999999999998381 
[MO833] Paramount Iteration,0,365,149.960852146,0.390027999878
366 -- 8.229136513515263 --- TKE: 0.9999999999998375 
[MO833] Paramount Iteration,0,366,150.350944042,0.390091896057
367 -- 8.251620491954622 --- TKE: 0.999999999999837 
[MO833] Paramount Iteration,0,367,150.74101305,0.390069007874
368 -- 8.274104470641069 --- TKE: 0.9999999999998368 
[MO833] Paramount Iteration,0,368,151.130471945,0.38945889473
369 -- 8.296588449902597 --- TKE: 0.9999999999998361 
[MO833] Paramount Iteration,0,369,151.626315117,0.495843172073
370 -- 8.319072429303034 --- TKE: 0.9999999999998359 
[MO833] Paramount Iteration,0,370,152.025372028,0.399056911469
371 -- 8.341556408848101 --- TKE: 0.9999999999998355 
[MO833] Paramount Iteration,0,371,152.417197943,0.391825914383
372 -- 8.364040388591913 --- TKE: 0.9999999999998346 
[MO833] Paramount Iteration,0,372,152.807399035,0.390201091766
373 -- 8.386524368210152 --- TKE: 0.9999999999998344 
[MO833] Paramount Iteration,0,373,153.197900057,0.390501022339
374 -- 8.409008347068848 --- TKE: 0.9999999999998339 
[MO833] Paramount Iteration,0,374,153.58854413,0.390644073486
375 -- 8.431492325522147 --- TKE: 0.9999999999998335 
[MO833] Paramount Iteration,0,375,153.979014158,0.390470027924
376 -- 8.453976303928611 --- TKE: 0.999999999999833 
[MO833] Paramount Iteration,0,376,154.369382143,0.390367984772
377 -- 8.476460282638763 --- TKE: 0.9999999999998328 
[MO833] Paramount Iteration,0,377,154.759561062,0.390178918839
378 -- 8.49894426188708 --- TKE: 0.9999999999998321 
[MO833] Paramount Iteration,0,378,155.15022707,0.390666007996
379 -- 8.521428241240042 --- TKE: 0.9999999999998317 
[MO833] Paramount Iteration,0,379,155.645158052,0.49493098259
380 -- 8.543912220754779 --- TKE: 0.9999999999998312 
[MO833] Paramount Iteration,0,380,156.043875933,0.398717880249
381 -- 8.56639620047948 --- TKE: 0.999999999999831 
[MO833] Paramount Iteration,0,381,156.435861111,0.391985177994
382 -- 8.588880179940057 --- TKE: 0.9999999999998304 
[MO833] Paramount Iteration,0,382,156.826213121,0.390352010727
383 -- 8.611364158687588 --- TKE: 0.9999999999998299 
[MO833] Paramount Iteration,0,383,157.216400146,0.39018702507
384 -- 8.633848137081928 --- TKE: 0.9999999999998295 
[MO833] Paramount Iteration,0,384,157.606791019,0.390390872955
385 -- 8.65633211548613 --- TKE: 0.9999999999998292 
[MO833] Paramount Iteration,0,385,157.997264147,0.390473127365
386 -- 8.678816094253776 --- TKE: 0.9999999999998286 
[MO833] Paramount Iteration,0,386,158.387448072,0.390183925629
387 -- 8.701300073464806 --- TKE: 0.9999999999998281 
[MO833] Paramount Iteration,0,387,158.777717113,0.390269041061
388 -- 8.723784052797425 --- TKE: 0.9999999999998277 
[MO833] Paramount Iteration,0,388,159.16822505,0.390507936478
389 -- 8.746268032307881 --- TKE: 0.9999999999998272 
[MO833] Paramount Iteration,0,389,159.66387105,0.495645999908
390 -- 8.768752011923175 --- TKE: 0.9999999999998268 
[MO833] Paramount Iteration,0,390,160.063037157,0.399166107178
391 -- 8.791235991242607 --- TKE: 0.9999999999998264 
[MO833] Paramount Iteration,0,391,160.454566002,0.391528844833
392 -- 8.813719969901241 --- TKE: 0.9999999999998259 
[MO833] Paramount Iteration,0,392,160.843862057,0.38929605484
393 -- 8.83620394826368 --- TKE: 0.9999999999998255 
[MO833] Paramount Iteration,0,393,161.234066963,0.390204906464
394 -- 8.858687926696339 --- TKE: 0.999999999999825 
[MO833] Paramount Iteration,0,394,161.624325991,0.390259027481
395 -- 8.881171905554456 --- TKE: 0.9999999999998246 
[MO833] Paramount Iteration,0,395,162.014353991,0.390027999878
396 -- 8.903655884754198 --- TKE: 0.9999999999998241 
[MO833] Paramount Iteration,0,396,162.404807091,0.390453100204
397 -- 8.926139864091574 --- TKE: 0.9999999999998237 
[MO833] Paramount Iteration,0,397,162.795140028,0.390332937241
398 -- 8.948623843621597 --- TKE: 0.9999999999998233 
[MO833] Paramount Iteration,0,398,163.186105013,0.390964984894
399 -- 8.971107823150307 --- TKE: 0.9999999999998228 
[MO833] Paramount Iteration,0,399,163.681038141,0.494933128357
400 -- 8.993591802347279 --- TKE: 0.9999999999998221 
[MO833] Paramount Iteration,0,400,164.077033043,0.395994901657
401 -- 9.016075780940621 --- TKE: 0.9999999999998221 
[MO833] Paramount Iteration,0,401,164.466478109,0.389445066452
402 -- 9.038559759298787 --- TKE: 0.9999999999998217 
[MO833] Paramount Iteration,0,402,164.855545044,0.389066934586
403 -- 9.061043737790357 --- TKE: 0.9999999999998213 
[MO833] Paramount Iteration,0,403,165.244550943,0.389005899429
404 -- 9.083527716770822 --- TKE: 0.9999999999998208 
[MO833] Paramount Iteration,0,404,165.633573055,0.389022111893
405 -- 9.106011695983382 --- TKE: 0.9999999999998201 
[MO833] Paramount Iteration,0,405,166.022333145,0.388760089874
406 -- 9.12849567534856 --- TKE: 0.9999999999998199 
[MO833] Paramount Iteration,0,406,166.411361933,0.389028787613
407 -- 9.15097965491983 --- TKE: 0.9999999999998193 
[MO833] Paramount Iteration,0,407,166.800847054,0.389485120773
408 -- 9.173463634384289 --- TKE: 0.9999999999998188 
[MO833] Paramount Iteration,0,408,167.190550089,0.389703035355
409 -- 9.195947613479182 --- TKE: 0.9999999999998186 
[MO833] Paramount Iteration,0,409,167.715460062,0.524909973145
410 -- 9.218431592031854 --- TKE: 0.9999999999998181 
[MO833] Paramount Iteration,0,410,168.112929106,0.397469043732
411 -- 9.2409155704136 --- TKE: 0.9999999999998177 
[MO833] Paramount Iteration,0,411,168.504805088,0.391875982285
412 -- 9.263399548993958 --- TKE: 0.9999999999998173 
[MO833] Paramount Iteration,0,412,168.894729137,0.389924049377
413 -- 9.285883528127261 --- TKE: 0.9999999999998168 
[MO833] Paramount Iteration,0,413,169.28451705,0.389787912369
414 -- 9.308367507374845 --- TKE: 0.9999999999998161 
[MO833] Paramount Iteration,0,414,169.674172163,0.38965511322
415 -- 9.33085148678883 --- TKE: 0.9999999999998159 
[MO833] Paramount Iteration,0,415,170.063979149,0.389806985855
416 -- 9.353335466420889 --- TKE: 0.9999999999998155 
[MO833] Paramount Iteration,0,416,170.453678131,0.389698982239
417 -- 9.3758194458428 --- TKE: 0.999999999999815 
[MO833] Paramount Iteration,0,417,170.843155146,0.389477014542
418 -- 9.398303424857371 --- TKE: 0.9999999999998144 
[MO833] Paramount Iteration,0,418,171.232656002,0.3895008564
419 -- 9.420787403394653 --- TKE: 0.9999999999998141 
[MO833] Paramount Iteration,0,419,171.726979017,0.494323015213
420 -- 9.443271381827756 --- TKE: 0.9999999999998135 
[MO833] Paramount Iteration,0,420,172.125263929,0.398284912109
421 -- 9.465755360525923 --- TKE: 0.9999999999998133 
[MO833] Paramount Iteration,0,421,172.515632153,0.39036822319
422 -- 9.488239339703938 --- TKE: 0.9999999999998126 
[MO833] Paramount Iteration,0,422,172.906263113,0.390630960464
423 -- 9.51072331900684 --- TKE: 0.9999999999998124 
[MO833] Paramount Iteration,0,423,173.296241045,0.389977931976
424 -- 9.53320729848862 --- TKE: 0.9999999999998117 
[MO833] Paramount Iteration,0,424,173.686947107,0.390706062317
425 -- 9.555691278086503 --- TKE: 0.9999999999998113 
[MO833] Paramount Iteration,0,425,174.077651978,0.390704870224
426 -- 9.578175257486826 --- TKE: 0.9999999999998108 
[MO833] Paramount Iteration,0,426,174.468001127,0.390349149704
427 -- 9.600659236443862 --- TKE: 0.9999999999998106 
[MO833] Paramount Iteration,0,427,174.857535124,0.389533996582
428 -- 9.623143214991387 --- TKE: 0.9999999999998102 
[MO833] Paramount Iteration,0,428,175.253237963,0.395702838898
429 -- 9.645627193503241 --- TKE: 0.9999999999998097 
[MO833] Paramount Iteration,0,429,175.752823114,0.499585151672
430 -- 9.668111172347134 --- TKE: 0.9999999999998093 
[MO833] Paramount Iteration,0,430,176.148770094,0.395946979523
431 -- 9.69059515158583 --- TKE: 0.9999999999998088 
[MO833] Paramount Iteration,0,431,176.538459063,0.389688968658
432 -- 9.713079130962461 --- TKE: 0.9999999999998084 
[MO833] Paramount Iteration,0,432,176.927634001,0.389174938202
433 -- 9.735563110529052 --- TKE: 0.9999999999998079 
[MO833] Paramount Iteration,0,433,177.316852093,0.389218091965
434 -- 9.758047090108136 --- TKE: 0.9999999999998075 
[MO833] Paramount Iteration,0,434,177.706079006,0.389226913452
435 -- 9.780531069507003 --- TKE: 0.999999999999807 
[MO833] Paramount Iteration,0,435,178.095129013,0.389050006866
436 -- 9.803015048430016 --- TKE: 0.9999999999998064 
[MO833] Paramount Iteration,0,436,178.484368086,0.3892390728
437 -- 9.825499027013477 --- TKE: 0.9999999999998062 
[MO833] Paramount Iteration,0,437,178.873513937,0.389145851135
438 -- 9.847983005630825 --- TKE: 0.9999999999998057 
[MO833] Paramount Iteration,0,438,179.262995958,0.389482021332
439 -- 9.870466984647004 --- TKE: 0.9999999999998053 
[MO833] Paramount Iteration,0,439,179.757013083,0.494017124176
440 -- 9.892950963964203 --- TKE: 0.9999999999998046 
[MO833] Paramount Iteration,0,440,180.155055046,0.398041963577
441 -- 9.915434943431126 --- TKE: 0.9999999999998044 
[MO833] Paramount Iteration,0,441,180.544816017,0.389760971069
442 -- 9.93791892309762 --- TKE: 0.9999999999998039 
[MO833] Paramount Iteration,0,442,180.934446096,0.389630079269
443 -- 9.960402902676872 --- TKE: 0.9999999999998035 
[MO833] Paramount Iteration,0,443,181.323904991,0.38945889473
444 -- 9.982886882093483 --- TKE: 0.999999999999803 
[MO833] Paramount Iteration,0,444,181.713293076,0.389388084412
445 -- 10.005370861006428 --- TKE: 0.9999999999998026 
[MO833] PI avg,0,0.403846152981,445
[MO833] Beta,0,0.000840603037799
[MO833] Total time,0,182.253643036
