--------------------------------------------------------------------------
[[50333,1],0]: A high-performance Open MPI point-to-point messaging module
was unable to find any relevant network interfaces:

Module: OpenFabrics (openib)
  Host: node06

Another transport will be used instead, although this may result in
lower performance.

NOTE: You can disable this warning by setting the MCA parameter
btl_base_warn_component_unused to 0.
--------------------------------------------------------------------------
 
                                 _       
                                | |      
 _ __  _   _ _ __ __ _ _ __   __| | __ _ 
| '_ \| | | | '__/ _` | '_ \ / _` |/ _` |
| |_) | |_| | | | (_| | | | | (_| | (_| |
| .__/ \__, |_|  \__,_|_| |_|\__,_|\__,_|
| |     __/ |                            
|_|    |___/                             

Version 1.0

Copyright (c) 2020 Lawrence Livermore National Laboratory (LLNL-CODE-749864)
All rights reserved. 
For details about use and distribution, please read: pyranda/LICENSE

Adding variables: tke
Adding variables: tauxz
Adding variables: tauxy
Adding variables: tauxx
Adding variables: tauzz
Adding variables: cs
Adding variables: vx
Adding variables: vy
Adding variables: vz
Adding variables: tauyy
Adding variables: tauyz
Adding variables: taudia
Adding variables: rhow
Adding variables: rhov
Adding variables: rhou
Adding variables: S
Adding variables: rho
Adding variables: dt
Adding variables: wz
Adding variables: wy
Adding variables: wx
Adding variables: enst
Adding variables: uy
Adding variables: ux
Adding variables: uz
Adding variables: beta
Adding variables: mu
Adding variables: p
Adding variables: u
Adding variables: w
Adding variables: v
Adding variables: Et
Adding variables: div
Adding variables: gamma
Adding equations of motion: 
(1)   ddt(:rho:)  =  -ddx(:rho:*:u:)                  - ddy(:rho:*:v:)                  - ddz(:rho:*:w:)
(2)   ddt(:rhou:) =  -ddx(:rhou:*:u: + :p: - :tauxx:) - ddy(:rhou:*:v: - :tauxy:)       - ddz(:rhou:*:w: - :tauxz:)
(3)   ddt(:rhov:) =  -ddx(:rhov:*:u: - :tauxy:)       - ddy(:rhov:*:v: + :p: - :tauyy:) - ddz(:rhov:*:w: - :tauyz:)
(4)   ddt(:rhow:) =  -ddx(:rhow:*:u: - :tauxz:)       - ddy(:rhow:*:v: - :tauyz:)       - ddz(:rhow:*:w: + :p: - :tauzz:)
(5)   ddt(:Et:)   =  -ddx( (:Et: - :tauxx:)*:u: - :tauxy:*:v: - :tauxz:*:w: ) - ddy( (:Et: - :tauyy:)*:v: -:tauxy:*:u: - :tauyz:*:w:) - ddz( (:Et: - :tauzz:)*:w: - :tauxz:*:u: - :tauyz:*:v: )
(6)   :rho:       =  fbar( :rho:  )
(7)   :rhou:      =  fbar( :rhou: )
(8)   :rhov:      =  fbar( :rhov: )
(9)   :rhow:      =  fbar( :rhow: )
(10)   :Et:        =  fbar( :Et:   )
(11)   :u:         =  :rhou: / :rho:
(12)   :v:         =  :rhov: / :rho:
(13)   :w:         =  :rhow: / :rho:
(14)   :p:         =  ( :Et: - .5*:rho:*(:u:*:u: + :v:*:v: + :w:*:w:) ) * ( :gamma: - 1.0 )
(15)   :ux:        =  ddx(:u:)
(16)   :vy:        =  ddy(:v:)
(17)   :wz:        =  ddz(:w:)
(18)   :div:       =  :ux: + :vy: + :wz:
(19)   :uy:        =  ddy(:u:)
(20)   :uz:        =  ddz(:u:)
(21)   :vx:        =  ddx(:v:)
(22)   :vz:        =  ddz(:v:)
(23)   :wy:        =  ddy(:w:)
(24)   :wx:        =  ddx(:w:)
(25)   :enst:      = sqrt( (:uy:-:vx:)**2 + (:uz: - :wx:)**2 + (:vz:-:wy:)**2 )
(26)   :tke:       = :rho:*(:u:*:u: + :v:*:v: + :w:*:w:)
(27)   :S:         = sqrt( :ux:*:ux: + :vy:*:vy: + :wz:*:wz: + .5*((:uy:+:vx:)**2 + (:uz: + :wx:)**2 + (:vz:+:wy:)**2) )
(28)   :mu:        =  gbar( abs(ring(:S:  )) ) * :rho: * 0.0e-4
(29)   :beta:      =  gbar( abs(ring(:div:)) * :rho: )  * 0.0e-4
(30)   :taudia:    =  (:beta:-2./3.*:mu:) *:div:
(31)   :tauxx:     =  2.0*:mu:*:ux:   + :taudia: - :p:
(32)   :tauyy:     =  2.0*:mu:*:vy:   + :taudia: - :p:
(33)   :tauzz:     =  2.0*:mu:*:wz:   + :taudia: - :p:
(34)   :tauxy:     = :mu:*(:uy:+:vx:) + :taudia:
(35)   :tauxz:     = :mu:*(:uz:+:wx:) + :taudia:
(36)   :tauyz:     = :mu:*(:vz:+:wz:) + :taudia:
(37)   :cs:  = sqrt( :p: / :rho: * :gamma: )
(38)   :dt: = dt.courant(:u:,:v:,:w:,:cs:)*.5
(39)   :dt: = numpy.minimum(:dt:,0.2 * dt.diff(:beta:,:rho:))
(40)   :dt: = numpy.minimum(:dt:,0.2 * dt.diff(:mu:,:rho:))
1 -- 0.02248394948883534 --- TKE: 0.9999999999999996 
[MO833] Paramount Iteration,0,1,2.3445789814,0.443691968918
2 -- 0.04496791230635282 --- TKE: 0.9999999999999991 
[MO833] Paramount Iteration,0,2,2.74762797356,0.403048992157
3 -- 0.06745186837754023 --- TKE: 0.9999999999999987 
[MO833] Paramount Iteration,0,3,3.15038394928,0.402755975723
4 -- 0.08993583542611668 --- TKE: 0.9999999999999982 
[MO833] Paramount Iteration,0,4,3.55307388306,0.402689933777
5 -- 0.11241981341752164 --- TKE: 0.999999999999998 
[MO833] Paramount Iteration,0,5,3.95231580734,0.399241924286
6 -- 0.13490379401705727 --- TKE: 0.9999999999999973 
[MO833] Paramount Iteration,0,6,4.34380197525,0.391486167908
7 -- 0.15738777056800624 --- TKE: 0.9999999999999971 
[MO833] Paramount Iteration,0,7,4.73386478424,0.39006280899
8 -- 0.17987174409631773 --- TKE: 0.9999999999999964 
[MO833] Paramount Iteration,0,8,5.12396597862,0.390101194382
9 -- 0.20235571634301688 --- TKE: 0.9999999999999962 
[MO833] Paramount Iteration,0,9,5.63224983215,0.508283853531
10 -- 0.22483968908797633 --- TKE: 0.9999999999999956 
[MO833] Paramount Iteration,0,10,6.04652190208,0.414272069931
11 -- 0.24732366185121737 --- TKE: 0.9999999999999951 
[MO833] Paramount Iteration,0,11,6.44193696976,0.395415067673
12 -- 0.26980763521126494 --- TKE: 0.9999999999999947 
[MO833] Paramount Iteration,0,12,6.8320248127,0.390087842941
13 -- 0.2922916107764899 --- TKE: 0.9999999999999944 
[MO833] Paramount Iteration,0,13,7.22136688232,0.389342069626
14 -- 0.31477558792984833 --- TKE: 0.999999999999994 
[MO833] Paramount Iteration,0,14,7.61121988297,0.389853000641
15 -- 0.33725956581054994 --- TKE: 0.9999999999999933 
[MO833] Paramount Iteration,0,15,8.00130295753,0.39008307457
16 -- 0.35974354420844984 --- TKE: 0.9999999999999931 
[MO833] Paramount Iteration,0,16,8.39129090309,0.389987945557
17 -- 0.38222752235167984 --- TKE: 0.9999999999999927 
[MO833] Paramount Iteration,0,17,8.78122782707,0.389936923981
18 -- 0.40471150016108964 --- TKE: 0.9999999999999922 
[MO833] Paramount Iteration,0,18,9.17088890076,0.389661073685
19 -- 0.4271954780139281 --- TKE: 0.9999999999999916 
[MO833] Paramount Iteration,0,19,9.67269492149,0.501806020737
20 -- 0.44967945607085197 --- TKE: 0.9999999999999911 
[MO833] Paramount Iteration,0,20,10.069259882,0.39656496048
21 -- 0.4721634343200721 --- TKE: 0.9999999999999909 
[MO833] Paramount Iteration,0,21,10.4582719803,0.389012098312
22 -- 0.49464741264111356 --- TKE: 0.9999999999999905 
[MO833] Paramount Iteration,0,22,10.8472189903,0.38894701004
23 -- 0.5171313908759285 --- TKE: 0.9999999999999898 
[MO833] Paramount Iteration,0,23,11.2368648052,0.389645814896
24 -- 0.5396153688962037 --- TKE: 0.9999999999999893 
[MO833] Paramount Iteration,0,24,11.6256968975,0.388832092285
25 -- 0.5620993466578728 --- TKE: 0.9999999999999889 
[MO833] Paramount Iteration,0,25,12.0147268772,0.389029979706
26 -- 0.5845833242365814 --- TKE: 0.9999999999999885 
[MO833] Paramount Iteration,0,26,12.4038410187,0.389114141464
27 -- 0.6070673018410178 --- TKE: 0.999999999999988 
[MO833] Paramount Iteration,0,27,12.7929627895,0.389121770859
28 -- 0.6295512798040238 --- TKE: 0.9999999999999876 
[MO833] Paramount Iteration,0,28,13.1821789742,0.389216184616
29 -- 0.652035257498954 --- TKE: 0.9999999999999873 
[MO833] Paramount Iteration,0,29,13.6832067966,0.501027822495
30 -- 0.6745192349135056 --- TKE: 0.9999999999999867 
[MO833] Paramount Iteration,0,30,14.0809857845,0.397778987885
31 -- 0.697003212275309 --- TKE: 0.9999999999999862 
[MO833] Paramount Iteration,0,31,14.4701788425,0.389193058014
32 -- 0.7194871892340751 --- TKE: 0.9999999999999858 
[MO833] Paramount Iteration,0,32,14.859513998,0.389335155487
33 -- 0.741971165384183 --- TKE: 0.9999999999999856 
[MO833] Paramount Iteration,0,33,15.24801898,0.388504981995
34 -- 0.7644551401841853 --- TKE: 0.9999999999999849 
[MO833] Paramount Iteration,0,34,15.6371769905,0.389158010483
35 -- 0.7869391141929066 --- TKE: 0.9999999999999847 
[MO833] Paramount Iteration,0,35,16.026391983,0.389214992523
36 -- 0.8094230880508954 --- TKE: 0.9999999999999842 
[MO833] Paramount Iteration,0,36,16.4150929451,0.388700962067
37 -- 0.831907062439042 --- TKE: 0.9999999999999836 
[MO833] Paramount Iteration,0,37,16.8040168285,0.388923883438
38 -- 0.8543910374431298 --- TKE: 0.9999999999999833 
[MO833] Paramount Iteration,0,38,17.1934549809,0.389438152313
39 -- 0.8768750128023721 --- TKE: 0.9999999999999827 
[MO833] Paramount Iteration,0,39,17.6864387989,0.492983818054
40 -- 0.8993589886869491 --- TKE: 0.9999999999999822 
[MO833] Paramount Iteration,0,40,18.0823528767,0.395914077759
41 -- 0.9218429645573665 --- TKE: 0.9999999999999818 
[MO833] Paramount Iteration,0,41,18.4712569714,0.388904094696
42 -- 0.9443269400170909 --- TKE: 0.9999999999999816 
[MO833] Paramount Iteration,0,42,18.8638010025,0.392544031143
43 -- 0.9668109152366252 --- TKE: 0.9999999999999809 
[MO833] Paramount Iteration,0,43,19.2548849583,0.391083955765
44 -- 0.9892948900220438 --- TKE: 0.9999999999999802 
[MO833] Paramount Iteration,0,44,19.6440298557,0.389144897461
45 -- 1.0117788645119175 --- TKE: 0.99999999999998 
[MO833] Paramount Iteration,0,45,20.0332369804,0.38920712471
46 -- 1.0342628394194517 --- TKE: 0.9999999999999796 
[MO833] Paramount Iteration,0,46,20.4222028255,0.388965845108
47 -- 1.0567468153947515 --- TKE: 0.9999999999999791 
[MO833] Paramount Iteration,0,47,20.8108558655,0.388653039932
48 -- 1.079230791926517 --- TKE: 0.9999999999999787 
[MO833] Paramount Iteration,0,48,21.1997728348,0.388916969299
49 -- 1.1017147691169928 --- TKE: 0.9999999999999785 
[MO833] Paramount Iteration,0,49,21.6964058876,0.496633052826
50 -- 1.1241987464063088 --- TKE: 0.9999999999999778 
[MO833] Paramount Iteration,0,50,22.0918738842,0.395467996597
51 -- 1.1466827235704906 --- TKE: 0.9999999999999776 
[MO833] Paramount Iteration,0,51,22.4806628227,0.388788938522
52 -- 1.1691667007473199 --- TKE: 0.9999999999999767 
[MO833] Paramount Iteration,0,52,22.8692348003,0.388571977615
53 -- 1.1916506780693243 --- TKE: 0.9999999999999765 
[MO833] Paramount Iteration,0,53,23.2581889629,0.388954162598
54 -- 1.2141346550201348 --- TKE: 0.999999999999976 
[MO833] Paramount Iteration,0,54,23.6471469402,0.388957977295
55 -- 1.2366186321554948 --- TKE: 0.9999999999999754 
[MO833] Paramount Iteration,0,55,24.0357458591,0.388598918915
56 -- 1.2591026100219054 --- TKE: 0.9999999999999749 
[MO833] Paramount Iteration,0,56,24.4242699146,0.388524055481
57 -- 1.2815865889728366 --- TKE: 0.9999999999999747 
[MO833] Paramount Iteration,0,57,24.8132488728,0.38897895813
58 -- 1.3040705684946423 --- TKE: 0.9999999999999745 
[MO833] Paramount Iteration,0,58,25.2020587921,0.388809919357
59 -- 1.3265545482098886 --- TKE: 0.9999999999999736 
[MO833] Paramount Iteration,0,59,25.695114851,0.493056058884
60 -- 1.3490385279946209 --- TKE: 0.9999999999999734 
[MO833] Paramount Iteration,0,60,26.0964097977,0.401294946671
61 -- 1.371522507936614 --- TKE: 0.9999999999999729 
[MO833] Paramount Iteration,0,61,26.4855868816,0.389177083969
62 -- 1.3940064881131407 --- TKE: 0.9999999999999727 
[MO833] Paramount Iteration,0,62,26.8755679131,0.389981031418
63 -- 1.4164904680080184 --- TKE: 0.999999999999972 
[MO833] Paramount Iteration,0,63,27.2771718502,0.401603937149
64 -- 1.438974447817866 --- TKE: 0.9999999999999714 
[MO833] Paramount Iteration,0,64,27.6875720024,0.410400152206
65 -- 1.4614584279359546 --- TKE: 0.9999999999999711 
[MO833] Paramount Iteration,0,65,28.150703907,0.463131904602
66 -- 1.4839424085355155 --- TKE: 0.9999999999999705 
[MO833] Paramount Iteration,0,66,28.6137700081,0.463066101074
67 -- 1.5064263891350915 --- TKE: 0.9999999999999705 
[MO833] Paramount Iteration,0,67,29.0276858807,0.413915872574
68 -- 1.5289103697346547 --- TKE: 0.9999999999999698 
[MO833] Paramount Iteration,0,68,29.4166619778,0.388976097107
69 -- 1.5513943503342058 --- TKE: 0.9999999999999694 
[MO833] Paramount Iteration,0,69,29.9139289856,0.497267007828
70 -- 1.573878330933748 --- TKE: 0.9999999999999691 
[MO833] Paramount Iteration,0,70,30.3117678165,0.397838830948
71 -- 1.5963623115332832 --- TKE: 0.9999999999999685 
[MO833] Paramount Iteration,0,71,30.7038528919,0.392085075378
72 -- 1.6188462921328246 --- TKE: 0.999999999999968 
[MO833] Paramount Iteration,0,72,31.0959508419,0.392097949982
73 -- 1.6413302727323715 --- TKE: 0.9999999999999676 
[MO833] Paramount Iteration,0,73,31.4876408577,0.391690015793
74 -- 1.6638142533319324 --- TKE: 0.9999999999999671 
[MO833] Paramount Iteration,0,74,31.8765079975,0.388867139816
75 -- 1.6862982339315096 --- TKE: 0.9999999999999667 
[MO833] Paramount Iteration,0,75,32.2658917904,0.389383792877
76 -- 1.7087822145310758 --- TKE: 0.9999999999999662 
[MO833] Paramount Iteration,0,76,32.6544659138,0.388574123383
77 -- 1.7312661951306325 --- TKE: 0.9999999999999656 
[MO833] Paramount Iteration,0,77,33.043006897,0.3885409832
78 -- 1.7537501757301825 --- TKE: 0.9999999999999654 
[MO833] Paramount Iteration,0,78,33.4318540096,0.388847112656
79 -- 1.7762341563297257 --- TKE: 0.9999999999999649 
[MO833] Paramount Iteration,0,79,33.9256458282,0.493791818619
80 -- 1.7987181369292657 --- TKE: 0.9999999999999643 
[MO833] Paramount Iteration,0,80,34.3228878975,0.397242069244
81 -- 1.821202117528811 --- TKE: 0.999999999999964 
[MO833] Paramount Iteration,0,81,34.7195208073,0.396632909775
82 -- 1.843686098128367 --- TKE: 0.9999999999999638 
[MO833] Paramount Iteration,0,82,35.1134388447,0.393918037415
83 -- 1.8661700787279318 --- TKE: 0.9999999999999629 
[MO833] Paramount Iteration,0,83,35.5077278614,0.394289016724
84 -- 1.8886540593275125 --- TKE: 0.9999999999999627 
[MO833] Paramount Iteration,0,84,35.8967018127,0.38897395134
85 -- 1.9111380399270799 --- TKE: 0.999999999999962 
[MO833] Paramount Iteration,0,85,36.2862370014,0.389535188675
86 -- 1.9336220205266375 --- TKE: 0.9999999999999618 
[MO833] Paramount Iteration,0,86,36.6758239269,0.389586925507
87 -- 1.9561060011261877 --- TKE: 0.9999999999999614 
[MO833] Paramount Iteration,0,87,37.0646688938,0.388844966888
88 -- 1.9785899817257362 --- TKE: 0.9999999999999611 
[MO833] Paramount Iteration,0,88,37.4535717964,0.388902902603
89 -- 2.0010739623252847 --- TKE: 0.9999999999999605 
[MO833] Paramount Iteration,0,89,37.9503529072,0.496781110764
90 -- 2.023557942924837 --- TKE: 0.99999999999996 
[MO833] Paramount Iteration,0,90,38.3479959965,0.397643089294
91 -- 2.0460419235244 --- TKE: 0.9999999999999594 
[MO833] Paramount Iteration,0,91,38.740913868,0.392917871475
92 -- 2.0685259041239688 --- TKE: 0.9999999999999591 
[MO833] Paramount Iteration,0,92,39.1306128502,0.389698982239
93 -- 2.0910098847235514 --- TKE: 0.9999999999999587 
[MO833] Paramount Iteration,0,93,39.5196537971,0.38904094696
94 -- 2.1134938653231283 --- TKE: 0.9999999999999583 
[MO833] Paramount Iteration,0,94,39.9089198112,0.389266014099
95 -- 2.1359778459226977 --- TKE: 0.999999999999958 
[MO833] Paramount Iteration,0,95,40.2982759476,0.389356136322
96 -- 2.158461826522259 --- TKE: 0.9999999999999571 
[MO833] Paramount Iteration,0,96,40.6871039867,0.388828039169
97 -- 2.1809458071218164 --- TKE: 0.9999999999999569 
[MO833] Paramount Iteration,0,97,41.0768868923,0.389782905579
98 -- 2.2034297877213715 --- TKE: 0.9999999999999563 
[MO833] Paramount Iteration,0,98,41.4667367935,0.389849901199
99 -- 2.2259137683209325 --- TKE: 0.999999999999956 
[MO833] Paramount Iteration,0,99,41.9613180161,0.494581222534
100 -- 2.2483977489205 --- TKE: 0.9999999999999558 
[MO833] Paramount Iteration,0,100,42.3586809635,0.397362947464
101 -- 2.270881729520079 --- TKE: 0.9999999999999551 
[MO833] Paramount Iteration,0,101,42.7516298294,0.392948865891
102 -- 2.293365710119669 --- TKE: 0.9999999999999547 
[MO833] Paramount Iteration,0,102,43.1437838078,0.392153978348
103 -- 2.3158496907192587 --- TKE: 0.999999999999954 
[MO833] Paramount Iteration,0,103,43.5349349976,0.391151189804
104 -- 2.338333671318844 --- TKE: 0.9999999999999538 
[MO833] Paramount Iteration,0,104,43.9247319698,0.389796972275
105 -- 2.3608176519184227 --- TKE: 0.9999999999999531 
[MO833] Paramount Iteration,0,105,44.3133018017,0.388569831848
106 -- 2.383301632517996 --- TKE: 0.9999999999999529 
[MO833] Paramount Iteration,0,106,44.7031109333,0.389809131622
107 -- 2.4057856131175708 --- TKE: 0.9999999999999525 
[MO833] Paramount Iteration,0,107,45.093405962,0.390295028687
108 -- 2.428269593717144 --- TKE: 0.9999999999999518 
[MO833] Paramount Iteration,0,108,45.4833619595,0.389955997467
109 -- 2.450753574316726 --- TKE: 0.9999999999999516 
[MO833] Paramount Iteration,0,109,45.9771800041,0.493818044662
110 -- 2.473237554916315 --- TKE: 0.9999999999999512 
[MO833] Paramount Iteration,0,110,46.3812129498,0.404032945633
111 -- 2.495721535515917 --- TKE: 0.9999999999999509 
[MO833] Paramount Iteration,0,111,46.7737939358,0.392580986023
112 -- 2.5182055161155197 --- TKE: 0.99999999999995 
[MO833] Paramount Iteration,0,112,47.1661989689,0.392405033112
113 -- 2.5406894967151143 --- TKE: 0.9999999999999498 
[MO833] Paramount Iteration,0,113,47.5571038723,0.390904903412
114 -- 2.563173477314707 --- TKE: 0.9999999999999494 
[MO833] Paramount Iteration,0,114,47.9458658695,0.388761997223
115 -- 2.5856574579142957 --- TKE: 0.9999999999999489 
[MO833] Paramount Iteration,0,115,48.3345248699,0.388659000397
116 -- 2.6081414385138806 --- TKE: 0.9999999999999485 
[MO833] Paramount Iteration,0,116,48.7237420082,0.38921713829
117 -- 2.630625419113471 --- TKE: 0.999999999999948 
[MO833] Paramount Iteration,0,117,49.1126170158,0.388875007629
118 -- 2.6531093997130686 --- TKE: 0.9999999999999476 
[MO833] Paramount Iteration,0,118,49.5011928082,0.388575792313
119 -- 2.67559338031267 --- TKE: 0.9999999999999469 
[MO833] Paramount Iteration,0,119,49.998860836,0.497668027878
120 -- 2.6980773609122832 --- TKE: 0.9999999999999467 
[MO833] Paramount Iteration,0,120,50.3962190151,0.397358179092
121 -- 2.7205613415118917 --- TKE: 0.9999999999999463 
[MO833] Paramount Iteration,0,121,50.7886350155,0.392416000366
122 -- 2.743045322111495 --- TKE: 0.9999999999999458 
[MO833] Paramount Iteration,0,122,51.1775579453,0.388922929764
123 -- 2.7655293027110934 --- TKE: 0.9999999999999454 
[MO833] Paramount Iteration,0,123,51.5665249825,0.388967037201
124 -- 2.7880132833106908 --- TKE: 0.9999999999999452 
[MO833] Paramount Iteration,0,124,51.9552109241,0.388685941696
125 -- 2.8104972639102925 --- TKE: 0.9999999999999447 
[MO833] Paramount Iteration,0,125,52.3441669941,0.388956069946
126 -- 2.8329812445098965 --- TKE: 0.999999999999944 
[MO833] Paramount Iteration,0,126,52.7328698635,0.388702869415
127 -- 2.8554652251095027 --- TKE: 0.9999999999999436 
[MO833] Paramount Iteration,0,127,53.1218719482,0.389002084732
128 -- 2.8779492057091125 --- TKE: 0.9999999999999434 
[MO833] Paramount Iteration,0,128,53.5117678642,0.389895915985
129 -- 2.9004331862051895 --- TKE: 0.9999999999999427 
[MO833] Paramount Iteration,0,129,54.0043618679,0.492594003677
130 -- 2.922917166804799 --- TKE: 0.9999999999999423 
[MO833] Paramount Iteration,0,130,54.4019060135,0.397544145584
131 -- 2.9454011474044077 --- TKE: 0.9999999999999418 
[MO833] Paramount Iteration,0,131,54.7948789597,0.392972946167
132 -- 2.9678851280040153 --- TKE: 0.9999999999999412 
[MO833] Paramount Iteration,0,132,55.1878159046,0.392936944962
133 -- 2.990369108603619 --- TKE: 0.9999999999999409 
[MO833] Paramount Iteration,0,133,55.578676939,0.390861034393
134 -- 3.012853089203225 --- TKE: 0.9999999999999405 
[MO833] Paramount Iteration,0,134,55.9673919678,0.388715028763
135 -- 3.035337069802835 --- TKE: 0.9999999999999398 
[MO833] Paramount Iteration,0,135,56.356099844,0.388707876205
136 -- 3.057821050402447 --- TKE: 0.9999999999999398 
[MO833] Paramount Iteration,0,136,56.7449908257,0.388890981674
137 -- 3.080305031002058 --- TKE: 0.9999999999999392 
[MO833] Paramount Iteration,0,137,57.1336479187,0.388657093048
138 -- 3.1027890113773555 --- TKE: 0.9999999999999387 
[MO833] Paramount Iteration,0,138,57.522564888,0.388916969299
139 -- 3.125272991794968 --- TKE: 0.999999999999938 
[MO833] Paramount Iteration,0,139,58.0164480209,0.493883132935
140 -- 3.147756972394573 --- TKE: 0.9999999999999376 
[MO833] Paramount Iteration,0,140,58.4137589931,0.397310972214
141 -- 3.1702409529941784 --- TKE: 0.9999999999999372 
[MO833] Paramount Iteration,0,141,58.8059999943,0.392241001129
142 -- 3.1927249335937846 --- TKE: 0.9999999999999367 
[MO833] Paramount Iteration,0,142,59.1982698441,0.392269849777
143 -- 3.215208914193392 --- TKE: 0.9999999999999365 
[MO833] Paramount Iteration,0,143,59.5891859531,0.390916109085
144 -- 3.237692894793 --- TKE: 0.999999999999936 
[MO833] Paramount Iteration,0,144,59.9782829285,0.389096975327
145 -- 3.2601768753926135 --- TKE: 0.9999999999999356 
[MO833] Paramount Iteration,0,145,60.3729629517,0.394680023193
146 -- 3.2826608559922197 --- TKE: 0.9999999999999352 
[MO833] Paramount Iteration,0,146,60.7627317905,0.389768838882
147 -- 3.305144836396795 --- TKE: 0.9999999999999349 
[MO833] Paramount Iteration,0,147,61.1517159939,0.388984203339
148 -- 3.3276288167755883 --- TKE: 0.999999999999934 
[MO833] Paramount Iteration,0,148,61.541009903,0.389293909073
149 -- 3.350112797375189 --- TKE: 0.9999999999999338 
[MO833] Paramount Iteration,0,149,62.0382158756,0.497205972672
150 -- 3.3725967779747896 --- TKE: 0.9999999999999332 
[MO833] Paramount Iteration,0,150,62.4353477955,0.397131919861
151 -- 3.3950807585743927 --- TKE: 0.9999999999999332 
[MO833] Paramount Iteration,0,151,62.8272619247,0.391914129257
152 -- 3.417564739174003 --- TKE: 0.9999999999999325 
[MO833] Paramount Iteration,0,152,63.2157487869,0.388486862183
153 -- 3.440048719773613 --- TKE: 0.999999999999932 
[MO833] Paramount Iteration,0,153,63.6042819023,0.388533115387
154 -- 3.462532700373216 --- TKE: 0.9999999999999314 
[MO833] Paramount Iteration,0,154,63.992910862,0.388628959656
155 -- 3.485016680972813 --- TKE: 0.9999999999999312 
[MO833] Paramount Iteration,0,155,64.3823199272,0.389409065247
156 -- 3.5075006615140083 --- TKE: 0.9999999999999307 
[MO833] Paramount Iteration,0,156,64.7716538906,0.389333963394
157 -- 3.5299846419603895 --- TKE: 0.9999999999999303 
[MO833] Paramount Iteration,0,157,65.1612379551,0.389584064484
158 -- 3.552468622559983 --- TKE: 0.9999999999999301 
[MO833] Paramount Iteration,0,158,65.5499370098,0.388699054718
159 -- 3.574952603159577 --- TKE: 0.9999999999999296 
[MO833] Paramount Iteration,0,159,66.0434169769,0.493479967117
160 -- 3.597436583759178 --- TKE: 0.999999999999929 
[MO833] Paramount Iteration,0,160,66.4403288364,0.396911859512
161 -- 3.6199205643587824 --- TKE: 0.9999999999999285 
[MO833] Paramount Iteration,0,161,66.8321788311,0.391849994659
162 -- 3.6424045449583855 --- TKE: 0.9999999999999281 
[MO833] Paramount Iteration,0,162,67.2242097855,0.392030954361
163 -- 3.664888525557982 --- TKE: 0.9999999999999278 
[MO833] Paramount Iteration,0,163,67.6147689819,0.390559196472
164 -- 3.6873725061575726 --- TKE: 0.9999999999999274 
[MO833] Paramount Iteration,0,164,68.0033679008,0.388598918915
165 -- 3.709856486757158 --- TKE: 0.9999999999999267 
[MO833] Paramount Iteration,0,165,68.3917369843,0.388369083405
166 -- 3.732340467340761 --- TKE: 0.9999999999999263 
[MO833] Paramount Iteration,0,166,68.7803587914,0.388621807098
167 -- 3.7548244479403468 --- TKE: 0.9999999999999258 
[MO833] Paramount Iteration,0,167,69.1688699722,0.388511180878
168 -- 3.7773084285399374 --- TKE: 0.9999999999999254 
[MO833] Paramount Iteration,0,168,69.5572948456,0.388424873352
169 -- 3.79979240913953 --- TKE: 0.9999999999999252 
[MO833] Paramount Iteration,0,169,70.0497829914,0.492488145828
170 -- 3.822276389739134 --- TKE: 0.9999999999999243 
[MO833] Paramount Iteration,0,170,70.4472129345,0.397429943085
171 -- 3.8447603703387334 --- TKE: 0.9999999999999241 
[MO833] Paramount Iteration,0,171,70.8394389153,0.392225980759
172 -- 3.867244350938323 --- TKE: 0.9999999999999236 
[MO833] Paramount Iteration,0,172,71.2316529751,0.39221405983
173 -- 3.8897283315379036 --- TKE: 0.9999999999999234 
[MO833] Paramount Iteration,0,173,71.62190485,0.390251874924
174 -- 3.9122123121374837 --- TKE: 0.999999999999923 
[MO833] Paramount Iteration,0,174,72.0105578899,0.388653039932
175 -- 3.9346962927370615 --- TKE: 0.9999999999999225 
[MO833] Paramount Iteration,0,175,72.3990149498,0.38845705986
176 -- 3.9571802733366406 --- TKE: 0.9999999999999218 
[MO833] Paramount Iteration,0,176,72.7878038883,0.388788938522
177 -- 3.9796642539362255 --- TKE: 0.9999999999999214 
[MO833] Paramount Iteration,0,177,73.1774749756,0.389671087265
178 -- 4.002148234535818 --- TKE: 0.999999999999921 
[MO833] Paramount Iteration,0,178,73.56741786,0.389942884445
179 -- 4.024632215135417 --- TKE: 0.9999999999999207 
[MO833] Paramount Iteration,0,179,74.0621089935,0.494691133499
180 -- 4.0471161957350095 --- TKE: 0.9999999999999201 
[MO833] Paramount Iteration,0,180,74.4608118534,0.398702859879
181 -- 4.06960017633459 --- TKE: 0.9999999999999196 
[MO833] Paramount Iteration,0,181,74.8544418812,0.393630027771
182 -- 4.092084156934162 --- TKE: 0.9999999999999194 
[MO833] Paramount Iteration,0,182,75.2442669868,0.389825105667
183 -- 4.114568137533732 --- TKE: 0.9999999999999187 
[MO833] Paramount Iteration,0,183,75.6339888573,0.389721870422
184 -- 4.137052118133306 --- TKE: 0.9999999999999185 
[MO833] Paramount Iteration,0,184,76.0237379074,0.38974905014
185 -- 4.159536098732883 --- TKE: 0.9999999999999178 
[MO833] Paramount Iteration,0,185,76.4134078026,0.389669895172
186 -- 4.182020079332465 --- TKE: 0.9999999999999174 
[MO833] Paramount Iteration,0,186,76.8020758629,0.388668060303
187 -- 4.2045040599320505 --- TKE: 0.9999999999999172 
[MO833] Paramount Iteration,0,187,77.1908168793,0.388741016388
188 -- 4.226988040531646 --- TKE: 0.9999999999999165 
[MO833] Paramount Iteration,0,188,77.5792047977,0.388387918472
189 -- 4.249472021131237 --- TKE: 0.9999999999999163 
[MO833] Paramount Iteration,0,189,78.0719349384,0.492730140686
190 -- 4.271956001730815 --- TKE: 0.9999999999999158 
[MO833] Paramount Iteration,0,190,78.4704649448,0.398530006409
191 -- 4.294439982330389 --- TKE: 0.9999999999999154 
[MO833] Paramount Iteration,0,191,78.8606858253,0.390220880508
192 -- 4.316923962929958 --- TKE: 0.999999999999915 
[MO833] Paramount Iteration,0,192,79.2492070198,0.388521194458
193 -- 4.339407943529525 --- TKE: 0.9999999999999141 
[MO833] Paramount Iteration,0,193,79.6379468441,0.388739824295
194 -- 4.361891924129091 --- TKE: 0.9999999999999138 
[MO833] Paramount Iteration,0,194,80.0268609524,0.388914108276
195 -- 4.384375904728668 --- TKE: 0.9999999999999136 
[MO833] Paramount Iteration,0,195,80.4154508114,0.388589859009
196 -- 4.4068598853282515 --- TKE: 0.999999999999913 
[MO833] Paramount Iteration,0,196,80.8040869236,0.388636112213
197 -- 4.429343865927849 --- TKE: 0.9999999999999127 
[MO833] Paramount Iteration,0,197,81.1924819946,0.38839507103
198 -- 4.451827846527435 --- TKE: 0.9999999999999123 
[MO833] Paramount Iteration,0,198,81.5814399719,0.388957977295
199 -- 4.47431182712701 --- TKE: 0.9999999999999116 
[MO833] Paramount Iteration,0,199,82.1083099842,0.526870012283
200 -- 4.496795807726582 --- TKE: 0.9999999999999114 
[MO833] Paramount Iteration,0,200,82.5034458637,0.395135879517
201 -- 4.519279788326149 --- TKE: 0.999999999999911 
[MO833] Paramount Iteration,0,201,82.8955159187,0.392070055008
202 -- 4.541763768925718 --- TKE: 0.9999999999999103 
[MO833] Paramount Iteration,0,202,83.2876179218,0.392102003098
203 -- 4.564247749525288 --- TKE: 0.9999999999999101 
[MO833] Paramount Iteration,0,203,83.6777658463,0.390147924423
204 -- 4.5867317301248605 --- TKE: 0.9999999999999096 
[MO833] Paramount Iteration,0,204,84.0679578781,0.39019203186
205 -- 4.6092157107244445 --- TKE: 0.999999999999909 
[MO833] Paramount Iteration,0,205,84.4577348232,0.389776945114
206 -- 4.631699691324042 --- TKE: 0.9999999999999085 
[MO833] Paramount Iteration,0,206,84.8478438854,0.390109062195
207 -- 4.654183671923629 --- TKE: 0.9999999999999083 
[MO833] Paramount Iteration,0,207,85.2375619411,0.389718055725
208 -- 4.6766676525232045 --- TKE: 0.9999999999999076 
[MO833] Paramount Iteration,0,208,85.6375279427,0.399966001511
209 -- 4.699151633122772 --- TKE: 0.9999999999999072 
[MO833] Paramount Iteration,0,209,86.1376948357,0.500166893005
210 -- 4.721635613722336 --- TKE: 0.999999999999907 
[MO833] Paramount Iteration,0,210,86.5348989964,0.39720416069
211 -- 4.744119594321905 --- TKE: 0.9999999999999065 
[MO833] Paramount Iteration,0,211,86.9292058945,0.394306898117
212 -- 4.766603574921476 --- TKE: 0.9999999999999059 
[MO833] Paramount Iteration,0,212,87.3303608894,0.401154994965
213 -- 4.7890875555210535 --- TKE: 0.9999999999999054 
[MO833] Paramount Iteration,0,213,87.7516078949,0.421247005463
214 -- 4.811571536120641 --- TKE: 0.9999999999999052 
[MO833] Paramount Iteration,0,214,88.214651823,0.463043928146
215 -- 4.834055516720242 --- TKE: 0.9999999999999045 
[MO833] Paramount Iteration,0,215,88.6793968678,0.464745044708
216 -- 4.856539497319829 --- TKE: 0.9999999999999043 
[MO833] Paramount Iteration,0,216,89.0850448608,0.405647993088
217 -- 4.879023477919403 --- TKE: 0.9999999999999036 
[MO833] Paramount Iteration,0,217,89.473761797,0.388716936111
218 -- 4.901507458518969 --- TKE: 0.9999999999999034 
[MO833] Paramount Iteration,0,218,89.8627319336,0.388970136642
219 -- 4.923991439118538 --- TKE: 0.999999999999903 
[MO833] Paramount Iteration,0,219,90.3569087982,0.494176864624
220 -- 4.946475419718104 --- TKE: 0.9999999999999023 
[MO833] Paramount Iteration,0,220,90.7546348572,0.39772605896
221 -- 4.968959400317676 --- TKE: 0.9999999999999019 
[MO833] Paramount Iteration,0,221,91.1576809883,0.403046131134
222 -- 4.9914433809172545 --- TKE: 0.9999999999999014 
[MO833] Paramount Iteration,0,222,91.561852932,0.404171943665
223 -- 5.0139273615168465 --- TKE: 0.9999999999999012 
[MO833] Paramount Iteration,0,223,92.0130438805,0.451190948486
224 -- 5.036411342116443 --- TKE: 0.9999999999999007 
[MO833] Paramount Iteration,0,224,92.4779748917,0.4649310112
225 -- 5.058895322716024 --- TKE: 0.9999999999999003 
[MO833] Paramount Iteration,0,225,92.942969799,0.464994907379
226 -- 5.081379303315596 --- TKE: 0.9999999999998999 
[MO833] Paramount Iteration,0,226,93.4076089859,0.464639186859
227 -- 5.103863283915162 --- TKE: 0.9999999999998994 
[MO833] Paramount Iteration,0,227,93.8725647926,0.464955806732
228 -- 5.126347264514731 --- TKE: 0.999999999999899 
[MO833] Paramount Iteration,0,228,94.3369979858,0.464433193207
229 -- 5.1488312451143 --- TKE: 0.9999999999998985 
[MO833] Paramount Iteration,0,229,94.9194848537,0.582486867905
230 -- 5.171315225713873 --- TKE: 0.9999999999998981 
[MO833] Paramount Iteration,0,230,95.3565738201,0.43708896637
231 -- 5.193799206313457 --- TKE: 0.9999999999998974 
[MO833] Paramount Iteration,0,231,95.7474927902,0.390918970108
232 -- 5.216283186913051 --- TKE: 0.999999999999897 
[MO833] Paramount Iteration,0,232,96.1380770206,0.390584230423
233 -- 5.238767167512646 --- TKE: 0.9999999999998965 
[MO833] Paramount Iteration,0,233,96.5280599594,0.389982938766
234 -- 5.261251148112229 --- TKE: 0.9999999999998963 
[MO833] Paramount Iteration,0,234,96.9171688557,0.389108896255
235 -- 5.283735128711802 --- TKE: 0.9999999999998956 
[MO833] Paramount Iteration,0,235,97.3074119091,0.390243053436
236 -- 5.30621910931137 --- TKE: 0.9999999999998952 
[MO833] Paramount Iteration,0,236,97.6980538368,0.390641927719
237 -- 5.328703089910934 --- TKE: 0.999999999999895 
[MO833] Paramount Iteration,0,237,98.088654995,0.390601158142
238 -- 5.351187070510504 --- TKE: 0.9999999999998943 
[MO833] Paramount Iteration,0,238,98.4778068066,0.3891518116
239 -- 5.37367105111008 --- TKE: 0.9999999999998941 
[MO833] Paramount Iteration,0,239,98.9714620113,0.493655204773
240 -- 5.396155031709665 --- TKE: 0.9999999999998934 
[MO833] Paramount Iteration,0,240,99.3827729225,0.411310911179
241 -- 5.4186390123092645 --- TKE: 0.9999999999998932 
[MO833] Paramount Iteration,0,241,100.018224001,0.635451078415
242 -- 5.441122992908854 --- TKE: 0.9999999999998928 
[MO833] Paramount Iteration,0,242,100.746809006,0.728585004807
243 -- 5.463606973508429 --- TKE: 0.9999999999998923 
[MO833] Paramount Iteration,0,243,101.501468897,0.754659891129
244 -- 5.486090954107996 --- TKE: 0.9999999999998916 
[MO833] Paramount Iteration,0,244,102.105553865,0.604084968567
245 -- 5.508574934707564 --- TKE: 0.9999999999998914 
[MO833] Paramount Iteration,0,245,102.569977999,0.464424133301
246 -- 5.531058915307137 --- TKE: 0.999999999999891 
[MO833] Paramount Iteration,0,246,103.011931896,0.441953897476
247 -- 5.55354289590671 --- TKE: 0.9999999999998905 
[MO833] Paramount Iteration,0,247,103.401894808,0.389962911606
248 -- 5.57602687650629 --- TKE: 0.9999999999998901 
[MO833] Paramount Iteration,0,248,103.791755915,0.389861106873
249 -- 5.598510857105882 --- TKE: 0.9999999999998894 
[MO833] Paramount Iteration,0,249,104.289528847,0.497772932053
250 -- 5.620994837705482 --- TKE: 0.9999999999998892 
[MO833] Paramount Iteration,0,250,104.698864937,0.409336090088
251 -- 5.643478818305072 --- TKE: 0.9999999999998888 
[MO833] Paramount Iteration,0,251,105.099865913,0.401000976562
252 -- 5.665962798904651 --- TKE: 0.9999999999998883 
[MO833] Paramount Iteration,0,252,105.492836952,0.392971038818
253 -- 5.688446779504222 --- TKE: 0.9999999999998879 
[MO833] Paramount Iteration,0,253,105.882804871,0.389967918396
254 -- 5.71093076010379 --- TKE: 0.9999999999998874 
[MO833] Paramount Iteration,0,254,106.27191782,0.389112949371
255 -- 5.733414740703363 --- TKE: 0.9999999999998868 
[MO833] Paramount Iteration,0,255,106.661811829,0.389894008636
256 -- 5.755898721302941 --- TKE: 0.9999999999998865 
[MO833] Paramount Iteration,0,256,107.051601887,0.389790058136
257 -- 5.778382701902523 --- TKE: 0.9999999999998861 
[MO833] Paramount Iteration,0,257,107.441236973,0.38963508606
258 -- 5.80086668250212 --- TKE: 0.9999999999998856 
[MO833] Paramount Iteration,0,258,107.831267834,0.390030860901
259 -- 5.823350663101718 --- TKE: 0.9999999999998852 
[MO833] Paramount Iteration,0,259,108.325829983,0.494562149048
260 -- 5.8458346437013 --- TKE: 0.9999999999998845 
[MO833] Paramount Iteration,0,260,108.723276854,0.397446870804
261 -- 5.868318624300874 --- TKE: 0.9999999999998843 
[MO833] Paramount Iteration,0,261,109.117070913,0.393794059753
262 -- 5.8908026049004425 --- TKE: 0.9999999999998839 
[MO833] Paramount Iteration,0,262,109.509816885,0.39274597168
263 -- 5.91328658550001 --- TKE: 0.9999999999998834 
[MO833] Paramount Iteration,0,263,109.900162935,0.390346050262
264 -- 5.935770566099579 --- TKE: 0.9999999999998828 
[MO833] Paramount Iteration,0,264,110.289335012,0.389172077179
265 -- 5.958254546699155 --- TKE: 0.9999999999998825 
[MO833] Paramount Iteration,0,265,110.679250956,0.389915943146
266 -- 5.9807385272987394 --- TKE: 0.9999999999998821 
[MO833] Paramount Iteration,0,266,111.069272995,0.390022039413
267 -- 6.003222507851411 --- TKE: 0.9999999999998817 
[MO833] Paramount Iteration,0,267,111.459090948,0.38981795311
268 -- 6.02570648826004 --- TKE: 0.999999999999881 
[MO833] Paramount Iteration,0,268,111.848959923,0.389868974686
269 -- 6.048190468761748 --- TKE: 0.9999999999998808 
[MO833] Paramount Iteration,0,269,112.342427969,0.493468046188
270 -- 6.070674449361319 --- TKE: 0.9999999999998803 
[MO833] Paramount Iteration,0,270,112.740067959,0.397639989853
271 -- 6.093158429960892 --- TKE: 0.9999999999998799 
[MO833] Paramount Iteration,0,271,113.133263826,0.393195867538
272 -- 6.115642410560457 --- TKE: 0.9999999999998794 
[MO833] Paramount Iteration,0,272,113.525669813,0.392405986786
273 -- 6.138126391160034 --- TKE: 0.999999999999879 
[MO833] Paramount Iteration,0,273,113.915627003,0.38995718956
274 -- 6.160610371759611 --- TKE: 0.9999999999998785 
[MO833] Paramount Iteration,0,274,114.305707932,0.390080928802
275 -- 6.1830943523592 --- TKE: 0.9999999999998781 
[MO833] Paramount Iteration,0,275,114.695549965,0.389842033386
276 -- 6.205578332707704 --- TKE: 0.9999999999998777 
[MO833] Paramount Iteration,0,276,115.084699869,0.389149904251
277 -- 6.228062312864179 --- TKE: 0.999999999999877 
[MO833] Paramount Iteration,0,277,115.474905968,0.390206098557
278 -- 6.250546293077153 --- TKE: 0.9999999999998768 
[MO833] Paramount Iteration,0,278,115.865218878,0.39031291008
279 -- 6.273030273569113 --- TKE: 0.9999999999998763 
[MO833] Paramount Iteration,0,279,116.359888792,0.494669914246
280 -- 6.29551425416868 --- TKE: 0.9999999999998759 
[MO833] Paramount Iteration,0,280,116.758884907,0.398996114731
281 -- 6.317998234768246 --- TKE: 0.9999999999998752 
[MO833] Paramount Iteration,0,281,117.152185917,0.393301010132
282 -- 6.340482215367815 --- TKE: 0.9999999999998748 
[MO833] Paramount Iteration,0,282,117.544924021,0.392738103867
283 -- 6.362966195967393 --- TKE: 0.9999999999998743 
[MO833] Paramount Iteration,0,283,117.935226917,0.3903028965
284 -- 6.385450176566988 --- TKE: 0.9999999999998739 
[MO833] Paramount Iteration,0,284,118.326023817,0.390796899796
285 -- 6.407934156703515 --- TKE: 0.9999999999998734 
[MO833] Paramount Iteration,0,285,118.716036797,0.390012979507
286 -- 6.43041813661173 --- TKE: 0.999999999999873 
[MO833] Paramount Iteration,0,286,119.106473923,0.39043712616
287 -- 6.452902116551915 --- TKE: 0.9999999999998723 
[MO833] Paramount Iteration,0,287,119.496550798,0.390076875687
288 -- 6.47538609676162 --- TKE: 0.9999999999998721 
[MO833] Paramount Iteration,0,288,119.886153936,0.38960313797
289 -- 6.497870077361186 --- TKE: 0.9999999999998719 
[MO833] Paramount Iteration,0,289,120.379976988,0.493823051453
290 -- 6.5203540579607555 --- TKE: 0.9999999999998712 
[MO833] Paramount Iteration,0,290,120.777434826,0.397457838058
291 -- 6.542838038560331 --- TKE: 0.9999999999998708 
[MO833] Paramount Iteration,0,291,121.170897961,0.393463134766
292 -- 6.56532201915991 --- TKE: 0.9999999999998705 
[MO833] Paramount Iteration,0,292,121.57048583,0.399587869644
293 -- 6.587805999620115 --- TKE: 0.9999999999998699 
[MO833] Paramount Iteration,0,293,121.969288826,0.398802995682
294 -- 6.610289979541222 --- TKE: 0.9999999999998697 
[MO833] Paramount Iteration,0,294,122.358248949,0.388960123062
295 -- 6.632773959209267 --- TKE: 0.999999999999869 
[MO833] Paramount Iteration,0,295,122.747937918,0.389688968658
296 -- 6.655257938896379 --- TKE: 0.9999999999998685 
[MO833] Paramount Iteration,0,296,123.136874914,0.38893699646
297 -- 6.677741918854632 --- TKE: 0.9999999999998683 
[MO833] Paramount Iteration,0,297,123.526829958,0.389955043793
298 -- 6.700225899311348 --- TKE: 0.9999999999998677 
[MO833] Paramount Iteration,0,298,123.916790962,0.389961004257
299 -- 6.722709879910917 --- TKE: 0.9999999999998672 
[MO833] Paramount Iteration,0,299,124.411044836,0.494253873825
300 -- 6.74519386051049 --- TKE: 0.999999999999867 
[MO833] Paramount Iteration,0,300,124.808931828,0.397886991501
301 -- 6.7676778411100775 --- TKE: 0.9999999999998666 
[MO833] Paramount Iteration,0,301,125.202539921,0.393608093262
302 -- 6.790161821378222 --- TKE: 0.9999999999998661 
[MO833] Paramount Iteration,0,302,125.594743967,0.392204046249
303 -- 6.812645801084757 --- TKE: 0.9999999999998654 
[MO833] Paramount Iteration,0,303,125.984965801,0.390221834183
304 -- 6.835129780524674 --- TKE: 0.999999999999865 
[MO833] Paramount Iteration,0,304,126.37386179,0.388895988464
305 -- 6.857613759981813 --- TKE: 0.9999999999998648 
[MO833] Paramount Iteration,0,305,126.763817787,0.389955997467
306 -- 6.880097739722027 --- TKE: 0.9999999999998643 
[MO833] Paramount Iteration,0,306,127.152932882,0.389115095139
307 -- 6.902581719987556 --- TKE: 0.9999999999998639 
[MO833] Paramount Iteration,0,307,127.54347086,0.390537977219
308 -- 6.92506570058712 --- TKE: 0.9999999999998632 
[MO833] Paramount Iteration,0,308,127.9337008,0.390229940414
309 -- 6.947549681186694 --- TKE: 0.999999999999863 
[MO833] Paramount Iteration,0,309,128.427575827,0.493875026703
310 -- 6.970033661786286 --- TKE: 0.9999999999998626 
[MO833] Paramount Iteration,0,310,128.825193882,0.397618055344
311 -- 6.992517641856869 --- TKE: 0.9999999999998621 
[MO833] Paramount Iteration,0,311,129.218596935,0.393403053284
312 -- 7.015001621353826 --- TKE: 0.9999999999998614 
[MO833] Paramount Iteration,0,312,129.610227823,0.391630887985
313 -- 7.037485600581318 --- TKE: 0.999999999999861 
[MO833] Paramount Iteration,0,313,130.000424862,0.390197038651
314 -- 7.059969579834569 --- TKE: 0.9999999999998608 
[MO833] Paramount Iteration,0,314,130.389536858,0.389111995697
315 -- 7.082453559392238 --- TKE: 0.9999999999998603 
[MO833] Paramount Iteration,0,315,130.779721022,0.390184164047
316 -- 7.104937539510004 --- TKE: 0.9999999999998597 
[MO833] Paramount Iteration,0,316,131.169798851,0.390077829361
317 -- 7.12742151990261 --- TKE: 0.9999999999998594 
[MO833] Paramount Iteration,0,317,131.560003996,0.390205144882
318 -- 7.149905500376262 --- TKE: 0.999999999999859 
[MO833] Paramount Iteration,0,318,131.950011015,0.390007019043
319 -- 7.172389480975853 --- TKE: 0.9999999999998586 
[MO833] Paramount Iteration,0,319,132.444414854,0.494403839111
320 -- 7.194873460847606 --- TKE: 0.9999999999998581 
[MO833] Paramount Iteration,0,320,132.847916842,0.403501987457
321 -- 7.217357440143832 --- TKE: 0.9999999999998577 
[MO833] Paramount Iteration,0,321,133.241637945,0.393721103668
322 -- 7.239841419177911 --- TKE: 0.9999999999998572 
[MO833] Paramount Iteration,0,322,133.633189917,0.391551971436
323 -- 7.26232539825587 --- TKE: 0.9999999999998568 
[MO833] Paramount Iteration,0,323,134.02350688,0.390316963196
324 -- 7.284809377668069 --- TKE: 0.9999999999998563 
[MO833] Paramount Iteration,0,324,134.413558006,0.39005112648
325 -- 7.307293357681979 --- TKE: 0.9999999999998559 
[MO833] Paramount Iteration,0,325,134.803281784,0.389723777771
326 -- 7.329777337844236 --- TKE: 0.9999999999998554 
[MO833] Paramount Iteration,0,326,135.192279816,0.388998031616
327 -- 7.352261318108402 --- TKE: 0.999999999999855 
[MO833] Paramount Iteration,0,327,135.582448006,0.390168190002
328 -- 7.374745298524144 --- TKE: 0.9999999999998546 
[MO833] Paramount Iteration,0,328,135.972425938,0.389977931976
329 -- 7.397229278199844 --- TKE: 0.9999999999998539 
[MO833] Paramount Iteration,0,329,136.470448971,0.498023033142
330 -- 7.41971325730779 --- TKE: 0.9999999999998535 
[MO833] Paramount Iteration,0,330,136.869543791,0.399094820023
331 -- 7.442197236170372 --- TKE: 0.999999999999853 
[MO833] Paramount Iteration,0,331,137.263526917,0.393983125687
332 -- 7.46468121510369 --- TKE: 0.9999999999998528 
[MO833] Paramount Iteration,0,332,137.655315876,0.391788959503
333 -- 7.4871651944085444 --- TKE: 0.9999999999998519 
[MO833] Paramount Iteration,0,333,138.046104908,0.390789031982
334 -- 7.509649174309351 --- TKE: 0.9999999999998517 
[MO833] Paramount Iteration,0,334,138.4364748,0.39036989212
335 -- 7.532133154279306 --- TKE: 0.9999999999998515 
[MO833] Paramount Iteration,0,335,138.826764822,0.390290021896
336 -- 7.554617134371907 --- TKE: 0.9999999999998506 
[MO833] Paramount Iteration,0,336,139.217162848,0.390398025513
337 -- 7.57710111463773 --- TKE: 0.9999999999998506 
[MO833] Paramount Iteration,0,337,139.607292891,0.39013004303
338 -- 7.599585094123956 --- TKE: 0.9999999999998501 
[MO833] Paramount Iteration,0,338,139.999074936,0.391782045364
339 -- 7.6220690730593015 --- TKE: 0.9999999999998497 
[MO833] Paramount Iteration,0,339,140.494260788,0.495185852051
340 -- 7.644553051774802 --- TKE: 0.999999999999849 
[MO833] Paramount Iteration,0,340,140.892731905,0.39847111702
341 -- 7.667037030595726 --- TKE: 0.9999999999998486 
[MO833] Paramount Iteration,0,341,141.28606391,0.393332004547
342 -- 7.689521009831939 --- TKE: 0.9999999999998483 
[MO833] Paramount Iteration,0,342,141.676946878,0.390882968903
343 -- 7.712004989557396 --- TKE: 0.9999999999998479 
[MO833] Paramount Iteration,0,343,142.066984892,0.390038013458
344 -- 7.734488969371415 --- TKE: 0.9999999999998472 
[MO833] Paramount Iteration,0,344,142.455701828,0.388716936111
345 -- 7.756972949328389 --- TKE: 0.9999999999998468 
[MO833] Paramount Iteration,0,345,142.845490932,0.389789104462
346 -- 7.779456929457417 --- TKE: 0.9999999999998466 
[MO833] Paramount Iteration,0,346,143.235594988,0.390104055405
347 -- 7.801940908764215 --- TKE: 0.9999999999998459 
[MO833] Paramount Iteration,0,347,143.625500917,0.389905929565
348 -- 7.8244248875455105 --- TKE: 0.9999999999998457 
[MO833] Paramount Iteration,0,348,144.015460968,0.389960050583
349 -- 7.846908866140421 --- TKE: 0.9999999999998452 
[MO833] Paramount Iteration,0,349,144.509366989,0.493906021118
350 -- 7.869392844882339 --- TKE: 0.9999999999998448 
[MO833] Paramount Iteration,0,350,144.90811491,0.39874792099
351 -- 7.891876824088729 --- TKE: 0.9999999999998441 
[MO833] Paramount Iteration,0,351,145.301697016,0.393582105637
352 -- 7.914360803673517 --- TKE: 0.9999999999998437 
[MO833] Paramount Iteration,0,352,145.692489862,0.39079284668
353 -- 7.936844783366091 --- TKE: 0.9999999999998435 
[MO833] Paramount Iteration,0,353,146.082695007,0.390205144882
354 -- 7.959328763221222 --- TKE: 0.999999999999843 
[MO833] Paramount Iteration,0,354,146.472520828,0.389825820923
355 -- 7.981812743154502 --- TKE: 0.9999999999998426 
[MO833] Paramount Iteration,0,355,146.863578796,0.39105796814
356 -- 8.004296722295088 --- TKE: 0.9999999999998421 
[MO833] Paramount Iteration,0,356,147.26577282,0.402194023132
357 -- 8.026780700943364 --- TKE: 0.9999999999998417 
[MO833] Paramount Iteration,0,357,147.899973869,0.634201049805
358 -- 8.04926467944581 --- TKE: 0.999999999999841 
[MO833] Paramount Iteration,0,358,148.36500597,0.465032100677
359 -- 8.071748658142809 --- TKE: 0.9999999999998406 
[MO833] Paramount Iteration,0,359,148.953379869,0.58837389946
360 -- 8.094232637357875 --- TKE: 0.9999999999998403 
[MO833] Paramount Iteration,0,360,149.419428825,0.466048955917
361 -- 8.116716616834942 --- TKE: 0.9999999999998397 
[MO833] Paramount Iteration,0,361,149.832143784,0.412714958191
362 -- 8.139200596438569 --- TKE: 0.9999999999998395 
[MO833] Paramount Iteration,0,362,150.221077919,0.388934135437
363 -- 8.161684576223415 --- TKE: 0.9999999999998388 
[MO833] Paramount Iteration,0,363,150.609826803,0.388748884201
364 -- 8.18416855598647 --- TKE: 0.9999999999998384 
[MO833] Paramount Iteration,0,364,150.998673916,0.388847112656
365 -- 8.206652534976879 --- TKE: 0.9999999999998381 
[MO833] Paramount Iteration,0,365,151.3874228,0.388748884201
366 -- 8.229136513515263 --- TKE: 0.9999999999998375 
[MO833] Paramount Iteration,0,366,151.777017832,0.389595031738
367 -- 8.251620491954622 --- TKE: 0.999999999999837 
[MO833] Paramount Iteration,0,367,152.165792942,0.388775110245
368 -- 8.274104470641069 --- TKE: 0.9999999999998368 
[MO833] Paramount Iteration,0,368,152.554455996,0.388663053513
369 -- 8.296588449902597 --- TKE: 0.9999999999998361 
[MO833] Paramount Iteration,0,369,153.046923876,0.492467880249
370 -- 8.319072429303034 --- TKE: 0.9999999999998359 
[MO833] Paramount Iteration,0,370,153.441177845,0.394253969193
371 -- 8.341556408848101 --- TKE: 0.9999999999998355 
[MO833] Paramount Iteration,0,371,153.830000877,0.388823032379
372 -- 8.364040388591913 --- TKE: 0.9999999999998346 
[MO833] Paramount Iteration,0,372,154.21912384,0.389122962952
373 -- 8.386524368210152 --- TKE: 0.9999999999998344 
[MO833] Paramount Iteration,0,373,154.608047962,0.388924121857
374 -- 8.409008347068848 --- TKE: 0.9999999999998339 
[MO833] Paramount Iteration,0,374,154.996712923,0.388664960861
375 -- 8.431492325522147 --- TKE: 0.9999999999998335 
[MO833] Paramount Iteration,0,375,155.385577917,0.388864994049
376 -- 8.453976303928611 --- TKE: 0.999999999999833 
[MO833] Paramount Iteration,0,376,155.774423838,0.388845920563
377 -- 8.476460282638763 --- TKE: 0.9999999999998328 
[MO833] Paramount Iteration,0,377,156.163242817,0.388818979263
378 -- 8.49894426188708 --- TKE: 0.9999999999998321 
[MO833] Paramount Iteration,0,378,156.55211091,0.388868093491
379 -- 8.521428241240042 --- TKE: 0.9999999999998317 
[MO833] Paramount Iteration,0,379,157.045400858,0.49328994751
380 -- 8.543912220754779 --- TKE: 0.9999999999998312 
[MO833] Paramount Iteration,0,380,157.44054985,0.395148992538
381 -- 8.56639620047948 --- TKE: 0.999999999999831 
[MO833] Paramount Iteration,0,381,157.830444813,0.389894962311
382 -- 8.588880179940057 --- TKE: 0.9999999999998304 
[MO833] Paramount Iteration,0,382,158.220221996,0.389777183533
383 -- 8.611364158687588 --- TKE: 0.9999999999998299 
[MO833] Paramount Iteration,0,383,158.610102892,0.389880895615
384 -- 8.633848137081928 --- TKE: 0.9999999999998295 
[MO833] Paramount Iteration,0,384,158.999866962,0.389764070511
385 -- 8.65633211548613 --- TKE: 0.9999999999998292 
[MO833] Paramount Iteration,0,385,159.388168812,0.388301849365
386 -- 8.678816094253776 --- TKE: 0.9999999999998286 
[MO833] Paramount Iteration,0,386,159.777040958,0.388872146606
387 -- 8.701300073464806 --- TKE: 0.9999999999998281 
[MO833] Paramount Iteration,0,387,160.165524006,0.388483047485
388 -- 8.723784052797425 --- TKE: 0.9999999999998277 
[MO833] Paramount Iteration,0,388,160.55533886,0.389814853668
389 -- 8.746268032307881 --- TKE: 0.9999999999998272 
[MO833] Paramount Iteration,0,389,161.048627853,0.493288993835
390 -- 8.768752011923175 --- TKE: 0.9999999999998268 
[MO833] Paramount Iteration,0,390,161.44677186,0.398144006729
391 -- 8.791235991242607 --- TKE: 0.9999999999998264 
[MO833] Paramount Iteration,0,391,161.836869955,0.39009809494
392 -- 8.813719969901241 --- TKE: 0.9999999999998259 
[MO833] Paramount Iteration,0,392,162.227041006,0.390171051025
393 -- 8.83620394826368 --- TKE: 0.9999999999998255 
[MO833] Paramount Iteration,0,393,162.61677289,0.389731884003
394 -- 8.858687926696339 --- TKE: 0.999999999999825 
[MO833] Paramount Iteration,0,394,163.006420851,0.389647960663
395 -- 8.881171905554456 --- TKE: 0.9999999999998246 
[MO833] Paramount Iteration,0,395,163.396108866,0.389688014984
396 -- 8.903655884754198 --- TKE: 0.9999999999998241 
[MO833] Paramount Iteration,0,396,163.786229849,0.390120983124
397 -- 8.926139864091574 --- TKE: 0.9999999999998237 
[MO833] Paramount Iteration,0,397,164.175678968,0.389449119568
398 -- 8.948623843621597 --- TKE: 0.9999999999998233 
[MO833] Paramount Iteration,0,398,164.572290897,0.39661192894
399 -- 8.971107823150307 --- TKE: 0.9999999999998228 
[MO833] Paramount Iteration,0,399,165.074073792,0.501782894135
400 -- 8.993591802347279 --- TKE: 0.9999999999998221 
[MO833] Paramount Iteration,0,400,165.469182014,0.395108222961
401 -- 9.016075780940621 --- TKE: 0.9999999999998221 
[MO833] Paramount Iteration,0,401,165.858583927,0.389401912689
402 -- 9.038559759298787 --- TKE: 0.9999999999998217 
[MO833] Paramount Iteration,0,402,166.247387886,0.388803958893
403 -- 9.061043737790357 --- TKE: 0.9999999999998213 
[MO833] Paramount Iteration,0,403,166.636701822,0.389313936234
404 -- 9.083527716770822 --- TKE: 0.9999999999998208 
[MO833] Paramount Iteration,0,404,167.025503874,0.388802051544
405 -- 9.106011695983382 --- TKE: 0.9999999999998201 
[MO833] Paramount Iteration,0,405,167.415061951,0.389558076859
406 -- 9.12849567534856 --- TKE: 0.9999999999998199 
[MO833] Paramount Iteration,0,406,167.804907799,0.389845848083
407 -- 9.15097965491983 --- TKE: 0.9999999999998193 
[MO833] Paramount Iteration,0,407,168.194607973,0.389700174332
408 -- 9.173463634384289 --- TKE: 0.9999999999998188 
[MO833] Paramount Iteration,0,408,168.584398985,0.38979101181
409 -- 9.195947613479182 --- TKE: 0.9999999999998186 
[MO833] Paramount Iteration,0,409,169.077666998,0.493268013
410 -- 9.218431592031854 --- TKE: 0.9999999999998181 
[MO833] Paramount Iteration,0,410,169.472068787,0.394401788712
411 -- 9.2409155704136 --- TKE: 0.9999999999998177 
[MO833] Paramount Iteration,0,411,169.861865997,0.389797210693
412 -- 9.263399548993958 --- TKE: 0.9999999999998173 
[MO833] Paramount Iteration,0,412,170.251046896,0.389180898666
413 -- 9.285883528127261 --- TKE: 0.9999999999998168 
[MO833] Paramount Iteration,0,413,170.64059782,0.389550924301
414 -- 9.308367507374845 --- TKE: 0.9999999999998161 
[MO833] Paramount Iteration,0,414,171.029312849,0.388715028763
415 -- 9.33085148678883 --- TKE: 0.9999999999998159 
[MO833] Paramount Iteration,0,415,171.421018839,0.391705989838
416 -- 9.353335466420889 --- TKE: 0.9999999999998155 
[MO833] Paramount Iteration,0,416,171.81108284,0.390064001083
417 -- 9.3758194458428 --- TKE: 0.999999999999815 
[MO833] Paramount Iteration,0,417,172.20054388,0.389461040497
418 -- 9.398303424857371 --- TKE: 0.9999999999998144 
[MO833] Paramount Iteration,0,418,172.59499383,0.394449949265
419 -- 9.420787403394653 --- TKE: 0.9999999999998141 
[MO833] Paramount Iteration,0,419,173.123677015,0.528683185577
420 -- 9.443271381827756 --- TKE: 0.9999999999998135 
[MO833] Paramount Iteration,0,420,173.516426802,0.392749786377
421 -- 9.465755360525923 --- TKE: 0.9999999999998133 
[MO833] Paramount Iteration,0,421,173.905655861,0.389229059219
422 -- 9.488239339703938 --- TKE: 0.9999999999998126 
[MO833] Paramount Iteration,0,422,174.294513941,0.38885807991
423 -- 9.51072331900684 --- TKE: 0.9999999999998124 
[MO833] Paramount Iteration,0,423,174.683618784,0.38910484314
424 -- 9.53320729848862 --- TKE: 0.9999999999998117 
[MO833] Paramount Iteration,0,424,175.080715895,0.397097110748
425 -- 9.555691278086503 --- TKE: 0.9999999999998113 
[MO833] Paramount Iteration,0,425,175.482566833,0.401850938797
426 -- 9.578175257486826 --- TKE: 0.9999999999998108 
[MO833] Paramount Iteration,0,426,175.928229809,0.445662975311
427 -- 9.600659236443862 --- TKE: 0.9999999999998106 
[MO833] Paramount Iteration,0,427,176.392290831,0.464061021805
428 -- 9.623143214991387 --- TKE: 0.9999999999998102 
[MO833] Paramount Iteration,0,428,176.856637955,0.4643471241
429 -- 9.645627193503241 --- TKE: 0.9999999999998097 
[MO833] Paramount Iteration,0,429,177.360781908,0.504143953323
430 -- 9.668111172347134 --- TKE: 0.9999999999998093 
[MO833] Paramount Iteration,0,430,177.75668788,0.395905971527
431 -- 9.69059515158583 --- TKE: 0.9999999999998088 
[MO833] Paramount Iteration,0,431,178.146659851,0.389971971512
432 -- 9.713079130962461 --- TKE: 0.9999999999998084 
[MO833] Paramount Iteration,0,432,178.536044836,0.38938498497
433 -- 9.735563110529052 --- TKE: 0.9999999999998079 
[MO833] Paramount Iteration,0,433,178.925628901,0.389584064484
434 -- 9.758047090108136 --- TKE: 0.9999999999998075 
[MO833] Paramount Iteration,0,434,179.314942837,0.389313936234
435 -- 9.780531069507003 --- TKE: 0.999999999999807 
[MO833] Paramount Iteration,0,435,179.704418898,0.389476060867
436 -- 9.803015048430016 --- TKE: 0.9999999999998064 
[MO833] Paramount Iteration,0,436,180.093599796,0.389180898666
437 -- 9.825499027013477 --- TKE: 0.9999999999998062 
[MO833] Paramount Iteration,0,437,180.482949972,0.389350175858
438 -- 9.847983005630825 --- TKE: 0.9999999999998057 
[MO833] Paramount Iteration,0,438,180.872438908,0.389488935471
439 -- 9.870466984647004 --- TKE: 0.9999999999998053 
[MO833] Paramount Iteration,0,439,181.366236925,0.493798017502
440 -- 9.892950963964203 --- TKE: 0.9999999999998046 
[MO833] Paramount Iteration,0,440,181.762365818,0.396128892899
441 -- 9.915434943431126 --- TKE: 0.9999999999998044 
[MO833] Paramount Iteration,0,441,182.152511835,0.390146017075
442 -- 9.93791892309762 --- TKE: 0.9999999999998039 
[MO833] Paramount Iteration,0,442,182.541280985,0.38876914978
443 -- 9.960402902676872 --- TKE: 0.9999999999998035 
[MO833] Paramount Iteration,0,443,182.929929972,0.388648986816
444 -- 9.982886882093483 --- TKE: 0.999999999999803 
[MO833] Paramount Iteration,0,444,183.31852293,0.38859295845
445 -- 10.005370861006428 --- TKE: 0.9999999999998026 
[MO833] PI avg,0,0.407680080714,445
[MO833] Beta,0,0.000816680354383
[MO833] Total time,183.856683016
